[1.122s] Invoking command in '/home/tony/ros2_ws/build/interbotix_common_modules': PYTHONPATH=/home/tony/ros2_ws/build/interbotix_common_modules/prefix_override:/home/tony/ros2_ws/install/interbotix_common_modules/lib/python3.10/site-packages:${PYTHONPATH} /usr/bin/python3 setup.py develop --uninstall --editable --build-directory /home/tony/ros2_ws/build/interbotix_common_modules/build
[1.467s] running develop
[1.768s] Invoked command in '/home/tony/ros2_ws/build/interbotix_common_modules' returned '0': PYTHONPATH=/home/tony/ros2_ws/build/interbotix_common_modules/prefix_override:/home/tony/ros2_ws/install/interbotix_common_modules/lib/python3.10/site-packages:${PYTHONPATH} /usr/bin/python3 setup.py develop --uninstall --editable --build-directory /home/tony/ros2_ws/build/interbotix_common_modules/build
[1.769s] Invoking command in '/home/tony/ros2_ws/src/interbotix_ros_toolboxes/interbotix_common_toolbox/interbotix_common_modules': PYTHONPATH=/home/tony/ros2_ws/build/interbotix_common_modules/prefix_override:/home/tony/ros2_ws/install/interbotix_common_modules/lib/python3.10/site-packages:${PYTHONPATH} /usr/bin/python3 setup.py egg_info --egg-base ../../../../build/interbotix_common_modules build --build-base /home/tony/ros2_ws/build/interbotix_common_modules/build install --record /home/tony/ros2_ws/build/interbotix_common_modules/install.log --single-version-externally-managed
[2.082s] running egg_info
[2.083s] writing ../../../../build/interbotix_common_modules/interbotix_common_modules.egg-info/PKG-INFO
[2.084s] writing dependency_links to ../../../../build/interbotix_common_modules/interbotix_common_modules.egg-info/dependency_links.txt
[2.084s] writing entry points to ../../../../build/interbotix_common_modules/interbotix_common_modules.egg-info/entry_points.txt
[2.084s] writing requirements to ../../../../build/interbotix_common_modules/interbotix_common_modules.egg-info/requires.txt
[2.084s] writing top-level names to ../../../../build/interbotix_common_modules/interbotix_common_modules.egg-info/top_level.txt
[2.087s] reading manifest file '../../../../build/interbotix_common_modules/interbotix_common_modules.egg-info/SOURCES.txt'
[2.088s] writing manifest file '../../../../build/interbotix_common_modules/interbotix_common_modules.egg-info/SOURCES.txt'
[2.088s] running build
[2.088s] running build_py
[2.088s] running install
[2.089s] running install_lib
[2.090s] running install_data
[2.091s] running install_egg_info
[2.093s] removing '/home/tony/ros2_ws/install/interbotix_common_modules/lib/python3.10/site-packages/interbotix_common_modules-0.0.0-py3.10.egg-info' (and everything under it)
[2.094s] Copying ../../../../build/interbotix_common_modules/interbotix_common_modules.egg-info to /home/tony/ros2_ws/install/interbotix_common_modules/lib/python3.10/site-packages/interbotix_common_modules-0.0.0-py3.10.egg-info
[2.095s] running install_scripts
[2.121s] writing list of installed files to '/home/tony/ros2_ws/build/interbotix_common_modules/install.log'
[2.235s] Invoked command in '/home/tony/ros2_ws/src/interbotix_ros_toolboxes/interbotix_common_toolbox/interbotix_common_modules' returned '0': PYTHONPATH=/home/tony/ros2_ws/build/interbotix_common_modules/prefix_override:/home/tony/ros2_ws/install/interbotix_common_modules/lib/python3.10/site-packages:${PYTHONPATH} /usr/bin/python3 setup.py egg_info --egg-base ../../../../build/interbotix_common_modules build --build-base /home/tony/ros2_ws/build/interbotix_common_modules/build install --record /home/tony/ros2_ws/build/interbotix_common_modules/install.log --single-version-externally-managed
