[0.144s] Invoking command in '/home/tony/ros2_ws/build/interbotix_common_toolbox': AMENT_PREFIX_PATH=/home/tony/ros2_ws/install/interbotix_common_sim:/home/tony/ros2_ws/install/interbotix_common_modules:${AMENT_PREFIX_PATH} CMAKE_PREFIX_PATH=/home/tony/ros2_ws/install/interbotix_common_sim:/opt/ros/humble PYTHONPATH=/home/tony/ros2_ws/build/interbotix_common_modules:/home/tony/ros2_ws/install/interbotix_common_modules/lib/python3.10/site-packages:${PYTHONPATH} /usr/bin/cmake /home/tony/ros2_ws/src/interbotix_ros_toolboxes/interbotix_common_toolbox/interbotix_common_toolbox -DAMENT_CMAKE_SYMLINK_INSTALL=1 -DCMAKE_INSTALL_PREFIX=/home/tony/ros2_ws/install/interbotix_common_toolbox
[0.394s] -- The C compiler identification is GNU 11.4.0
[0.597s] -- The CXX compiler identification is GNU 11.4.0
[0.627s] -- Detecting C compiler ABI info
[0.904s] -- Detecting C compiler ABI info - done
[0.915s] -- Check for working C compiler: /usr/bin/cc - skipped
[0.915s] -- Detecting C compile features
[0.916s] -- Detecting C compile features - done
[0.922s] -- Detecting CXX compiler ABI info
[1.276s] -- Detecting CXX compiler ABI info - done
[1.290s] -- Check for working CXX compiler: /usr/bin/c++ - skipped
[1.290s] -- Detecting CXX compile features
[1.291s] -- Detecting CXX compile features - done
[1.306s] -- Found ament_cmake: 1.3.5 (/opt/ros/humble/share/ament_cmake/cmake)
[1.896s] -- Found Python3: /usr/bin/python3.10 (found version "3.10.12") found components: Interpreter 
[2.037s] -- Override CMake install command with custom implementation using symlinks instead of copying resources
[2.102s] -- Found ament_lint_auto: 0.12.7 (/opt/ros/humble/share/ament_lint_auto/cmake)
[2.297s] -- Added test 'copyright' to check source files copyright and LICENSE
[2.299s] -- Added test 'lint_cmake' to check CMake code style
[2.300s] -- Added test 'xmllint' to check XML markup files
[2.306s] -- Configuring done
[2.327s] -- Generating done
[2.327s] -- Build files have been written to: /home/tony/ros2_ws/build/interbotix_common_toolbox
[2.344s] Invoked command in '/home/tony/ros2_ws/build/interbotix_common_toolbox' returned '0': AMENT_PREFIX_PATH=/home/tony/ros2_ws/install/interbotix_common_sim:/home/tony/ros2_ws/install/interbotix_common_modules:${AMENT_PREFIX_PATH} CMAKE_PREFIX_PATH=/home/tony/ros2_ws/install/interbotix_common_sim:/opt/ros/humble PYTHONPATH=/home/tony/ros2_ws/build/interbotix_common_modules:/home/tony/ros2_ws/install/interbotix_common_modules/lib/python3.10/site-packages:${PYTHONPATH} /usr/bin/cmake /home/tony/ros2_ws/src/interbotix_ros_toolboxes/interbotix_common_toolbox/interbotix_common_toolbox -DAMENT_CMAKE_SYMLINK_INSTALL=1 -DCMAKE_INSTALL_PREFIX=/home/tony/ros2_ws/install/interbotix_common_toolbox
[2.344s] Invoking command in '/home/tony/ros2_ws/build/interbotix_common_toolbox': AMENT_PREFIX_PATH=/home/tony/ros2_ws/install/interbotix_common_sim:/home/tony/ros2_ws/install/interbotix_common_modules:${AMENT_PREFIX_PATH} CMAKE_PREFIX_PATH=/home/tony/ros2_ws/install/interbotix_common_sim:/opt/ros/humble PYTHONPATH=/home/tony/ros2_ws/build/interbotix_common_modules:/home/tony/ros2_ws/install/interbotix_common_modules/lib/python3.10/site-packages:${PYTHONPATH} /usr/bin/cmake --build /home/tony/ros2_ws/build/interbotix_common_toolbox -- -j8 -l8
[2.443s] Invoked command in '/home/tony/ros2_ws/build/interbotix_common_toolbox' returned '0': AMENT_PREFIX_PATH=/home/tony/ros2_ws/install/interbotix_common_sim:/home/tony/ros2_ws/install/interbotix_common_modules:${AMENT_PREFIX_PATH} CMAKE_PREFIX_PATH=/home/tony/ros2_ws/install/interbotix_common_sim:/opt/ros/humble PYTHONPATH=/home/tony/ros2_ws/build/interbotix_common_modules:/home/tony/ros2_ws/install/interbotix_common_modules/lib/python3.10/site-packages:${PYTHONPATH} /usr/bin/cmake --build /home/tony/ros2_ws/build/interbotix_common_toolbox -- -j8 -l8
[2.685s] Invoking command in '/home/tony/ros2_ws/build/interbotix_common_toolbox': AMENT_PREFIX_PATH=/home/tony/ros2_ws/install/interbotix_common_sim:/home/tony/ros2_ws/install/interbotix_common_modules:${AMENT_PREFIX_PATH} CMAKE_PREFIX_PATH=/home/tony/ros2_ws/install/interbotix_common_sim:/opt/ros/humble PYTHONPATH=/home/tony/ros2_ws/build/interbotix_common_modules:/home/tony/ros2_ws/install/interbotix_common_modules/lib/python3.10/site-packages:${PYTHONPATH} /usr/bin/cmake --install /home/tony/ros2_ws/build/interbotix_common_toolbox
[2.695s] -- Install configuration: ""
[2.695s] -- Execute custom install script
[2.695s] -- Symlinking: /home/tony/ros2_ws/install/interbotix_common_toolbox/share/ament_index/resource_index/package_run_dependencies/interbotix_common_toolbox
[2.716s] -- Symlinking: /home/tony/ros2_ws/install/interbotix_common_toolbox/share/ament_index/resource_index/parent_prefix_path/interbotix_common_toolbox
[2.788s] -- Symlinking: /home/tony/ros2_ws/install/interbotix_common_toolbox/share/interbotix_common_toolbox/environment/ament_prefix_path.sh
[2.819s] -- Symlinking: /home/tony/ros2_ws/install/interbotix_common_toolbox/share/interbotix_common_toolbox/environment/ament_prefix_path.dsv
[2.845s] -- Symlinking: /home/tony/ros2_ws/install/interbotix_common_toolbox/share/interbotix_common_toolbox/environment/path.sh
[2.882s] -- Symlinking: /home/tony/ros2_ws/install/interbotix_common_toolbox/share/interbotix_common_toolbox/environment/path.dsv
[2.896s] -- Symlinking: /home/tony/ros2_ws/install/interbotix_common_toolbox/share/interbotix_common_toolbox/local_setup.bash
[2.932s] -- Symlinking: /home/tony/ros2_ws/install/interbotix_common_toolbox/share/interbotix_common_toolbox/local_setup.sh
[2.996s] -- Symlinking: /home/tony/ros2_ws/install/interbotix_common_toolbox/share/interbotix_common_toolbox/local_setup.zsh
[3.034s] -- Symlinking: /home/tony/ros2_ws/install/interbotix_common_toolbox/share/interbotix_common_toolbox/local_setup.dsv
[3.064s] -- Symlinking: /home/tony/ros2_ws/install/interbotix_common_toolbox/share/interbotix_common_toolbox/package.dsv
[3.085s] -- Symlinking: /home/tony/ros2_ws/install/interbotix_common_toolbox/share/ament_index/resource_index/packages/interbotix_common_toolbox
[3.102s] -- Symlinking: /home/tony/ros2_ws/install/interbotix_common_toolbox/share/interbotix_common_toolbox/cmake/interbotix_common_toolboxConfig.cmake
[3.122s] -- Symlinking: /home/tony/ros2_ws/install/interbotix_common_toolbox/share/interbotix_common_toolbox/cmake/interbotix_common_toolboxConfig-version.cmake
[3.147s] -- Symlinking: /home/tony/ros2_ws/install/interbotix_common_toolbox/share/interbotix_common_toolbox/package.xml
[3.184s] Invoked command in '/home/tony/ros2_ws/build/interbotix_common_toolbox' returned '0': AMENT_PREFIX_PATH=/home/tony/ros2_ws/install/interbotix_common_sim:/home/tony/ros2_ws/install/interbotix_common_modules:${AMENT_PREFIX_PATH} CMAKE_PREFIX_PATH=/home/tony/ros2_ws/install/interbotix_common_sim:/opt/ros/humble PYTHONPATH=/home/tony/ros2_ws/build/interbotix_common_modules:/home/tony/ros2_ws/install/interbotix_common_modules/lib/python3.10/site-packages:${PYTHONPATH} /usr/bin/cmake --install /home/tony/ros2_ws/build/interbotix_common_toolbox
