-- Found ament_cmake: 1.3.5 (/opt/ros/humble/share/ament_cmake/cmake)
-- Override CMake install command with custom implementation using symlinks instead of copying resources
-- Found interbotix_xs_msgs: 0.0.0 (/home/tony/ros2_ws/install/interbotix_xs_msgs/share/interbotix_xs_msgs/cmake)
-- Found rosidl_generator_c: 3.1.5 (/opt/ros/humble/share/rosidl_generator_c/cmake)
-- Found rosidl_adapter: 3.1.5 (/opt/ros/humble/share/rosidl_adapter/cmake)
-- Found rosidl_generator_cpp: 3.1.5 (/opt/ros/humble/share/rosidl_generator_cpp/cmake)
-- Using all available rosidl_typesupport_c: rosidl_typesupport_fastrtps_c;rosidl_typesupport_introspection_c
-- Using all available rosidl_typesupport_cpp: rosidl_typesupport_fastrtps_cpp;rosidl_typesupport_introspection_cpp
-- Found rclcpp: 16.0.5 (/opt/ros/humble/share/rclcpp/cmake)
-- Found rmw_implementation_cmake: 6.1.1 (/opt/ros/humble/share/rmw_implementation_cmake/cmake)
-- Found rmw_fastrtps_cpp: 6.2.3 (/opt/ros/humble/share/rmw_fastrtps_cpp/cmake)
-- Using RMW implementation 'rmw_fastrtps_cpp' as default
-- Found sensor_msgs: 4.2.3 (/opt/ros/humble/share/sensor_msgs/cmake)
-- Found ament_lint_auto: 0.12.7 (/opt/ros/humble/share/ament_lint_auto/cmake)
-- Added test 'copyright' to check source files copyright and LICENSE
-- Added test 'cppcheck' to perform static code analysis on C / C++ code
-- Configured cppcheck include dirs: 
-- Configured cppcheck exclude dirs and/or files: 
-- Added test 'cpplint' to check C / C++ code against the Google style
-- Configured cpplint exclude dirs and/or files: 
-- Added test 'flake8' to check Python code syntax and style conventions
-- Added test 'lint_cmake' to check CMake code style
-- Added test 'pep257' to check Python code against some of the docstring style conventions in PEP 257
-- Added test 'uncrustify' to check C / C++ code style
-- Configured uncrustify additional arguments: 
-- Added test 'xmllint' to check XML markup files
-- Configuring done
-- Generating done
-- Build files have been written to: /home/tony/ros2_ws/build/interbotix_xsarm_joy
[35m[1mConsolidate compiler generated dependencies of target xsarm_joy[0m
[ 50%] [32mBuilding CXX object CMakeFiles/xsarm_joy.dir/src/xsarm_joy.cpp.o[0m
[100%] [32m[1mLinking CXX executable xsarm_joy[0m
[100%] Built target xsarm_joy
-- Install configuration: ""
-- Execute custom install script
-- Up-to-date symlink: /home/tony/ros2_ws/install/interbotix_xsarm_joy/lib/interbotix_xsarm_joy/xsarm_joy
-- Up-to-date symlink: /home/tony/ros2_ws/install/interbotix_xsarm_joy/lib/interbotix_xsarm_joy/xsarm_robot.py
-- Up-to-date symlink: /home/tony/ros2_ws/install/interbotix_xsarm_joy/share/interbotix_xsarm_joy//config/modes.yaml
-- Up-to-date symlink: /home/tony/ros2_ws/install/interbotix_xsarm_joy/share/interbotix_xsarm_joy//launch/xsarm_joy.launch.py
-- Up-to-date symlink: /home/tony/ros2_ws/install/interbotix_xsarm_joy/share/ament_index/resource_index/package_run_dependencies/interbotix_xsarm_joy
-- Up-to-date symlink: /home/tony/ros2_ws/install/interbotix_xsarm_joy/share/ament_index/resource_index/parent_prefix_path/interbotix_xsarm_joy
-- Up-to-date symlink: /home/tony/ros2_ws/install/interbotix_xsarm_joy/share/interbotix_xsarm_joy/environment/ament_prefix_path.sh
-- Up-to-date symlink: /home/tony/ros2_ws/install/interbotix_xsarm_joy/share/interbotix_xsarm_joy/environment/ament_prefix_path.dsv
-- Up-to-date symlink: /home/tony/ros2_ws/install/interbotix_xsarm_joy/share/interbotix_xsarm_joy/environment/path.sh
-- Up-to-date symlink: /home/tony/ros2_ws/install/interbotix_xsarm_joy/share/interbotix_xsarm_joy/environment/path.dsv
-- Up-to-date symlink: /home/tony/ros2_ws/install/interbotix_xsarm_joy/share/interbotix_xsarm_joy/local_setup.bash
-- Up-to-date symlink: /home/tony/ros2_ws/install/interbotix_xsarm_joy/share/interbotix_xsarm_joy/local_setup.sh
-- Up-to-date symlink: /home/tony/ros2_ws/install/interbotix_xsarm_joy/share/interbotix_xsarm_joy/local_setup.zsh
-- Up-to-date symlink: /home/tony/ros2_ws/install/interbotix_xsarm_joy/share/interbotix_xsarm_joy/local_setup.dsv
-- Symlinking: /home/tony/ros2_ws/install/interbotix_xsarm_joy/share/interbotix_xsarm_joy/package.dsv
-- Up-to-date symlink: /home/tony/ros2_ws/install/interbotix_xsarm_joy/share/ament_index/resource_index/packages/interbotix_xsarm_joy
-- Up-to-date symlink: /home/tony/ros2_ws/install/interbotix_xsarm_joy/share/interbotix_xsarm_joy/cmake/interbotix_xsarm_joyConfig.cmake
-- Up-to-date symlink: /home/tony/ros2_ws/install/interbotix_xsarm_joy/share/interbotix_xsarm_joy/cmake/interbotix_xsarm_joyConfig-version.cmake
-- Up-to-date symlink: /home/tony/ros2_ws/install/interbotix_xsarm_joy/share/interbotix_xsarm_joy/package.xml
