[100%] Built target PanTiltDriverNode
-- Install configuration: ""
-- Execute custom install script
-- Up-to-date symlink: /home/tony/ros2_ws/install/pan_tilt_driver/lib/pan_tilt_driver/PanTiltDriverNode
-- Up-to-date symlink: /home/tony/ros2_ws/install/pan_tilt_driver/share/ament_index/resource_index/package_run_dependencies/pan_tilt_driver
-- Up-to-date symlink: /home/tony/ros2_ws/install/pan_tilt_driver/share/ament_index/resource_index/parent_prefix_path/pan_tilt_driver
-- Up-to-date symlink: /home/tony/ros2_ws/install/pan_tilt_driver/share/pan_tilt_driver/environment/ament_prefix_path.sh
-- Up-to-date symlink: /home/tony/ros2_ws/install/pan_tilt_driver/share/pan_tilt_driver/environment/ament_prefix_path.dsv
-- Up-to-date symlink: /home/tony/ros2_ws/install/pan_tilt_driver/share/pan_tilt_driver/environment/path.sh
-- Up-to-date symlink: /home/tony/ros2_ws/install/pan_tilt_driver/share/pan_tilt_driver/environment/path.dsv
-- Up-to-date symlink: /home/tony/ros2_ws/install/pan_tilt_driver/share/pan_tilt_driver/local_setup.bash
-- Up-to-date symlink: /home/tony/ros2_ws/install/pan_tilt_driver/share/pan_tilt_driver/local_setup.sh
-- Up-to-date symlink: /home/tony/ros2_ws/install/pan_tilt_driver/share/pan_tilt_driver/local_setup.zsh
-- Up-to-date symlink: /home/tony/ros2_ws/install/pan_tilt_driver/share/pan_tilt_driver/local_setup.dsv
-- Symlinking: /home/tony/ros2_ws/install/pan_tilt_driver/share/pan_tilt_driver/package.dsv
-- Up-to-date symlink: /home/tony/ros2_ws/install/pan_tilt_driver/share/ament_index/resource_index/packages/pan_tilt_driver
-- Up-to-date symlink: /home/tony/ros2_ws/install/pan_tilt_driver/share/pan_tilt_driver/cmake/ament_cmake_export_include_directories-extras.cmake
-- Up-to-date symlink: /home/tony/ros2_ws/install/pan_tilt_driver/share/pan_tilt_driver/cmake/pan_tilt_driverConfig.cmake
-- Up-to-date symlink: /home/tony/ros2_ws/install/pan_tilt_driver/share/pan_tilt_driver/cmake/pan_tilt_driverConfig-version.cmake
-- Up-to-date symlink: /home/tony/ros2_ws/install/pan_tilt_driver/share/pan_tilt_driver/package.xml
