-- The C compiler identification is GNU 11.4.0
-- The CXX compiler identification is GNU 11.4.0
-- Detecting C compiler ABI info
-- Detecting C compiler ABI info - done
-- Check for working C compiler: /usr/bin/cc - skipped
-- Detecting C compile features
-- Detecting C compile features - done
-- Detecting CXX compiler ABI info
-- Detecting CXX compiler ABI info - done
-- Check for working CXX compiler: /usr/bin/c++ - skipped
-- Detecting CXX compile features
-- Detecting CXX compile features - done
-- Found rosidl_default_generators: 1.2.0 (/opt/ros/humble/share/rosidl_default_generators/cmake)
-- Found ament_cmake_core: 1.3.5 (/opt/ros/humble/share/ament_cmake_core/cmake)
-- Found Python3: /usr/bin/python3.10 (found version "3.10.12") found components: Interpreter 
-- Override CMake install command with custom implementation using symlinks instead of copying resources
-- Using all available rosidl_typesupport_c: rosidl_typesupport_fastrtps_c;rosidl_typesupport_introspection_c
-- Found rosidl_adapter: 3.1.5 (/opt/ros/humble/share/rosidl_adapter/cmake)
-- Using all available rosidl_typesupport_cpp: rosidl_typesupport_fastrtps_cpp;rosidl_typesupport_introspection_cpp
-- Found std_msgs: 4.2.3 (/opt/ros/humble/share/std_msgs/cmake)
-- Found geometry_msgs: 4.2.3 (/opt/ros/humble/share/geometry_msgs/cmake)
-- Found sensor_msgs: 4.2.3 (/opt/ros/humble/share/sensor_msgs/cmake)
-- Found ament_cmake_ros: 0.10.0 (/opt/ros/humble/share/ament_cmake_ros/cmake)
-- Using all available rosidl_typesupport_c: rosidl_typesupport_fastrtps_c;rosidl_typesupport_introspection_c
-- Using all available rosidl_typesupport_cpp: rosidl_typesupport_fastrtps_cpp;rosidl_typesupport_introspection_cpp
-- Found PythonInterp: /usr/bin/python3 (found suitable version "3.10.12", minimum required is "3.6") 
-- Found python_cmake_module: 0.10.0 (/opt/ros/humble/share/python_cmake_module/cmake)
-- Found PythonLibs: /usr/lib/x86_64-linux-gnu/libpython3.10.so (found suitable version "3.10.12", minimum required is "3.5") 
-- Using PYTHON_EXECUTABLE: /usr/bin/python3
-- Using PYTHON_INCLUDE_DIRS: /usr/include/python3.10
-- Using PYTHON_LIBRARIES: /usr/lib/x86_64-linux-gnu/libpython3.10.so
-- Found PythonExtra: .so  
-- Found ament_lint_auto: 0.12.7 (/opt/ros/humble/share/ament_lint_auto/cmake)
-- Configuring done
-- Generating done
-- Build files have been written to: /home/tony/ros2_ws/build/interbotix_perception_msgs
[  1%] [34m[1mGenerating C code for ROS interfaces[0m
[  3%] [34m[1mGenerating C++ code for ROS interfaces[0m
[  3%] Built target ament_cmake_python_symlink_interbotix_perception_msgs
running egg_info
creating interbotix_perception_msgs.egg-info
writing interbotix_perception_msgs.egg-info/PKG-INFO
writing dependency_links to interbotix_perception_msgs.egg-info/dependency_links.txt
writing top-level names to interbotix_perception_msgs.egg-info/top_level.txt
writing manifest file 'interbotix_perception_msgs.egg-info/SOURCES.txt'
reading manifest file 'interbotix_perception_msgs.egg-info/SOURCES.txt'
writing manifest file 'interbotix_perception_msgs.egg-info/SOURCES.txt'
[  3%] Built target ament_cmake_python_build_interbotix_perception_msgs_egg
[  5%] [32mBuilding C object CMakeFiles/interbotix_perception_msgs__rosidl_generator_c.dir/rosidl_generator_c/interbotix_perception_msgs/msg/detail/cluster_info__functions.c.o[0m
[  7%] [32mBuilding C object CMakeFiles/interbotix_perception_msgs__rosidl_generator_c.dir/rosidl_generator_c/interbotix_perception_msgs/srv/detail/filter_params__functions.c.o[0m
[  9%] [32mBuilding C object CMakeFiles/interbotix_perception_msgs__rosidl_generator_c.dir/rosidl_generator_c/interbotix_perception_msgs/srv/detail/snap_picture__functions.c.o[0m
[ 10%] [32mBuilding C object CMakeFiles/interbotix_perception_msgs__rosidl_generator_c.dir/rosidl_generator_c/interbotix_perception_msgs/srv/detail/cluster_info_array__functions.c.o[0m
[ 12%] [32m[1mLinking C shared library libinterbotix_perception_msgs__rosidl_generator_c.so[0m
[ 12%] Built target interbotix_perception_msgs__rosidl_generator_c
[ 14%] [34m[1mGenerating C type support for eProsima Fast-RTPS[0m
[ 16%] [34m[1mGenerating C introspection for ROS interfaces[0m
[ 18%] [34m[1mGenerating C type support dispatch for ROS interfaces[0m
[ 18%] Built target interbotix_perception_msgs__cpp
[ 20%] [34m[1mGenerating C++ introspection for ROS interfaces[0m
[ 21%] [34m[1mGenerating C++ type support dispatch for ROS interfaces[0m
[ 23%] [34m[1mGenerating C++ type support for eProsima Fast-RTPS[0m
[ 25%] [32mBuilding CXX object CMakeFiles/interbotix_perception_msgs__rosidl_typesupport_c.dir/rosidl_typesupport_c/interbotix_perception_msgs/msg/cluster_info__type_support.cpp.o[0m
[ 27%] [32mBuilding CXX object CMakeFiles/interbotix_perception_msgs__rosidl_typesupport_c.dir/rosidl_typesupport_c/interbotix_perception_msgs/srv/cluster_info_array__type_support.cpp.o[0m
[ 29%] [32mBuilding CXX object CMakeFiles/interbotix_perception_msgs__rosidl_typesupport_c.dir/rosidl_typesupport_c/interbotix_perception_msgs/srv/filter_params__type_support.cpp.o[0m
[ 30%] [32mBuilding CXX object CMakeFiles/interbotix_perception_msgs__rosidl_typesupport_c.dir/rosidl_typesupport_c/interbotix_perception_msgs/srv/snap_picture__type_support.cpp.o[0m
[ 32%] [32mBuilding CXX object CMakeFiles/interbotix_perception_msgs__rosidl_typesupport_fastrtps_cpp.dir/rosidl_typesupport_fastrtps_cpp/interbotix_perception_msgs/msg/detail/dds_fastrtps/cluster_info__type_support.cpp.o[0m
[ 34%] [32mBuilding CXX object CMakeFiles/interbotix_perception_msgs__rosidl_typesupport_fastrtps_cpp.dir/rosidl_typesupport_fastrtps_cpp/interbotix_perception_msgs/srv/detail/dds_fastrtps/cluster_info_array__type_support.cpp.o[0m
[ 36%] [32mBuilding CXX object CMakeFiles/interbotix_perception_msgs__rosidl_typesupport_fastrtps_c.dir/rosidl_typesupport_fastrtps_c/interbotix_perception_msgs/msg/detail/cluster_info__type_support_c.cpp.o[0m
[ 38%] [32mBuilding CXX object CMakeFiles/interbotix_perception_msgs__rosidl_typesupport_fastrtps_cpp.dir/rosidl_typesupport_fastrtps_cpp/interbotix_perception_msgs/srv/detail/dds_fastrtps/filter_params__type_support.cpp.o[0m
[ 40%] [32m[1mLinking CXX shared library libinterbotix_perception_msgs__rosidl_typesupport_c.so[0m
[ 41%] [32mBuilding CXX object CMakeFiles/interbotix_perception_msgs__rosidl_typesupport_introspection_cpp.dir/rosidl_typesupport_introspection_cpp/interbotix_perception_msgs/msg/detail/cluster_info__type_support.cpp.o[0m
[ 41%] Built target interbotix_perception_msgs__rosidl_typesupport_c
[ 43%] [32mBuilding C object CMakeFiles/interbotix_perception_msgs__rosidl_typesupport_introspection_c.dir/rosidl_typesupport_introspection_c/interbotix_perception_msgs/msg/detail/cluster_info__type_support.c.o[0m
[ 45%] [32mBuilding CXX object CMakeFiles/interbotix_perception_msgs__rosidl_typesupport_introspection_cpp.dir/rosidl_typesupport_introspection_cpp/interbotix_perception_msgs/srv/detail/cluster_info_array__type_support.cpp.o[0m
[ 47%] [32mBuilding CXX object CMakeFiles/interbotix_perception_msgs__rosidl_typesupport_cpp.dir/rosidl_typesupport_cpp/interbotix_perception_msgs/msg/cluster_info__type_support.cpp.o[0m
[ 49%] [32mBuilding C object CMakeFiles/interbotix_perception_msgs__rosidl_typesupport_introspection_c.dir/rosidl_typesupport_introspection_c/interbotix_perception_msgs/srv/detail/cluster_info_array__type_support.c.o[0m
[ 50%] [32mBuilding C object CMakeFiles/interbotix_perception_msgs__rosidl_typesupport_introspection_c.dir/rosidl_typesupport_introspection_c/interbotix_perception_msgs/srv/detail/filter_params__type_support.c.o[0m
[ 52%] [32mBuilding C object CMakeFiles/interbotix_perception_msgs__rosidl_typesupport_introspection_c.dir/rosidl_typesupport_introspection_c/interbotix_perception_msgs/srv/detail/snap_picture__type_support.c.o[0m
[ 54%] [32mBuilding CXX object CMakeFiles/interbotix_perception_msgs__rosidl_typesupport_fastrtps_cpp.dir/rosidl_typesupport_fastrtps_cpp/interbotix_perception_msgs/srv/detail/dds_fastrtps/snap_picture__type_support.cpp.o[0m
[ 56%] [32m[1mLinking C shared library libinterbotix_perception_msgs__rosidl_typesupport_introspection_c.so[0m
[ 58%] [32mBuilding CXX object CMakeFiles/interbotix_perception_msgs__rosidl_typesupport_fastrtps_c.dir/rosidl_typesupport_fastrtps_c/interbotix_perception_msgs/srv/detail/cluster_info_array__type_support_c.cpp.o[0m
[ 60%] [32mBuilding CXX object CMakeFiles/interbotix_perception_msgs__rosidl_typesupport_cpp.dir/rosidl_typesupport_cpp/interbotix_perception_msgs/srv/cluster_info_array__type_support.cpp.o[0m
[ 61%] [32mBuilding CXX object CMakeFiles/interbotix_perception_msgs__rosidl_typesupport_introspection_cpp.dir/rosidl_typesupport_introspection_cpp/interbotix_perception_msgs/srv/detail/filter_params__type_support.cpp.o[0m
[ 61%] Built target interbotix_perception_msgs__rosidl_typesupport_introspection_c
[ 63%] [32mBuilding CXX object CMakeFiles/interbotix_perception_msgs__rosidl_typesupport_introspection_cpp.dir/rosidl_typesupport_introspection_cpp/interbotix_perception_msgs/srv/detail/snap_picture__type_support.cpp.o[0m
[ 65%] [32mBuilding CXX object CMakeFiles/interbotix_perception_msgs__rosidl_typesupport_cpp.dir/rosidl_typesupport_cpp/interbotix_perception_msgs/srv/filter_params__type_support.cpp.o[0m
[ 67%] [32mBuilding CXX object CMakeFiles/interbotix_perception_msgs__rosidl_typesupport_cpp.dir/rosidl_typesupport_cpp/interbotix_perception_msgs/srv/snap_picture__type_support.cpp.o[0m
[ 69%] [32mBuilding CXX object CMakeFiles/interbotix_perception_msgs__rosidl_typesupport_fastrtps_c.dir/rosidl_typesupport_fastrtps_c/interbotix_perception_msgs/srv/detail/filter_params__type_support_c.cpp.o[0m
[ 70%] [32mBuilding CXX object CMakeFiles/interbotix_perception_msgs__rosidl_typesupport_fastrtps_c.dir/rosidl_typesupport_fastrtps_c/interbotix_perception_msgs/srv/detail/snap_picture__type_support_c.cpp.o[0m
[ 72%] [32m[1mLinking CXX shared library libinterbotix_perception_msgs__rosidl_typesupport_fastrtps_cpp.so[0m
[ 74%] [32m[1mLinking CXX shared library libinterbotix_perception_msgs__rosidl_typesupport_cpp.so[0m
[ 74%] Built target interbotix_perception_msgs__rosidl_typesupport_fastrtps_cpp
[ 76%] [32m[1mLinking CXX shared library libinterbotix_perception_msgs__rosidl_typesupport_fastrtps_c.so[0m
[ 76%] Built target interbotix_perception_msgs__rosidl_typesupport_cpp
[ 76%] Built target interbotix_perception_msgs__rosidl_typesupport_fastrtps_c
[ 78%] [32m[1mLinking CXX shared library libinterbotix_perception_msgs__rosidl_typesupport_introspection_cpp.so[0m
[ 78%] Built target interbotix_perception_msgs__rosidl_typesupport_introspection_cpp
[ 78%] Built target interbotix_perception_msgs
[ 80%] [34m[1mGenerating Python code for ROS interfaces[0m
[ 80%] Built target interbotix_perception_msgs__py
[ 81%] [32mBuilding C object CMakeFiles/interbotix_perception_msgs__rosidl_generator_py.dir/rosidl_generator_py/interbotix_perception_msgs/msg/_cluster_info_s.c.o[0m
[ 83%] [32mBuilding C object CMakeFiles/interbotix_perception_msgs__rosidl_generator_py.dir/rosidl_generator_py/interbotix_perception_msgs/srv/_cluster_info_array_s.c.o[0m
[ 85%] [32mBuilding C object CMakeFiles/interbotix_perception_msgs__rosidl_generator_py.dir/rosidl_generator_py/interbotix_perception_msgs/srv/_filter_params_s.c.o[0m
[ 87%] [32mBuilding C object CMakeFiles/interbotix_perception_msgs__rosidl_generator_py.dir/rosidl_generator_py/interbotix_perception_msgs/srv/_snap_picture_s.c.o[0m
[ 89%] [32m[1mLinking C shared library rosidl_generator_py/interbotix_perception_msgs/libinterbotix_perception_msgs__rosidl_generator_py.so[0m
[ 89%] Built target interbotix_perception_msgs__rosidl_generator_py
[ 90%] [32mBuilding C object CMakeFiles/interbotix_perception_msgs__rosidl_typesupport_introspection_c__pyext.dir/rosidl_generator_py/interbotix_perception_msgs/_interbotix_perception_msgs_s.ep.rosidl_typesupport_introspection_c.c.o[0m
[ 92%] [32mBuilding C object CMakeFiles/interbotix_perception_msgs__rosidl_typesupport_c__pyext.dir/rosidl_generator_py/interbotix_perception_msgs/_interbotix_perception_msgs_s.ep.rosidl_typesupport_c.c.o[0m
[ 94%] [32mBuilding C object CMakeFiles/interbotix_perception_msgs__rosidl_typesupport_fastrtps_c__pyext.dir/rosidl_generator_py/interbotix_perception_msgs/_interbotix_perception_msgs_s.ep.rosidl_typesupport_fastrtps_c.c.o[0m
[ 96%] [32m[1mLinking C shared library rosidl_generator_py/interbotix_perception_msgs/interbotix_perception_msgs_s__rosidl_typesupport_fastrtps_c.cpython-310-x86_64-linux-gnu.so[0m
[ 98%] [32m[1mLinking C shared library rosidl_generator_py/interbotix_perception_msgs/interbotix_perception_msgs_s__rosidl_typesupport_introspection_c.cpython-310-x86_64-linux-gnu.so[0m
[ 98%] Built target interbotix_perception_msgs__rosidl_typesupport_fastrtps_c__pyext
[100%] [32m[1mLinking C shared library rosidl_generator_py/interbotix_perception_msgs/interbotix_perception_msgs_s__rosidl_typesupport_c.cpython-310-x86_64-linux-gnu.so[0m
[100%] Built target interbotix_perception_msgs__rosidl_typesupport_introspection_c__pyext
[100%] Built target interbotix_perception_msgs__rosidl_typesupport_c__pyext
-- Install configuration: ""
-- Execute custom install script
-- Symlinking: /home/tony/ros2_ws/install/interbotix_perception_msgs/share/ament_index/resource_index/rosidl_interfaces/interbotix_perception_msgs
-- Symlinking: /home/tony/ros2_ws/install/interbotix_perception_msgs/include/interbotix_perception_msgs/interbotix_perception_msgs/msg/cluster_info.h
-- Symlinking: /home/tony/ros2_ws/install/interbotix_perception_msgs/include/interbotix_perception_msgs/interbotix_perception_msgs/msg/detail/cluster_info__functions.h
-- Symlinking: /home/tony/ros2_ws/install/interbotix_perception_msgs/include/interbotix_perception_msgs/interbotix_perception_msgs/msg/detail/cluster_info__struct.h
-- Symlinking: /home/tony/ros2_ws/install/interbotix_perception_msgs/include/interbotix_perception_msgs/interbotix_perception_msgs/msg/detail/cluster_info__type_support.h
-- Symlinking: /home/tony/ros2_ws/install/interbotix_perception_msgs/include/interbotix_perception_msgs/interbotix_perception_msgs/msg/rosidl_generator_c__visibility_control.h
-- Symlinking: /home/tony/ros2_ws/install/interbotix_perception_msgs/include/interbotix_perception_msgs/interbotix_perception_msgs/srv/cluster_info_array.h
-- Symlinking: /home/tony/ros2_ws/install/interbotix_perception_msgs/include/interbotix_perception_msgs/interbotix_perception_msgs/srv/detail/cluster_info_array__functions.h
-- Symlinking: /home/tony/ros2_ws/install/interbotix_perception_msgs/include/interbotix_perception_msgs/interbotix_perception_msgs/srv/detail/cluster_info_array__struct.h
-- Symlinking: /home/tony/ros2_ws/install/interbotix_perception_msgs/include/interbotix_perception_msgs/interbotix_perception_msgs/srv/detail/cluster_info_array__type_support.h
-- Symlinking: /home/tony/ros2_ws/install/interbotix_perception_msgs/include/interbotix_perception_msgs/interbotix_perception_msgs/srv/detail/filter_params__functions.h
-- Symlinking: /home/tony/ros2_ws/install/interbotix_perception_msgs/include/interbotix_perception_msgs/interbotix_perception_msgs/srv/detail/filter_params__struct.h
-- Symlinking: /home/tony/ros2_ws/install/interbotix_perception_msgs/include/interbotix_perception_msgs/interbotix_perception_msgs/srv/detail/filter_params__type_support.h
-- Symlinking: /home/tony/ros2_ws/install/interbotix_perception_msgs/include/interbotix_perception_msgs/interbotix_perception_msgs/srv/detail/snap_picture__functions.h
-- Symlinking: /home/tony/ros2_ws/install/interbotix_perception_msgs/include/interbotix_perception_msgs/interbotix_perception_msgs/srv/detail/snap_picture__struct.h
-- Symlinking: /home/tony/ros2_ws/install/interbotix_perception_msgs/include/interbotix_perception_msgs/interbotix_perception_msgs/srv/detail/snap_picture__type_support.h
-- Symlinking: /home/tony/ros2_ws/install/interbotix_perception_msgs/include/interbotix_perception_msgs/interbotix_perception_msgs/srv/filter_params.h
-- Symlinking: /home/tony/ros2_ws/install/interbotix_perception_msgs/include/interbotix_perception_msgs/interbotix_perception_msgs/srv/snap_picture.h
-- Symlinking: /home/tony/ros2_ws/install/interbotix_perception_msgs/share/interbotix_perception_msgs/environment/library_path.sh
-- Symlinking: /home/tony/ros2_ws/install/interbotix_perception_msgs/share/interbotix_perception_msgs/environment/library_path.dsv
-- Symlinking: /home/tony/ros2_ws/install/interbotix_perception_msgs/include/interbotix_perception_msgs/interbotix_perception_msgs/msg/detail/cluster_info__rosidl_typesupport_fastrtps_c.h
-- Symlinking: /home/tony/ros2_ws/install/interbotix_perception_msgs/include/interbotix_perception_msgs/interbotix_perception_msgs/msg/rosidl_typesupport_fastrtps_c__visibility_control.h
-- Symlinking: /home/tony/ros2_ws/install/interbotix_perception_msgs/include/interbotix_perception_msgs/interbotix_perception_msgs/srv/detail/cluster_info_array__rosidl_typesupport_fastrtps_c.h
-- Symlinking: /home/tony/ros2_ws/install/interbotix_perception_msgs/include/interbotix_perception_msgs/interbotix_perception_msgs/srv/detail/filter_params__rosidl_typesupport_fastrtps_c.h
-- Symlinking: /home/tony/ros2_ws/install/interbotix_perception_msgs/include/interbotix_perception_msgs/interbotix_perception_msgs/srv/detail/snap_picture__rosidl_typesupport_fastrtps_c.h
-- Symlinking: /home/tony/ros2_ws/install/interbotix_perception_msgs/include/interbotix_perception_msgs/interbotix_perception_msgs/msg/detail/cluster_info__rosidl_typesupport_introspection_c.h
-- Symlinking: /home/tony/ros2_ws/install/interbotix_perception_msgs/include/interbotix_perception_msgs/interbotix_perception_msgs/msg/rosidl_typesupport_introspection_c__visibility_control.h
-- Symlinking: /home/tony/ros2_ws/install/interbotix_perception_msgs/include/interbotix_perception_msgs/interbotix_perception_msgs/srv/detail/cluster_info_array__rosidl_typesupport_introspection_c.h
-- Symlinking: /home/tony/ros2_ws/install/interbotix_perception_msgs/include/interbotix_perception_msgs/interbotix_perception_msgs/srv/detail/filter_params__rosidl_typesupport_introspection_c.h
-- Symlinking: /home/tony/ros2_ws/install/interbotix_perception_msgs/include/interbotix_perception_msgs/interbotix_perception_msgs/srv/detail/snap_picture__rosidl_typesupport_introspection_c.h
-- Symlinking: /home/tony/ros2_ws/install/interbotix_perception_msgs/include/interbotix_perception_msgs/interbotix_perception_msgs/msg/cluster_info.hpp
-- Symlinking: /home/tony/ros2_ws/install/interbotix_perception_msgs/include/interbotix_perception_msgs/interbotix_perception_msgs/msg/detail/cluster_info__builder.hpp
-- Symlinking: /home/tony/ros2_ws/install/interbotix_perception_msgs/include/interbotix_perception_msgs/interbotix_perception_msgs/msg/detail/cluster_info__struct.hpp
-- Symlinking: /home/tony/ros2_ws/install/interbotix_perception_msgs/include/interbotix_perception_msgs/interbotix_perception_msgs/msg/detail/cluster_info__traits.hpp
-- Symlinking: /home/tony/ros2_ws/install/interbotix_perception_msgs/include/interbotix_perception_msgs/interbotix_perception_msgs/srv/cluster_info_array.hpp
-- Symlinking: /home/tony/ros2_ws/install/interbotix_perception_msgs/include/interbotix_perception_msgs/interbotix_perception_msgs/srv/detail/cluster_info_array__builder.hpp
-- Symlinking: /home/tony/ros2_ws/install/interbotix_perception_msgs/include/interbotix_perception_msgs/interbotix_perception_msgs/srv/detail/cluster_info_array__struct.hpp
-- Symlinking: /home/tony/ros2_ws/install/interbotix_perception_msgs/include/interbotix_perception_msgs/interbotix_perception_msgs/srv/detail/cluster_info_array__traits.hpp
-- Symlinking: /home/tony/ros2_ws/install/interbotix_perception_msgs/include/interbotix_perception_msgs/interbotix_perception_msgs/srv/detail/filter_params__builder.hpp
-- Symlinking: /home/tony/ros2_ws/install/interbotix_perception_msgs/include/interbotix_perception_msgs/interbotix_perception_msgs/srv/detail/filter_params__struct.hpp
-- Symlinking: /home/tony/ros2_ws/install/interbotix_perception_msgs/include/interbotix_perception_msgs/interbotix_perception_msgs/srv/detail/filter_params__traits.hpp
-- Symlinking: /home/tony/ros2_ws/install/interbotix_perception_msgs/include/interbotix_perception_msgs/interbotix_perception_msgs/srv/detail/snap_picture__builder.hpp
-- Symlinking: /home/tony/ros2_ws/install/interbotix_perception_msgs/include/interbotix_perception_msgs/interbotix_perception_msgs/srv/detail/snap_picture__struct.hpp
-- Symlinking: /home/tony/ros2_ws/install/interbotix_perception_msgs/include/interbotix_perception_msgs/interbotix_perception_msgs/srv/detail/snap_picture__traits.hpp
-- Symlinking: /home/tony/ros2_ws/install/interbotix_perception_msgs/include/interbotix_perception_msgs/interbotix_perception_msgs/srv/filter_params.hpp
-- Symlinking: /home/tony/ros2_ws/install/interbotix_perception_msgs/include/interbotix_perception_msgs/interbotix_perception_msgs/srv/snap_picture.hpp
-- Symlinking: /home/tony/ros2_ws/install/interbotix_perception_msgs/include/interbotix_perception_msgs/interbotix_perception_msgs/msg/detail/cluster_info__rosidl_typesupport_fastrtps_cpp.hpp
-- Symlinking: /home/tony/ros2_ws/install/interbotix_perception_msgs/include/interbotix_perception_msgs/interbotix_perception_msgs/msg/rosidl_typesupport_fastrtps_cpp__visibility_control.h
-- Symlinking: /home/tony/ros2_ws/install/interbotix_perception_msgs/include/interbotix_perception_msgs/interbotix_perception_msgs/srv/detail/cluster_info_array__rosidl_typesupport_fastrtps_cpp.hpp
-- Symlinking: /home/tony/ros2_ws/install/interbotix_perception_msgs/include/interbotix_perception_msgs/interbotix_perception_msgs/srv/detail/filter_params__rosidl_typesupport_fastrtps_cpp.hpp
-- Symlinking: /home/tony/ros2_ws/install/interbotix_perception_msgs/include/interbotix_perception_msgs/interbotix_perception_msgs/srv/detail/snap_picture__rosidl_typesupport_fastrtps_cpp.hpp
-- Symlinking: /home/tony/ros2_ws/install/interbotix_perception_msgs/include/interbotix_perception_msgs/interbotix_perception_msgs/msg/detail/cluster_info__rosidl_typesupport_introspection_cpp.hpp
-- Symlinking: /home/tony/ros2_ws/install/interbotix_perception_msgs/include/interbotix_perception_msgs/interbotix_perception_msgs/srv/detail/cluster_info_array__rosidl_typesupport_introspection_cpp.hpp
-- Symlinking: /home/tony/ros2_ws/install/interbotix_perception_msgs/include/interbotix_perception_msgs/interbotix_perception_msgs/srv/detail/filter_params__rosidl_typesupport_introspection_cpp.hpp
-- Symlinking: /home/tony/ros2_ws/install/interbotix_perception_msgs/include/interbotix_perception_msgs/interbotix_perception_msgs/srv/detail/snap_picture__rosidl_typesupport_introspection_cpp.hpp
-- Symlinking: /home/tony/ros2_ws/install/interbotix_perception_msgs/share/interbotix_perception_msgs/environment/pythonpath.sh
-- Symlinking: /home/tony/ros2_ws/install/interbotix_perception_msgs/share/interbotix_perception_msgs/environment/pythonpath.dsv
-- Symlinking: /home/tony/ros2_ws/install/interbotix_perception_msgs/local/lib/python3.10/dist-packages/interbotix_perception_msgs-0.0.0-py3.10.egg-info/PKG-INFO
-- Symlinking: /home/tony/ros2_ws/install/interbotix_perception_msgs/local/lib/python3.10/dist-packages/interbotix_perception_msgs-0.0.0-py3.10.egg-info/SOURCES.txt
-- Symlinking: /home/tony/ros2_ws/install/interbotix_perception_msgs/local/lib/python3.10/dist-packages/interbotix_perception_msgs-0.0.0-py3.10.egg-info/dependency_links.txt
-- Symlinking: /home/tony/ros2_ws/install/interbotix_perception_msgs/local/lib/python3.10/dist-packages/interbotix_perception_msgs-0.0.0-py3.10.egg-info/top_level.txt
-- Symlinking: /home/tony/ros2_ws/install/interbotix_perception_msgs/local/lib/python3.10/dist-packages/interbotix_perception_msgs/__init__.py
-- Symlinking: /home/tony/ros2_ws/install/interbotix_perception_msgs/local/lib/python3.10/dist-packages/interbotix_perception_msgs/_interbotix_perception_msgs_s.ep.rosidl_typesupport_c.c
-- Symlinking: /home/tony/ros2_ws/install/interbotix_perception_msgs/local/lib/python3.10/dist-packages/interbotix_perception_msgs/_interbotix_perception_msgs_s.ep.rosidl_typesupport_fastrtps_c.c
-- Symlinking: /home/tony/ros2_ws/install/interbotix_perception_msgs/local/lib/python3.10/dist-packages/interbotix_perception_msgs/_interbotix_perception_msgs_s.ep.rosidl_typesupport_introspection_c.c
-- Symlinking: /home/tony/ros2_ws/install/interbotix_perception_msgs/local/lib/python3.10/dist-packages/interbotix_perception_msgs/interbotix_perception_msgs_s__rosidl_typesupport_c.cpython-310-x86_64-linux-gnu.so
-- Symlinking: /home/tony/ros2_ws/install/interbotix_perception_msgs/local/lib/python3.10/dist-packages/interbotix_perception_msgs/interbotix_perception_msgs_s__rosidl_typesupport_fastrtps_c.cpython-310-x86_64-linux-gnu.so
-- Symlinking: /home/tony/ros2_ws/install/interbotix_perception_msgs/local/lib/python3.10/dist-packages/interbotix_perception_msgs/interbotix_perception_msgs_s__rosidl_typesupport_introspection_c.cpython-310-x86_64-linux-gnu.so
-- Symlinking: /home/tony/ros2_ws/install/interbotix_perception_msgs/local/lib/python3.10/dist-packages/interbotix_perception_msgs/libinterbotix_perception_msgs__rosidl_generator_py.so
-- Symlinking: /home/tony/ros2_ws/install/interbotix_perception_msgs/local/lib/python3.10/dist-packages/interbotix_perception_msgs/msg/__init__.py
-- Symlinking: /home/tony/ros2_ws/install/interbotix_perception_msgs/local/lib/python3.10/dist-packages/interbotix_perception_msgs/msg/_cluster_info.py
-- Symlinking: /home/tony/ros2_ws/install/interbotix_perception_msgs/local/lib/python3.10/dist-packages/interbotix_perception_msgs/msg/_cluster_info_s.c
-- Symlinking: /home/tony/ros2_ws/install/interbotix_perception_msgs/local/lib/python3.10/dist-packages/interbotix_perception_msgs/srv/__init__.py
-- Symlinking: /home/tony/ros2_ws/install/interbotix_perception_msgs/local/lib/python3.10/dist-packages/interbotix_perception_msgs/srv/_cluster_info_array.py
-- Symlinking: /home/tony/ros2_ws/install/interbotix_perception_msgs/local/lib/python3.10/dist-packages/interbotix_perception_msgs/srv/_cluster_info_array_s.c
-- Symlinking: /home/tony/ros2_ws/install/interbotix_perception_msgs/local/lib/python3.10/dist-packages/interbotix_perception_msgs/srv/_filter_params.py
-- Symlinking: /home/tony/ros2_ws/install/interbotix_perception_msgs/local/lib/python3.10/dist-packages/interbotix_perception_msgs/srv/_filter_params_s.c
-- Symlinking: /home/tony/ros2_ws/install/interbotix_perception_msgs/local/lib/python3.10/dist-packages/interbotix_perception_msgs/srv/_snap_picture.py
-- Symlinking: /home/tony/ros2_ws/install/interbotix_perception_msgs/local/lib/python3.10/dist-packages/interbotix_perception_msgs/srv/_snap_picture_s.c
-- Up-to-date symlink: /home/tony/ros2_ws/install/interbotix_perception_msgs/local/lib/python3.10/dist-packages/interbotix_perception_msgs/interbotix_perception_msgs_s__rosidl_typesupport_fastrtps_c.cpython-310-x86_64-linux-gnu.so
-- Up-to-date symlink: /home/tony/ros2_ws/install/interbotix_perception_msgs/local/lib/python3.10/dist-packages/interbotix_perception_msgs/interbotix_perception_msgs_s__rosidl_typesupport_introspection_c.cpython-310-x86_64-linux-gnu.so
-- Up-to-date symlink: /home/tony/ros2_ws/install/interbotix_perception_msgs/local/lib/python3.10/dist-packages/interbotix_perception_msgs/interbotix_perception_msgs_s__rosidl_typesupport_c.cpython-310-x86_64-linux-gnu.so
-- Symlinking: /home/tony/ros2_ws/install/interbotix_perception_msgs/share/interbotix_perception_msgs/msg/ClusterInfo.idl
-- Symlinking: /home/tony/ros2_ws/install/interbotix_perception_msgs/share/interbotix_perception_msgs/srv/ClusterInfoArray.idl
-- Symlinking: /home/tony/ros2_ws/install/interbotix_perception_msgs/share/interbotix_perception_msgs/srv/FilterParams.idl
-- Symlinking: /home/tony/ros2_ws/install/interbotix_perception_msgs/share/interbotix_perception_msgs/srv/SnapPicture.idl
-- Symlinking: /home/tony/ros2_ws/install/interbotix_perception_msgs/share/interbotix_perception_msgs/msg/ClusterInfo.msg
-- Symlinking: /home/tony/ros2_ws/install/interbotix_perception_msgs/share/interbotix_perception_msgs/srv/ClusterInfoArray.srv
-- Symlinking: /home/tony/ros2_ws/install/interbotix_perception_msgs/share/interbotix_perception_msgs/srv/ClusterInfoArray_Request.msg
-- Symlinking: /home/tony/ros2_ws/install/interbotix_perception_msgs/share/interbotix_perception_msgs/srv/ClusterInfoArray_Response.msg
-- Symlinking: /home/tony/ros2_ws/install/interbotix_perception_msgs/share/interbotix_perception_msgs/srv/FilterParams.srv
-- Symlinking: /home/tony/ros2_ws/install/interbotix_perception_msgs/share/interbotix_perception_msgs/srv/FilterParams_Request.msg
-- Symlinking: /home/tony/ros2_ws/install/interbotix_perception_msgs/share/interbotix_perception_msgs/srv/FilterParams_Response.msg
-- Symlinking: /home/tony/ros2_ws/install/interbotix_perception_msgs/share/interbotix_perception_msgs/srv/SnapPicture.srv
-- Symlinking: /home/tony/ros2_ws/install/interbotix_perception_msgs/share/interbotix_perception_msgs/srv/SnapPicture_Request.msg
-- Symlinking: /home/tony/ros2_ws/install/interbotix_perception_msgs/share/interbotix_perception_msgs/srv/SnapPicture_Response.msg
-- Symlinking: /home/tony/ros2_ws/install/interbotix_perception_msgs/share/ament_index/resource_index/package_run_dependencies/interbotix_perception_msgs
-- Symlinking: /home/tony/ros2_ws/install/interbotix_perception_msgs/share/ament_index/resource_index/parent_prefix_path/interbotix_perception_msgs
-- Symlinking: /home/tony/ros2_ws/install/interbotix_perception_msgs/share/interbotix_perception_msgs/environment/ament_prefix_path.sh
-- Symlinking: /home/tony/ros2_ws/install/interbotix_perception_msgs/share/interbotix_perception_msgs/environment/ament_prefix_path.dsv
-- Symlinking: /home/tony/ros2_ws/install/interbotix_perception_msgs/share/interbotix_perception_msgs/environment/path.sh
-- Symlinking: /home/tony/ros2_ws/install/interbotix_perception_msgs/share/interbotix_perception_msgs/environment/path.dsv
-- Symlinking: /home/tony/ros2_ws/install/interbotix_perception_msgs/share/interbotix_perception_msgs/local_setup.bash
-- Symlinking: /home/tony/ros2_ws/install/interbotix_perception_msgs/share/interbotix_perception_msgs/local_setup.sh
-- Symlinking: /home/tony/ros2_ws/install/interbotix_perception_msgs/share/interbotix_perception_msgs/local_setup.zsh
-- Symlinking: /home/tony/ros2_ws/install/interbotix_perception_msgs/share/interbotix_perception_msgs/local_setup.dsv
-- Symlinking: /home/tony/ros2_ws/install/interbotix_perception_msgs/share/interbotix_perception_msgs/package.dsv
-- Symlinking: /home/tony/ros2_ws/install/interbotix_perception_msgs/share/ament_index/resource_index/packages/interbotix_perception_msgs
-- Symlinking: /home/tony/ros2_ws/install/interbotix_perception_msgs/share/interbotix_perception_msgs/cmake/rosidl_cmake-extras.cmake
-- Symlinking: /home/tony/ros2_ws/install/interbotix_perception_msgs/share/interbotix_perception_msgs/cmake/ament_cmake_export_dependencies-extras.cmake
-- Symlinking: /home/tony/ros2_ws/install/interbotix_perception_msgs/share/interbotix_perception_msgs/cmake/ament_cmake_export_include_directories-extras.cmake
-- Symlinking: /home/tony/ros2_ws/install/interbotix_perception_msgs/share/interbotix_perception_msgs/cmake/ament_cmake_export_libraries-extras.cmake
-- Symlinking: /home/tony/ros2_ws/install/interbotix_perception_msgs/share/interbotix_perception_msgs/cmake/ament_cmake_export_targets-extras.cmake
-- Symlinking: /home/tony/ros2_ws/install/interbotix_perception_msgs/share/interbotix_perception_msgs/cmake/rosidl_cmake_export_typesupport_targets-extras.cmake
-- Symlinking: /home/tony/ros2_ws/install/interbotix_perception_msgs/share/interbotix_perception_msgs/cmake/rosidl_cmake_export_typesupport_libraries-extras.cmake
-- Symlinking: /home/tony/ros2_ws/install/interbotix_perception_msgs/share/interbotix_perception_msgs/cmake/interbotix_perception_msgsConfig.cmake
-- Symlinking: /home/tony/ros2_ws/install/interbotix_perception_msgs/share/interbotix_perception_msgs/cmake/interbotix_perception_msgsConfig-version.cmake
-- Symlinking: /home/tony/ros2_ws/install/interbotix_perception_msgs/share/interbotix_perception_msgs/package.xml
-- Installing: /home/tony/ros2_ws/install/interbotix_perception_msgs/lib/libinterbotix_perception_msgs__rosidl_generator_c.so
-- Set runtime path of "/home/tony/ros2_ws/install/interbotix_perception_msgs/lib/libinterbotix_perception_msgs__rosidl_generator_c.so" to ""
-- Installing: /home/tony/ros2_ws/install/interbotix_perception_msgs/lib/libinterbotix_perception_msgs__rosidl_typesupport_fastrtps_c.so
-- Set runtime path of "/home/tony/ros2_ws/install/interbotix_perception_msgs/lib/libinterbotix_perception_msgs__rosidl_typesupport_fastrtps_c.so" to ""
-- Installing: /home/tony/ros2_ws/install/interbotix_perception_msgs/lib/libinterbotix_perception_msgs__rosidl_typesupport_introspection_c.so
-- Set runtime path of "/home/tony/ros2_ws/install/interbotix_perception_msgs/lib/libinterbotix_perception_msgs__rosidl_typesupport_introspection_c.so" to ""
-- Installing: /home/tony/ros2_ws/install/interbotix_perception_msgs/lib/libinterbotix_perception_msgs__rosidl_typesupport_c.so
-- Set runtime path of "/home/tony/ros2_ws/install/interbotix_perception_msgs/lib/libinterbotix_perception_msgs__rosidl_typesupport_c.so" to ""
-- Installing: /home/tony/ros2_ws/install/interbotix_perception_msgs/lib/libinterbotix_perception_msgs__rosidl_typesupport_fastrtps_cpp.so
-- Set runtime path of "/home/tony/ros2_ws/install/interbotix_perception_msgs/lib/libinterbotix_perception_msgs__rosidl_typesupport_fastrtps_cpp.so" to ""
-- Installing: /home/tony/ros2_ws/install/interbotix_perception_msgs/lib/libinterbotix_perception_msgs__rosidl_typesupport_introspection_cpp.so
-- Set runtime path of "/home/tony/ros2_ws/install/interbotix_perception_msgs/lib/libinterbotix_perception_msgs__rosidl_typesupport_introspection_cpp.so" to ""
-- Installing: /home/tony/ros2_ws/install/interbotix_perception_msgs/lib/libinterbotix_perception_msgs__rosidl_typesupport_cpp.so
-- Set runtime path of "/home/tony/ros2_ws/install/interbotix_perception_msgs/lib/libinterbotix_perception_msgs__rosidl_typesupport_cpp.so" to ""
Listing '/home/tony/ros2_ws/install/interbotix_perception_msgs/local/lib/python3.10/dist-packages/interbotix_perception_msgs'...
Compiling '/home/tony/ros2_ws/install/interbotix_perception_msgs/local/lib/python3.10/dist-packages/interbotix_perception_msgs/__init__.py'...
Listing '/home/tony/ros2_ws/install/interbotix_perception_msgs/local/lib/python3.10/dist-packages/interbotix_perception_msgs/msg'...
Compiling '/home/tony/ros2_ws/install/interbotix_perception_msgs/local/lib/python3.10/dist-packages/interbotix_perception_msgs/msg/__init__.py'...
Compiling '/home/tony/ros2_ws/install/interbotix_perception_msgs/local/lib/python3.10/dist-packages/interbotix_perception_msgs/msg/_cluster_info.py'...
Listing '/home/tony/ros2_ws/install/interbotix_perception_msgs/local/lib/python3.10/dist-packages/interbotix_perception_msgs/srv'...
Compiling '/home/tony/ros2_ws/install/interbotix_perception_msgs/local/lib/python3.10/dist-packages/interbotix_perception_msgs/srv/__init__.py'...
Compiling '/home/tony/ros2_ws/install/interbotix_perception_msgs/local/lib/python3.10/dist-packages/interbotix_perception_msgs/srv/_cluster_info_array.py'...
Compiling '/home/tony/ros2_ws/install/interbotix_perception_msgs/local/lib/python3.10/dist-packages/interbotix_perception_msgs/srv/_filter_params.py'...
Compiling '/home/tony/ros2_ws/install/interbotix_perception_msgs/local/lib/python3.10/dist-packages/interbotix_perception_msgs/srv/_snap_picture.py'...
-- Installing: /home/tony/ros2_ws/install/interbotix_perception_msgs/lib/libinterbotix_perception_msgs__rosidl_generator_py.so
-- Set runtime path of "/home/tony/ros2_ws/install/interbotix_perception_msgs/lib/libinterbotix_perception_msgs__rosidl_generator_py.so" to ""
-- Installing: /home/tony/ros2_ws/install/interbotix_perception_msgs/share/interbotix_perception_msgs/cmake/export_interbotix_perception_msgs__rosidl_generator_cExport.cmake
-- Installing: /home/tony/ros2_ws/install/interbotix_perception_msgs/share/interbotix_perception_msgs/cmake/export_interbotix_perception_msgs__rosidl_generator_cExport-noconfig.cmake
-- Installing: /home/tony/ros2_ws/install/interbotix_perception_msgs/share/interbotix_perception_msgs/cmake/export_interbotix_perception_msgs__rosidl_typesupport_fastrtps_cExport.cmake
-- Installing: /home/tony/ros2_ws/install/interbotix_perception_msgs/share/interbotix_perception_msgs/cmake/export_interbotix_perception_msgs__rosidl_typesupport_fastrtps_cExport-noconfig.cmake
-- Installing: /home/tony/ros2_ws/install/interbotix_perception_msgs/share/interbotix_perception_msgs/cmake/interbotix_perception_msgs__rosidl_typesupport_introspection_cExport.cmake
-- Installing: /home/tony/ros2_ws/install/interbotix_perception_msgs/share/interbotix_perception_msgs/cmake/interbotix_perception_msgs__rosidl_typesupport_introspection_cExport-noconfig.cmake
-- Installing: /home/tony/ros2_ws/install/interbotix_perception_msgs/share/interbotix_perception_msgs/cmake/interbotix_perception_msgs__rosidl_typesupport_cExport.cmake
-- Installing: /home/tony/ros2_ws/install/interbotix_perception_msgs/share/interbotix_perception_msgs/cmake/interbotix_perception_msgs__rosidl_typesupport_cExport-noconfig.cmake
-- Installing: /home/tony/ros2_ws/install/interbotix_perception_msgs/share/interbotix_perception_msgs/cmake/export_interbotix_perception_msgs__rosidl_generator_cppExport.cmake
-- Installing: /home/tony/ros2_ws/install/interbotix_perception_msgs/share/interbotix_perception_msgs/cmake/export_interbotix_perception_msgs__rosidl_typesupport_fastrtps_cppExport.cmake
-- Installing: /home/tony/ros2_ws/install/interbotix_perception_msgs/share/interbotix_perception_msgs/cmake/export_interbotix_perception_msgs__rosidl_typesupport_fastrtps_cppExport-noconfig.cmake
-- Installing: /home/tony/ros2_ws/install/interbotix_perception_msgs/share/interbotix_perception_msgs/cmake/interbotix_perception_msgs__rosidl_typesupport_introspection_cppExport.cmake
-- Installing: /home/tony/ros2_ws/install/interbotix_perception_msgs/share/interbotix_perception_msgs/cmake/interbotix_perception_msgs__rosidl_typesupport_introspection_cppExport-noconfig.cmake
-- Installing: /home/tony/ros2_ws/install/interbotix_perception_msgs/share/interbotix_perception_msgs/cmake/interbotix_perception_msgs__rosidl_typesupport_cppExport.cmake
-- Installing: /home/tony/ros2_ws/install/interbotix_perception_msgs/share/interbotix_perception_msgs/cmake/interbotix_perception_msgs__rosidl_typesupport_cppExport-noconfig.cmake
-- Installing: /home/tony/ros2_ws/install/interbotix_perception_msgs/share/interbotix_perception_msgs/cmake/export_interbotix_perception_msgs__rosidl_generator_pyExport.cmake
-- Installing: /home/tony/ros2_ws/install/interbotix_perception_msgs/share/interbotix_perception_msgs/cmake/export_interbotix_perception_msgs__rosidl_generator_pyExport-noconfig.cmake
