/home/tony/ros2_ws/install/witmotion_ros_driver/lib/python3.10/site-packages/witmotion_ros_driver/modbus_rtu_driver.py
/home/tony/ros2_ws/install/witmotion_ros_driver/lib/python3.10/site-packages/witmotion_ros_driver/modbus_rtu_driver_2.py
/home/tony/ros2_ws/install/witmotion_ros_driver/lib/python3.10/site-packages/witmotion_ros_driver/__init__.py
/home/tony/ros2_ws/install/witmotion_ros_driver/lib/python3.10/site-packages/witmotion_ros_driver/__pycache__/modbus_rtu_driver.cpython-310.pyc
/home/tony/ros2_ws/install/witmotion_ros_driver/lib/python3.10/site-packages/witmotion_ros_driver/__pycache__/modbus_rtu_driver_2.cpython-310.pyc
/home/tony/ros2_ws/install/witmotion_ros_driver/lib/python3.10/site-packages/witmotion_ros_driver/__pycache__/__init__.cpython-310.pyc
/home/tony/ros2_ws/install/witmotion_ros_driver/share/ament_index/resource_index/packages/witmotion_ros_driver
/home/tony/ros2_ws/install/witmotion_ros_driver/share/witmotion_ros_driver/package.xml
/home/tony/ros2_ws/install/witmotion_ros_driver/share/witmotion_ros_driver/config/params.yaml
/home/tony/ros2_ws/install/witmotion_ros_driver/share/witmotion_ros_driver/launch/modbus_rtu_driver.launch.py
/home/tony/ros2_ws/install/witmotion_ros_driver/share/witmotion_ros_driver/launch/serial_bridge.launch.py
/home/tony/ros2_ws/install/witmotion_ros_driver/lib/python3.10/site-packages/witmotion_ros_driver-1.1.0-py3.10.egg-info/zip-safe
/home/tony/ros2_ws/install/witmotion_ros_driver/lib/python3.10/site-packages/witmotion_ros_driver-1.1.0-py3.10.egg-info/entry_points.txt
/home/tony/ros2_ws/install/witmotion_ros_driver/lib/python3.10/site-packages/witmotion_ros_driver-1.1.0-py3.10.egg-info/requires.txt
/home/tony/ros2_ws/install/witmotion_ros_driver/lib/python3.10/site-packages/witmotion_ros_driver-1.1.0-py3.10.egg-info/top_level.txt
/home/tony/ros2_ws/install/witmotion_ros_driver/lib/python3.10/site-packages/witmotion_ros_driver-1.1.0-py3.10.egg-info/dependency_links.txt
/home/tony/ros2_ws/install/witmotion_ros_driver/lib/python3.10/site-packages/witmotion_ros_driver-1.1.0-py3.10.egg-info/SOURCES.txt
/home/tony/ros2_ws/install/witmotion_ros_driver/lib/python3.10/site-packages/witmotion_ros_driver-1.1.0-py3.10.egg-info/PKG-INFO
/home/tony/ros2_ws/install/witmotion_ros_driver/lib/witmotion_ros_driver/modbus_rtu_driver
/home/tony/ros2_ws/install/witmotion_ros_driver/lib/witmotion_ros_driver/modbus_rtu_driver_2
