[0.031s] Invoking command in '/home/tony/ros2_ws/build/interbotix_xsarm_ros_control': AMENT_PREFIX_PATH=/home/tony/ros2_ws/install/interbotix_xsarm_control:/home/tony/ros2_ws/install/interbotix_xsarm_descriptions:/home/tony/ros2_ws/install/interbotix_xs_modules:/home/tony/ros2_ws/install/interbotix_xs_sdk:/home/tony/ros2_ws/install/interbotix_xs_ros_control:/home/tony/ros2_ws/install/interbotix_xs_driver:/home/tony/ros2_ws/install/interbotix_xs_msgs:/home/tony/ros2_ws/install/interbotix_common_modules:/home/tony/ros2_ws/install/dynamixel_workbench_toolbox:${AMENT_PREFIX_PATH} CMAKE_PREFIX_PATH=/home/tony/ros2_ws/install/interbotix_xsarm_control:/home/tony/ros2_ws/install/interbotix_xsarm_descriptions:/home/tony/ros2_ws/install/interbotix_xs_sdk:/home/tony/ros2_ws/install/interbotix_xs_ros_control:/home/tony/ros2_ws/install/interbotix_xs_driver:/home/tony/ros2_ws/install/interbotix_xs_msgs:/home/tony/ros2_ws/install/dynamixel_workbench_toolbox:/opt/ros/humble LD_LIBRARY_PATH=/home/tony/ros2_ws/install/interbotix_xs_ros_control/lib:/home/tony/ros2_ws/install/interbotix_xs_driver/lib:/home/tony/ros2_ws/install/interbotix_xs_msgs/lib:/home/tony/ros2_ws/install/dynamixel_workbench_toolbox/lib:${LD_LIBRARY_PATH} PYTHONPATH=/home/tony/ros2_ws/build/interbotix_xs_modules:/home/tony/ros2_ws/install/interbotix_xs_modules/lib/python3.10/site-packages:/home/tony/ros2_ws/install/interbotix_xs_msgs/local/lib/python3.10/dist-packages:/home/tony/ros2_ws/build/interbotix_common_modules:/home/tony/ros2_ws/install/interbotix_common_modules/lib/python3.10/site-packages:${PYTHONPATH} /usr/bin/cmake /home/tony/ros2_ws/src/interbotix_ros_manipulators/interbotix_ros_xsarms/interbotix_xsarm_ros_control -DAMENT_CMAKE_SYMLINK_INSTALL=1 -DCMAKE_INSTALL_PREFIX=/home/tony/ros2_ws/install/interbotix_xsarm_ros_control
[0.087s] -- The C compiler identification is GNU 11.4.0
[0.142s] -- The CXX compiler identification is GNU 11.4.0
[0.149s] -- Detecting C compiler ABI info
[0.212s] -- Detecting C compiler ABI info - done
[0.218s] -- Check for working C compiler: /usr/bin/cc - skipped
[0.218s] -- Detecting C compile features
[0.218s] -- Detecting C compile features - done
[0.221s] -- Detecting CXX compiler ABI info
[0.313s] -- Detecting CXX compiler ABI info - done
[0.324s] -- Check for working CXX compiler: /usr/bin/c++ - skipped
[0.324s] -- Detecting CXX compile features
[0.325s] -- Detecting CXX compile features - done
[0.329s] -- Found ament_cmake: 1.3.5 (/opt/ros/humble/share/ament_cmake/cmake)
[0.524s] -- Found Python3: /usr/bin/python3.10 (found version "3.10.12") found components: Interpreter 
[0.611s] -- Override CMake install command with custom implementation using symlinks instead of copying resources
[0.661s] -- Found ament_lint_auto: 0.12.7 (/opt/ros/humble/share/ament_lint_auto/cmake)
[0.768s] -- Added test 'copyright' to check source files copyright and LICENSE
[0.772s] -- Added test 'flake8' to check Python code syntax and style conventions
[0.772s] -- Added test 'lint_cmake' to check CMake code style
[0.773s] -- Added test 'pep257' to check Python code against some of the docstring style conventions in PEP 257
[0.775s] -- Added test 'xmllint' to check XML markup files
[0.778s] -- Configuring done
[0.781s] -- Generating done
[0.782s] -- Build files have been written to: /home/tony/ros2_ws/build/interbotix_xsarm_ros_control
[0.787s] Invoked command in '/home/tony/ros2_ws/build/interbotix_xsarm_ros_control' returned '0': AMENT_PREFIX_PATH=/home/tony/ros2_ws/install/interbotix_xsarm_control:/home/tony/ros2_ws/install/interbotix_xsarm_descriptions:/home/tony/ros2_ws/install/interbotix_xs_modules:/home/tony/ros2_ws/install/interbotix_xs_sdk:/home/tony/ros2_ws/install/interbotix_xs_ros_control:/home/tony/ros2_ws/install/interbotix_xs_driver:/home/tony/ros2_ws/install/interbotix_xs_msgs:/home/tony/ros2_ws/install/interbotix_common_modules:/home/tony/ros2_ws/install/dynamixel_workbench_toolbox:${AMENT_PREFIX_PATH} CMAKE_PREFIX_PATH=/home/tony/ros2_ws/install/interbotix_xsarm_control:/home/tony/ros2_ws/install/interbotix_xsarm_descriptions:/home/tony/ros2_ws/install/interbotix_xs_sdk:/home/tony/ros2_ws/install/interbotix_xs_ros_control:/home/tony/ros2_ws/install/interbotix_xs_driver:/home/tony/ros2_ws/install/interbotix_xs_msgs:/home/tony/ros2_ws/install/dynamixel_workbench_toolbox:/opt/ros/humble LD_LIBRARY_PATH=/home/tony/ros2_ws/install/interbotix_xs_ros_control/lib:/home/tony/ros2_ws/install/interbotix_xs_driver/lib:/home/tony/ros2_ws/install/interbotix_xs_msgs/lib:/home/tony/ros2_ws/install/dynamixel_workbench_toolbox/lib:${LD_LIBRARY_PATH} PYTHONPATH=/home/tony/ros2_ws/build/interbotix_xs_modules:/home/tony/ros2_ws/install/interbotix_xs_modules/lib/python3.10/site-packages:/home/tony/ros2_ws/install/interbotix_xs_msgs/local/lib/python3.10/dist-packages:/home/tony/ros2_ws/build/interbotix_common_modules:/home/tony/ros2_ws/install/interbotix_common_modules/lib/python3.10/site-packages:${PYTHONPATH} /usr/bin/cmake /home/tony/ros2_ws/src/interbotix_ros_manipulators/interbotix_ros_xsarms/interbotix_xsarm_ros_control -DAMENT_CMAKE_SYMLINK_INSTALL=1 -DCMAKE_INSTALL_PREFIX=/home/tony/ros2_ws/install/interbotix_xsarm_ros_control
[0.789s] Invoking command in '/home/tony/ros2_ws/build/interbotix_xsarm_ros_control': AMENT_PREFIX_PATH=/home/tony/ros2_ws/install/interbotix_xsarm_control:/home/tony/ros2_ws/install/interbotix_xsarm_descriptions:/home/tony/ros2_ws/install/interbotix_xs_modules:/home/tony/ros2_ws/install/interbotix_xs_sdk:/home/tony/ros2_ws/install/interbotix_xs_ros_control:/home/tony/ros2_ws/install/interbotix_xs_driver:/home/tony/ros2_ws/install/interbotix_xs_msgs:/home/tony/ros2_ws/install/interbotix_common_modules:/home/tony/ros2_ws/install/dynamixel_workbench_toolbox:${AMENT_PREFIX_PATH} CMAKE_PREFIX_PATH=/home/tony/ros2_ws/install/interbotix_xsarm_control:/home/tony/ros2_ws/install/interbotix_xsarm_descriptions:/home/tony/ros2_ws/install/interbotix_xs_sdk:/home/tony/ros2_ws/install/interbotix_xs_ros_control:/home/tony/ros2_ws/install/interbotix_xs_driver:/home/tony/ros2_ws/install/interbotix_xs_msgs:/home/tony/ros2_ws/install/dynamixel_workbench_toolbox:/opt/ros/humble LD_LIBRARY_PATH=/home/tony/ros2_ws/install/interbotix_xs_ros_control/lib:/home/tony/ros2_ws/install/interbotix_xs_driver/lib:/home/tony/ros2_ws/install/interbotix_xs_msgs/lib:/home/tony/ros2_ws/install/dynamixel_workbench_toolbox/lib:${LD_LIBRARY_PATH} PYTHONPATH=/home/tony/ros2_ws/build/interbotix_xs_modules:/home/tony/ros2_ws/install/interbotix_xs_modules/lib/python3.10/site-packages:/home/tony/ros2_ws/install/interbotix_xs_msgs/local/lib/python3.10/dist-packages:/home/tony/ros2_ws/build/interbotix_common_modules:/home/tony/ros2_ws/install/interbotix_common_modules/lib/python3.10/site-packages:${PYTHONPATH} /usr/bin/cmake --build /home/tony/ros2_ws/build/interbotix_xsarm_ros_control -- -j8 -l8
[0.834s] Invoked command in '/home/tony/ros2_ws/build/interbotix_xsarm_ros_control' returned '0': AMENT_PREFIX_PATH=/home/tony/ros2_ws/install/interbotix_xsarm_control:/home/tony/ros2_ws/install/interbotix_xsarm_descriptions:/home/tony/ros2_ws/install/interbotix_xs_modules:/home/tony/ros2_ws/install/interbotix_xs_sdk:/home/tony/ros2_ws/install/interbotix_xs_ros_control:/home/tony/ros2_ws/install/interbotix_xs_driver:/home/tony/ros2_ws/install/interbotix_xs_msgs:/home/tony/ros2_ws/install/interbotix_common_modules:/home/tony/ros2_ws/install/dynamixel_workbench_toolbox:${AMENT_PREFIX_PATH} CMAKE_PREFIX_PATH=/home/tony/ros2_ws/install/interbotix_xsarm_control:/home/tony/ros2_ws/install/interbotix_xsarm_descriptions:/home/tony/ros2_ws/install/interbotix_xs_sdk:/home/tony/ros2_ws/install/interbotix_xs_ros_control:/home/tony/ros2_ws/install/interbotix_xs_driver:/home/tony/ros2_ws/install/interbotix_xs_msgs:/home/tony/ros2_ws/install/dynamixel_workbench_toolbox:/opt/ros/humble LD_LIBRARY_PATH=/home/tony/ros2_ws/install/interbotix_xs_ros_control/lib:/home/tony/ros2_ws/install/interbotix_xs_driver/lib:/home/tony/ros2_ws/install/interbotix_xs_msgs/lib:/home/tony/ros2_ws/install/dynamixel_workbench_toolbox/lib:${LD_LIBRARY_PATH} PYTHONPATH=/home/tony/ros2_ws/build/interbotix_xs_modules:/home/tony/ros2_ws/install/interbotix_xs_modules/lib/python3.10/site-packages:/home/tony/ros2_ws/install/interbotix_xs_msgs/local/lib/python3.10/dist-packages:/home/tony/ros2_ws/build/interbotix_common_modules:/home/tony/ros2_ws/install/interbotix_common_modules/lib/python3.10/site-packages:${PYTHONPATH} /usr/bin/cmake --build /home/tony/ros2_ws/build/interbotix_xsarm_ros_control -- -j8 -l8
[0.860s] Invoking command in '/home/tony/ros2_ws/build/interbotix_xsarm_ros_control': AMENT_PREFIX_PATH=/home/tony/ros2_ws/install/interbotix_xsarm_control:/home/tony/ros2_ws/install/interbotix_xsarm_descriptions:/home/tony/ros2_ws/install/interbotix_xs_modules:/home/tony/ros2_ws/install/interbotix_xs_sdk:/home/tony/ros2_ws/install/interbotix_xs_ros_control:/home/tony/ros2_ws/install/interbotix_xs_driver:/home/tony/ros2_ws/install/interbotix_xs_msgs:/home/tony/ros2_ws/install/interbotix_common_modules:/home/tony/ros2_ws/install/dynamixel_workbench_toolbox:${AMENT_PREFIX_PATH} CMAKE_PREFIX_PATH=/home/tony/ros2_ws/install/interbotix_xsarm_control:/home/tony/ros2_ws/install/interbotix_xsarm_descriptions:/home/tony/ros2_ws/install/interbotix_xs_sdk:/home/tony/ros2_ws/install/interbotix_xs_ros_control:/home/tony/ros2_ws/install/interbotix_xs_driver:/home/tony/ros2_ws/install/interbotix_xs_msgs:/home/tony/ros2_ws/install/dynamixel_workbench_toolbox:/opt/ros/humble LD_LIBRARY_PATH=/home/tony/ros2_ws/install/interbotix_xs_ros_control/lib:/home/tony/ros2_ws/install/interbotix_xs_driver/lib:/home/tony/ros2_ws/install/interbotix_xs_msgs/lib:/home/tony/ros2_ws/install/dynamixel_workbench_toolbox/lib:${LD_LIBRARY_PATH} PYTHONPATH=/home/tony/ros2_ws/build/interbotix_xs_modules:/home/tony/ros2_ws/install/interbotix_xs_modules/lib/python3.10/site-packages:/home/tony/ros2_ws/install/interbotix_xs_msgs/local/lib/python3.10/dist-packages:/home/tony/ros2_ws/build/interbotix_common_modules:/home/tony/ros2_ws/install/interbotix_common_modules/lib/python3.10/site-packages:${PYTHONPATH} /usr/bin/cmake --install /home/tony/ros2_ws/build/interbotix_xsarm_ros_control
[0.869s] -- Install configuration: ""
[0.870s] -- Execute custom install script
[0.870s] -- Symlinking: /home/tony/ros2_ws/install/interbotix_xsarm_ros_control/share/interbotix_xsarm_ros_control//launch/xsarm_ros_control.launch.py
[0.884s] -- Symlinking: /home/tony/ros2_ws/install/interbotix_xsarm_ros_control/share/interbotix_xsarm_ros_control//config/controllers/mobile_px100_controllers.yaml
[0.894s] -- Symlinking: /home/tony/ros2_ws/install/interbotix_xsarm_ros_control/share/interbotix_xsarm_ros_control//config/controllers/mobile_wx200_controllers.yaml
[0.904s] -- Symlinking: /home/tony/ros2_ws/install/interbotix_xsarm_ros_control/share/interbotix_xsarm_ros_control//config/controllers/mobile_wx250s_controllers.yaml
[0.915s] -- Symlinking: /home/tony/ros2_ws/install/interbotix_xsarm_ros_control/share/interbotix_xsarm_ros_control//config/controllers/px100_controllers.yaml
[0.925s] -- Symlinking: /home/tony/ros2_ws/install/interbotix_xsarm_ros_control/share/interbotix_xsarm_ros_control//config/controllers/px150_controllers.yaml
[0.935s] -- Symlinking: /home/tony/ros2_ws/install/interbotix_xsarm_ros_control/share/interbotix_xsarm_ros_control//config/controllers/rx150_controllers.yaml
[0.945s] -- Symlinking: /home/tony/ros2_ws/install/interbotix_xsarm_ros_control/share/interbotix_xsarm_ros_control//config/controllers/rx200_controllers.yaml
[0.955s] -- Symlinking: /home/tony/ros2_ws/install/interbotix_xsarm_ros_control/share/interbotix_xsarm_ros_control//config/controllers/vx250_controllers.yaml
[0.967s] -- Symlinking: /home/tony/ros2_ws/install/interbotix_xsarm_ros_control/share/interbotix_xsarm_ros_control//config/controllers/vx300_controllers.yaml
[0.978s] -- Symlinking: /home/tony/ros2_ws/install/interbotix_xsarm_ros_control/share/interbotix_xsarm_ros_control//config/controllers/vx300s_controllers.yaml
[0.989s] -- Symlinking: /home/tony/ros2_ws/install/interbotix_xsarm_ros_control/share/interbotix_xsarm_ros_control//config/controllers/wx200_controllers.yaml
[1.000s] -- Symlinking: /home/tony/ros2_ws/install/interbotix_xsarm_ros_control/share/interbotix_xsarm_ros_control//config/controllers/wx250_controllers.yaml
[1.010s] -- Symlinking: /home/tony/ros2_ws/install/interbotix_xsarm_ros_control/share/interbotix_xsarm_ros_control//config/controllers/wx250s_controllers.yaml
[1.020s] -- Symlinking: /home/tony/ros2_ws/install/interbotix_xsarm_ros_control/share/interbotix_xsarm_ros_control//config/modes.yaml
[1.031s] -- Symlinking: /home/tony/ros2_ws/install/interbotix_xsarm_ros_control/share/ament_index/resource_index/package_run_dependencies/interbotix_xsarm_ros_control
[1.042s] -- Symlinking: /home/tony/ros2_ws/install/interbotix_xsarm_ros_control/share/ament_index/resource_index/parent_prefix_path/interbotix_xsarm_ros_control
[1.052s] -- Symlinking: /home/tony/ros2_ws/install/interbotix_xsarm_ros_control/share/interbotix_xsarm_ros_control/environment/ament_prefix_path.sh
[1.062s] -- Symlinking: /home/tony/ros2_ws/install/interbotix_xsarm_ros_control/share/interbotix_xsarm_ros_control/environment/ament_prefix_path.dsv
[1.074s] -- Symlinking: /home/tony/ros2_ws/install/interbotix_xsarm_ros_control/share/interbotix_xsarm_ros_control/environment/path.sh
[1.085s] -- Symlinking: /home/tony/ros2_ws/install/interbotix_xsarm_ros_control/share/interbotix_xsarm_ros_control/environment/path.dsv
[1.095s] -- Symlinking: /home/tony/ros2_ws/install/interbotix_xsarm_ros_control/share/interbotix_xsarm_ros_control/local_setup.bash
[1.105s] -- Symlinking: /home/tony/ros2_ws/install/interbotix_xsarm_ros_control/share/interbotix_xsarm_ros_control/local_setup.sh
[1.116s] -- Symlinking: /home/tony/ros2_ws/install/interbotix_xsarm_ros_control/share/interbotix_xsarm_ros_control/local_setup.zsh
[1.126s] -- Symlinking: /home/tony/ros2_ws/install/interbotix_xsarm_ros_control/share/interbotix_xsarm_ros_control/local_setup.dsv
[1.133s] -- Symlinking: /home/tony/ros2_ws/install/interbotix_xsarm_ros_control/share/interbotix_xsarm_ros_control/package.dsv
[1.141s] -- Symlinking: /home/tony/ros2_ws/install/interbotix_xsarm_ros_control/share/ament_index/resource_index/packages/interbotix_xsarm_ros_control
[1.148s] -- Symlinking: /home/tony/ros2_ws/install/interbotix_xsarm_ros_control/share/interbotix_xsarm_ros_control/cmake/interbotix_xsarm_ros_controlConfig.cmake
[1.155s] -- Symlinking: /home/tony/ros2_ws/install/interbotix_xsarm_ros_control/share/interbotix_xsarm_ros_control/cmake/interbotix_xsarm_ros_controlConfig-version.cmake
[1.162s] -- Symlinking: /home/tony/ros2_ws/install/interbotix_xsarm_ros_control/share/interbotix_xsarm_ros_control/package.xml
[1.175s] Invoked command in '/home/tony/ros2_ws/build/interbotix_xsarm_ros_control' returned '0': AMENT_PREFIX_PATH=/home/tony/ros2_ws/install/interbotix_xsarm_control:/home/tony/ros2_ws/install/interbotix_xsarm_descriptions:/home/tony/ros2_ws/install/interbotix_xs_modules:/home/tony/ros2_ws/install/interbotix_xs_sdk:/home/tony/ros2_ws/install/interbotix_xs_ros_control:/home/tony/ros2_ws/install/interbotix_xs_driver:/home/tony/ros2_ws/install/interbotix_xs_msgs:/home/tony/ros2_ws/install/interbotix_common_modules:/home/tony/ros2_ws/install/dynamixel_workbench_toolbox:${AMENT_PREFIX_PATH} CMAKE_PREFIX_PATH=/home/tony/ros2_ws/install/interbotix_xsarm_control:/home/tony/ros2_ws/install/interbotix_xsarm_descriptions:/home/tony/ros2_ws/install/interbotix_xs_sdk:/home/tony/ros2_ws/install/interbotix_xs_ros_control:/home/tony/ros2_ws/install/interbotix_xs_driver:/home/tony/ros2_ws/install/interbotix_xs_msgs:/home/tony/ros2_ws/install/dynamixel_workbench_toolbox:/opt/ros/humble LD_LIBRARY_PATH=/home/tony/ros2_ws/install/interbotix_xs_ros_control/lib:/home/tony/ros2_ws/install/interbotix_xs_driver/lib:/home/tony/ros2_ws/install/interbotix_xs_msgs/lib:/home/tony/ros2_ws/install/dynamixel_workbench_toolbox/lib:${LD_LIBRARY_PATH} PYTHONPATH=/home/tony/ros2_ws/build/interbotix_xs_modules:/home/tony/ros2_ws/install/interbotix_xs_modules/lib/python3.10/site-packages:/home/tony/ros2_ws/install/interbotix_xs_msgs/local/lib/python3.10/dist-packages:/home/tony/ros2_ws/build/interbotix_common_modules:/home/tony/ros2_ws/install/interbotix_common_modules/lib/python3.10/site-packages:${PYTHONPATH} /usr/bin/cmake --install /home/tony/ros2_ws/build/interbotix_xsarm_ros_control
