[0.048s] Invoking command in '/home/tony/ros2_ws/build/pan_tilt_bringup': CMAKE_PREFIX_PATH=${CMAKE_PREFIX_PATH}:/home/tony/ros2_ws/install/witmotion_ros_driver:/home/tony/ros2_ws/install/interbotix_xs_modules:/home/tony/ros2_ws/install/interbotix_perception_modules:/home/tony/ros2_ws/install/interbotix_common_modules:/opt/ros/humble /usr/bin/cmake --build /home/tony/ros2_ws/build/pan_tilt_bringup -- -j8 -l8
[0.116s] Invoked command in '/home/tony/ros2_ws/build/pan_tilt_bringup' returned '0': CMAKE_PREFIX_PATH=${CMAKE_PREFIX_PATH}:/home/tony/ros2_ws/install/witmotion_ros_driver:/home/tony/ros2_ws/install/interbotix_xs_modules:/home/tony/ros2_ws/install/interbotix_perception_modules:/home/tony/ros2_ws/install/interbotix_common_modules:/opt/ros/humble /usr/bin/cmake --build /home/tony/ros2_ws/build/pan_tilt_bringup -- -j8 -l8
[0.154s] Invoking command in '/home/tony/ros2_ws/build/pan_tilt_bringup': CMAKE_PREFIX_PATH=${CMAKE_PREFIX_PATH}:/home/tony/ros2_ws/install/witmotion_ros_driver:/home/tony/ros2_ws/install/interbotix_xs_modules:/home/tony/ros2_ws/install/interbotix_perception_modules:/home/tony/ros2_ws/install/interbotix_common_modules:/opt/ros/humble /usr/bin/cmake --install /home/tony/ros2_ws/build/pan_tilt_bringup
[0.167s] -- Install configuration: ""
[0.167s] -- Execute custom install script
[0.167s] -- Up-to-date symlink: /home/tony/ros2_ws/install/pan_tilt_bringup/share/pan_tilt_bringup//launch/panTilt_bringup.launch.py
[0.167s] -- Up-to-date symlink: /home/tony/ros2_ws/install/pan_tilt_bringup/share/ament_index/resource_index/package_run_dependencies/pan_tilt_bringup
[0.167s] -- Up-to-date symlink: /home/tony/ros2_ws/install/pan_tilt_bringup/share/ament_index/resource_index/parent_prefix_path/pan_tilt_bringup
[0.167s] -- Up-to-date symlink: /home/tony/ros2_ws/install/pan_tilt_bringup/share/pan_tilt_bringup/environment/ament_prefix_path.sh
[0.168s] -- Up-to-date symlink: /home/tony/ros2_ws/install/pan_tilt_bringup/share/pan_tilt_bringup/environment/ament_prefix_path.dsv
[0.168s] -- Up-to-date symlink: /home/tony/ros2_ws/install/pan_tilt_bringup/share/pan_tilt_bringup/environment/path.sh
[0.168s] -- Up-to-date symlink: /home/tony/ros2_ws/install/pan_tilt_bringup/share/pan_tilt_bringup/environment/path.dsv
[0.168s] -- Up-to-date symlink: /home/tony/ros2_ws/install/pan_tilt_bringup/share/pan_tilt_bringup/local_setup.bash
[0.168s] -- Up-to-date symlink: /home/tony/ros2_ws/install/pan_tilt_bringup/share/pan_tilt_bringup/local_setup.sh
[0.168s] -- Up-to-date symlink: /home/tony/ros2_ws/install/pan_tilt_bringup/share/pan_tilt_bringup/local_setup.zsh
[0.168s] -- Up-to-date symlink: /home/tony/ros2_ws/install/pan_tilt_bringup/share/pan_tilt_bringup/local_setup.dsv
[0.168s] -- Symlinking: /home/tony/ros2_ws/install/pan_tilt_bringup/share/pan_tilt_bringup/package.dsv
[0.180s] -- Up-to-date symlink: /home/tony/ros2_ws/install/pan_tilt_bringup/share/ament_index/resource_index/packages/pan_tilt_bringup
[0.180s] -- Up-to-date symlink: /home/tony/ros2_ws/install/pan_tilt_bringup/share/pan_tilt_bringup/cmake/pan_tilt_bringupConfig.cmake
[0.180s] -- Up-to-date symlink: /home/tony/ros2_ws/install/pan_tilt_bringup/share/pan_tilt_bringup/cmake/pan_tilt_bringupConfig-version.cmake
[0.180s] -- Up-to-date symlink: /home/tony/ros2_ws/install/pan_tilt_bringup/share/pan_tilt_bringup/package.xml
[0.225s] Invoked command in '/home/tony/ros2_ws/build/pan_tilt_bringup' returned '0': CMAKE_PREFIX_PATH=${CMAKE_PREFIX_PATH}:/home/tony/ros2_ws/install/witmotion_ros_driver:/home/tony/ros2_ws/install/interbotix_xs_modules:/home/tony/ros2_ws/install/interbotix_perception_modules:/home/tony/ros2_ws/install/interbotix_common_modules:/opt/ros/humble /usr/bin/cmake --install /home/tony/ros2_ws/build/pan_tilt_bringup
