[ 20%] [34m[1mAutomatic MOC for target interbotix_xs_rviz[0m
[ 20%] Built target interbotix_xs_rviz_autogen
[100%] Built target interbotix_xs_rviz
-- Install configuration: ""
-- Execute custom install script
-- Up-to-date symlink: /home/tony/ros2_ws/install/interbotix_xs_rviz/share/interbotix_xs_rviz//plugin_description.xml
-- Up-to-date symlink: /home/tony/ros2_ws/install/interbotix_xs_rviz/include//interbotix_xs_rviz/interbotix_control_panel.hpp
-- Up-to-date symlink: /home/tony/ros2_ws/install/interbotix_xs_rviz/include//interbotix_xs_rviz/xs_register_descriptions.hpp
-- Up-to-date symlink: /home/tony/ros2_ws/install/interbotix_xs_rviz/share/interbotix_xs_rviz//icons/classes/Interbotix Control Panel.png
-- Up-to-date symlink: /home/tony/ros2_ws/install/interbotix_xs_rviz/share/interbotix_xs_rviz/environment/library_path.sh
-- Up-to-date symlink: /home/tony/ros2_ws/install/interbotix_xs_rviz/share/interbotix_xs_rviz/environment/library_path.dsv
-- Up-to-date symlink: /home/tony/ros2_ws/install/interbotix_xs_rviz/share/ament_index/resource_index/package_run_dependencies/interbotix_xs_rviz
-- Up-to-date symlink: /home/tony/ros2_ws/install/interbotix_xs_rviz/share/ament_index/resource_index/parent_prefix_path/interbotix_xs_rviz
-- Up-to-date symlink: /home/tony/ros2_ws/install/interbotix_xs_rviz/share/interbotix_xs_rviz/environment/ament_prefix_path.sh
-- Up-to-date symlink: /home/tony/ros2_ws/install/interbotix_xs_rviz/share/interbotix_xs_rviz/environment/ament_prefix_path.dsv
-- Up-to-date symlink: /home/tony/ros2_ws/install/interbotix_xs_rviz/share/interbotix_xs_rviz/environment/path.sh
-- Up-to-date symlink: /home/tony/ros2_ws/install/interbotix_xs_rviz/share/interbotix_xs_rviz/environment/path.dsv
-- Up-to-date symlink: /home/tony/ros2_ws/install/interbotix_xs_rviz/share/interbotix_xs_rviz/local_setup.bash
-- Up-to-date symlink: /home/tony/ros2_ws/install/interbotix_xs_rviz/share/interbotix_xs_rviz/local_setup.sh
-- Up-to-date symlink: /home/tony/ros2_ws/install/interbotix_xs_rviz/share/interbotix_xs_rviz/local_setup.zsh
-- Up-to-date symlink: /home/tony/ros2_ws/install/interbotix_xs_rviz/share/interbotix_xs_rviz/local_setup.dsv
-- Symlinking: /home/tony/ros2_ws/install/interbotix_xs_rviz/share/interbotix_xs_rviz/package.dsv
-- Up-to-date symlink: /home/tony/ros2_ws/install/interbotix_xs_rviz/share/ament_index/resource_index/packages/interbotix_xs_rviz
-- Up-to-date symlink: /home/tony/ros2_ws/install/interbotix_xs_rviz/share/ament_index/resource_index/rviz_common__pluginlib__plugin/interbotix_xs_rviz
-- Up-to-date symlink: /home/tony/ros2_ws/install/interbotix_xs_rviz/share/interbotix_xs_rviz/cmake/ament_cmake_export_targets-extras.cmake
-- Up-to-date symlink: /home/tony/ros2_ws/install/interbotix_xs_rviz/share/interbotix_xs_rviz/cmake/ament_cmake_export_dependencies-extras.cmake
-- Up-to-date symlink: /home/tony/ros2_ws/install/interbotix_xs_rviz/share/interbotix_xs_rviz/cmake/interbotix_xs_rvizConfig.cmake
-- Up-to-date symlink: /home/tony/ros2_ws/install/interbotix_xs_rviz/share/interbotix_xs_rviz/cmake/interbotix_xs_rvizConfig-version.cmake
-- Up-to-date symlink: /home/tony/ros2_ws/install/interbotix_xs_rviz/share/interbotix_xs_rviz/package.xml
-- Up-to-date: /home/tony/ros2_ws/install/interbotix_xs_rviz/lib/libinterbotix_xs_rviz.so
-- Up-to-date: /home/tony/ros2_ws/install/interbotix_xs_rviz/share/interbotix_xs_rviz/cmake/interbotix_xs_rvizExport.cmake
-- Up-to-date: /home/tony/ros2_ws/install/interbotix_xs_rviz/share/interbotix_xs_rviz/cmake/interbotix_xs_rvizExport-noconfig.cmake
