-- Found ament_cmake: 1.3.5 (/opt/ros/humble/share/ament_cmake/cmake)
-- Override CMake install command with custom implementation using symlinks instead of copying resources
-- Found ament_lint_auto: 0.12.7 (/opt/ros/humble/share/ament_lint_auto/cmake)
-- Added test 'copyright' to check source files copyright and LICENSE
-- Added test 'lint_cmake' to check CMake code style
-- Added test 'xmllint' to check XML markup files
-- Configuring done
-- Generating done
-- Build files have been written to: /home/tony/ros2_ws/build/interbotix_ros_xsarms_examples
-- Install configuration: ""
-- Execute custom install script
-- Up-to-date symlink: /home/tony/ros2_ws/install/interbotix_ros_xsarms_examples/share/ament_index/resource_index/package_run_dependencies/interbotix_ros_xsarms_examples
-- Up-to-date symlink: /home/tony/ros2_ws/install/interbotix_ros_xsarms_examples/share/ament_index/resource_index/parent_prefix_path/interbotix_ros_xsarms_examples
-- Up-to-date symlink: /home/tony/ros2_ws/install/interbotix_ros_xsarms_examples/share/interbotix_ros_xsarms_examples/environment/ament_prefix_path.sh
-- Up-to-date symlink: /home/tony/ros2_ws/install/interbotix_ros_xsarms_examples/share/interbotix_ros_xsarms_examples/environment/ament_prefix_path.dsv
-- Up-to-date symlink: /home/tony/ros2_ws/install/interbotix_ros_xsarms_examples/share/interbotix_ros_xsarms_examples/environment/path.sh
-- Up-to-date symlink: /home/tony/ros2_ws/install/interbotix_ros_xsarms_examples/share/interbotix_ros_xsarms_examples/environment/path.dsv
-- Up-to-date symlink: /home/tony/ros2_ws/install/interbotix_ros_xsarms_examples/share/interbotix_ros_xsarms_examples/local_setup.bash
-- Up-to-date symlink: /home/tony/ros2_ws/install/interbotix_ros_xsarms_examples/share/interbotix_ros_xsarms_examples/local_setup.sh
-- Up-to-date symlink: /home/tony/ros2_ws/install/interbotix_ros_xsarms_examples/share/interbotix_ros_xsarms_examples/local_setup.zsh
-- Up-to-date symlink: /home/tony/ros2_ws/install/interbotix_ros_xsarms_examples/share/interbotix_ros_xsarms_examples/local_setup.dsv
-- Symlinking: /home/tony/ros2_ws/install/interbotix_ros_xsarms_examples/share/interbotix_ros_xsarms_examples/package.dsv
-- Up-to-date symlink: /home/tony/ros2_ws/install/interbotix_ros_xsarms_examples/share/ament_index/resource_index/packages/interbotix_ros_xsarms_examples
-- Up-to-date symlink: /home/tony/ros2_ws/install/interbotix_ros_xsarms_examples/share/interbotix_ros_xsarms_examples/cmake/interbotix_ros_xsarms_examplesConfig.cmake
-- Up-to-date symlink: /home/tony/ros2_ws/install/interbotix_ros_xsarms_examples/share/interbotix_ros_xsarms_examples/cmake/interbotix_ros_xsarms_examplesConfig-version.cmake
-- Up-to-date symlink: /home/tony/ros2_ws/install/interbotix_ros_xsarms_examples/share/interbotix_ros_xsarms_examples/package.xml
