-- The C compiler identification is GNU 11.4.0
-- The CXX compiler identification is GNU 11.4.0
-- Detecting C compiler ABI info
-- Detecting C compiler ABI info - done
-- Check for working C compiler: /usr/bin/cc - skipped
-- Detecting C compile features
-- Detecting C compile features - done
-- Detecting CXX compiler ABI info
-- Detecting CXX compiler ABI info - done
-- Check for working CXX compiler: /usr/bin/c++ - skipped
-- Detecting CXX compile features
-- Detecting CXX compile features - done
-- Found ament_cmake: 1.3.5 (/opt/ros/humble/share/ament_cmake/cmake)
-- Found Python3: /usr/bin/python3.10 (found version "3.10.12") found components: Interpreter 
-- Override CMake install command with custom implementation using symlinks instead of copying resources
-- Found robot_state_publisher: 3.0.2 (/opt/ros/humble/share/robot_state_publisher/cmake)
-- Found rosidl_generator_c: 3.1.5 (/opt/ros/humble/share/rosidl_generator_c/cmake)
-- Found rosidl_adapter: 3.1.5 (/opt/ros/humble/share/rosidl_adapter/cmake)
-- Found rosidl_generator_cpp: 3.1.5 (/opt/ros/humble/share/rosidl_generator_cpp/cmake)
-- Using all available rosidl_typesupport_c: rosidl_typesupport_fastrtps_c;rosidl_typesupport_introspection_c
-- Using all available rosidl_typesupport_cpp: rosidl_typesupport_fastrtps_cpp;rosidl_typesupport_introspection_cpp
-- Found eigen3_cmake_module: 0.1.1 (/opt/ros/humble/share/eigen3_cmake_module/cmake)
-- Found Eigen3: TRUE (found version "3.4.0") 
-- Ensuring Eigen3 include directory is part of orocos-kdl CMake target
-- Found rmw_implementation_cmake: 6.1.1 (/opt/ros/humble/share/rmw_implementation_cmake/cmake)
-- Found rmw_fastrtps_cpp: 6.2.3 (/opt/ros/humble/share/rmw_fastrtps_cpp/cmake)
-- Found OpenSSL: /usr/lib/x86_64-linux-gnu/libcrypto.so (found version "3.0.2")  
-- Found FastRTPS: /opt/ros/humble/include  
-- Using RMW implementation 'rmw_fastrtps_cpp' as default
-- Looking for pthread.h
-- Looking for pthread.h - found
-- Performing Test CMAKE_HAVE_LIBC_PTHREAD
-- Performing Test CMAKE_HAVE_LIBC_PTHREAD - Success
-- Found Threads: TRUE  
-- Found ament_lint_auto: 0.12.7 (/opt/ros/humble/share/ament_lint_auto/cmake)
-- Added test 'flake8' to check Python code syntax and style conventions
-- Added test 'lint_cmake' to check CMake code style
-- Added test 'pep257' to check Python code against some of the docstring style conventions in PEP 257
-- Added test 'xmllint' to check XML markup files
-- Configuring done
-- Generating done
-- Build files have been written to: /home/tony/ros2_ws/build/iqr_tb4_description
-- Install configuration: ""
-- Execute custom install script
-- Symlinking: /home/tony/ros2_ws/install/iqr_tb4_description/share/iqr_tb4_description/launch/display.launch.py
-- Symlinking: /home/tony/ros2_ws/install/iqr_tb4_description/share/iqr_tb4_description/meshes/iqr_tb4_pro.stl
-- Symlinking: /home/tony/ros2_ws/install/iqr_tb4_description/share/iqr_tb4_description/urdf/create3.urdf.xacro
-- Symlinking: /home/tony/ros2_ws/install/iqr_tb4_description/share/iqr_tb4_description/urdf/output.urdf
-- Symlinking: /home/tony/ros2_ws/install/iqr_tb4_description/share/iqr_tb4_description/urdf/realsense_d435.urdf.xacro
-- Symlinking: /home/tony/ros2_ws/install/iqr_tb4_description/share/iqr_tb4_description/urdf/tb_full.urdf.xacro
-- Symlinking: /home/tony/ros2_ws/install/iqr_tb4_description/share/iqr_tb4_description/rviz/rviz_basic_settings.rviz
-- Symlinking: /home/tony/ros2_ws/install/iqr_tb4_description/share/ament_index/resource_index/package_run_dependencies/iqr_tb4_description
-- Symlinking: /home/tony/ros2_ws/install/iqr_tb4_description/share/ament_index/resource_index/parent_prefix_path/iqr_tb4_description
-- Symlinking: /home/tony/ros2_ws/install/iqr_tb4_description/share/iqr_tb4_description/environment/ament_prefix_path.sh
-- Symlinking: /home/tony/ros2_ws/install/iqr_tb4_description/share/iqr_tb4_description/environment/ament_prefix_path.dsv
-- Symlinking: /home/tony/ros2_ws/install/iqr_tb4_description/share/iqr_tb4_description/environment/path.sh
-- Symlinking: /home/tony/ros2_ws/install/iqr_tb4_description/share/iqr_tb4_description/environment/path.dsv
-- Symlinking: /home/tony/ros2_ws/install/iqr_tb4_description/share/iqr_tb4_description/local_setup.bash
-- Symlinking: /home/tony/ros2_ws/install/iqr_tb4_description/share/iqr_tb4_description/local_setup.sh
-- Symlinking: /home/tony/ros2_ws/install/iqr_tb4_description/share/iqr_tb4_description/local_setup.zsh
-- Symlinking: /home/tony/ros2_ws/install/iqr_tb4_description/share/iqr_tb4_description/local_setup.dsv
-- Symlinking: /home/tony/ros2_ws/install/iqr_tb4_description/share/iqr_tb4_description/package.dsv
-- Symlinking: /home/tony/ros2_ws/install/iqr_tb4_description/share/ament_index/resource_index/packages/iqr_tb4_description
-- Symlinking: /home/tony/ros2_ws/install/iqr_tb4_description/share/iqr_tb4_description/cmake/iqr_tb4_descriptionConfig.cmake
-- Symlinking: /home/tony/ros2_ws/install/iqr_tb4_description/share/iqr_tb4_description/cmake/iqr_tb4_descriptionConfig-version.cmake
-- Symlinking: /home/tony/ros2_ws/install/iqr_tb4_description/share/iqr_tb4_description/package.xml
