[100%] Built target moveit_interface
-- Install configuration: ""
-- Execute custom install script
-- Up-to-date symlink: /home/tony/ros2_ws/install/interbotix_moveit_interface/lib/interbotix_moveit_interface/moveit_interface
-- Up-to-date symlink: /home/tony/ros2_ws/install/interbotix_moveit_interface/lib/interbotix_moveit_interface/moveit_interface_gui
-- Up-to-date symlink: /home/tony/ros2_ws/install/interbotix_moveit_interface/share/ament_index/resource_index/package_run_dependencies/interbotix_moveit_interface
-- Up-to-date symlink: /home/tony/ros2_ws/install/interbotix_moveit_interface/share/ament_index/resource_index/parent_prefix_path/interbotix_moveit_interface
-- Up-to-date symlink: /home/tony/ros2_ws/install/interbotix_moveit_interface/share/interbotix_moveit_interface/environment/ament_prefix_path.sh
-- Up-to-date symlink: /home/tony/ros2_ws/install/interbotix_moveit_interface/share/interbotix_moveit_interface/environment/ament_prefix_path.dsv
-- Up-to-date symlink: /home/tony/ros2_ws/install/interbotix_moveit_interface/share/interbotix_moveit_interface/environment/path.sh
-- Up-to-date symlink: /home/tony/ros2_ws/install/interbotix_moveit_interface/share/interbotix_moveit_interface/environment/path.dsv
-- Up-to-date symlink: /home/tony/ros2_ws/install/interbotix_moveit_interface/share/interbotix_moveit_interface/local_setup.bash
-- Up-to-date symlink: /home/tony/ros2_ws/install/interbotix_moveit_interface/share/interbotix_moveit_interface/local_setup.sh
-- Up-to-date symlink: /home/tony/ros2_ws/install/interbotix_moveit_interface/share/interbotix_moveit_interface/local_setup.zsh
-- Up-to-date symlink: /home/tony/ros2_ws/install/interbotix_moveit_interface/share/interbotix_moveit_interface/local_setup.dsv
-- Symlinking: /home/tony/ros2_ws/install/interbotix_moveit_interface/share/interbotix_moveit_interface/package.dsv
-- Up-to-date symlink: /home/tony/ros2_ws/install/interbotix_moveit_interface/share/ament_index/resource_index/packages/interbotix_moveit_interface
-- Up-to-date symlink: /home/tony/ros2_ws/install/interbotix_moveit_interface/share/interbotix_moveit_interface/cmake/interbotix_moveit_interfaceConfig.cmake
-- Up-to-date symlink: /home/tony/ros2_ws/install/interbotix_moveit_interface/share/interbotix_moveit_interface/cmake/interbotix_moveit_interfaceConfig-version.cmake
-- Up-to-date symlink: /home/tony/ros2_ws/install/interbotix_moveit_interface/share/interbotix_moveit_interface/package.xml
