[0.246s] Invoking command in '/home/tony/ros2_ws/build/interbotix_tf_tools': CMAKE_PREFIX_PATH=/opt/ros/humble /usr/bin/cmake /home/tony/ros2_ws/src/interbotix_ros_toolboxes/interbotix_common_toolbox/interbotix_tf_tools -DAMENT_CMAKE_SYMLINK_INSTALL=1 -DCMAKE_INSTALL_PREFIX=/home/tony/ros2_ws/install/interbotix_tf_tools
[1.151s] -- The C compiler identification is GNU 11.4.0
[1.151s] -- The CXX compiler identification is GNU 11.4.0
[1.151s] -- Detecting C compiler ABI info
[1.151s] -- Detecting C compiler ABI info - done
[1.151s] -- Check for working C compiler: /usr/bin/cc - skipped
[1.151s] -- Detecting C compile features
[1.152s] -- Detecting C compile features - done
[1.152s] -- Detecting CXX compiler ABI info
[1.152s] -- Detecting CXX compiler ABI info - done
[1.152s] -- Check for working CXX compiler: /usr/bin/c++ - skipped
[1.152s] -- Detecting CXX compile features
[1.152s] -- Detecting CXX compile features - done
[1.152s] -- Found ament_cmake: 1.3.5 (/opt/ros/humble/share/ament_cmake/cmake)
[1.152s] -- Found Python3: /usr/bin/python3.10 (found version "3.10.12") found components: Interpreter 
[1.152s] -- Override CMake install command with custom implementation using symlinks instead of copying resources
[1.152s] -- Found geometry_msgs: 4.2.3 (/opt/ros/humble/share/geometry_msgs/cmake)
[1.152s] -- Found rosidl_generator_c: 3.1.5 (/opt/ros/humble/share/rosidl_generator_c/cmake)
[1.152s] -- Found rosidl_adapter: 3.1.5 (/opt/ros/humble/share/rosidl_adapter/cmake)
[1.152s] -- Found rosidl_generator_cpp: 3.1.5 (/opt/ros/humble/share/rosidl_generator_cpp/cmake)
[1.152s] -- Using all available rosidl_typesupport_c: rosidl_typesupport_fastrtps_c;rosidl_typesupport_introspection_c
[1.152s] -- Using all available rosidl_typesupport_cpp: rosidl_typesupport_fastrtps_cpp;rosidl_typesupport_introspection_cpp
[1.264s] -- Found rclcpp: 16.0.5 (/opt/ros/humble/share/rclcpp/cmake)
[1.344s] -- Found rmw_implementation_cmake: 6.1.1 (/opt/ros/humble/share/rmw_implementation_cmake/cmake)
[1.353s] -- Found rmw_fastrtps_cpp: 6.2.3 (/opt/ros/humble/share/rmw_fastrtps_cpp/cmake)
[1.494s] -- Found OpenSSL: /usr/lib/x86_64-linux-gnu/libcrypto.so (found version "3.0.2")  
[1.533s] -- Found FastRTPS: /opt/ros/humble/include  
[1.589s] -- Using RMW implementation 'rmw_fastrtps_cpp' as default
[1.602s] -- Looking for pthread.h
[1.713s] -- Looking for pthread.h - found
[1.714s] -- Performing Test CMAKE_HAVE_LIBC_PTHREAD
[1.874s] -- Performing Test CMAKE_HAVE_LIBC_PTHREAD - Success
[1.875s] -- Found Threads: TRUE  
[2.062s] -- Found rclcpp_components: 16.0.5 (/opt/ros/humble/share/rclcpp_components/cmake)
[2.217s] -- Found tf2_msgs: 0.25.3 (/opt/ros/humble/share/tf2_msgs/cmake)
[2.649s] -- Found tf2_ros: 0.25.3 (/opt/ros/humble/share/tf2_ros/cmake)
[2.843s] -- Found ament_lint_auto: 0.12.7 (/opt/ros/humble/share/ament_lint_auto/cmake)
[2.975s] -- Added test 'copyright' to check source files copyright and LICENSE
[2.977s] -- Added test 'cppcheck' to perform static code analysis on C / C++ code
[2.977s] -- Configured cppcheck include dirs: /home/tony/ros2_ws/src/interbotix_ros_toolboxes/interbotix_common_toolbox/interbotix_tf_tools/include
[2.977s] -- Configured cppcheck exclude dirs and/or files: 
[2.979s] -- Added test 'cpplint' to check C / C++ code against the Google style
[2.979s] -- Configured cpplint exclude dirs and/or files: 
[3.009s] -- Added test 'flake8' to check Python code syntax and style conventions
[3.009s] -- Added test 'lint_cmake' to check CMake code style
[3.010s] -- Added test 'pep257' to check Python code against some of the docstring style conventions in PEP 257
[3.010s] -- Added test 'uncrustify' to check C / C++ code style
[3.010s] -- Configured uncrustify additional arguments: 
[3.010s] -- Added test 'xmllint' to check XML markup files
[3.010s] -- Configuring done
[3.053s] -- Generating done
[3.056s] -- Build files have been written to: /home/tony/ros2_ws/build/interbotix_tf_tools
[3.137s] Invoked command in '/home/tony/ros2_ws/build/interbotix_tf_tools' returned '0': CMAKE_PREFIX_PATH=/opt/ros/humble /usr/bin/cmake /home/tony/ros2_ws/src/interbotix_ros_toolboxes/interbotix_common_toolbox/interbotix_tf_tools -DAMENT_CMAKE_SYMLINK_INSTALL=1 -DCMAKE_INSTALL_PREFIX=/home/tony/ros2_ws/install/interbotix_tf_tools
[3.137s] Invoking command in '/home/tony/ros2_ws/build/interbotix_tf_tools': CMAKE_PREFIX_PATH=/opt/ros/humble /usr/bin/cmake --build /home/tony/ros2_ws/build/interbotix_tf_tools -- -j8 -l8
[3.403s] [ 50%] [32mBuilding CXX object CMakeFiles/tf_rebroadcaster.dir/src/tf_rebroadcaster.cpp.o[0m
[25.431s] [100%] [32m[1mLinking CXX shared library libtf_rebroadcaster.so[0m
[25.949s] [100%] Built target tf_rebroadcaster
[25.980s] Invoked command in '/home/tony/ros2_ws/build/interbotix_tf_tools' returned '0': CMAKE_PREFIX_PATH=/opt/ros/humble /usr/bin/cmake --build /home/tony/ros2_ws/build/interbotix_tf_tools -- -j8 -l8
[26.166s] Invoking command in '/home/tony/ros2_ws/build/interbotix_tf_tools': CMAKE_PREFIX_PATH=/opt/ros/humble /usr/bin/cmake --install /home/tony/ros2_ws/build/interbotix_tf_tools
[26.176s] -- Install configuration: ""
[26.177s] -- Execute custom install script
[26.178s] -- Symlinking: /home/tony/ros2_ws/install/interbotix_tf_tools/lib/libtf_rebroadcaster.so
[26.197s] -- Symlinking: /home/tony/ros2_ws/install/interbotix_tf_tools/lib/interbotix_tf_tools/static_trans_pub.py
[26.217s] -- Symlinking: /home/tony/ros2_ws/install/interbotix_tf_tools/share/interbotix_tf_tools//config/tf_rebroadcaster.yaml
[26.244s] -- Symlinking: /home/tony/ros2_ws/install/interbotix_tf_tools/share/interbotix_tf_tools//launch/static_transform_pub.launch.py
[26.284s] -- Symlinking: /home/tony/ros2_ws/install/interbotix_tf_tools/share/interbotix_tf_tools//launch/tf_rebroadcaster.launch.py
[26.323s] -- Symlinking: /home/tony/ros2_ws/install/interbotix_tf_tools/share/ament_index/resource_index/package_run_dependencies/interbotix_tf_tools
[26.340s] -- Symlinking: /home/tony/ros2_ws/install/interbotix_tf_tools/share/ament_index/resource_index/parent_prefix_path/interbotix_tf_tools
[26.365s] -- Symlinking: /home/tony/ros2_ws/install/interbotix_tf_tools/share/interbotix_tf_tools/environment/ament_prefix_path.sh
[26.398s] -- Symlinking: /home/tony/ros2_ws/install/interbotix_tf_tools/share/interbotix_tf_tools/environment/ament_prefix_path.dsv
[26.423s] -- Symlinking: /home/tony/ros2_ws/install/interbotix_tf_tools/share/interbotix_tf_tools/environment/path.sh
[26.448s] -- Symlinking: /home/tony/ros2_ws/install/interbotix_tf_tools/share/interbotix_tf_tools/environment/path.dsv
[26.465s] -- Symlinking: /home/tony/ros2_ws/install/interbotix_tf_tools/share/interbotix_tf_tools/local_setup.bash
[26.475s] -- Symlinking: /home/tony/ros2_ws/install/interbotix_tf_tools/share/interbotix_tf_tools/local_setup.sh
[26.486s] -- Symlinking: /home/tony/ros2_ws/install/interbotix_tf_tools/share/interbotix_tf_tools/local_setup.zsh
[26.495s] -- Symlinking: /home/tony/ros2_ws/install/interbotix_tf_tools/share/interbotix_tf_tools/local_setup.dsv
[26.504s] -- Symlinking: /home/tony/ros2_ws/install/interbotix_tf_tools/share/interbotix_tf_tools/package.dsv
[26.514s] -- Symlinking: /home/tony/ros2_ws/install/interbotix_tf_tools/share/ament_index/resource_index/packages/interbotix_tf_tools
[26.525s] -- Symlinking: /home/tony/ros2_ws/install/interbotix_tf_tools/share/ament_index/resource_index/rclcpp_components/interbotix_tf_tools
[26.535s] -- Symlinking: /home/tony/ros2_ws/install/interbotix_tf_tools/share/interbotix_tf_tools/cmake/interbotix_tf_toolsConfig.cmake
[26.554s] -- Symlinking: /home/tony/ros2_ws/install/interbotix_tf_tools/share/interbotix_tf_tools/cmake/interbotix_tf_toolsConfig-version.cmake
[26.570s] -- Symlinking: /home/tony/ros2_ws/install/interbotix_tf_tools/share/interbotix_tf_tools/package.xml
[26.587s] Invoked command in '/home/tony/ros2_ws/build/interbotix_tf_tools' returned '0': CMAKE_PREFIX_PATH=/opt/ros/humble /usr/bin/cmake --install /home/tony/ros2_ws/build/interbotix_tf_tools
