[0.125s] Invoking command in '/home/tony/ros2_ws/build/interbotix_xs_driver': AMENT_PREFIX_PATH=/home/tony/ros2_ws/install/dynamixel_workbench_toolbox:${AMENT_PREFIX_PATH} CMAKE_PREFIX_PATH=/home/tony/ros2_ws/install/dynamixel_workbench_toolbox:/opt/ros/humble LD_LIBRARY_PATH=/home/tony/ros2_ws/install/dynamixel_workbench_toolbox/lib:${LD_LIBRARY_PATH} /usr/bin/cmake /home/tony/ros2_ws/src/interbotix_ros_core/interbotix_ros_xseries/interbotix_xs_driver -DAMENT_CMAKE_SYMLINK_INSTALL=1 -DCMAKE_INSTALL_PREFIX=/home/tony/ros2_ws/install/interbotix_xs_driver
[5.594s] -- The CXX compiler identification is GNU 11.4.0
[5.595s] -- Detecting CXX compiler ABI info
[5.595s] -- Detecting CXX compiler ABI info - done
[5.595s] -- Check for working CXX compiler: /usr/bin/c++ - skipped
[5.595s] -- Detecting CXX compile features
[5.595s] -- Detecting CXX compile features - done
[5.595s] -- Found dynamixel_workbench_toolbox: 2.2.2 (/home/tony/ros2_ws/install/dynamixel_workbench_toolbox/share/dynamixel_workbench_toolbox/cmake)
[5.595s] -- Found Python3: /usr/bin/python3.10 (found version "3.10.12") found components: Interpreter 
[5.595s] -- Override CMake install command with custom implementation using symlinks instead of copying resources
[5.595s] -- Found rosidl_generator_c: 3.1.5 (/opt/ros/humble/share/rosidl_generator_c/cmake)
[5.595s] -- Found rosidl_adapter: 3.1.5 (/opt/ros/humble/share/rosidl_adapter/cmake)
[5.595s] -- Found rosidl_generator_cpp: 3.1.5 (/opt/ros/humble/share/rosidl_generator_cpp/cmake)
[5.595s] -- Using all available rosidl_typesupport_c: rosidl_typesupport_fastrtps_c;rosidl_typesupport_introspection_c
[5.595s] -- Using all available rosidl_typesupport_cpp: rosidl_typesupport_fastrtps_cpp;rosidl_typesupport_introspection_cpp
[5.595s] -- Found rmw_implementation_cmake: 6.1.1 (/opt/ros/humble/share/rmw_implementation_cmake/cmake)
[5.595s] -- Found rmw_fastrtps_cpp: 6.2.3 (/opt/ros/humble/share/rmw_fastrtps_cpp/cmake)
[5.596s] -- Found OpenSSL: /usr/lib/x86_64-linux-gnu/libcrypto.so (found version "3.0.2")  
[5.596s] -- Found FastRTPS: /opt/ros/humble/include  
[5.596s] -- Using RMW implementation 'rmw_fastrtps_cpp' as default
[5.596s] -- Looking for C++ include pthread.h
[5.596s] -- Looking for C++ include pthread.h - found
[5.596s] -- Performing Test CMAKE_HAVE_LIBC_PTHREAD
[5.596s] -- Performing Test CMAKE_HAVE_LIBC_PTHREAD - Success
[5.596s] -- Found Threads: TRUE  
[5.596s] -- Found ament_lint_auto: 0.12.7 (/opt/ros/humble/share/ament_lint_auto/cmake)
[5.596s] -- Added test 'copyright' to check source files copyright and LICENSE
[5.596s] -- Added test 'cppcheck' to perform static code analysis on C / C++ code
[5.596s] -- Configured cppcheck include dirs: /home/tony/ros2_ws/src/interbotix_ros_core/interbotix_ros_xseries/interbotix_xs_driver/include;$<BUILD_INTERFACE:/home/tony/ros2_ws/src/interbotix_ros_core/interbotix_ros_xseries/interbotix_xs_driver/include>
[5.596s] -- Configured cppcheck exclude dirs and/or files: 
[5.597s] -- Added test 'cpplint' to check C / C++ code against the Google style
[5.597s] -- Configured cpplint exclude dirs and/or files: 
[5.597s] -- Added test 'lint_cmake' to check CMake code style
[5.597s] -- Added test 'uncrustify' to check C / C++ code style
[5.597s] -- Configured uncrustify additional arguments: 
[5.597s] -- Added test 'xmllint' to check XML markup files
[5.597s] -- Configuring done
[5.597s] -- Generating done
[5.597s] -- Build files have been written to: /home/tony/ros2_ws/build/interbotix_xs_driver
[5.629s] Invoked command in '/home/tony/ros2_ws/build/interbotix_xs_driver' returned '0': AMENT_PREFIX_PATH=/home/tony/ros2_ws/install/dynamixel_workbench_toolbox:${AMENT_PREFIX_PATH} CMAKE_PREFIX_PATH=/home/tony/ros2_ws/install/dynamixel_workbench_toolbox:/opt/ros/humble LD_LIBRARY_PATH=/home/tony/ros2_ws/install/dynamixel_workbench_toolbox/lib:${LD_LIBRARY_PATH} /usr/bin/cmake /home/tony/ros2_ws/src/interbotix_ros_core/interbotix_ros_xseries/interbotix_xs_driver -DAMENT_CMAKE_SYMLINK_INSTALL=1 -DCMAKE_INSTALL_PREFIX=/home/tony/ros2_ws/install/interbotix_xs_driver
[5.630s] Invoking command in '/home/tony/ros2_ws/build/interbotix_xs_driver': AMENT_PREFIX_PATH=/home/tony/ros2_ws/install/dynamixel_workbench_toolbox:${AMENT_PREFIX_PATH} CMAKE_PREFIX_PATH=/home/tony/ros2_ws/install/dynamixel_workbench_toolbox:/opt/ros/humble LD_LIBRARY_PATH=/home/tony/ros2_ws/install/dynamixel_workbench_toolbox/lib:${LD_LIBRARY_PATH} /usr/bin/cmake --build /home/tony/ros2_ws/build/interbotix_xs_driver -- -j8 -l8
[5.921s] [ 33%] [32mBuilding CXX object CMakeFiles/interbotix_xs_driver.dir/src/xs_driver.cpp.o[0m
[5.961s] [ 66%] [32mBuilding CXX object CMakeFiles/interbotix_xs_driver.dir/src/xs_logging.cpp.o[0m
[11.605s] [100%] [32m[1mLinking CXX shared library libinterbotix_xs_driver.so[0m
[12.151s] [100%] Built target interbotix_xs_driver
[12.195s] Invoked command in '/home/tony/ros2_ws/build/interbotix_xs_driver' returned '0': AMENT_PREFIX_PATH=/home/tony/ros2_ws/install/dynamixel_workbench_toolbox:${AMENT_PREFIX_PATH} CMAKE_PREFIX_PATH=/home/tony/ros2_ws/install/dynamixel_workbench_toolbox:/opt/ros/humble LD_LIBRARY_PATH=/home/tony/ros2_ws/install/dynamixel_workbench_toolbox/lib:${LD_LIBRARY_PATH} /usr/bin/cmake --build /home/tony/ros2_ws/build/interbotix_xs_driver -- -j8 -l8
[12.597s] Invoking command in '/home/tony/ros2_ws/build/interbotix_xs_driver': AMENT_PREFIX_PATH=/home/tony/ros2_ws/install/dynamixel_workbench_toolbox:${AMENT_PREFIX_PATH} CMAKE_PREFIX_PATH=/home/tony/ros2_ws/install/dynamixel_workbench_toolbox:/opt/ros/humble LD_LIBRARY_PATH=/home/tony/ros2_ws/install/dynamixel_workbench_toolbox/lib:${LD_LIBRARY_PATH} /usr/bin/cmake --install /home/tony/ros2_ws/build/interbotix_xs_driver
[13.392s] -- Install configuration: ""
[13.392s] -- Execute custom install script
[13.392s] -- Symlinking: /home/tony/ros2_ws/install/interbotix_xs_driver/include/interbotix_xs_driver/version.hpp
[13.392s] -- Symlinking: /home/tony/ros2_ws/install/interbotix_xs_driver/include/interbotix_xs_driver/xs_common.hpp
[13.392s] -- Symlinking: /home/tony/ros2_ws/install/interbotix_xs_driver/include/interbotix_xs_driver/xs_driver.hpp
[13.392s] -- Symlinking: /home/tony/ros2_ws/install/interbotix_xs_driver/include/interbotix_xs_driver/xs_logging.hpp
[13.392s] -- Symlinking: /home/tony/ros2_ws/install/interbotix_xs_driver/share/interbotix_xs_driver/package.xml
[13.393s] -- Symlinking: /home/tony/ros2_ws/install/interbotix_xs_driver/share/ament_index/resource_index/package_run_dependencies/interbotix_xs_driver
[13.393s] -- Symlinking: /home/tony/ros2_ws/install/interbotix_xs_driver/share/ament_index/resource_index/parent_prefix_path/interbotix_xs_driver
[13.393s] -- Symlinking: /home/tony/ros2_ws/install/interbotix_xs_driver/share/interbotix_xs_driver/environment/ament_prefix_path.sh
[13.393s] -- Symlinking: /home/tony/ros2_ws/install/interbotix_xs_driver/share/interbotix_xs_driver/environment/ament_prefix_path.dsv
[13.393s] -- Symlinking: /home/tony/ros2_ws/install/interbotix_xs_driver/share/interbotix_xs_driver/environment/path.sh
[13.393s] -- Symlinking: /home/tony/ros2_ws/install/interbotix_xs_driver/share/interbotix_xs_driver/environment/path.dsv
[13.393s] -- Symlinking: /home/tony/ros2_ws/install/interbotix_xs_driver/share/interbotix_xs_driver/local_setup.bash
[13.393s] -- Symlinking: /home/tony/ros2_ws/install/interbotix_xs_driver/share/interbotix_xs_driver/local_setup.sh
[13.393s] -- Symlinking: /home/tony/ros2_ws/install/interbotix_xs_driver/share/interbotix_xs_driver/local_setup.zsh
[13.393s] -- Symlinking: /home/tony/ros2_ws/install/interbotix_xs_driver/share/interbotix_xs_driver/local_setup.dsv
[13.393s] -- Symlinking: /home/tony/ros2_ws/install/interbotix_xs_driver/share/interbotix_xs_driver/package.dsv
[13.393s] -- Symlinking: /home/tony/ros2_ws/install/interbotix_xs_driver/share/ament_index/resource_index/packages/interbotix_xs_driver
[13.393s] -- Symlinking: /home/tony/ros2_ws/install/interbotix_xs_driver/share/interbotix_xs_driver/cmake/ament_cmake_export_dependencies-extras.cmake
[13.393s] -- Symlinking: /home/tony/ros2_ws/install/interbotix_xs_driver/share/interbotix_xs_driver/cmake/ament_cmake_export_targets-extras.cmake
[13.403s] -- Symlinking: /home/tony/ros2_ws/install/interbotix_xs_driver/share/interbotix_xs_driver/cmake/interbotix_xs_driverConfig.cmake
[13.427s] -- Symlinking: /home/tony/ros2_ws/install/interbotix_xs_driver/share/interbotix_xs_driver/cmake/interbotix_xs_driverConfig-version.cmake
[13.473s] -- Up-to-date symlink: /home/tony/ros2_ws/install/interbotix_xs_driver/share/interbotix_xs_driver/package.xml
[13.473s] -- Installing: /home/tony/ros2_ws/install/interbotix_xs_driver/lib/libinterbotix_xs_driver.so
[13.473s] -- Set runtime path of "/home/tony/ros2_ws/install/interbotix_xs_driver/lib/libinterbotix_xs_driver.so" to ""
[13.473s] -- Installing: /home/tony/ros2_ws/install/interbotix_xs_driver/share/interbotix_xs_driver/cmake/export_interbotix_xs_driverExport.cmake
[13.473s] -- Installing: /home/tony/ros2_ws/install/interbotix_xs_driver/share/interbotix_xs_driver/cmake/export_interbotix_xs_driverExport-noconfig.cmake
[13.482s] Invoked command in '/home/tony/ros2_ws/build/interbotix_xs_driver' returned '0': AMENT_PREFIX_PATH=/home/tony/ros2_ws/install/dynamixel_workbench_toolbox:${AMENT_PREFIX_PATH} CMAKE_PREFIX_PATH=/home/tony/ros2_ws/install/dynamixel_workbench_toolbox:/opt/ros/humble LD_LIBRARY_PATH=/home/tony/ros2_ws/install/dynamixel_workbench_toolbox/lib:${LD_LIBRARY_PATH} /usr/bin/cmake --install /home/tony/ros2_ws/build/interbotix_xs_driver
