[0.357s] Invoking command in '/home/tony/ros2_ws/build/interbotix_tf_tools': CMAKE_PREFIX_PATH=${CMAKE_PREFIX_PATH}:/home/tony/ros2_ws/install/witmotion_ros_driver:/home/tony/ros2_ws/install/interbotix_xs_modules:/home/tony/ros2_ws/install/interbotix_perception_modules:/home/tony/ros2_ws/install/interbotix_common_modules:/opt/ros/humble /usr/bin/cmake /home/tony/ros2_ws/src/interbotix_ros_toolboxes/interbotix_common_toolbox/interbotix_tf_tools -DCMAKE_INSTALL_PREFIX=/home/tony/ros2_ws/install/interbotix_tf_tools
[0.686s] -- Found ament_cmake: 1.3.5 (/opt/ros/humble/share/ament_cmake/cmake)
[0.686s] -- Override CMake install command with custom implementation using symlinks instead of copying resources
[0.686s] -- Found geometry_msgs: 4.2.3 (/opt/ros/humble/share/geometry_msgs/cmake)
[0.687s] -- Found rosidl_generator_c: 3.1.5 (/opt/ros/humble/share/rosidl_generator_c/cmake)
[0.689s] -- Found rosidl_adapter: 3.1.5 (/opt/ros/humble/share/rosidl_adapter/cmake)
[0.704s] -- Found rosidl_generator_cpp: 3.1.5 (/opt/ros/humble/share/rosidl_generator_cpp/cmake)
[0.722s] -- Using all available rosidl_typesupport_c: rosidl_typesupport_fastrtps_c;rosidl_typesupport_introspection_c
[0.753s] -- Using all available rosidl_typesupport_cpp: rosidl_typesupport_fastrtps_cpp;rosidl_typesupport_introspection_cpp
[0.962s] -- Found rclcpp: 16.0.5 (/opt/ros/humble/share/rclcpp/cmake)
[1.031s] -- Found rmw_implementation_cmake: 6.1.1 (/opt/ros/humble/share/rmw_implementation_cmake/cmake)
[1.031s] -- Found rmw_fastrtps_cpp: 6.2.3 (/opt/ros/humble/share/rmw_fastrtps_cpp/cmake)
[1.267s] -- Using RMW implementation 'rmw_fastrtps_cpp' as default
[1.527s] -- Found rclcpp_components: 16.0.5 (/opt/ros/humble/share/rclcpp_components/cmake)
[1.707s] -- Found tf2_msgs: 0.25.3 (/opt/ros/humble/share/tf2_msgs/cmake)
[2.040s] -- Found tf2_ros: 0.25.3 (/opt/ros/humble/share/tf2_ros/cmake)
[2.171s] -- Found ament_lint_auto: 0.12.7 (/opt/ros/humble/share/ament_lint_auto/cmake)
[2.273s] -- Added test 'copyright' to check source files copyright and LICENSE
[2.275s] -- Added test 'cppcheck' to perform static code analysis on C / C++ code
[2.275s] -- Configured cppcheck include dirs: /home/tony/ros2_ws/src/interbotix_ros_toolboxes/interbotix_common_toolbox/interbotix_tf_tools/include
[2.275s] -- Configured cppcheck exclude dirs and/or files: 
[2.276s] -- Added test 'cpplint' to check C / C++ code against the Google style
[2.276s] -- Configured cpplint exclude dirs and/or files: 
[2.277s] -- Added test 'flake8' to check Python code syntax and style conventions
[2.277s] -- Added test 'lint_cmake' to check CMake code style
[2.277s] -- Added test 'pep257' to check Python code against some of the docstring style conventions in PEP 257
[2.279s] -- Added test 'uncrustify' to check C / C++ code style
[2.279s] -- Configured uncrustify additional arguments: 
[2.279s] -- Added test 'xmllint' to check XML markup files
[2.281s] -- Configuring done
[2.307s] -- Generating done
[2.310s] -- Build files have been written to: /home/tony/ros2_ws/build/interbotix_tf_tools
[2.345s] Invoked command in '/home/tony/ros2_ws/build/interbotix_tf_tools' returned '0': CMAKE_PREFIX_PATH=${CMAKE_PREFIX_PATH}:/home/tony/ros2_ws/install/witmotion_ros_driver:/home/tony/ros2_ws/install/interbotix_xs_modules:/home/tony/ros2_ws/install/interbotix_perception_modules:/home/tony/ros2_ws/install/interbotix_common_modules:/opt/ros/humble /usr/bin/cmake /home/tony/ros2_ws/src/interbotix_ros_toolboxes/interbotix_common_toolbox/interbotix_tf_tools -DCMAKE_INSTALL_PREFIX=/home/tony/ros2_ws/install/interbotix_tf_tools
[2.346s] Invoking command in '/home/tony/ros2_ws/build/interbotix_tf_tools': CMAKE_PREFIX_PATH=${CMAKE_PREFIX_PATH}:/home/tony/ros2_ws/install/witmotion_ros_driver:/home/tony/ros2_ws/install/interbotix_xs_modules:/home/tony/ros2_ws/install/interbotix_perception_modules:/home/tony/ros2_ws/install/interbotix_common_modules:/opt/ros/humble /usr/bin/cmake --build /home/tony/ros2_ws/build/interbotix_tf_tools -- -j8 -l8
[2.427s] [35m[1mConsolidate compiler generated dependencies of target tf_rebroadcaster[0m
[2.436s] [ 50%] [32mBuilding CXX object CMakeFiles/tf_rebroadcaster.dir/src/tf_rebroadcaster.cpp.o[0m
[22.573s] [100%] [32m[1mLinking CXX shared library libtf_rebroadcaster.so[0m
[23.220s] [100%] Built target tf_rebroadcaster
[23.247s] Invoked command in '/home/tony/ros2_ws/build/interbotix_tf_tools' returned '0': CMAKE_PREFIX_PATH=${CMAKE_PREFIX_PATH}:/home/tony/ros2_ws/install/witmotion_ros_driver:/home/tony/ros2_ws/install/interbotix_xs_modules:/home/tony/ros2_ws/install/interbotix_perception_modules:/home/tony/ros2_ws/install/interbotix_common_modules:/opt/ros/humble /usr/bin/cmake --build /home/tony/ros2_ws/build/interbotix_tf_tools -- -j8 -l8
[23.292s] Invoking command in '/home/tony/ros2_ws/build/interbotix_tf_tools': CMAKE_PREFIX_PATH=${CMAKE_PREFIX_PATH}:/home/tony/ros2_ws/install/witmotion_ros_driver:/home/tony/ros2_ws/install/interbotix_xs_modules:/home/tony/ros2_ws/install/interbotix_perception_modules:/home/tony/ros2_ws/install/interbotix_common_modules:/opt/ros/humble /usr/bin/cmake --install /home/tony/ros2_ws/build/interbotix_tf_tools
[23.303s] -- Install configuration: ""
[23.307s] -- Execute custom install script
[23.307s] -- Up-to-date symlink: /home/tony/ros2_ws/install/interbotix_tf_tools/lib/libtf_rebroadcaster.so
[23.307s] -- Up-to-date symlink: /home/tony/ros2_ws/install/interbotix_tf_tools/lib/interbotix_tf_tools/static_trans_pub.py
[23.307s] -- Up-to-date symlink: /home/tony/ros2_ws/install/interbotix_tf_tools/share/interbotix_tf_tools//config/tf_rebroadcaster.yaml
[23.312s] -- Up-to-date symlink: /home/tony/ros2_ws/install/interbotix_tf_tools/share/interbotix_tf_tools//launch/static_transform_pub.launch.py
[23.312s] -- Up-to-date symlink: /home/tony/ros2_ws/install/interbotix_tf_tools/share/interbotix_tf_tools//launch/tf_rebroadcaster.launch.py
[23.312s] -- Up-to-date symlink: /home/tony/ros2_ws/install/interbotix_tf_tools/share/ament_index/resource_index/package_run_dependencies/interbotix_tf_tools
[23.314s] -- Up-to-date symlink: /home/tony/ros2_ws/install/interbotix_tf_tools/share/ament_index/resource_index/parent_prefix_path/interbotix_tf_tools
[23.315s] -- Up-to-date symlink: /home/tony/ros2_ws/install/interbotix_tf_tools/share/interbotix_tf_tools/environment/ament_prefix_path.sh
[23.316s] -- Up-to-date symlink: /home/tony/ros2_ws/install/interbotix_tf_tools/share/interbotix_tf_tools/environment/ament_prefix_path.dsv
[23.317s] -- Up-to-date symlink: /home/tony/ros2_ws/install/interbotix_tf_tools/share/interbotix_tf_tools/environment/path.sh
[23.317s] -- Up-to-date symlink: /home/tony/ros2_ws/install/interbotix_tf_tools/share/interbotix_tf_tools/environment/path.dsv
[23.318s] -- Up-to-date symlink: /home/tony/ros2_ws/install/interbotix_tf_tools/share/interbotix_tf_tools/local_setup.bash
[23.319s] -- Up-to-date symlink: /home/tony/ros2_ws/install/interbotix_tf_tools/share/interbotix_tf_tools/local_setup.sh
[23.321s] -- Up-to-date symlink: /home/tony/ros2_ws/install/interbotix_tf_tools/share/interbotix_tf_tools/local_setup.zsh
[23.322s] -- Up-to-date symlink: /home/tony/ros2_ws/install/interbotix_tf_tools/share/interbotix_tf_tools/local_setup.dsv
[23.322s] -- Symlinking: /home/tony/ros2_ws/install/interbotix_tf_tools/share/interbotix_tf_tools/package.dsv
[23.339s] -- Up-to-date symlink: /home/tony/ros2_ws/install/interbotix_tf_tools/share/ament_index/resource_index/packages/interbotix_tf_tools
[23.342s] -- Up-to-date symlink: /home/tony/ros2_ws/install/interbotix_tf_tools/share/ament_index/resource_index/rclcpp_components/interbotix_tf_tools
[23.342s] -- Up-to-date symlink: /home/tony/ros2_ws/install/interbotix_tf_tools/share/interbotix_tf_tools/cmake/interbotix_tf_toolsConfig.cmake
[23.346s] -- Up-to-date symlink: /home/tony/ros2_ws/install/interbotix_tf_tools/share/interbotix_tf_tools/cmake/interbotix_tf_toolsConfig-version.cmake
[23.357s] -- Up-to-date symlink: /home/tony/ros2_ws/install/interbotix_tf_tools/share/interbotix_tf_tools/package.xml
[23.357s] Invoked command in '/home/tony/ros2_ws/build/interbotix_tf_tools' returned '0': CMAKE_PREFIX_PATH=${CMAKE_PREFIX_PATH}:/home/tony/ros2_ws/install/witmotion_ros_driver:/home/tony/ros2_ws/install/interbotix_xs_modules:/home/tony/ros2_ws/install/interbotix_perception_modules:/home/tony/ros2_ws/install/interbotix_common_modules:/opt/ros/humble /usr/bin/cmake --install /home/tony/ros2_ws/build/interbotix_tf_tools
