[100%] Built target tf_rebroadcaster
-- Install configuration: ""
-- Execute custom install script
-- Up-to-date symlink: /home/tony/ros2_ws/install/interbotix_tf_tools/lib/libtf_rebroadcaster.so
-- Up-to-date symlink: /home/tony/ros2_ws/install/interbotix_tf_tools/lib/interbotix_tf_tools/static_trans_pub.py
-- Up-to-date symlink: /home/tony/ros2_ws/install/interbotix_tf_tools/share/interbotix_tf_tools//config/tf_rebroadcaster.yaml
-- Up-to-date symlink: /home/tony/ros2_ws/install/interbotix_tf_tools/share/interbotix_tf_tools//launch/static_transform_pub.launch.py
-- Up-to-date symlink: /home/tony/ros2_ws/install/interbotix_tf_tools/share/interbotix_tf_tools//launch/tf_rebroadcaster.launch.py
-- Up-to-date symlink: /home/tony/ros2_ws/install/interbotix_tf_tools/share/ament_index/resource_index/package_run_dependencies/interbotix_tf_tools
-- Up-to-date symlink: /home/tony/ros2_ws/install/interbotix_tf_tools/share/ament_index/resource_index/parent_prefix_path/interbotix_tf_tools
-- Up-to-date symlink: /home/tony/ros2_ws/install/interbotix_tf_tools/share/interbotix_tf_tools/environment/ament_prefix_path.sh
-- Up-to-date symlink: /home/tony/ros2_ws/install/interbotix_tf_tools/share/interbotix_tf_tools/environment/ament_prefix_path.dsv
-- Up-to-date symlink: /home/tony/ros2_ws/install/interbotix_tf_tools/share/interbotix_tf_tools/environment/path.sh
-- Up-to-date symlink: /home/tony/ros2_ws/install/interbotix_tf_tools/share/interbotix_tf_tools/environment/path.dsv
-- Up-to-date symlink: /home/tony/ros2_ws/install/interbotix_tf_tools/share/interbotix_tf_tools/local_setup.bash
-- Up-to-date symlink: /home/tony/ros2_ws/install/interbotix_tf_tools/share/interbotix_tf_tools/local_setup.sh
-- Up-to-date symlink: /home/tony/ros2_ws/install/interbotix_tf_tools/share/interbotix_tf_tools/local_setup.zsh
-- Up-to-date symlink: /home/tony/ros2_ws/install/interbotix_tf_tools/share/interbotix_tf_tools/local_setup.dsv
-- Symlinking: /home/tony/ros2_ws/install/interbotix_tf_tools/share/interbotix_tf_tools/package.dsv
-- Up-to-date symlink: /home/tony/ros2_ws/install/interbotix_tf_tools/share/ament_index/resource_index/packages/interbotix_tf_tools
-- Up-to-date symlink: /home/tony/ros2_ws/install/interbotix_tf_tools/share/ament_index/resource_index/rclcpp_components/interbotix_tf_tools
-- Up-to-date symlink: /home/tony/ros2_ws/install/interbotix_tf_tools/share/interbotix_tf_tools/cmake/interbotix_tf_toolsConfig.cmake
-- Up-to-date symlink: /home/tony/ros2_ws/install/interbotix_tf_tools/share/interbotix_tf_tools/cmake/interbotix_tf_toolsConfig-version.cmake
-- Up-to-date symlink: /home/tony/ros2_ws/install/interbotix_tf_tools/share/interbotix_tf_tools/package.xml
