[0.364s] Invoking command in '/home/tony/ros2_ws/build/interbotix_tf_tools': CMAKE_PREFIX_PATH=${CMAKE_PREFIX_PATH}:/home/tony/ros2_ws/install/ros2_aruco:/home/tony/ros2_ws/install/witmotion_ros_driver:/home/tony/ros2_ws/install/interbotix_xs_modules:/home/tony/ros2_ws/install/interbotix_perception_modules:/home/tony/ros2_ws/install/interbotix_common_modules:/opt/ros/humble /usr/bin/cmake --build /home/tony/ros2_ws/build/interbotix_tf_tools -- -j8 -l8
[0.534s] [100%] Built target tf_rebroadcaster
[0.604s] Invoked command in '/home/tony/ros2_ws/build/interbotix_tf_tools' returned '0': CMAKE_PREFIX_PATH=${CMAKE_PREFIX_PATH}:/home/tony/ros2_ws/install/ros2_aruco:/home/tony/ros2_ws/install/witmotion_ros_driver:/home/tony/ros2_ws/install/interbotix_xs_modules:/home/tony/ros2_ws/install/interbotix_perception_modules:/home/tony/ros2_ws/install/interbotix_common_modules:/opt/ros/humble /usr/bin/cmake --build /home/tony/ros2_ws/build/interbotix_tf_tools -- -j8 -l8
[0.697s] Invoking command in '/home/tony/ros2_ws/build/interbotix_tf_tools': CMAKE_PREFIX_PATH=${CMAKE_PREFIX_PATH}:/home/tony/ros2_ws/install/ros2_aruco:/home/tony/ros2_ws/install/witmotion_ros_driver:/home/tony/ros2_ws/install/interbotix_xs_modules:/home/tony/ros2_ws/install/interbotix_perception_modules:/home/tony/ros2_ws/install/interbotix_common_modules:/opt/ros/humble /usr/bin/cmake --install /home/tony/ros2_ws/build/interbotix_tf_tools
[0.708s] -- Install configuration: ""
[0.709s] -- Execute custom install script
[0.711s] -- Up-to-date symlink: /home/tony/ros2_ws/install/interbotix_tf_tools/lib/libtf_rebroadcaster.so
[0.711s] -- Up-to-date symlink: /home/tony/ros2_ws/install/interbotix_tf_tools/lib/interbotix_tf_tools/static_trans_pub.py
[0.712s] -- Up-to-date symlink: /home/tony/ros2_ws/install/interbotix_tf_tools/share/interbotix_tf_tools//config/tf_rebroadcaster.yaml
[0.713s] -- Up-to-date symlink: /home/tony/ros2_ws/install/interbotix_tf_tools/share/interbotix_tf_tools//launch/static_transform_pub.launch.py
[0.714s] -- Up-to-date symlink: /home/tony/ros2_ws/install/interbotix_tf_tools/share/interbotix_tf_tools//launch/tf_rebroadcaster.launch.py
[0.715s] -- Up-to-date symlink: /home/tony/ros2_ws/install/interbotix_tf_tools/share/ament_index/resource_index/package_run_dependencies/interbotix_tf_tools
[0.715s] -- Up-to-date symlink: /home/tony/ros2_ws/install/interbotix_tf_tools/share/ament_index/resource_index/parent_prefix_path/interbotix_tf_tools
[0.718s] -- Up-to-date symlink: /home/tony/ros2_ws/install/interbotix_tf_tools/share/interbotix_tf_tools/environment/ament_prefix_path.sh
[0.718s] -- Up-to-date symlink: /home/tony/ros2_ws/install/interbotix_tf_tools/share/interbotix_tf_tools/environment/ament_prefix_path.dsv
[0.718s] -- Up-to-date symlink: /home/tony/ros2_ws/install/interbotix_tf_tools/share/interbotix_tf_tools/environment/path.sh
[0.718s] -- Up-to-date symlink: /home/tony/ros2_ws/install/interbotix_tf_tools/share/interbotix_tf_tools/environment/path.dsv
[0.718s] -- Up-to-date symlink: /home/tony/ros2_ws/install/interbotix_tf_tools/share/interbotix_tf_tools/local_setup.bash
[0.718s] -- Up-to-date symlink: /home/tony/ros2_ws/install/interbotix_tf_tools/share/interbotix_tf_tools/local_setup.sh
[0.720s] -- Up-to-date symlink: /home/tony/ros2_ws/install/interbotix_tf_tools/share/interbotix_tf_tools/local_setup.zsh
[0.721s] -- Up-to-date symlink: /home/tony/ros2_ws/install/interbotix_tf_tools/share/interbotix_tf_tools/local_setup.dsv
[0.722s] -- Symlinking: /home/tony/ros2_ws/install/interbotix_tf_tools/share/interbotix_tf_tools/package.dsv
[0.736s] -- Up-to-date symlink: /home/tony/ros2_ws/install/interbotix_tf_tools/share/ament_index/resource_index/packages/interbotix_tf_tools
[0.738s] -- Up-to-date symlink: /home/tony/ros2_ws/install/interbotix_tf_tools/share/ament_index/resource_index/rclcpp_components/interbotix_tf_tools
[0.738s] -- Up-to-date symlink: /home/tony/ros2_ws/install/interbotix_tf_tools/share/interbotix_tf_tools/cmake/interbotix_tf_toolsConfig.cmake
[0.738s] -- Up-to-date symlink: /home/tony/ros2_ws/install/interbotix_tf_tools/share/interbotix_tf_tools/cmake/interbotix_tf_toolsConfig-version.cmake
[0.738s] -- Up-to-date symlink: /home/tony/ros2_ws/install/interbotix_tf_tools/share/interbotix_tf_tools/package.xml
[0.745s] Invoked command in '/home/tony/ros2_ws/build/interbotix_tf_tools' returned '0': CMAKE_PREFIX_PATH=${CMAKE_PREFIX_PATH}:/home/tony/ros2_ws/install/ros2_aruco:/home/tony/ros2_ws/install/witmotion_ros_driver:/home/tony/ros2_ws/install/interbotix_xs_modules:/home/tony/ros2_ws/install/interbotix_perception_modules:/home/tony/ros2_ws/install/interbotix_common_modules:/opt/ros/humble /usr/bin/cmake --install /home/tony/ros2_ws/build/interbotix_tf_tools
