[0.300s] Invoking command in '/home/tony/ros2_ws/build/pan_tilt_msgs': CMAKE_PREFIX_PATH=${CMAKE_PREFIX_PATH}:/home/tony/ros2_ws/install/witmotion_ros_driver:/home/tony/ros2_ws/install/interbotix_xs_modules:/home/tony/ros2_ws/install/interbotix_perception_modules:/home/tony/ros2_ws/install/interbotix_common_modules:/opt/ros/humble /usr/bin/cmake /home/tony/ros2_ws/src/pan_tilt_ros/pan_tilt_msgs -DCMAKE_INSTALL_PREFIX=/home/tony/ros2_ws/install/pan_tilt_msgs
[0.358s] -- Found ament_cmake: 1.3.5 (/opt/ros/humble/share/ament_cmake/cmake)
[0.559s] -- Override CMake install command with custom implementation using symlinks instead of copying resources
[0.569s] -- Found std_msgs: 4.2.3 (/opt/ros/humble/share/std_msgs/cmake)
[0.606s] -- Found rosidl_generator_c: 3.1.5 (/opt/ros/humble/share/rosidl_generator_c/cmake)
[0.609s] -- Found rosidl_adapter: 3.1.5 (/opt/ros/humble/share/rosidl_adapter/cmake)
[0.619s] -- Found rosidl_generator_cpp: 3.1.5 (/opt/ros/humble/share/rosidl_generator_cpp/cmake)
[0.639s] -- Using all available rosidl_typesupport_c: rosidl_typesupport_fastrtps_c;rosidl_typesupport_introspection_c
[0.680s] -- Using all available rosidl_typesupport_cpp: rosidl_typesupport_fastrtps_cpp;rosidl_typesupport_introspection_cpp
[0.834s] -- Found rosidl_default_generators: 1.2.0 (/opt/ros/humble/share/rosidl_default_generators/cmake)
[1.498s] -- Found ament_cmake_ros: 0.10.0 (/opt/ros/humble/share/ament_cmake_ros/cmake)
[2.178s] -- Using all available rosidl_typesupport_c: rosidl_typesupport_fastrtps_c;rosidl_typesupport_introspection_c
[2.426s] -- Using all available rosidl_typesupport_cpp: rosidl_typesupport_fastrtps_cpp;rosidl_typesupport_introspection_cpp
[2.458s] -- Found python_cmake_module: 0.10.0 (/opt/ros/humble/share/python_cmake_module/cmake)
[2.508s] -- Using PYTHON_EXECUTABLE: /usr/bin/python3
[2.508s] -- Using PYTHON_INCLUDE_DIRS: /usr/include/python3.10
[2.508s] -- Using PYTHON_LIBRARIES: /usr/lib/x86_64-linux-gnu/libpython3.10.so
[2.583s] -- Found ament_lint_auto: 0.12.7 (/opt/ros/humble/share/ament_lint_auto/cmake)
[2.625s] -- Added test 'copyright' to check source files copyright and LICENSE
[2.627s] -- Added test 'lint_cmake' to check CMake code style
[2.628s] -- Added test 'xmllint' to check XML markup files
[2.636s] -- Configuring done
[2.744s] -- Generating done
[2.746s] -- Build files have been written to: /home/tony/ros2_ws/build/pan_tilt_msgs
[2.759s] Invoked command in '/home/tony/ros2_ws/build/pan_tilt_msgs' returned '0': CMAKE_PREFIX_PATH=${CMAKE_PREFIX_PATH}:/home/tony/ros2_ws/install/witmotion_ros_driver:/home/tony/ros2_ws/install/interbotix_xs_modules:/home/tony/ros2_ws/install/interbotix_perception_modules:/home/tony/ros2_ws/install/interbotix_common_modules:/opt/ros/humble /usr/bin/cmake /home/tony/ros2_ws/src/pan_tilt_ros/pan_tilt_msgs -DCMAKE_INSTALL_PREFIX=/home/tony/ros2_ws/install/pan_tilt_msgs
[2.760s] Invoking command in '/home/tony/ros2_ws/build/pan_tilt_msgs': CMAKE_PREFIX_PATH=${CMAKE_PREFIX_PATH}:/home/tony/ros2_ws/install/witmotion_ros_driver:/home/tony/ros2_ws/install/interbotix_xs_modules:/home/tony/ros2_ws/install/interbotix_perception_modules:/home/tony/ros2_ws/install/interbotix_common_modules:/opt/ros/humble /usr/bin/cmake --build /home/tony/ros2_ws/build/pan_tilt_msgs -- -j8 -l8
[2.823s] [35m[1mConsolidate compiler generated dependencies of target pan_tilt_msgs__rosidl_generator_c[0m
[2.849s] [  1%] [32mBuilding C object CMakeFiles/pan_tilt_msgs__rosidl_generator_c.dir/rosidl_generator_c/pan_tilt_msgs/msg/detail/pan_tilt_cmd_deg__functions.c.o[0m
[2.866s] [  3%] [32mBuilding C object CMakeFiles/pan_tilt_msgs__rosidl_generator_c.dir/rosidl_generator_c/pan_tilt_msgs/msg/detail/pan_tilt_status__functions.c.o[0m
[2.876s] [  5%] Built target pan_tilt_msgs__cpp
[2.880s] [  7%] [32mBuilding C object CMakeFiles/pan_tilt_msgs__rosidl_generator_c.dir/rosidl_generator_c/pan_tilt_msgs/msg/detail/pan_tilt_cmd_rad__functions.c.o[0m
[2.888s] [  9%] [32mBuilding C object CMakeFiles/pan_tilt_msgs__rosidl_generator_c.dir/rosidl_generator_c/pan_tilt_msgs/msg/detail/pan_joint_state__functions.c.o[0m
[2.891s] [  9%] Built target ament_cmake_python_symlink_pan_tilt_msgs
[2.918s] [35m[1mConsolidate compiler generated dependencies of target pan_tilt_msgs__rosidl_typesupport_fastrtps_cpp[0m
[2.927s] [35m[1mConsolidate compiler generated dependencies of target pan_tilt_msgs__rosidl_typesupport_cpp[0m
[2.970s] [35m[1mConsolidate compiler generated dependencies of target pan_tilt_msgs__rosidl_typesupport_introspection_cpp[0m
[3.017s] [ 10%] [32mBuilding CXX object CMakeFiles/pan_tilt_msgs__rosidl_typesupport_fastrtps_cpp.dir/rosidl_typesupport_fastrtps_cpp/pan_tilt_msgs/msg/detail/dds_fastrtps/pan_tilt_cmd_deg__type_support.cpp.o[0m
[3.044s] [ 12%] [32mBuilding CXX object CMakeFiles/pan_tilt_msgs__rosidl_typesupport_fastrtps_cpp.dir/rosidl_typesupport_fastrtps_cpp/pan_tilt_msgs/msg/detail/dds_fastrtps/pan_tilt_cmd_rad__type_support.cpp.o[0m
[3.050s] [ 14%] [32mBuilding CXX object CMakeFiles/pan_tilt_msgs__rosidl_typesupport_introspection_cpp.dir/rosidl_typesupport_introspection_cpp/pan_tilt_msgs/msg/detail/pan_tilt_cmd_deg__type_support.cpp.o[0m
[3.056s] [ 16%] [32mBuilding CXX object CMakeFiles/pan_tilt_msgs__rosidl_typesupport_cpp.dir/rosidl_typesupport_cpp/pan_tilt_msgs/msg/pan_tilt_cmd_deg__type_support.cpp.o[0m
[3.058s] [ 18%] [32mBuilding CXX object CMakeFiles/pan_tilt_msgs__rosidl_typesupport_fastrtps_cpp.dir/rosidl_typesupport_fastrtps_cpp/pan_tilt_msgs/msg/detail/dds_fastrtps/pan_tilt_status__type_support.cpp.o[0m
[3.112s] [ 20%] [32mBuilding CXX object CMakeFiles/pan_tilt_msgs__rosidl_typesupport_introspection_cpp.dir/rosidl_typesupport_introspection_cpp/pan_tilt_msgs/msg/detail/pan_tilt_cmd_rad__type_support.cpp.o[0m
[3.196s] [ 21%] [32m[1mLinking C shared library libpan_tilt_msgs__rosidl_generator_c.so[0m
[3.452s] running egg_info
[3.453s] writing pan_tilt_msgs.egg-info/PKG-INFO
[3.453s] writing dependency_links to pan_tilt_msgs.egg-info/dependency_links.txt
[3.453s] writing top-level names to pan_tilt_msgs.egg-info/top_level.txt
[3.456s] reading manifest file 'pan_tilt_msgs.egg-info/SOURCES.txt'
[3.458s] writing manifest file 'pan_tilt_msgs.egg-info/SOURCES.txt'
[3.556s] [ 23%] Built target pan_tilt_msgs__rosidl_generator_c
[3.653s] [ 23%] Built target ament_cmake_python_build_pan_tilt_msgs_egg
[3.684s] [35m[1mConsolidate compiler generated dependencies of target pan_tilt_msgs__rosidl_typesupport_fastrtps_c[0m
[3.812s] [35m[1mConsolidate compiler generated dependencies of target pan_tilt_msgs__rosidl_typesupport_introspection_c[0m
[3.821s] [ 25%] [32mBuilding CXX object CMakeFiles/pan_tilt_msgs__rosidl_typesupport_fastrtps_c.dir/rosidl_typesupport_fastrtps_c/pan_tilt_msgs/msg/detail/pan_tilt_cmd_deg__type_support_c.cpp.o[0m
[3.884s] [ 27%] [32mBuilding C object CMakeFiles/pan_tilt_msgs__rosidl_typesupport_introspection_c.dir/rosidl_typesupport_introspection_c/pan_tilt_msgs/msg/detail/pan_tilt_cmd_deg__type_support.c.o[0m
[4.028s] [ 29%] [32mBuilding C object CMakeFiles/pan_tilt_msgs__rosidl_typesupport_introspection_c.dir/rosidl_typesupport_introspection_c/pan_tilt_msgs/msg/detail/pan_tilt_cmd_rad__type_support.c.o[0m
[4.055s] [ 30%] [32mBuilding CXX object CMakeFiles/pan_tilt_msgs__rosidl_typesupport_introspection_cpp.dir/rosidl_typesupport_introspection_cpp/pan_tilt_msgs/msg/detail/pan_tilt_status__type_support.cpp.o[0m
[4.156s] [ 32%] [32mBuilding CXX object CMakeFiles/pan_tilt_msgs__rosidl_typesupport_cpp.dir/rosidl_typesupport_cpp/pan_tilt_msgs/msg/pan_tilt_cmd_rad__type_support.cpp.o[0m
[4.462s] [ 34%] [32mBuilding C object CMakeFiles/pan_tilt_msgs__rosidl_typesupport_introspection_c.dir/rosidl_typesupport_introspection_c/pan_tilt_msgs/msg/detail/pan_tilt_status__type_support.c.o[0m
[4.714s] [ 36%] [32mBuilding C object CMakeFiles/pan_tilt_msgs__rosidl_typesupport_introspection_c.dir/rosidl_typesupport_introspection_c/pan_tilt_msgs/msg/detail/pan_joint_state__type_support.c.o[0m
[5.127s] [ 38%] [32m[1mLinking C shared library libpan_tilt_msgs__rosidl_typesupport_introspection_c.so[0m
[5.146s] [ 40%] [32mBuilding CXX object CMakeFiles/pan_tilt_msgs__rosidl_typesupport_fastrtps_cpp.dir/rosidl_typesupport_fastrtps_cpp/pan_tilt_msgs/msg/detail/dds_fastrtps/pan_joint_state__type_support.cpp.o[0m
[5.235s] [ 41%] [32mBuilding CXX object CMakeFiles/pan_tilt_msgs__rosidl_typesupport_introspection_cpp.dir/rosidl_typesupport_introspection_cpp/pan_tilt_msgs/msg/detail/pan_joint_state__type_support.cpp.o[0m
[5.250s] [ 43%] Built target pan_tilt_msgs__rosidl_typesupport_introspection_c
[5.268s] [35m[1mConsolidate compiler generated dependencies of target pan_tilt_msgs__rosidl_typesupport_c[0m
[5.447s] [ 45%] [32mBuilding CXX object CMakeFiles/pan_tilt_msgs__rosidl_typesupport_c.dir/rosidl_typesupport_c/pan_tilt_msgs/msg/pan_tilt_cmd_deg__type_support.cpp.o[0m
[5.556s] [ 47%] [32mBuilding CXX object CMakeFiles/pan_tilt_msgs__rosidl_typesupport_fastrtps_c.dir/rosidl_typesupport_fastrtps_c/pan_tilt_msgs/msg/detail/pan_tilt_cmd_rad__type_support_c.cpp.o[0m
[5.666s] [ 49%] [32mBuilding CXX object CMakeFiles/pan_tilt_msgs__rosidl_typesupport_c.dir/rosidl_typesupport_c/pan_tilt_msgs/msg/pan_tilt_cmd_rad__type_support.cpp.o[0m
[5.680s] [ 50%] [32mBuilding CXX object CMakeFiles/pan_tilt_msgs__rosidl_typesupport_fastrtps_c.dir/rosidl_typesupport_fastrtps_c/pan_tilt_msgs/msg/detail/pan_tilt_status__type_support_c.cpp.o[0m
[5.726s] [ 52%] [32mBuilding CXX object CMakeFiles/pan_tilt_msgs__rosidl_typesupport_fastrtps_c.dir/rosidl_typesupport_fastrtps_c/pan_tilt_msgs/msg/detail/pan_joint_state__type_support_c.cpp.o[0m
[5.942s] [ 54%] [32mBuilding CXX object CMakeFiles/pan_tilt_msgs__rosidl_typesupport_cpp.dir/rosidl_typesupport_cpp/pan_tilt_msgs/msg/pan_tilt_status__type_support.cpp.o[0m
[6.109s] [ 56%] [32mBuilding CXX object CMakeFiles/pan_tilt_msgs__rosidl_typesupport_c.dir/rosidl_typesupport_c/pan_tilt_msgs/msg/pan_tilt_status__type_support.cpp.o[0m
[6.242s] [ 58%] [32mBuilding CXX object CMakeFiles/pan_tilt_msgs__rosidl_typesupport_c.dir/rosidl_typesupport_c/pan_tilt_msgs/msg/pan_joint_state__type_support.cpp.o[0m
[6.388s] [ 60%] [32mBuilding CXX object CMakeFiles/pan_tilt_msgs__rosidl_typesupport_cpp.dir/rosidl_typesupport_cpp/pan_tilt_msgs/msg/pan_joint_state__type_support.cpp.o[0m
[6.471s] [ 61%] [32m[1mLinking CXX shared library libpan_tilt_msgs__rosidl_typesupport_fastrtps_cpp.so[0m
[6.503s] [ 63%] [32m[1mLinking CXX shared library libpan_tilt_msgs__rosidl_typesupport_c.so[0m
[6.780s] [ 65%] Built target pan_tilt_msgs__rosidl_typesupport_fastrtps_cpp
[6.906s] [ 67%] Built target pan_tilt_msgs__rosidl_typesupport_c
[8.597s] [ 69%] [32m[1mLinking CXX shared library libpan_tilt_msgs__rosidl_typesupport_cpp.so[0m
[8.606s] [ 70%] [32m[1mLinking CXX shared library libpan_tilt_msgs__rosidl_typesupport_fastrtps_c.so[0m
[8.857s] [ 72%] Built target pan_tilt_msgs__rosidl_typesupport_cpp
[9.437s] [ 74%] Built target pan_tilt_msgs__rosidl_typesupport_fastrtps_c
[9.981s] [ 76%] [32m[1mLinking CXX shared library libpan_tilt_msgs__rosidl_typesupport_introspection_cpp.so[0m
[11.125s] [ 78%] Built target pan_tilt_msgs__rosidl_typesupport_introspection_cpp
[11.465s] [ 78%] Built target pan_tilt_msgs
[11.754s] [ 80%] Built target pan_tilt_msgs__py
[11.808s] [35m[1mConsolidate compiler generated dependencies of target pan_tilt_msgs__rosidl_generator_py[0m
[12.036s] [ 81%] [32mBuilding C object CMakeFiles/pan_tilt_msgs__rosidl_generator_py.dir/rosidl_generator_py/pan_tilt_msgs/msg/_pan_tilt_cmd_rad_s.c.o[0m
[12.078s] [ 83%] [32mBuilding C object CMakeFiles/pan_tilt_msgs__rosidl_generator_py.dir/rosidl_generator_py/pan_tilt_msgs/msg/_pan_tilt_status_s.c.o[0m
[12.106s] [ 85%] [32mBuilding C object CMakeFiles/pan_tilt_msgs__rosidl_generator_py.dir/rosidl_generator_py/pan_tilt_msgs/msg/_pan_tilt_cmd_deg_s.c.o[0m
[12.178s] [ 87%] [32mBuilding C object CMakeFiles/pan_tilt_msgs__rosidl_generator_py.dir/rosidl_generator_py/pan_tilt_msgs/msg/_pan_joint_state_s.c.o[0m
[13.354s] [ 89%] [32m[1mLinking C shared library rosidl_generator_py/pan_tilt_msgs/libpan_tilt_msgs__rosidl_generator_py.so[0m
[13.554s] [ 89%] Built target pan_tilt_msgs__rosidl_generator_py
[13.593s] [35m[1mConsolidate compiler generated dependencies of target pan_tilt_msgs__rosidl_typesupport_fastrtps_c__pyext[0m
[13.606s] [35m[1mConsolidate compiler generated dependencies of target pan_tilt_msgs__rosidl_typesupport_introspection_c__pyext[0m
[13.643s] [ 90%] [32mBuilding C object CMakeFiles/pan_tilt_msgs__rosidl_typesupport_fastrtps_c__pyext.dir/rosidl_generator_py/pan_tilt_msgs/_pan_tilt_msgs_s.ep.rosidl_typesupport_fastrtps_c.c.o[0m
[13.700s] [35m[1mConsolidate compiler generated dependencies of target pan_tilt_msgs__rosidl_typesupport_c__pyext[0m
[13.708s] [ 92%] [32mBuilding C object CMakeFiles/pan_tilt_msgs__rosidl_typesupport_introspection_c__pyext.dir/rosidl_generator_py/pan_tilt_msgs/_pan_tilt_msgs_s.ep.rosidl_typesupport_introspection_c.c.o[0m
[13.764s] [ 94%] [32mBuilding C object CMakeFiles/pan_tilt_msgs__rosidl_typesupport_c__pyext.dir/rosidl_generator_py/pan_tilt_msgs/_pan_tilt_msgs_s.ep.rosidl_typesupport_c.c.o[0m
[14.061s] [ 96%] [32m[1mLinking C shared library rosidl_generator_py/pan_tilt_msgs/pan_tilt_msgs_s__rosidl_typesupport_introspection_c.cpython-310-x86_64-linux-gnu.so[0m
[14.324s] [ 98%] [32m[1mLinking C shared library rosidl_generator_py/pan_tilt_msgs/pan_tilt_msgs_s__rosidl_typesupport_c.cpython-310-x86_64-linux-gnu.so[0m
[14.433s] [ 98%] Built target pan_tilt_msgs__rosidl_typesupport_introspection_c__pyext
[14.434s] [100%] [32m[1mLinking C shared library rosidl_generator_py/pan_tilt_msgs/pan_tilt_msgs_s__rosidl_typesupport_fastrtps_c.cpython-310-x86_64-linux-gnu.so[0m
[14.543s] [100%] Built target pan_tilt_msgs__rosidl_typesupport_c__pyext
[14.664s] [100%] Built target pan_tilt_msgs__rosidl_typesupport_fastrtps_c__pyext
[15.247s] Invoked command in '/home/tony/ros2_ws/build/pan_tilt_msgs' returned '0': CMAKE_PREFIX_PATH=${CMAKE_PREFIX_PATH}:/home/tony/ros2_ws/install/witmotion_ros_driver:/home/tony/ros2_ws/install/interbotix_xs_modules:/home/tony/ros2_ws/install/interbotix_perception_modules:/home/tony/ros2_ws/install/interbotix_common_modules:/opt/ros/humble /usr/bin/cmake --build /home/tony/ros2_ws/build/pan_tilt_msgs -- -j8 -l8
[16.590s] Invoking command in '/home/tony/ros2_ws/build/pan_tilt_msgs': CMAKE_PREFIX_PATH=${CMAKE_PREFIX_PATH}:/home/tony/ros2_ws/install/witmotion_ros_driver:/home/tony/ros2_ws/install/interbotix_xs_modules:/home/tony/ros2_ws/install/interbotix_perception_modules:/home/tony/ros2_ws/install/interbotix_common_modules:/opt/ros/humble /usr/bin/cmake --install /home/tony/ros2_ws/build/pan_tilt_msgs
[16.602s] -- Install configuration: ""
[16.602s] -- Execute custom install script
[16.604s] -- Up-to-date symlink: /home/tony/ros2_ws/install/pan_tilt_msgs/share/ament_index/resource_index/rosidl_interfaces/pan_tilt_msgs
[16.610s] -- Up-to-date symlink: /home/tony/ros2_ws/install/pan_tilt_msgs/include/pan_tilt_msgs/pan_tilt_msgs/msg/detail/pan_joint_state__functions.h
[16.610s] -- Up-to-date symlink: /home/tony/ros2_ws/install/pan_tilt_msgs/include/pan_tilt_msgs/pan_tilt_msgs/msg/detail/pan_joint_state__struct.h
[16.610s] -- Up-to-date symlink: /home/tony/ros2_ws/install/pan_tilt_msgs/include/pan_tilt_msgs/pan_tilt_msgs/msg/detail/pan_joint_state__type_support.h
[16.611s] -- Up-to-date symlink: /home/tony/ros2_ws/install/pan_tilt_msgs/include/pan_tilt_msgs/pan_tilt_msgs/msg/detail/pan_tilt_cmd_deg__functions.h
[16.611s] -- Up-to-date symlink: /home/tony/ros2_ws/install/pan_tilt_msgs/include/pan_tilt_msgs/pan_tilt_msgs/msg/detail/pan_tilt_cmd_deg__struct.h
[16.611s] -- Up-to-date symlink: /home/tony/ros2_ws/install/pan_tilt_msgs/include/pan_tilt_msgs/pan_tilt_msgs/msg/detail/pan_tilt_cmd_deg__type_support.h
[16.612s] -- Up-to-date symlink: /home/tony/ros2_ws/install/pan_tilt_msgs/include/pan_tilt_msgs/pan_tilt_msgs/msg/detail/pan_tilt_cmd_rad__functions.h
[16.612s] -- Up-to-date symlink: /home/tony/ros2_ws/install/pan_tilt_msgs/include/pan_tilt_msgs/pan_tilt_msgs/msg/detail/pan_tilt_cmd_rad__struct.h
[16.612s] -- Up-to-date symlink: /home/tony/ros2_ws/install/pan_tilt_msgs/include/pan_tilt_msgs/pan_tilt_msgs/msg/detail/pan_tilt_cmd_rad__type_support.h
[16.614s] -- Up-to-date symlink: /home/tony/ros2_ws/install/pan_tilt_msgs/include/pan_tilt_msgs/pan_tilt_msgs/msg/detail/pan_tilt_status__functions.h
[16.614s] -- Up-to-date symlink: /home/tony/ros2_ws/install/pan_tilt_msgs/include/pan_tilt_msgs/pan_tilt_msgs/msg/detail/pan_tilt_status__struct.h
[16.614s] -- Up-to-date symlink: /home/tony/ros2_ws/install/pan_tilt_msgs/include/pan_tilt_msgs/pan_tilt_msgs/msg/detail/pan_tilt_status__type_support.h
[16.614s] -- Up-to-date symlink: /home/tony/ros2_ws/install/pan_tilt_msgs/include/pan_tilt_msgs/pan_tilt_msgs/msg/pan_joint_state.h
[16.615s] -- Up-to-date symlink: /home/tony/ros2_ws/install/pan_tilt_msgs/include/pan_tilt_msgs/pan_tilt_msgs/msg/pan_tilt_cmd_deg.h
[16.616s] -- Up-to-date symlink: /home/tony/ros2_ws/install/pan_tilt_msgs/include/pan_tilt_msgs/pan_tilt_msgs/msg/pan_tilt_cmd_rad.h
[16.621s] -- Up-to-date symlink: /home/tony/ros2_ws/install/pan_tilt_msgs/include/pan_tilt_msgs/pan_tilt_msgs/msg/pan_tilt_status.h
[16.622s] -- Up-to-date symlink: /home/tony/ros2_ws/install/pan_tilt_msgs/include/pan_tilt_msgs/pan_tilt_msgs/msg/rosidl_generator_c__visibility_control.h
[16.622s] -- Up-to-date symlink: /home/tony/ros2_ws/install/pan_tilt_msgs/share/pan_tilt_msgs/environment/library_path.sh
[16.622s] -- Up-to-date symlink: /home/tony/ros2_ws/install/pan_tilt_msgs/share/pan_tilt_msgs/environment/library_path.dsv
[16.622s] -- Up-to-date symlink: /home/tony/ros2_ws/install/pan_tilt_msgs/include/pan_tilt_msgs/pan_tilt_msgs/msg/detail/pan_joint_state__rosidl_typesupport_fastrtps_c.h
[16.622s] -- Up-to-date symlink: /home/tony/ros2_ws/install/pan_tilt_msgs/include/pan_tilt_msgs/pan_tilt_msgs/msg/detail/pan_tilt_cmd_deg__rosidl_typesupport_fastrtps_c.h
[16.622s] -- Up-to-date symlink: /home/tony/ros2_ws/install/pan_tilt_msgs/include/pan_tilt_msgs/pan_tilt_msgs/msg/detail/pan_tilt_cmd_rad__rosidl_typesupport_fastrtps_c.h
[16.622s] -- Up-to-date symlink: /home/tony/ros2_ws/install/pan_tilt_msgs/include/pan_tilt_msgs/pan_tilt_msgs/msg/detail/pan_tilt_status__rosidl_typesupport_fastrtps_c.h
[16.622s] -- Up-to-date symlink: /home/tony/ros2_ws/install/pan_tilt_msgs/include/pan_tilt_msgs/pan_tilt_msgs/msg/rosidl_typesupport_fastrtps_c__visibility_control.h
[16.622s] -- Up-to-date symlink: /home/tony/ros2_ws/install/pan_tilt_msgs/include/pan_tilt_msgs/pan_tilt_msgs/msg/detail/pan_joint_state__builder.hpp
[16.622s] -- Up-to-date symlink: /home/tony/ros2_ws/install/pan_tilt_msgs/include/pan_tilt_msgs/pan_tilt_msgs/msg/detail/pan_joint_state__struct.hpp
[16.622s] -- Up-to-date symlink: /home/tony/ros2_ws/install/pan_tilt_msgs/include/pan_tilt_msgs/pan_tilt_msgs/msg/detail/pan_joint_state__traits.hpp
[16.622s] -- Up-to-date symlink: /home/tony/ros2_ws/install/pan_tilt_msgs/include/pan_tilt_msgs/pan_tilt_msgs/msg/detail/pan_tilt_cmd_deg__builder.hpp
[16.623s] -- Up-to-date symlink: /home/tony/ros2_ws/install/pan_tilt_msgs/include/pan_tilt_msgs/pan_tilt_msgs/msg/detail/pan_tilt_cmd_deg__struct.hpp
[16.623s] -- Up-to-date symlink: /home/tony/ros2_ws/install/pan_tilt_msgs/include/pan_tilt_msgs/pan_tilt_msgs/msg/detail/pan_tilt_cmd_deg__traits.hpp
[16.623s] -- Up-to-date symlink: /home/tony/ros2_ws/install/pan_tilt_msgs/include/pan_tilt_msgs/pan_tilt_msgs/msg/detail/pan_tilt_cmd_rad__builder.hpp
[16.623s] -- Up-to-date symlink: /home/tony/ros2_ws/install/pan_tilt_msgs/include/pan_tilt_msgs/pan_tilt_msgs/msg/detail/pan_tilt_cmd_rad__struct.hpp
[16.623s] -- Up-to-date symlink: /home/tony/ros2_ws/install/pan_tilt_msgs/include/pan_tilt_msgs/pan_tilt_msgs/msg/detail/pan_tilt_cmd_rad__traits.hpp
[16.623s] -- Up-to-date symlink: /home/tony/ros2_ws/install/pan_tilt_msgs/include/pan_tilt_msgs/pan_tilt_msgs/msg/detail/pan_tilt_status__builder.hpp
[16.623s] -- Up-to-date symlink: /home/tony/ros2_ws/install/pan_tilt_msgs/include/pan_tilt_msgs/pan_tilt_msgs/msg/detail/pan_tilt_status__struct.hpp
[16.623s] -- Up-to-date symlink: /home/tony/ros2_ws/install/pan_tilt_msgs/include/pan_tilt_msgs/pan_tilt_msgs/msg/detail/pan_tilt_status__traits.hpp
[16.623s] -- Up-to-date symlink: /home/tony/ros2_ws/install/pan_tilt_msgs/include/pan_tilt_msgs/pan_tilt_msgs/msg/pan_joint_state.hpp
[16.623s] -- Up-to-date symlink: /home/tony/ros2_ws/install/pan_tilt_msgs/include/pan_tilt_msgs/pan_tilt_msgs/msg/pan_tilt_cmd_deg.hpp
[16.623s] -- Up-to-date symlink: /home/tony/ros2_ws/install/pan_tilt_msgs/include/pan_tilt_msgs/pan_tilt_msgs/msg/pan_tilt_cmd_rad.hpp
[16.624s] -- Up-to-date symlink: /home/tony/ros2_ws/install/pan_tilt_msgs/include/pan_tilt_msgs/pan_tilt_msgs/msg/pan_tilt_status.hpp
[16.624s] -- Up-to-date symlink: /home/tony/ros2_ws/install/pan_tilt_msgs/include/pan_tilt_msgs/pan_tilt_msgs/msg/detail/pan_joint_state__rosidl_typesupport_fastrtps_cpp.hpp
[16.624s] -- Up-to-date symlink: /home/tony/ros2_ws/install/pan_tilt_msgs/include/pan_tilt_msgs/pan_tilt_msgs/msg/detail/pan_tilt_cmd_deg__rosidl_typesupport_fastrtps_cpp.hpp
[16.624s] -- Up-to-date symlink: /home/tony/ros2_ws/install/pan_tilt_msgs/include/pan_tilt_msgs/pan_tilt_msgs/msg/detail/pan_tilt_cmd_rad__rosidl_typesupport_fastrtps_cpp.hpp
[16.626s] -- Up-to-date symlink: /home/tony/ros2_ws/install/pan_tilt_msgs/include/pan_tilt_msgs/pan_tilt_msgs/msg/detail/pan_tilt_status__rosidl_typesupport_fastrtps_cpp.hpp
[16.626s] -- Up-to-date symlink: /home/tony/ros2_ws/install/pan_tilt_msgs/include/pan_tilt_msgs/pan_tilt_msgs/msg/rosidl_typesupport_fastrtps_cpp__visibility_control.h
[16.627s] -- Up-to-date symlink: /home/tony/ros2_ws/install/pan_tilt_msgs/include/pan_tilt_msgs/pan_tilt_msgs/msg/detail/pan_joint_state__rosidl_typesupport_introspection_c.h
[16.627s] -- Up-to-date symlink: /home/tony/ros2_ws/install/pan_tilt_msgs/include/pan_tilt_msgs/pan_tilt_msgs/msg/detail/pan_tilt_cmd_deg__rosidl_typesupport_introspection_c.h
[16.627s] -- Up-to-date symlink: /home/tony/ros2_ws/install/pan_tilt_msgs/include/pan_tilt_msgs/pan_tilt_msgs/msg/detail/pan_tilt_cmd_rad__rosidl_typesupport_introspection_c.h
[16.627s] -- Up-to-date symlink: /home/tony/ros2_ws/install/pan_tilt_msgs/include/pan_tilt_msgs/pan_tilt_msgs/msg/detail/pan_tilt_status__rosidl_typesupport_introspection_c.h
[16.628s] -- Up-to-date symlink: /home/tony/ros2_ws/install/pan_tilt_msgs/include/pan_tilt_msgs/pan_tilt_msgs/msg/rosidl_typesupport_introspection_c__visibility_control.h
[16.628s] -- Up-to-date symlink: /home/tony/ros2_ws/install/pan_tilt_msgs/include/pan_tilt_msgs/pan_tilt_msgs/msg/detail/pan_joint_state__rosidl_typesupport_introspection_cpp.hpp
[16.628s] -- Up-to-date symlink: /home/tony/ros2_ws/install/pan_tilt_msgs/include/pan_tilt_msgs/pan_tilt_msgs/msg/detail/pan_tilt_cmd_deg__rosidl_typesupport_introspection_cpp.hpp
[16.629s] -- Up-to-date symlink: /home/tony/ros2_ws/install/pan_tilt_msgs/include/pan_tilt_msgs/pan_tilt_msgs/msg/detail/pan_tilt_cmd_rad__rosidl_typesupport_introspection_cpp.hpp
[16.629s] -- Up-to-date symlink: /home/tony/ros2_ws/install/pan_tilt_msgs/include/pan_tilt_msgs/pan_tilt_msgs/msg/detail/pan_tilt_status__rosidl_typesupport_introspection_cpp.hpp
[16.629s] -- Up-to-date symlink: /home/tony/ros2_ws/install/pan_tilt_msgs/share/pan_tilt_msgs/environment/pythonpath.sh
[16.630s] -- Up-to-date symlink: /home/tony/ros2_ws/install/pan_tilt_msgs/share/pan_tilt_msgs/environment/pythonpath.dsv
[16.630s] -- Up-to-date symlink: /home/tony/ros2_ws/install/pan_tilt_msgs/local/lib/python3.10/dist-packages/pan_tilt_msgs-1.0.0-py3.10.egg-info/PKG-INFO
[16.630s] -- Up-to-date symlink: /home/tony/ros2_ws/install/pan_tilt_msgs/local/lib/python3.10/dist-packages/pan_tilt_msgs-1.0.0-py3.10.egg-info/SOURCES.txt
[16.630s] -- Up-to-date symlink: /home/tony/ros2_ws/install/pan_tilt_msgs/local/lib/python3.10/dist-packages/pan_tilt_msgs-1.0.0-py3.10.egg-info/dependency_links.txt
[16.630s] -- Up-to-date symlink: /home/tony/ros2_ws/install/pan_tilt_msgs/local/lib/python3.10/dist-packages/pan_tilt_msgs-1.0.0-py3.10.egg-info/top_level.txt
[16.631s] -- Up-to-date symlink: /home/tony/ros2_ws/install/pan_tilt_msgs/local/lib/python3.10/dist-packages/pan_tilt_msgs/__init__.py
[16.631s] -- Up-to-date symlink: /home/tony/ros2_ws/install/pan_tilt_msgs/local/lib/python3.10/dist-packages/pan_tilt_msgs/_pan_tilt_msgs_s.ep.rosidl_typesupport_c.c
[16.632s] -- Up-to-date symlink: /home/tony/ros2_ws/install/pan_tilt_msgs/local/lib/python3.10/dist-packages/pan_tilt_msgs/_pan_tilt_msgs_s.ep.rosidl_typesupport_fastrtps_c.c
[16.632s] -- Up-to-date symlink: /home/tony/ros2_ws/install/pan_tilt_msgs/local/lib/python3.10/dist-packages/pan_tilt_msgs/_pan_tilt_msgs_s.ep.rosidl_typesupport_introspection_c.c
[16.632s] -- Up-to-date symlink: /home/tony/ros2_ws/install/pan_tilt_msgs/local/lib/python3.10/dist-packages/pan_tilt_msgs/libpan_tilt_msgs__rosidl_generator_py.so
[16.632s] -- Up-to-date symlink: /home/tony/ros2_ws/install/pan_tilt_msgs/local/lib/python3.10/dist-packages/pan_tilt_msgs/msg/__init__.py
[16.632s] -- Up-to-date symlink: /home/tony/ros2_ws/install/pan_tilt_msgs/local/lib/python3.10/dist-packages/pan_tilt_msgs/msg/_pan_joint_state.py
[16.632s] -- Up-to-date symlink: /home/tony/ros2_ws/install/pan_tilt_msgs/local/lib/python3.10/dist-packages/pan_tilt_msgs/msg/_pan_joint_state_s.c
[16.632s] -- Up-to-date symlink: /home/tony/ros2_ws/install/pan_tilt_msgs/local/lib/python3.10/dist-packages/pan_tilt_msgs/msg/_pan_tilt_cmd_deg.py
[16.633s] -- Up-to-date symlink: /home/tony/ros2_ws/install/pan_tilt_msgs/local/lib/python3.10/dist-packages/pan_tilt_msgs/msg/_pan_tilt_cmd_deg_s.c
[16.633s] -- Up-to-date symlink: /home/tony/ros2_ws/install/pan_tilt_msgs/local/lib/python3.10/dist-packages/pan_tilt_msgs/msg/_pan_tilt_cmd_rad.py
[16.633s] -- Up-to-date symlink: /home/tony/ros2_ws/install/pan_tilt_msgs/local/lib/python3.10/dist-packages/pan_tilt_msgs/msg/_pan_tilt_cmd_rad_s.c
[16.633s] -- Up-to-date symlink: /home/tony/ros2_ws/install/pan_tilt_msgs/local/lib/python3.10/dist-packages/pan_tilt_msgs/msg/_pan_tilt_status.py
[16.633s] -- Up-to-date symlink: /home/tony/ros2_ws/install/pan_tilt_msgs/local/lib/python3.10/dist-packages/pan_tilt_msgs/msg/_pan_tilt_status_s.c
[16.634s] -- Up-to-date symlink: /home/tony/ros2_ws/install/pan_tilt_msgs/local/lib/python3.10/dist-packages/pan_tilt_msgs/pan_tilt_msgs_s__rosidl_typesupport_c.cpython-310-x86_64-linux-gnu.so
[16.634s] -- Up-to-date symlink: /home/tony/ros2_ws/install/pan_tilt_msgs/local/lib/python3.10/dist-packages/pan_tilt_msgs/pan_tilt_msgs_s__rosidl_typesupport_fastrtps_c.cpython-310-x86_64-linux-gnu.so
[16.636s] -- Up-to-date symlink: /home/tony/ros2_ws/install/pan_tilt_msgs/local/lib/python3.10/dist-packages/pan_tilt_msgs/pan_tilt_msgs_s__rosidl_typesupport_introspection_c.cpython-310-x86_64-linux-gnu.so
[16.636s] -- Up-to-date symlink: /home/tony/ros2_ws/install/pan_tilt_msgs/local/lib/python3.10/dist-packages/pan_tilt_msgs/pan_tilt_msgs_s__rosidl_typesupport_fastrtps_c.cpython-310-x86_64-linux-gnu.so
[16.636s] -- Up-to-date symlink: /home/tony/ros2_ws/install/pan_tilt_msgs/local/lib/python3.10/dist-packages/pan_tilt_msgs/pan_tilt_msgs_s__rosidl_typesupport_introspection_c.cpython-310-x86_64-linux-gnu.so
[16.637s] -- Up-to-date symlink: /home/tony/ros2_ws/install/pan_tilt_msgs/local/lib/python3.10/dist-packages/pan_tilt_msgs/pan_tilt_msgs_s__rosidl_typesupport_c.cpython-310-x86_64-linux-gnu.so
[16.637s] -- Up-to-date symlink: /home/tony/ros2_ws/install/pan_tilt_msgs/share/pan_tilt_msgs/msg/PanTiltCmdDeg.idl
[16.638s] -- Up-to-date symlink: /home/tony/ros2_ws/install/pan_tilt_msgs/share/pan_tilt_msgs/msg/PanTiltCmdRad.idl
[16.638s] -- Up-to-date symlink: /home/tony/ros2_ws/install/pan_tilt_msgs/share/pan_tilt_msgs/msg/PanTiltStatus.idl
[16.638s] -- Up-to-date symlink: /home/tony/ros2_ws/install/pan_tilt_msgs/share/pan_tilt_msgs/msg/PanJointState.idl
[16.639s] -- Up-to-date symlink: /home/tony/ros2_ws/install/pan_tilt_msgs/share/pan_tilt_msgs/msg/PanTiltCmdDeg.msg
[16.639s] -- Up-to-date symlink: /home/tony/ros2_ws/install/pan_tilt_msgs/share/pan_tilt_msgs/msg/PanTiltCmdRad.msg
[16.639s] -- Up-to-date symlink: /home/tony/ros2_ws/install/pan_tilt_msgs/share/pan_tilt_msgs/msg/PanTiltStatus.msg
[16.639s] -- Up-to-date symlink: /home/tony/ros2_ws/install/pan_tilt_msgs/share/pan_tilt_msgs/msg/PanJointState.msg
[16.640s] -- Up-to-date symlink: /home/tony/ros2_ws/install/pan_tilt_msgs/share/ament_index/resource_index/package_run_dependencies/pan_tilt_msgs
[16.640s] -- Up-to-date symlink: /home/tony/ros2_ws/install/pan_tilt_msgs/share/ament_index/resource_index/parent_prefix_path/pan_tilt_msgs
[16.640s] -- Up-to-date symlink: /home/tony/ros2_ws/install/pan_tilt_msgs/share/pan_tilt_msgs/environment/ament_prefix_path.sh
[16.641s] -- Up-to-date symlink: /home/tony/ros2_ws/install/pan_tilt_msgs/share/pan_tilt_msgs/environment/ament_prefix_path.dsv
[16.641s] -- Up-to-date symlink: /home/tony/ros2_ws/install/pan_tilt_msgs/share/pan_tilt_msgs/environment/path.sh
[16.641s] -- Up-to-date symlink: /home/tony/ros2_ws/install/pan_tilt_msgs/share/pan_tilt_msgs/environment/path.dsv
[16.641s] -- Up-to-date symlink: /home/tony/ros2_ws/install/pan_tilt_msgs/share/pan_tilt_msgs/local_setup.bash
[16.642s] -- Up-to-date symlink: /home/tony/ros2_ws/install/pan_tilt_msgs/share/pan_tilt_msgs/local_setup.sh
[16.642s] -- Up-to-date symlink: /home/tony/ros2_ws/install/pan_tilt_msgs/share/pan_tilt_msgs/local_setup.zsh
[16.643s] -- Up-to-date symlink: /home/tony/ros2_ws/install/pan_tilt_msgs/share/pan_tilt_msgs/local_setup.dsv
[16.643s] -- Symlinking: /home/tony/ros2_ws/install/pan_tilt_msgs/share/pan_tilt_msgs/package.dsv
[16.659s] -- Up-to-date symlink: /home/tony/ros2_ws/install/pan_tilt_msgs/share/ament_index/resource_index/packages/pan_tilt_msgs
[16.659s] -- Up-to-date symlink: /home/tony/ros2_ws/install/pan_tilt_msgs/share/pan_tilt_msgs/cmake/rosidl_cmake-extras.cmake
[16.660s] -- Up-to-date symlink: /home/tony/ros2_ws/install/pan_tilt_msgs/share/pan_tilt_msgs/cmake/ament_cmake_export_dependencies-extras.cmake
[16.660s] -- Up-to-date symlink: /home/tony/ros2_ws/install/pan_tilt_msgs/share/pan_tilt_msgs/cmake/ament_cmake_export_include_directories-extras.cmake
[16.660s] -- Up-to-date symlink: /home/tony/ros2_ws/install/pan_tilt_msgs/share/pan_tilt_msgs/cmake/ament_cmake_export_libraries-extras.cmake
[16.660s] -- Up-to-date symlink: /home/tony/ros2_ws/install/pan_tilt_msgs/share/pan_tilt_msgs/cmake/ament_cmake_export_targets-extras.cmake
[16.661s] -- Up-to-date symlink: /home/tony/ros2_ws/install/pan_tilt_msgs/share/pan_tilt_msgs/cmake/rosidl_cmake_export_typesupport_targets-extras.cmake
[16.661s] -- Up-to-date symlink: /home/tony/ros2_ws/install/pan_tilt_msgs/share/pan_tilt_msgs/cmake/rosidl_cmake_export_typesupport_libraries-extras.cmake
[16.661s] -- Up-to-date symlink: /home/tony/ros2_ws/install/pan_tilt_msgs/share/pan_tilt_msgs/cmake/pan_tilt_msgsConfig.cmake
[16.662s] -- Up-to-date symlink: /home/tony/ros2_ws/install/pan_tilt_msgs/share/pan_tilt_msgs/cmake/pan_tilt_msgsConfig-version.cmake
[16.662s] -- Up-to-date symlink: /home/tony/ros2_ws/install/pan_tilt_msgs/share/pan_tilt_msgs/package.xml
[16.663s] -- Installing: /home/tony/ros2_ws/install/pan_tilt_msgs/lib/libpan_tilt_msgs__rosidl_generator_c.so
[16.663s] -- Set runtime path of "/home/tony/ros2_ws/install/pan_tilt_msgs/lib/libpan_tilt_msgs__rosidl_generator_c.so" to ""
[16.663s] -- Installing: /home/tony/ros2_ws/install/pan_tilt_msgs/lib/libpan_tilt_msgs__rosidl_typesupport_fastrtps_c.so
[16.663s] -- Set runtime path of "/home/tony/ros2_ws/install/pan_tilt_msgs/lib/libpan_tilt_msgs__rosidl_typesupport_fastrtps_c.so" to ""
[16.664s] -- Installing: /home/tony/ros2_ws/install/pan_tilt_msgs/lib/libpan_tilt_msgs__rosidl_typesupport_fastrtps_cpp.so
[16.666s] -- Set runtime path of "/home/tony/ros2_ws/install/pan_tilt_msgs/lib/libpan_tilt_msgs__rosidl_typesupport_fastrtps_cpp.so" to ""
[16.666s] -- Installing: /home/tony/ros2_ws/install/pan_tilt_msgs/lib/libpan_tilt_msgs__rosidl_typesupport_introspection_c.so
[16.666s] -- Set runtime path of "/home/tony/ros2_ws/install/pan_tilt_msgs/lib/libpan_tilt_msgs__rosidl_typesupport_introspection_c.so" to ""
[16.666s] -- Installing: /home/tony/ros2_ws/install/pan_tilt_msgs/lib/libpan_tilt_msgs__rosidl_typesupport_c.so
[16.667s] -- Set runtime path of "/home/tony/ros2_ws/install/pan_tilt_msgs/lib/libpan_tilt_msgs__rosidl_typesupport_c.so" to ""
[16.667s] -- Installing: /home/tony/ros2_ws/install/pan_tilt_msgs/lib/libpan_tilt_msgs__rosidl_typesupport_introspection_cpp.so
[16.667s] -- Set runtime path of "/home/tony/ros2_ws/install/pan_tilt_msgs/lib/libpan_tilt_msgs__rosidl_typesupport_introspection_cpp.so" to ""
[16.667s] -- Installing: /home/tony/ros2_ws/install/pan_tilt_msgs/lib/libpan_tilt_msgs__rosidl_typesupport_cpp.so
[16.668s] -- Set runtime path of "/home/tony/ros2_ws/install/pan_tilt_msgs/lib/libpan_tilt_msgs__rosidl_typesupport_cpp.so" to ""
[16.724s] Listing '/home/tony/ros2_ws/install/pan_tilt_msgs/local/lib/python3.10/dist-packages/pan_tilt_msgs'...
[16.724s] Compiling '/home/tony/ros2_ws/install/pan_tilt_msgs/local/lib/python3.10/dist-packages/pan_tilt_msgs/__init__.py'...
[16.724s] Listing '/home/tony/ros2_ws/install/pan_tilt_msgs/local/lib/python3.10/dist-packages/pan_tilt_msgs/msg'...
[16.730s] -- Installing: /home/tony/ros2_ws/install/pan_tilt_msgs/lib/libpan_tilt_msgs__rosidl_generator_py.so
[16.731s] -- Set runtime path of "/home/tony/ros2_ws/install/pan_tilt_msgs/lib/libpan_tilt_msgs__rosidl_generator_py.so" to ""
[16.731s] -- Up-to-date: /home/tony/ros2_ws/install/pan_tilt_msgs/share/pan_tilt_msgs/cmake/export_pan_tilt_msgs__rosidl_generator_cExport.cmake
[16.732s] -- Up-to-date: /home/tony/ros2_ws/install/pan_tilt_msgs/share/pan_tilt_msgs/cmake/export_pan_tilt_msgs__rosidl_generator_cExport-noconfig.cmake
[16.732s] -- Up-to-date: /home/tony/ros2_ws/install/pan_tilt_msgs/share/pan_tilt_msgs/cmake/export_pan_tilt_msgs__rosidl_typesupport_fastrtps_cExport.cmake
[16.732s] -- Up-to-date: /home/tony/ros2_ws/install/pan_tilt_msgs/share/pan_tilt_msgs/cmake/export_pan_tilt_msgs__rosidl_typesupport_fastrtps_cExport-noconfig.cmake
[16.732s] -- Up-to-date: /home/tony/ros2_ws/install/pan_tilt_msgs/share/pan_tilt_msgs/cmake/export_pan_tilt_msgs__rosidl_generator_cppExport.cmake
[16.732s] -- Up-to-date: /home/tony/ros2_ws/install/pan_tilt_msgs/share/pan_tilt_msgs/cmake/export_pan_tilt_msgs__rosidl_typesupport_fastrtps_cppExport.cmake
[16.732s] -- Up-to-date: /home/tony/ros2_ws/install/pan_tilt_msgs/share/pan_tilt_msgs/cmake/export_pan_tilt_msgs__rosidl_typesupport_fastrtps_cppExport-noconfig.cmake
[16.732s] -- Up-to-date: /home/tony/ros2_ws/install/pan_tilt_msgs/share/pan_tilt_msgs/cmake/pan_tilt_msgs__rosidl_typesupport_introspection_cExport.cmake
[16.732s] -- Up-to-date: /home/tony/ros2_ws/install/pan_tilt_msgs/share/pan_tilt_msgs/cmake/pan_tilt_msgs__rosidl_typesupport_introspection_cExport-noconfig.cmake
[16.733s] -- Up-to-date: /home/tony/ros2_ws/install/pan_tilt_msgs/share/pan_tilt_msgs/cmake/pan_tilt_msgs__rosidl_typesupport_cExport.cmake
[16.733s] -- Up-to-date: /home/tony/ros2_ws/install/pan_tilt_msgs/share/pan_tilt_msgs/cmake/pan_tilt_msgs__rosidl_typesupport_cExport-noconfig.cmake
[16.734s] -- Up-to-date: /home/tony/ros2_ws/install/pan_tilt_msgs/share/pan_tilt_msgs/cmake/pan_tilt_msgs__rosidl_typesupport_introspection_cppExport.cmake
[16.734s] -- Up-to-date: /home/tony/ros2_ws/install/pan_tilt_msgs/share/pan_tilt_msgs/cmake/pan_tilt_msgs__rosidl_typesupport_introspection_cppExport-noconfig.cmake
[16.734s] -- Up-to-date: /home/tony/ros2_ws/install/pan_tilt_msgs/share/pan_tilt_msgs/cmake/pan_tilt_msgs__rosidl_typesupport_cppExport.cmake
[16.734s] -- Up-to-date: /home/tony/ros2_ws/install/pan_tilt_msgs/share/pan_tilt_msgs/cmake/pan_tilt_msgs__rosidl_typesupport_cppExport-noconfig.cmake
[16.734s] -- Up-to-date: /home/tony/ros2_ws/install/pan_tilt_msgs/share/pan_tilt_msgs/cmake/export_pan_tilt_msgs__rosidl_generator_pyExport.cmake
[16.734s] -- Up-to-date: /home/tony/ros2_ws/install/pan_tilt_msgs/share/pan_tilt_msgs/cmake/export_pan_tilt_msgs__rosidl_generator_pyExport-noconfig.cmake
[16.740s] Invoked command in '/home/tony/ros2_ws/build/pan_tilt_msgs' returned '0': CMAKE_PREFIX_PATH=${CMAKE_PREFIX_PATH}:/home/tony/ros2_ws/install/witmotion_ros_driver:/home/tony/ros2_ws/install/interbotix_xs_modules:/home/tony/ros2_ws/install/interbotix_perception_modules:/home/tony/ros2_ws/install/interbotix_common_modules:/opt/ros/humble /usr/bin/cmake --install /home/tony/ros2_ws/build/pan_tilt_msgs
