[0.020s] Invoking command in '/home/tony/ros2_ws/build/interbotix_xs_ros_control': AMENT_PREFIX_PATH=/home/tony/ros2_ws/install/interbotix_xs_msgs:${AMENT_PREFIX_PATH} CMAKE_PREFIX_PATH=/home/tony/ros2_ws/install/interbotix_xs_msgs:/opt/ros/humble LD_LIBRARY_PATH=/home/tony/ros2_ws/install/interbotix_xs_msgs/lib:${LD_LIBRARY_PATH} PYTHONPATH=/home/tony/ros2_ws/install/interbotix_xs_msgs/local/lib/python3.10/dist-packages:${PYTHONPATH} /usr/bin/cmake /home/tony/ros2_ws/src/interbotix_ros_toolboxes/interbotix_xs_toolbox/interbotix_xs_ros_control -DAMENT_CMAKE_SYMLINK_INSTALL=1 -DCMAKE_INSTALL_PREFIX=/home/tony/ros2_ws/install/interbotix_xs_ros_control
[0.101s] -- The C compiler identification is GNU 11.4.0
[0.181s] -- The CXX compiler identification is GNU 11.4.0
[0.188s] -- Detecting C compiler ABI info
[0.280s] -- Detecting C compiler ABI info - done
[0.295s] -- Check for working C compiler: /usr/bin/cc - skipped
[0.295s] -- Detecting C compile features
[0.296s] -- Detecting C compile features - done
[0.300s] -- Detecting CXX compiler ABI info
[0.401s] -- Detecting CXX compiler ABI info - done
[0.414s] -- Check for working CXX compiler: /usr/bin/c++ - skipped
[0.415s] -- Detecting CXX compile features
[0.416s] -- Detecting CXX compile features - done
[0.427s] -- Found ament_cmake: 1.3.5 (/opt/ros/humble/share/ament_cmake/cmake)
[0.631s] -- Found Python3: /usr/bin/python3.10 (found version "3.10.12") found components: Interpreter 
[0.696s] -- Override CMake install command with custom implementation using symlinks instead of copying resources
[0.734s] -- Found hardware_interface: 2.30.0 (/opt/ros/humble/share/hardware_interface/cmake)
[0.775s] -- Found rosidl_generator_c: 3.1.5 (/opt/ros/humble/share/rosidl_generator_c/cmake)
[0.780s] -- Found rosidl_adapter: 3.1.5 (/opt/ros/humble/share/rosidl_adapter/cmake)
[0.791s] -- Found rosidl_generator_cpp: 3.1.5 (/opt/ros/humble/share/rosidl_generator_cpp/cmake)
[0.804s] -- Using all available rosidl_typesupport_c: rosidl_typesupport_fastrtps_c;rosidl_typesupport_introspection_c
[0.828s] -- Using all available rosidl_typesupport_cpp: rosidl_typesupport_fastrtps_cpp;rosidl_typesupport_introspection_cpp
[1.892s] -- Found rmw_implementation_cmake: 6.1.1 (/opt/ros/humble/share/rmw_implementation_cmake/cmake)
[1.896s] -- Found rmw_fastrtps_cpp: 6.2.3 (/opt/ros/humble/share/rmw_fastrtps_cpp/cmake)
[2.037s] -- Found OpenSSL: /usr/lib/x86_64-linux-gnu/libcrypto.so (found version "3.0.2")  
[2.076s] -- Found FastRTPS: /opt/ros/humble/include  
[2.142s] -- Using RMW implementation 'rmw_fastrtps_cpp' as default
[2.158s] -- Looking for pthread.h
[2.273s] -- Looking for pthread.h - found
[2.273s] -- Performing Test CMAKE_HAVE_LIBC_PTHREAD
[2.394s] -- Performing Test CMAKE_HAVE_LIBC_PTHREAD - Success
[2.395s] -- Found Threads: TRUE  
[2.664s] -- Found interbotix_xs_msgs: 0.0.0 (/home/tony/ros2_ws/install/interbotix_xs_msgs/share/interbotix_xs_msgs/cmake)
[2.884s] -- Found ament_lint_auto: 0.12.7 (/opt/ros/humble/share/ament_lint_auto/cmake)
[3.005s] -- Found ros2_control_test_assets: 2.30.0 (/opt/ros/humble/share/ros2_control_test_assets/cmake)
[3.010s] -- Found gmock sources under '/opt/ros/humble/src/gmock_vendor': C++ tests using 'Google Mock' will be built
[3.050s] -- Found ament_cmake_gtest: 1.3.5 (/opt/ros/humble/share/ament_cmake_gtest/cmake)
[3.052s] -- Found gtest sources under '/opt/ros/humble/src/gtest_vendor': C++ tests using 'Google Test' will be built
[3.202s] -- Added test 'copyright' to check source files copyright and LICENSE
[3.205s] -- Added test 'cppcheck' to perform static code analysis on C / C++ code
[3.206s] -- Configured cppcheck include dirs: $<BUILD_INTERFACE:/home/tony/ros2_ws/src/interbotix_ros_toolboxes/interbotix_xs_toolbox/interbotix_xs_ros_control/include>;/home/tony/ros2_ws/src/interbotix_ros_toolboxes/interbotix_xs_toolbox/interbotix_xs_ros_control/include
[3.206s] -- Configured cppcheck exclude dirs and/or files: 
[3.208s] -- Added test 'cpplint' to check C / C++ code against the Google style
[3.208s] -- Configured cpplint exclude dirs and/or files: 
[3.209s] -- Added test 'lint_cmake' to check CMake code style
[3.212s] -- Added test 'uncrustify' to check C / C++ code style
[3.212s] -- Configured uncrustify additional arguments: 
[3.213s] -- Added test 'xmllint' to check XML markup files
[3.244s] -- Configuring done
[3.360s] -- Generating done
[3.370s] -- Build files have been written to: /home/tony/ros2_ws/build/interbotix_xs_ros_control
[3.389s] Invoked command in '/home/tony/ros2_ws/build/interbotix_xs_ros_control' returned '0': AMENT_PREFIX_PATH=/home/tony/ros2_ws/install/interbotix_xs_msgs:${AMENT_PREFIX_PATH} CMAKE_PREFIX_PATH=/home/tony/ros2_ws/install/interbotix_xs_msgs:/opt/ros/humble LD_LIBRARY_PATH=/home/tony/ros2_ws/install/interbotix_xs_msgs/lib:${LD_LIBRARY_PATH} PYTHONPATH=/home/tony/ros2_ws/install/interbotix_xs_msgs/local/lib/python3.10/dist-packages:${PYTHONPATH} /usr/bin/cmake /home/tony/ros2_ws/src/interbotix_ros_toolboxes/interbotix_xs_toolbox/interbotix_xs_ros_control -DAMENT_CMAKE_SYMLINK_INSTALL=1 -DCMAKE_INSTALL_PREFIX=/home/tony/ros2_ws/install/interbotix_xs_ros_control
[3.390s] Invoking command in '/home/tony/ros2_ws/build/interbotix_xs_ros_control': AMENT_PREFIX_PATH=/home/tony/ros2_ws/install/interbotix_xs_msgs:${AMENT_PREFIX_PATH} CMAKE_PREFIX_PATH=/home/tony/ros2_ws/install/interbotix_xs_msgs:/opt/ros/humble LD_LIBRARY_PATH=/home/tony/ros2_ws/install/interbotix_xs_msgs/lib:${LD_LIBRARY_PATH} PYTHONPATH=/home/tony/ros2_ws/install/interbotix_xs_msgs/local/lib/python3.10/dist-packages:${PYTHONPATH} /usr/bin/cmake --build /home/tony/ros2_ws/build/interbotix_xs_ros_control -- -j8 -l8
[3.477s] [ 22%] [32mBuilding CXX object CMakeFiles/interbotix_xs_ros_control.dir/src/xs_hardware_interface.cpp.o[0m
[3.478s] [ 22%] [32mBuilding CXX object gmock/CMakeFiles/gmock_main.dir/src/gmock_main.cc.o[0m
[3.559s] [ 33%] [32mBuilding CXX object gmock/CMakeFiles/gmock.dir/src/gmock-all.cc.o[0m
[3.561s] [ 44%] [32mBuilding CXX object gmock/CMakeFiles/gmock.dir/opt/ros/humble/src/gtest_vendor/src/gtest-all.cc.o[0m
[5.300s] [ 55%] [32m[1mLinking CXX static library libgmock_main.a[0m
[5.419s] [ 55%] Built target gmock_main
[8.193s] [ 66%] [32m[1mLinking CXX static library libgmock.a[0m
[8.283s] [ 66%] Built target gmock
[8.307s] [ 77%] [32mBuilding CXX object CMakeFiles/test_load_xs_hardware_interface.dir/test/test_load_xs_hardware_interface.cpp.o[0m
[13.670s] [ 88%] [32m[1mLinking CXX executable test_load_xs_hardware_interface[0m
[14.049s] [ 88%] Built target test_load_xs_hardware_interface
[16.106s] [100%] [32m[1mLinking CXX shared library libinterbotix_xs_ros_control.so[0m
[16.785s] [100%] Built target interbotix_xs_ros_control
[16.794s] Invoked command in '/home/tony/ros2_ws/build/interbotix_xs_ros_control' returned '0': AMENT_PREFIX_PATH=/home/tony/ros2_ws/install/interbotix_xs_msgs:${AMENT_PREFIX_PATH} CMAKE_PREFIX_PATH=/home/tony/ros2_ws/install/interbotix_xs_msgs:/opt/ros/humble LD_LIBRARY_PATH=/home/tony/ros2_ws/install/interbotix_xs_msgs/lib:${LD_LIBRARY_PATH} PYTHONPATH=/home/tony/ros2_ws/install/interbotix_xs_msgs/local/lib/python3.10/dist-packages:${PYTHONPATH} /usr/bin/cmake --build /home/tony/ros2_ws/build/interbotix_xs_ros_control -- -j8 -l8
[16.815s] Invoking command in '/home/tony/ros2_ws/build/interbotix_xs_ros_control': AMENT_PREFIX_PATH=/home/tony/ros2_ws/install/interbotix_xs_msgs:${AMENT_PREFIX_PATH} CMAKE_PREFIX_PATH=/home/tony/ros2_ws/install/interbotix_xs_msgs:/opt/ros/humble LD_LIBRARY_PATH=/home/tony/ros2_ws/install/interbotix_xs_msgs/lib:${LD_LIBRARY_PATH} PYTHONPATH=/home/tony/ros2_ws/install/interbotix_xs_msgs/local/lib/python3.10/dist-packages:${PYTHONPATH} /usr/bin/cmake --install /home/tony/ros2_ws/build/interbotix_xs_ros_control
[16.821s] -- Install configuration: ""
[16.821s] -- Execute custom install script
[16.821s] -- Symlinking: /home/tony/ros2_ws/install/interbotix_xs_ros_control/share/interbotix_xs_ros_control//interbotix_xs_ros_control.xml
[16.828s] -- Symlinking: /home/tony/ros2_ws/install/interbotix_xs_ros_control/include/interbotix_xs_ros_control/xs_hardware_interface.hpp
[16.835s] -- Symlinking: /home/tony/ros2_ws/install/interbotix_xs_ros_control/share/interbotix_xs_ros_control/environment/library_path.sh
[16.842s] -- Symlinking: /home/tony/ros2_ws/install/interbotix_xs_ros_control/share/interbotix_xs_ros_control/environment/library_path.dsv
[16.849s] -- Symlinking: /home/tony/ros2_ws/install/interbotix_xs_ros_control/share/ament_index/resource_index/package_run_dependencies/interbotix_xs_ros_control
[16.856s] -- Symlinking: /home/tony/ros2_ws/install/interbotix_xs_ros_control/share/ament_index/resource_index/parent_prefix_path/interbotix_xs_ros_control
[16.863s] -- Symlinking: /home/tony/ros2_ws/install/interbotix_xs_ros_control/share/interbotix_xs_ros_control/environment/ament_prefix_path.sh
[16.870s] -- Symlinking: /home/tony/ros2_ws/install/interbotix_xs_ros_control/share/interbotix_xs_ros_control/environment/ament_prefix_path.dsv
[16.877s] -- Symlinking: /home/tony/ros2_ws/install/interbotix_xs_ros_control/share/interbotix_xs_ros_control/environment/path.sh
[16.888s] -- Symlinking: /home/tony/ros2_ws/install/interbotix_xs_ros_control/share/interbotix_xs_ros_control/environment/path.dsv
[16.895s] -- Symlinking: /home/tony/ros2_ws/install/interbotix_xs_ros_control/share/interbotix_xs_ros_control/local_setup.bash
[16.902s] -- Symlinking: /home/tony/ros2_ws/install/interbotix_xs_ros_control/share/interbotix_xs_ros_control/local_setup.sh
[16.908s] -- Symlinking: /home/tony/ros2_ws/install/interbotix_xs_ros_control/share/interbotix_xs_ros_control/local_setup.zsh
[16.915s] -- Symlinking: /home/tony/ros2_ws/install/interbotix_xs_ros_control/share/interbotix_xs_ros_control/local_setup.dsv
[16.921s] -- Symlinking: /home/tony/ros2_ws/install/interbotix_xs_ros_control/share/interbotix_xs_ros_control/package.dsv
[16.928s] -- Symlinking: /home/tony/ros2_ws/install/interbotix_xs_ros_control/share/ament_index/resource_index/packages/interbotix_xs_ros_control
[16.934s] -- Symlinking: /home/tony/ros2_ws/install/interbotix_xs_ros_control/share/ament_index/resource_index/hardware_interface__pluginlib__plugin/interbotix_xs_ros_control
[16.941s] -- Symlinking: /home/tony/ros2_ws/install/interbotix_xs_ros_control/share/interbotix_xs_ros_control/cmake/ament_cmake_export_include_directories-extras.cmake
[16.948s] -- Symlinking: /home/tony/ros2_ws/install/interbotix_xs_ros_control/share/interbotix_xs_ros_control/cmake/ament_cmake_export_libraries-extras.cmake
[16.955s] -- Symlinking: /home/tony/ros2_ws/install/interbotix_xs_ros_control/share/interbotix_xs_ros_control/cmake/ament_cmake_export_targets-extras.cmake
[16.961s] -- Symlinking: /home/tony/ros2_ws/install/interbotix_xs_ros_control/share/interbotix_xs_ros_control/cmake/ament_cmake_export_dependencies-extras.cmake
[16.968s] -- Symlinking: /home/tony/ros2_ws/install/interbotix_xs_ros_control/share/interbotix_xs_ros_control/cmake/interbotix_xs_ros_controlConfig.cmake
[16.975s] -- Symlinking: /home/tony/ros2_ws/install/interbotix_xs_ros_control/share/interbotix_xs_ros_control/cmake/interbotix_xs_ros_controlConfig-version.cmake
[16.984s] -- Symlinking: /home/tony/ros2_ws/install/interbotix_xs_ros_control/share/interbotix_xs_ros_control/package.xml
[16.994s] -- Installing: /home/tony/ros2_ws/install/interbotix_xs_ros_control/lib/libinterbotix_xs_ros_control.so
[17.001s] -- Set runtime path of "/home/tony/ros2_ws/install/interbotix_xs_ros_control/lib/libinterbotix_xs_ros_control.so" to ""
[17.002s] -- Installing: /home/tony/ros2_ws/install/interbotix_xs_ros_control/share/interbotix_xs_ros_control/cmake/export_interbotix_xs_ros_controlExport.cmake
[17.002s] -- Installing: /home/tony/ros2_ws/install/interbotix_xs_ros_control/share/interbotix_xs_ros_control/cmake/export_interbotix_xs_ros_controlExport-noconfig.cmake
[17.006s] Invoked command in '/home/tony/ros2_ws/build/interbotix_xs_ros_control' returned '0': AMENT_PREFIX_PATH=/home/tony/ros2_ws/install/interbotix_xs_msgs:${AMENT_PREFIX_PATH} CMAKE_PREFIX_PATH=/home/tony/ros2_ws/install/interbotix_xs_msgs:/opt/ros/humble LD_LIBRARY_PATH=/home/tony/ros2_ws/install/interbotix_xs_msgs/lib:${LD_LIBRARY_PATH} PYTHONPATH=/home/tony/ros2_ws/install/interbotix_xs_msgs/local/lib/python3.10/dist-packages:${PYTHONPATH} /usr/bin/cmake --install /home/tony/ros2_ws/build/interbotix_xs_ros_control
