[0.304s] Invoking command in '/home/tony/ros2_ws/build/pan_tilt_msgs': CMAKE_PREFIX_PATH=${CMAKE_PREFIX_PATH}:/home/tony/ros2_ws/install/witmotion_ros_driver:/home/tony/ros2_ws/install/interbotix_xs_modules:/home/tony/ros2_ws/install/interbotix_perception_modules:/home/tony/ros2_ws/install/interbotix_common_modules:/opt/ros/humble /usr/bin/cmake --build /home/tony/ros2_ws/build/pan_tilt_msgs -- -j8 -l8
[0.382s] [35m[1mConsolidate compiler generated dependencies of target pan_tilt_msgs__rosidl_generator_c[0m
[0.405s] [  1%] Built target pan_tilt_msgs__cpp
[0.420s] [ 12%] Built target pan_tilt_msgs__rosidl_generator_c
[0.442s] [ 12%] Built target ament_cmake_python_symlink_pan_tilt_msgs
[0.465s] [35m[1mConsolidate compiler generated dependencies of target pan_tilt_msgs__rosidl_typesupport_cpp[0m
[0.491s] [35m[1mConsolidate compiler generated dependencies of target pan_tilt_msgs__rosidl_typesupport_introspection_c[0m
[0.507s] [35m[1mConsolidate compiler generated dependencies of target pan_tilt_msgs__rosidl_typesupport_c[0m
[0.516s] [ 23%] Built target pan_tilt_msgs__rosidl_typesupport_cpp
[0.520s] [35m[1mConsolidate compiler generated dependencies of target pan_tilt_msgs__rosidl_typesupport_introspection_cpp[0m
[0.532s] [35m[1mConsolidate compiler generated dependencies of target pan_tilt_msgs__rosidl_typesupport_fastrtps_cpp[0m
[0.534s] [ 34%] Built target pan_tilt_msgs__rosidl_typesupport_c
[0.545s] [ 45%] Built target pan_tilt_msgs__rosidl_typesupport_introspection_c
[0.569s] [ 56%] Built target pan_tilt_msgs__rosidl_typesupport_fastrtps_cpp
[0.573s] [ 67%] Built target pan_tilt_msgs__rosidl_typesupport_introspection_cpp
[0.597s] [35m[1mConsolidate compiler generated dependencies of target pan_tilt_msgs__rosidl_typesupport_fastrtps_c[0m
[0.631s] [ 78%] Built target pan_tilt_msgs__rosidl_typesupport_fastrtps_c
[0.669s] [ 78%] Built target pan_tilt_msgs
[0.712s] [ 80%] Built target pan_tilt_msgs__py
[0.744s] [35m[1mConsolidate compiler generated dependencies of target pan_tilt_msgs__rosidl_generator_py[0m
[0.779s] [ 89%] Built target pan_tilt_msgs__rosidl_generator_py
[0.807s] [35m[1mConsolidate compiler generated dependencies of target pan_tilt_msgs__rosidl_typesupport_fastrtps_c__pyext[0m
[0.837s] [35m[1mConsolidate compiler generated dependencies of target pan_tilt_msgs__rosidl_typesupport_introspection_c__pyext[0m
[0.841s] [35m[1mConsolidate compiler generated dependencies of target pan_tilt_msgs__rosidl_typesupport_c__pyext[0m
[0.854s] [ 92%] Built target pan_tilt_msgs__rosidl_typesupport_fastrtps_c__pyext
[0.884s] [ 96%] Built target pan_tilt_msgs__rosidl_typesupport_c__pyext
[0.884s] [100%] Built target pan_tilt_msgs__rosidl_typesupport_introspection_c__pyext
[1.025s] running egg_info
[1.025s] writing pan_tilt_msgs.egg-info/PKG-INFO
[1.025s] writing dependency_links to pan_tilt_msgs.egg-info/dependency_links.txt
[1.025s] writing top-level names to pan_tilt_msgs.egg-info/top_level.txt
[1.028s] reading manifest file 'pan_tilt_msgs.egg-info/SOURCES.txt'
[1.029s] writing manifest file 'pan_tilt_msgs.egg-info/SOURCES.txt'
[1.065s] [100%] Built target ament_cmake_python_build_pan_tilt_msgs_egg
[1.096s] Invoked command in '/home/tony/ros2_ws/build/pan_tilt_msgs' returned '0': CMAKE_PREFIX_PATH=${CMAKE_PREFIX_PATH}:/home/tony/ros2_ws/install/witmotion_ros_driver:/home/tony/ros2_ws/install/interbotix_xs_modules:/home/tony/ros2_ws/install/interbotix_perception_modules:/home/tony/ros2_ws/install/interbotix_common_modules:/opt/ros/humble /usr/bin/cmake --build /home/tony/ros2_ws/build/pan_tilt_msgs -- -j8 -l8
[1.386s] Invoking command in '/home/tony/ros2_ws/build/pan_tilt_msgs': CMAKE_PREFIX_PATH=${CMAKE_PREFIX_PATH}:/home/tony/ros2_ws/install/witmotion_ros_driver:/home/tony/ros2_ws/install/interbotix_xs_modules:/home/tony/ros2_ws/install/interbotix_perception_modules:/home/tony/ros2_ws/install/interbotix_common_modules:/opt/ros/humble /usr/bin/cmake --install /home/tony/ros2_ws/build/pan_tilt_msgs
[1.396s] -- Install configuration: ""
[1.396s] -- Execute custom install script
[1.396s] -- Up-to-date symlink: /home/tony/ros2_ws/install/pan_tilt_msgs/share/ament_index/resource_index/rosidl_interfaces/pan_tilt_msgs
[1.397s] -- Up-to-date symlink: /home/tony/ros2_ws/install/pan_tilt_msgs/include/pan_tilt_msgs/pan_tilt_msgs/msg/detail/pan_joint_state__functions.h
[1.397s] -- Up-to-date symlink: /home/tony/ros2_ws/install/pan_tilt_msgs/include/pan_tilt_msgs/pan_tilt_msgs/msg/detail/pan_joint_state__struct.h
[1.397s] -- Up-to-date symlink: /home/tony/ros2_ws/install/pan_tilt_msgs/include/pan_tilt_msgs/pan_tilt_msgs/msg/detail/pan_joint_state__type_support.h
[1.397s] -- Up-to-date symlink: /home/tony/ros2_ws/install/pan_tilt_msgs/include/pan_tilt_msgs/pan_tilt_msgs/msg/detail/pan_tilt_cmd_deg__functions.h
[1.397s] -- Up-to-date symlink: /home/tony/ros2_ws/install/pan_tilt_msgs/include/pan_tilt_msgs/pan_tilt_msgs/msg/detail/pan_tilt_cmd_deg__struct.h
[1.397s] -- Up-to-date symlink: /home/tony/ros2_ws/install/pan_tilt_msgs/include/pan_tilt_msgs/pan_tilt_msgs/msg/detail/pan_tilt_cmd_deg__type_support.h
[1.397s] -- Up-to-date symlink: /home/tony/ros2_ws/install/pan_tilt_msgs/include/pan_tilt_msgs/pan_tilt_msgs/msg/detail/pan_tilt_cmd_rad__functions.h
[1.398s] -- Up-to-date symlink: /home/tony/ros2_ws/install/pan_tilt_msgs/include/pan_tilt_msgs/pan_tilt_msgs/msg/detail/pan_tilt_cmd_rad__struct.h
[1.398s] -- Up-to-date symlink: /home/tony/ros2_ws/install/pan_tilt_msgs/include/pan_tilt_msgs/pan_tilt_msgs/msg/detail/pan_tilt_cmd_rad__type_support.h
[1.398s] -- Up-to-date symlink: /home/tony/ros2_ws/install/pan_tilt_msgs/include/pan_tilt_msgs/pan_tilt_msgs/msg/detail/pan_tilt_status__functions.h
[1.398s] -- Up-to-date symlink: /home/tony/ros2_ws/install/pan_tilt_msgs/include/pan_tilt_msgs/pan_tilt_msgs/msg/detail/pan_tilt_status__struct.h
[1.398s] -- Up-to-date symlink: /home/tony/ros2_ws/install/pan_tilt_msgs/include/pan_tilt_msgs/pan_tilt_msgs/msg/detail/pan_tilt_status__type_support.h
[1.398s] -- Up-to-date symlink: /home/tony/ros2_ws/install/pan_tilt_msgs/include/pan_tilt_msgs/pan_tilt_msgs/msg/pan_joint_state.h
[1.398s] -- Up-to-date symlink: /home/tony/ros2_ws/install/pan_tilt_msgs/include/pan_tilt_msgs/pan_tilt_msgs/msg/pan_tilt_cmd_deg.h
[1.398s] -- Up-to-date symlink: /home/tony/ros2_ws/install/pan_tilt_msgs/include/pan_tilt_msgs/pan_tilt_msgs/msg/pan_tilt_cmd_rad.h
[1.398s] -- Up-to-date symlink: /home/tony/ros2_ws/install/pan_tilt_msgs/include/pan_tilt_msgs/pan_tilt_msgs/msg/pan_tilt_status.h
[1.399s] -- Up-to-date symlink: /home/tony/ros2_ws/install/pan_tilt_msgs/include/pan_tilt_msgs/pan_tilt_msgs/msg/rosidl_generator_c__visibility_control.h
[1.399s] -- Up-to-date symlink: /home/tony/ros2_ws/install/pan_tilt_msgs/share/pan_tilt_msgs/environment/library_path.sh
[1.399s] -- Up-to-date symlink: /home/tony/ros2_ws/install/pan_tilt_msgs/share/pan_tilt_msgs/environment/library_path.dsv
[1.399s] -- Up-to-date symlink: /home/tony/ros2_ws/install/pan_tilt_msgs/include/pan_tilt_msgs/pan_tilt_msgs/msg/detail/pan_joint_state__rosidl_typesupport_fastrtps_c.h
[1.399s] -- Up-to-date symlink: /home/tony/ros2_ws/install/pan_tilt_msgs/include/pan_tilt_msgs/pan_tilt_msgs/msg/detail/pan_tilt_cmd_deg__rosidl_typesupport_fastrtps_c.h
[1.399s] -- Up-to-date symlink: /home/tony/ros2_ws/install/pan_tilt_msgs/include/pan_tilt_msgs/pan_tilt_msgs/msg/detail/pan_tilt_cmd_rad__rosidl_typesupport_fastrtps_c.h
[1.399s] -- Up-to-date symlink: /home/tony/ros2_ws/install/pan_tilt_msgs/include/pan_tilt_msgs/pan_tilt_msgs/msg/detail/pan_tilt_status__rosidl_typesupport_fastrtps_c.h
[1.399s] -- Up-to-date symlink: /home/tony/ros2_ws/install/pan_tilt_msgs/include/pan_tilt_msgs/pan_tilt_msgs/msg/rosidl_typesupport_fastrtps_c__visibility_control.h
[1.402s] -- Up-to-date symlink: /home/tony/ros2_ws/install/pan_tilt_msgs/include/pan_tilt_msgs/pan_tilt_msgs/msg/detail/pan_joint_state__builder.hpp
[1.402s] -- Up-to-date symlink: /home/tony/ros2_ws/install/pan_tilt_msgs/include/pan_tilt_msgs/pan_tilt_msgs/msg/detail/pan_joint_state__struct.hpp
[1.402s] -- Up-to-date symlink: /home/tony/ros2_ws/install/pan_tilt_msgs/include/pan_tilt_msgs/pan_tilt_msgs/msg/detail/pan_joint_state__traits.hpp
[1.402s] -- Up-to-date symlink: /home/tony/ros2_ws/install/pan_tilt_msgs/include/pan_tilt_msgs/pan_tilt_msgs/msg/detail/pan_tilt_cmd_deg__builder.hpp
[1.402s] -- Up-to-date symlink: /home/tony/ros2_ws/install/pan_tilt_msgs/include/pan_tilt_msgs/pan_tilt_msgs/msg/detail/pan_tilt_cmd_deg__struct.hpp
[1.402s] -- Up-to-date symlink: /home/tony/ros2_ws/install/pan_tilt_msgs/include/pan_tilt_msgs/pan_tilt_msgs/msg/detail/pan_tilt_cmd_deg__traits.hpp
[1.402s] -- Up-to-date symlink: /home/tony/ros2_ws/install/pan_tilt_msgs/include/pan_tilt_msgs/pan_tilt_msgs/msg/detail/pan_tilt_cmd_rad__builder.hpp
[1.402s] -- Up-to-date symlink: /home/tony/ros2_ws/install/pan_tilt_msgs/include/pan_tilt_msgs/pan_tilt_msgs/msg/detail/pan_tilt_cmd_rad__struct.hpp
[1.402s] -- Up-to-date symlink: /home/tony/ros2_ws/install/pan_tilt_msgs/include/pan_tilt_msgs/pan_tilt_msgs/msg/detail/pan_tilt_cmd_rad__traits.hpp
[1.402s] -- Up-to-date symlink: /home/tony/ros2_ws/install/pan_tilt_msgs/include/pan_tilt_msgs/pan_tilt_msgs/msg/detail/pan_tilt_status__builder.hpp
[1.402s] -- Up-to-date symlink: /home/tony/ros2_ws/install/pan_tilt_msgs/include/pan_tilt_msgs/pan_tilt_msgs/msg/detail/pan_tilt_status__struct.hpp
[1.403s] -- Up-to-date symlink: /home/tony/ros2_ws/install/pan_tilt_msgs/include/pan_tilt_msgs/pan_tilt_msgs/msg/detail/pan_tilt_status__traits.hpp
[1.403s] -- Up-to-date symlink: /home/tony/ros2_ws/install/pan_tilt_msgs/include/pan_tilt_msgs/pan_tilt_msgs/msg/pan_joint_state.hpp
[1.403s] -- Up-to-date symlink: /home/tony/ros2_ws/install/pan_tilt_msgs/include/pan_tilt_msgs/pan_tilt_msgs/msg/pan_tilt_cmd_deg.hpp
[1.403s] -- Up-to-date symlink: /home/tony/ros2_ws/install/pan_tilt_msgs/include/pan_tilt_msgs/pan_tilt_msgs/msg/pan_tilt_cmd_rad.hpp
[1.403s] -- Up-to-date symlink: /home/tony/ros2_ws/install/pan_tilt_msgs/include/pan_tilt_msgs/pan_tilt_msgs/msg/pan_tilt_status.hpp
[1.403s] -- Up-to-date symlink: /home/tony/ros2_ws/install/pan_tilt_msgs/include/pan_tilt_msgs/pan_tilt_msgs/msg/detail/pan_joint_state__rosidl_typesupport_fastrtps_cpp.hpp
[1.403s] -- Up-to-date symlink: /home/tony/ros2_ws/install/pan_tilt_msgs/include/pan_tilt_msgs/pan_tilt_msgs/msg/detail/pan_tilt_cmd_deg__rosidl_typesupport_fastrtps_cpp.hpp
[1.403s] -- Up-to-date symlink: /home/tony/ros2_ws/install/pan_tilt_msgs/include/pan_tilt_msgs/pan_tilt_msgs/msg/detail/pan_tilt_cmd_rad__rosidl_typesupport_fastrtps_cpp.hpp
[1.403s] -- Up-to-date symlink: /home/tony/ros2_ws/install/pan_tilt_msgs/include/pan_tilt_msgs/pan_tilt_msgs/msg/detail/pan_tilt_status__rosidl_typesupport_fastrtps_cpp.hpp
[1.403s] -- Up-to-date symlink: /home/tony/ros2_ws/install/pan_tilt_msgs/include/pan_tilt_msgs/pan_tilt_msgs/msg/rosidl_typesupport_fastrtps_cpp__visibility_control.h
[1.403s] -- Up-to-date symlink: /home/tony/ros2_ws/install/pan_tilt_msgs/include/pan_tilt_msgs/pan_tilt_msgs/msg/detail/pan_joint_state__rosidl_typesupport_introspection_c.h
[1.403s] -- Up-to-date symlink: /home/tony/ros2_ws/install/pan_tilt_msgs/include/pan_tilt_msgs/pan_tilt_msgs/msg/detail/pan_tilt_cmd_deg__rosidl_typesupport_introspection_c.h
[1.404s] -- Up-to-date symlink: /home/tony/ros2_ws/install/pan_tilt_msgs/include/pan_tilt_msgs/pan_tilt_msgs/msg/detail/pan_tilt_cmd_rad__rosidl_typesupport_introspection_c.h
[1.404s] -- Up-to-date symlink: /home/tony/ros2_ws/install/pan_tilt_msgs/include/pan_tilt_msgs/pan_tilt_msgs/msg/detail/pan_tilt_status__rosidl_typesupport_introspection_c.h
[1.404s] -- Up-to-date symlink: /home/tony/ros2_ws/install/pan_tilt_msgs/include/pan_tilt_msgs/pan_tilt_msgs/msg/rosidl_typesupport_introspection_c__visibility_control.h
[1.404s] -- Up-to-date symlink: /home/tony/ros2_ws/install/pan_tilt_msgs/include/pan_tilt_msgs/pan_tilt_msgs/msg/detail/pan_joint_state__rosidl_typesupport_introspection_cpp.hpp
[1.404s] -- Up-to-date symlink: /home/tony/ros2_ws/install/pan_tilt_msgs/include/pan_tilt_msgs/pan_tilt_msgs/msg/detail/pan_tilt_cmd_deg__rosidl_typesupport_introspection_cpp.hpp
[1.404s] -- Up-to-date symlink: /home/tony/ros2_ws/install/pan_tilt_msgs/include/pan_tilt_msgs/pan_tilt_msgs/msg/detail/pan_tilt_cmd_rad__rosidl_typesupport_introspection_cpp.hpp
[1.405s] -- Up-to-date symlink: /home/tony/ros2_ws/install/pan_tilt_msgs/include/pan_tilt_msgs/pan_tilt_msgs/msg/detail/pan_tilt_status__rosidl_typesupport_introspection_cpp.hpp
[1.405s] -- Up-to-date symlink: /home/tony/ros2_ws/install/pan_tilt_msgs/share/pan_tilt_msgs/environment/pythonpath.sh
[1.405s] -- Up-to-date symlink: /home/tony/ros2_ws/install/pan_tilt_msgs/share/pan_tilt_msgs/environment/pythonpath.dsv
[1.405s] -- Up-to-date symlink: /home/tony/ros2_ws/install/pan_tilt_msgs/local/lib/python3.10/dist-packages/pan_tilt_msgs-1.0.0-py3.10.egg-info/PKG-INFO
[1.405s] -- Up-to-date symlink: /home/tony/ros2_ws/install/pan_tilt_msgs/local/lib/python3.10/dist-packages/pan_tilt_msgs-1.0.0-py3.10.egg-info/SOURCES.txt
[1.405s] -- Up-to-date symlink: /home/tony/ros2_ws/install/pan_tilt_msgs/local/lib/python3.10/dist-packages/pan_tilt_msgs-1.0.0-py3.10.egg-info/dependency_links.txt
[1.405s] -- Up-to-date symlink: /home/tony/ros2_ws/install/pan_tilt_msgs/local/lib/python3.10/dist-packages/pan_tilt_msgs-1.0.0-py3.10.egg-info/top_level.txt
[1.405s] -- Up-to-date symlink: /home/tony/ros2_ws/install/pan_tilt_msgs/local/lib/python3.10/dist-packages/pan_tilt_msgs/__init__.py
[1.406s] -- Up-to-date symlink: /home/tony/ros2_ws/install/pan_tilt_msgs/local/lib/python3.10/dist-packages/pan_tilt_msgs/_pan_tilt_msgs_s.ep.rosidl_typesupport_c.c
[1.406s] -- Up-to-date symlink: /home/tony/ros2_ws/install/pan_tilt_msgs/local/lib/python3.10/dist-packages/pan_tilt_msgs/_pan_tilt_msgs_s.ep.rosidl_typesupport_fastrtps_c.c
[1.406s] -- Up-to-date symlink: /home/tony/ros2_ws/install/pan_tilt_msgs/local/lib/python3.10/dist-packages/pan_tilt_msgs/_pan_tilt_msgs_s.ep.rosidl_typesupport_introspection_c.c
[1.406s] -- Up-to-date symlink: /home/tony/ros2_ws/install/pan_tilt_msgs/local/lib/python3.10/dist-packages/pan_tilt_msgs/libpan_tilt_msgs__rosidl_generator_py.so
[1.406s] -- Up-to-date symlink: /home/tony/ros2_ws/install/pan_tilt_msgs/local/lib/python3.10/dist-packages/pan_tilt_msgs/msg/__init__.py
[1.406s] -- Up-to-date symlink: /home/tony/ros2_ws/install/pan_tilt_msgs/local/lib/python3.10/dist-packages/pan_tilt_msgs/msg/_pan_joint_state.py
[1.406s] -- Up-to-date symlink: /home/tony/ros2_ws/install/pan_tilt_msgs/local/lib/python3.10/dist-packages/pan_tilt_msgs/msg/_pan_joint_state_s.c
[1.407s] -- Up-to-date symlink: /home/tony/ros2_ws/install/pan_tilt_msgs/local/lib/python3.10/dist-packages/pan_tilt_msgs/msg/_pan_tilt_cmd_deg.py
[1.407s] -- Up-to-date symlink: /home/tony/ros2_ws/install/pan_tilt_msgs/local/lib/python3.10/dist-packages/pan_tilt_msgs/msg/_pan_tilt_cmd_deg_s.c
[1.407s] -- Up-to-date symlink: /home/tony/ros2_ws/install/pan_tilt_msgs/local/lib/python3.10/dist-packages/pan_tilt_msgs/msg/_pan_tilt_cmd_rad.py
[1.407s] -- Up-to-date symlink: /home/tony/ros2_ws/install/pan_tilt_msgs/local/lib/python3.10/dist-packages/pan_tilt_msgs/msg/_pan_tilt_cmd_rad_s.c
[1.407s] -- Up-to-date symlink: /home/tony/ros2_ws/install/pan_tilt_msgs/local/lib/python3.10/dist-packages/pan_tilt_msgs/msg/_pan_tilt_status.py
[1.408s] -- Up-to-date symlink: /home/tony/ros2_ws/install/pan_tilt_msgs/local/lib/python3.10/dist-packages/pan_tilt_msgs/msg/_pan_tilt_status_s.c
[1.408s] -- Up-to-date symlink: /home/tony/ros2_ws/install/pan_tilt_msgs/local/lib/python3.10/dist-packages/pan_tilt_msgs/pan_tilt_msgs_s__rosidl_typesupport_c.cpython-310-x86_64-linux-gnu.so
[1.408s] -- Up-to-date symlink: /home/tony/ros2_ws/install/pan_tilt_msgs/local/lib/python3.10/dist-packages/pan_tilt_msgs/pan_tilt_msgs_s__rosidl_typesupport_fastrtps_c.cpython-310-x86_64-linux-gnu.so
[1.408s] -- Up-to-date symlink: /home/tony/ros2_ws/install/pan_tilt_msgs/local/lib/python3.10/dist-packages/pan_tilt_msgs/pan_tilt_msgs_s__rosidl_typesupport_introspection_c.cpython-310-x86_64-linux-gnu.so
[1.408s] -- Up-to-date symlink: /home/tony/ros2_ws/install/pan_tilt_msgs/local/lib/python3.10/dist-packages/pan_tilt_msgs/pan_tilt_msgs_s__rosidl_typesupport_fastrtps_c.cpython-310-x86_64-linux-gnu.so
[1.411s] -- Up-to-date symlink: /home/tony/ros2_ws/install/pan_tilt_msgs/local/lib/python3.10/dist-packages/pan_tilt_msgs/pan_tilt_msgs_s__rosidl_typesupport_introspection_c.cpython-310-x86_64-linux-gnu.so
[1.411s] -- Up-to-date symlink: /home/tony/ros2_ws/install/pan_tilt_msgs/local/lib/python3.10/dist-packages/pan_tilt_msgs/pan_tilt_msgs_s__rosidl_typesupport_c.cpython-310-x86_64-linux-gnu.so
[1.411s] -- Up-to-date symlink: /home/tony/ros2_ws/install/pan_tilt_msgs/share/pan_tilt_msgs/msg/PanTiltCmdDeg.idl
[1.411s] -- Up-to-date symlink: /home/tony/ros2_ws/install/pan_tilt_msgs/share/pan_tilt_msgs/msg/PanTiltCmdRad.idl
[1.411s] -- Up-to-date symlink: /home/tony/ros2_ws/install/pan_tilt_msgs/share/pan_tilt_msgs/msg/PanTiltStatus.idl
[1.411s] -- Up-to-date symlink: /home/tony/ros2_ws/install/pan_tilt_msgs/share/pan_tilt_msgs/msg/PanJointState.idl
[1.411s] -- Up-to-date symlink: /home/tony/ros2_ws/install/pan_tilt_msgs/share/pan_tilt_msgs/msg/PanTiltCmdDeg.msg
[1.412s] -- Up-to-date symlink: /home/tony/ros2_ws/install/pan_tilt_msgs/share/pan_tilt_msgs/msg/PanTiltCmdRad.msg
[1.412s] -- Up-to-date symlink: /home/tony/ros2_ws/install/pan_tilt_msgs/share/pan_tilt_msgs/msg/PanTiltStatus.msg
[1.412s] -- Up-to-date symlink: /home/tony/ros2_ws/install/pan_tilt_msgs/share/pan_tilt_msgs/msg/PanJointState.msg
[1.412s] -- Up-to-date symlink: /home/tony/ros2_ws/install/pan_tilt_msgs/share/ament_index/resource_index/package_run_dependencies/pan_tilt_msgs
[1.412s] -- Up-to-date symlink: /home/tony/ros2_ws/install/pan_tilt_msgs/share/ament_index/resource_index/parent_prefix_path/pan_tilt_msgs
[1.412s] -- Up-to-date symlink: /home/tony/ros2_ws/install/pan_tilt_msgs/share/pan_tilt_msgs/environment/ament_prefix_path.sh
[1.412s] -- Up-to-date symlink: /home/tony/ros2_ws/install/pan_tilt_msgs/share/pan_tilt_msgs/environment/ament_prefix_path.dsv
[1.412s] -- Up-to-date symlink: /home/tony/ros2_ws/install/pan_tilt_msgs/share/pan_tilt_msgs/environment/path.sh
[1.412s] -- Up-to-date symlink: /home/tony/ros2_ws/install/pan_tilt_msgs/share/pan_tilt_msgs/environment/path.dsv
[1.412s] -- Up-to-date symlink: /home/tony/ros2_ws/install/pan_tilt_msgs/share/pan_tilt_msgs/local_setup.bash
[1.412s] -- Up-to-date symlink: /home/tony/ros2_ws/install/pan_tilt_msgs/share/pan_tilt_msgs/local_setup.sh
[1.412s] -- Up-to-date symlink: /home/tony/ros2_ws/install/pan_tilt_msgs/share/pan_tilt_msgs/local_setup.zsh
[1.412s] -- Up-to-date symlink: /home/tony/ros2_ws/install/pan_tilt_msgs/share/pan_tilt_msgs/local_setup.dsv
[1.413s] -- Symlinking: /home/tony/ros2_ws/install/pan_tilt_msgs/share/pan_tilt_msgs/package.dsv
[1.427s] -- Up-to-date symlink: /home/tony/ros2_ws/install/pan_tilt_msgs/share/ament_index/resource_index/packages/pan_tilt_msgs
[1.427s] -- Up-to-date symlink: /home/tony/ros2_ws/install/pan_tilt_msgs/share/pan_tilt_msgs/cmake/rosidl_cmake-extras.cmake
[1.427s] -- Up-to-date symlink: /home/tony/ros2_ws/install/pan_tilt_msgs/share/pan_tilt_msgs/cmake/ament_cmake_export_dependencies-extras.cmake
[1.427s] -- Up-to-date symlink: /home/tony/ros2_ws/install/pan_tilt_msgs/share/pan_tilt_msgs/cmake/ament_cmake_export_include_directories-extras.cmake
[1.433s] -- Up-to-date symlink: /home/tony/ros2_ws/install/pan_tilt_msgs/share/pan_tilt_msgs/cmake/ament_cmake_export_libraries-extras.cmake
[1.434s] -- Up-to-date symlink: /home/tony/ros2_ws/install/pan_tilt_msgs/share/pan_tilt_msgs/cmake/ament_cmake_export_targets-extras.cmake
[1.434s] -- Up-to-date symlink: /home/tony/ros2_ws/install/pan_tilt_msgs/share/pan_tilt_msgs/cmake/rosidl_cmake_export_typesupport_targets-extras.cmake
[1.434s] -- Up-to-date symlink: /home/tony/ros2_ws/install/pan_tilt_msgs/share/pan_tilt_msgs/cmake/rosidl_cmake_export_typesupport_libraries-extras.cmake
[1.434s] -- Up-to-date symlink: /home/tony/ros2_ws/install/pan_tilt_msgs/share/pan_tilt_msgs/cmake/pan_tilt_msgsConfig.cmake
[1.434s] -- Up-to-date symlink: /home/tony/ros2_ws/install/pan_tilt_msgs/share/pan_tilt_msgs/cmake/pan_tilt_msgsConfig-version.cmake
[1.435s] -- Up-to-date symlink: /home/tony/ros2_ws/install/pan_tilt_msgs/share/pan_tilt_msgs/package.xml
[1.435s] -- Up-to-date: /home/tony/ros2_ws/install/pan_tilt_msgs/lib/libpan_tilt_msgs__rosidl_generator_c.so
[1.439s] -- Up-to-date: /home/tony/ros2_ws/install/pan_tilt_msgs/lib/libpan_tilt_msgs__rosidl_typesupport_fastrtps_c.so
[1.440s] -- Up-to-date: /home/tony/ros2_ws/install/pan_tilt_msgs/lib/libpan_tilt_msgs__rosidl_typesupport_fastrtps_cpp.so
[1.440s] -- Up-to-date: /home/tony/ros2_ws/install/pan_tilt_msgs/lib/libpan_tilt_msgs__rosidl_typesupport_introspection_c.so
[1.440s] -- Up-to-date: /home/tony/ros2_ws/install/pan_tilt_msgs/lib/libpan_tilt_msgs__rosidl_typesupport_c.so
[1.441s] -- Up-to-date: /home/tony/ros2_ws/install/pan_tilt_msgs/lib/libpan_tilt_msgs__rosidl_typesupport_introspection_cpp.so
[1.441s] -- Up-to-date: /home/tony/ros2_ws/install/pan_tilt_msgs/lib/libpan_tilt_msgs__rosidl_typesupport_cpp.so
[1.472s] Listing '/home/tony/ros2_ws/install/pan_tilt_msgs/local/lib/python3.10/dist-packages/pan_tilt_msgs'...
[1.472s] Listing '/home/tony/ros2_ws/install/pan_tilt_msgs/local/lib/python3.10/dist-packages/pan_tilt_msgs/msg'...
[1.478s] -- Up-to-date: /home/tony/ros2_ws/install/pan_tilt_msgs/lib/libpan_tilt_msgs__rosidl_generator_py.so
[1.479s] -- Up-to-date: /home/tony/ros2_ws/install/pan_tilt_msgs/share/pan_tilt_msgs/cmake/export_pan_tilt_msgs__rosidl_generator_cExport.cmake
[1.479s] -- Up-to-date: /home/tony/ros2_ws/install/pan_tilt_msgs/share/pan_tilt_msgs/cmake/export_pan_tilt_msgs__rosidl_generator_cExport-noconfig.cmake
[1.479s] -- Up-to-date: /home/tony/ros2_ws/install/pan_tilt_msgs/share/pan_tilt_msgs/cmake/export_pan_tilt_msgs__rosidl_typesupport_fastrtps_cExport.cmake
[1.479s] -- Up-to-date: /home/tony/ros2_ws/install/pan_tilt_msgs/share/pan_tilt_msgs/cmake/export_pan_tilt_msgs__rosidl_typesupport_fastrtps_cExport-noconfig.cmake
[1.479s] -- Up-to-date: /home/tony/ros2_ws/install/pan_tilt_msgs/share/pan_tilt_msgs/cmake/export_pan_tilt_msgs__rosidl_generator_cppExport.cmake
[1.479s] -- Up-to-date: /home/tony/ros2_ws/install/pan_tilt_msgs/share/pan_tilt_msgs/cmake/export_pan_tilt_msgs__rosidl_typesupport_fastrtps_cppExport.cmake
[1.480s] -- Up-to-date: /home/tony/ros2_ws/install/pan_tilt_msgs/share/pan_tilt_msgs/cmake/export_pan_tilt_msgs__rosidl_typesupport_fastrtps_cppExport-noconfig.cmake
[1.480s] -- Up-to-date: /home/tony/ros2_ws/install/pan_tilt_msgs/share/pan_tilt_msgs/cmake/pan_tilt_msgs__rosidl_typesupport_introspection_cExport.cmake
[1.480s] -- Up-to-date: /home/tony/ros2_ws/install/pan_tilt_msgs/share/pan_tilt_msgs/cmake/pan_tilt_msgs__rosidl_typesupport_introspection_cExport-noconfig.cmake
[1.480s] -- Up-to-date: /home/tony/ros2_ws/install/pan_tilt_msgs/share/pan_tilt_msgs/cmake/pan_tilt_msgs__rosidl_typesupport_cExport.cmake
[1.480s] -- Up-to-date: /home/tony/ros2_ws/install/pan_tilt_msgs/share/pan_tilt_msgs/cmake/pan_tilt_msgs__rosidl_typesupport_cExport-noconfig.cmake
[1.480s] -- Up-to-date: /home/tony/ros2_ws/install/pan_tilt_msgs/share/pan_tilt_msgs/cmake/pan_tilt_msgs__rosidl_typesupport_introspection_cppExport.cmake
[1.480s] -- Up-to-date: /home/tony/ros2_ws/install/pan_tilt_msgs/share/pan_tilt_msgs/cmake/pan_tilt_msgs__rosidl_typesupport_introspection_cppExport-noconfig.cmake
[1.480s] -- Up-to-date: /home/tony/ros2_ws/install/pan_tilt_msgs/share/pan_tilt_msgs/cmake/pan_tilt_msgs__rosidl_typesupport_cppExport.cmake
[1.481s] -- Up-to-date: /home/tony/ros2_ws/install/pan_tilt_msgs/share/pan_tilt_msgs/cmake/pan_tilt_msgs__rosidl_typesupport_cppExport-noconfig.cmake
[1.481s] -- Up-to-date: /home/tony/ros2_ws/install/pan_tilt_msgs/share/pan_tilt_msgs/cmake/export_pan_tilt_msgs__rosidl_generator_pyExport.cmake
[1.481s] -- Up-to-date: /home/tony/ros2_ws/install/pan_tilt_msgs/share/pan_tilt_msgs/cmake/export_pan_tilt_msgs__rosidl_generator_pyExport-noconfig.cmake
[1.745s] Invoked command in '/home/tony/ros2_ws/build/pan_tilt_msgs' returned '0': CMAKE_PREFIX_PATH=${CMAKE_PREFIX_PATH}:/home/tony/ros2_ws/install/witmotion_ros_driver:/home/tony/ros2_ws/install/interbotix_xs_modules:/home/tony/ros2_ws/install/interbotix_perception_modules:/home/tony/ros2_ws/install/interbotix_common_modules:/opt/ros/humble /usr/bin/cmake --install /home/tony/ros2_ws/build/pan_tilt_msgs
