[0.028s] Invoking command in '/home/tony/ros2_ws/build/iqr_tb4_bringup': CMAKE_PREFIX_PATH=${CMAKE_PREFIX_PATH}:/home/tony/ros2_ws/install/ros2_aruco:/home/tony/ros2_ws/install/witmotion_ros_driver:/home/tony/ros2_ws/install/interbotix_xs_modules:/home/tony/ros2_ws/install/interbotix_perception_modules:/home/tony/ros2_ws/install/interbotix_common_modules:/opt/ros/humble /usr/bin/cmake --build /home/tony/ros2_ws/build/iqr_tb4_bringup -- -j8 -l8
[0.279s] Invoked command in '/home/tony/ros2_ws/build/iqr_tb4_bringup' returned '0': CMAKE_PREFIX_PATH=${CMAKE_PREFIX_PATH}:/home/tony/ros2_ws/install/ros2_aruco:/home/tony/ros2_ws/install/witmotion_ros_driver:/home/tony/ros2_ws/install/interbotix_xs_modules:/home/tony/ros2_ws/install/interbotix_perception_modules:/home/tony/ros2_ws/install/interbotix_common_modules:/opt/ros/humble /usr/bin/cmake --build /home/tony/ros2_ws/build/iqr_tb4_bringup -- -j8 -l8
[0.338s] Invoking command in '/home/tony/ros2_ws/build/iqr_tb4_bringup': CMAKE_PREFIX_PATH=${CMAKE_PREFIX_PATH}:/home/tony/ros2_ws/install/ros2_aruco:/home/tony/ros2_ws/install/witmotion_ros_driver:/home/tony/ros2_ws/install/interbotix_xs_modules:/home/tony/ros2_ws/install/interbotix_perception_modules:/home/tony/ros2_ws/install/interbotix_common_modules:/opt/ros/humble /usr/bin/cmake --install /home/tony/ros2_ws/build/iqr_tb4_bringup
[0.352s] -- Install configuration: ""
[0.352s] -- Execute custom install script
[0.352s] -- Up-to-date symlink: /home/tony/ros2_ws/install/iqr_tb4_bringup/share/iqr_tb4_bringup/launch/arm_bringup.launch.py
[0.352s] -- Up-to-date symlink: /home/tony/ros2_ws/install/iqr_tb4_bringup/share/iqr_tb4_bringup/launch/arm_demo.launch.py
[0.352s] -- Up-to-date symlink: /home/tony/ros2_ws/install/iqr_tb4_bringup/share/iqr_tb4_bringup/launch/bringup.launch.py
[0.352s] -- Up-to-date symlink: /home/tony/ros2_ws/install/iqr_tb4_bringup/lib/iqr_tb4_bringup/gripper_control.py
[0.352s] -- Up-to-date symlink: /home/tony/ros2_ws/install/iqr_tb4_bringup/share/ament_index/resource_index/package_run_dependencies/iqr_tb4_bringup
[0.352s] -- Up-to-date symlink: /home/tony/ros2_ws/install/iqr_tb4_bringup/share/ament_index/resource_index/parent_prefix_path/iqr_tb4_bringup
[0.352s] -- Up-to-date symlink: /home/tony/ros2_ws/install/iqr_tb4_bringup/share/iqr_tb4_bringup/environment/ament_prefix_path.sh
[0.352s] -- Up-to-date symlink: /home/tony/ros2_ws/install/iqr_tb4_bringup/share/iqr_tb4_bringup/environment/ament_prefix_path.dsv
[0.352s] -- Up-to-date symlink: /home/tony/ros2_ws/install/iqr_tb4_bringup/share/iqr_tb4_bringup/environment/path.sh
[0.352s] -- Up-to-date symlink: /home/tony/ros2_ws/install/iqr_tb4_bringup/share/iqr_tb4_bringup/environment/path.dsv
[0.353s] -- Up-to-date symlink: /home/tony/ros2_ws/install/iqr_tb4_bringup/share/iqr_tb4_bringup/local_setup.bash
[0.353s] -- Up-to-date symlink: /home/tony/ros2_ws/install/iqr_tb4_bringup/share/iqr_tb4_bringup/local_setup.sh
[0.353s] -- Up-to-date symlink: /home/tony/ros2_ws/install/iqr_tb4_bringup/share/iqr_tb4_bringup/local_setup.zsh
[0.353s] -- Up-to-date symlink: /home/tony/ros2_ws/install/iqr_tb4_bringup/share/iqr_tb4_bringup/local_setup.dsv
[0.353s] -- Symlinking: /home/tony/ros2_ws/install/iqr_tb4_bringup/share/iqr_tb4_bringup/package.dsv
[0.377s] -- Up-to-date symlink: /home/tony/ros2_ws/install/iqr_tb4_bringup/share/ament_index/resource_index/packages/iqr_tb4_bringup
[0.377s] -- Up-to-date symlink: /home/tony/ros2_ws/install/iqr_tb4_bringup/share/iqr_tb4_bringup/cmake/iqr_tb4_bringupConfig.cmake
[0.377s] -- Up-to-date symlink: /home/tony/ros2_ws/install/iqr_tb4_bringup/share/iqr_tb4_bringup/cmake/iqr_tb4_bringupConfig-version.cmake
[0.377s] -- Up-to-date symlink: /home/tony/ros2_ws/install/iqr_tb4_bringup/share/iqr_tb4_bringup/package.xml
[0.383s] Invoked command in '/home/tony/ros2_ws/build/iqr_tb4_bringup' returned '0': CMAKE_PREFIX_PATH=${CMAKE_PREFIX_PATH}:/home/tony/ros2_ws/install/ros2_aruco:/home/tony/ros2_ws/install/witmotion_ros_driver:/home/tony/ros2_ws/install/interbotix_xs_modules:/home/tony/ros2_ws/install/interbotix_perception_modules:/home/tony/ros2_ws/install/interbotix_common_modules:/opt/ros/humble /usr/bin/cmake --install /home/tony/ros2_ws/build/iqr_tb4_bringup
