[0.017s] Invoking command in '/home/tony/ros2_ws/build/interbotix_perception_pipelines': AMENT_PREFIX_PATH=/home/tony/ros2_ws/install/interbotix_xs_msgs:/home/tony/ros2_ws/install/interbotix_perception_msgs:/home/tony/ros2_ws/install/interbotix_common_modules:${AMENT_PREFIX_PATH} CMAKE_PREFIX_PATH=/home/tony/ros2_ws/install/interbotix_xs_msgs:/home/tony/ros2_ws/install/interbotix_perception_msgs:/opt/ros/humble LD_LIBRARY_PATH=/home/tony/ros2_ws/install/interbotix_xs_msgs/lib:/home/tony/ros2_ws/install/interbotix_perception_msgs/lib:${LD_LIBRARY_PATH} PYTHONPATH=/home/tony/ros2_ws/install/interbotix_xs_msgs/local/lib/python3.10/dist-packages:/home/tony/ros2_ws/install/interbotix_perception_msgs/local/lib/python3.10/dist-packages:/home/tony/ros2_ws/build/interbotix_common_modules:/home/tony/ros2_ws/install/interbotix_common_modules/lib/python3.10/site-packages:${PYTHONPATH} /usr/bin/cmake /home/tony/ros2_ws/src/interbotix_ros_toolboxes/interbotix_perception_toolbox/interbotix_perception_pipelines -DAMENT_CMAKE_SYMLINK_INSTALL=1 -DCMAKE_INSTALL_PREFIX=/home/tony/ros2_ws/install/interbotix_perception_pipelines
[0.083s] -- The C compiler identification is GNU 11.4.0
[0.165s] -- The CXX compiler identification is GNU 11.4.0
[0.174s] -- Detecting C compiler ABI info
[0.266s] -- Detecting C compiler ABI info - done
[0.276s] -- Check for working C compiler: /usr/bin/cc - skipped
[0.276s] -- Detecting C compile features
[0.279s] -- Detecting C compile features - done
[0.281s] -- Detecting CXX compiler ABI info
[0.391s] -- Detecting CXX compiler ABI info - done
[0.408s] -- Check for working CXX compiler: /usr/bin/c++ - skipped
[0.408s] -- Detecting CXX compile features
[0.408s] -- Detecting CXX compile features - done
[0.411s] -- Found ament_cmake: 1.3.5 (/opt/ros/humble/share/ament_cmake/cmake)
[0.685s] -- Found Python3: /usr/bin/python3.10 (found version "3.10.12") found components: Interpreter 
[0.774s] -- Override CMake install command with custom implementation using symlinks instead of copying resources
[0.819s] -- Found ament_index_cpp: 1.4.0 (/opt/ros/humble/share/ament_index_cpp/cmake)
[0.823s] -- Found rclcpp: 16.0.5 (/opt/ros/humble/share/rclcpp/cmake)
[0.888s] -- Found rosidl_generator_c: 3.1.5 (/opt/ros/humble/share/rosidl_generator_c/cmake)
[0.898s] -- Found rosidl_adapter: 3.1.5 (/opt/ros/humble/share/rosidl_adapter/cmake)
[0.919s] -- Found rosidl_generator_cpp: 3.1.5 (/opt/ros/humble/share/rosidl_generator_cpp/cmake)
[0.944s] -- Using all available rosidl_typesupport_c: rosidl_typesupport_fastrtps_c;rosidl_typesupport_introspection_c
[0.976s] -- Using all available rosidl_typesupport_cpp: rosidl_typesupport_fastrtps_cpp;rosidl_typesupport_introspection_cpp
[1.068s] -- Found rmw_implementation_cmake: 6.1.1 (/opt/ros/humble/share/rmw_implementation_cmake/cmake)
[1.071s] -- Found rmw_fastrtps_cpp: 6.2.3 (/opt/ros/humble/share/rmw_fastrtps_cpp/cmake)
[1.166s] -- Found OpenSSL: /usr/lib/x86_64-linux-gnu/libcrypto.so (found version "3.0.2")  
[1.193s] -- Found FastRTPS: /opt/ros/humble/include  
[1.257s] -- Using RMW implementation 'rmw_fastrtps_cpp' as default
[1.275s] -- Looking for pthread.h
[1.374s] -- Looking for pthread.h - found
[1.375s] -- Performing Test CMAKE_HAVE_LIBC_PTHREAD
[1.474s] -- Performing Test CMAKE_HAVE_LIBC_PTHREAD - Success
[1.476s] -- Found Threads: TRUE  
[1.716s] -- Found sensor_msgs: 4.2.3 (/opt/ros/humble/share/sensor_msgs/cmake)
[1.847s] -- Found interbotix_xs_msgs: 0.0.0 (/home/tony/ros2_ws/install/interbotix_xs_msgs/share/interbotix_xs_msgs/cmake)
[2.067s] -- Found interbotix_perception_msgs: 0.0.0 (/home/tony/ros2_ws/install/interbotix_perception_msgs/share/interbotix_perception_msgs/cmake)
[2.190s] -- Found visualization_msgs: 4.2.3 (/opt/ros/humble/share/visualization_msgs/cmake)
[2.369s] -- Found pcl_conversions: 2.4.0 (/opt/ros/humble/share/pcl_conversions/cmake)
[2.569s] -- Found pcl_ros: 2.4.0 (/opt/ros/humble/share/pcl_ros/cmake)
[2.763s] -- Found eigen3_cmake_module: 0.1.1 (/opt/ros/humble/share/eigen3_cmake_module/cmake)
[2.765s] -- Found Eigen3: TRUE (found version "3.4.0") 
[2.765s] -- Ensuring Eigen3 include directory is part of orocos-kdl CMake target
[3.421s] -- Checking for module 'eigen3'
[3.442s] --   Found eigen3, version 3.4.0
[3.657s] -- Found Eigen: /usr/include/eigen3 (Required is at least version "3.1") 
[3.658s] -- Eigen found (include: /usr/include/eigen3, version: 3.4.0)
[3.728s] -- Checking for module 'flann'
[3.789s] --   Found flann, version 1.9.1
[3.879s] -- Found FLANN: /usr/lib/x86_64-linux-gnu/libflann_cpp.so  
[3.879s] -- FLANN found (include: /usr/include, lib: /usr/lib/x86_64-linux-gnu/libflann_cpp.so)
[6.585s] -- Checking for module 'libusb-1.0'
[6.606s] --   Found libusb-1.0, version 1.0.25
[6.666s] -- Found libusb: /usr/lib/x86_64-linux-gnu/libusb-1.0.so  
[6.668s] -- OpenNI found (version: 1.5.4.0, include: /usr/include/ni, lib: /usr/lib/libOpenNI.so;libusb::libusb)
[6.749s] -- OpenNI2 found (version: 2.2.0.33, include: /usr/include/openni2, lib: /usr/lib/x86_64-linux-gnu/libOpenNI2.so;libusb::libusb)
[6.937s] -- Eigen found (include: /usr/include/eigen3, version: 3.4.0)
[6.953s] -- OpenNI found (version: 1.5.4.0, include: /usr/include/ni, lib: /usr/lib/libOpenNI.so;libusb::libusb)
[6.962s] -- OpenNI2 found (version: 2.2.0.33, include: /usr/include/openni2, lib: /usr/lib/x86_64-linux-gnu/libOpenNI2.so;libusb::libusb)
[7.193s] -- Found Qhull version 8.0.2
[7.437s] -- OpenNI found (version: 1.5.4.0, include: /usr/include/ni, lib: /usr/lib/libOpenNI.so;libusb::libusb)
[7.658s] -- Found PCL_COMMON: /usr/lib/x86_64-linux-gnu/libpcl_common.so  
[7.661s] -- Found PCL_KDTREE: /usr/lib/x86_64-linux-gnu/libpcl_kdtree.so  
[7.664s] -- Found PCL_OCTREE: /usr/lib/x86_64-linux-gnu/libpcl_octree.so  
[7.666s] -- Found PCL_SEARCH: /usr/lib/x86_64-linux-gnu/libpcl_search.so  
[7.668s] -- Found PCL_SAMPLE_CONSENSUS: /usr/lib/x86_64-linux-gnu/libpcl_sample_consensus.so  
[7.670s] -- Found PCL_FILTERS: /usr/lib/x86_64-linux-gnu/libpcl_filters.so  
[7.671s] -- Found PCL_2D: /usr/include/pcl-1.12  
[7.672s] -- Found PCL_GEOMETRY: /usr/include/pcl-1.12  
[7.674s] -- Found PCL_IO: /usr/lib/x86_64-linux-gnu/libpcl_io.so  
[7.677s] -- Found PCL_FEATURES: /usr/lib/x86_64-linux-gnu/libpcl_features.so  
[7.679s] -- Found PCL_ML: /usr/lib/x86_64-linux-gnu/libpcl_ml.so  
[7.681s] -- Found PCL_SEGMENTATION: /usr/lib/x86_64-linux-gnu/libpcl_segmentation.so  
[7.684s] -- Found PCL_VISUALIZATION: /usr/lib/x86_64-linux-gnu/libpcl_visualization.so  
[7.686s] -- Found PCL_SURFACE: /usr/lib/x86_64-linux-gnu/libpcl_surface.so  
[7.688s] -- Found PCL_REGISTRATION: /usr/lib/x86_64-linux-gnu/libpcl_registration.so  
[7.690s] -- Found PCL_KEYPOINTS: /usr/lib/x86_64-linux-gnu/libpcl_keypoints.so  
[7.692s] -- Found PCL_TRACKING: /usr/lib/x86_64-linux-gnu/libpcl_tracking.so  
[7.694s] -- Found PCL_RECOGNITION: /usr/lib/x86_64-linux-gnu/libpcl_recognition.so  
[7.696s] -- Found PCL_STEREO: /usr/lib/x86_64-linux-gnu/libpcl_stereo.so  
[7.698s] -- Found PCL_APPS: /usr/lib/x86_64-linux-gnu/libpcl_apps.so  
[7.699s] -- Found PCL_IN_HAND_SCANNER: /usr/include/pcl-1.12  
[7.699s] -- Found PCL_MODELER: /usr/include/pcl-1.12  
[7.700s] -- Found PCL_POINT_CLOUD_EDITOR: /usr/include/pcl-1.12  
[7.702s] -- Found PCL_OUTOFCORE: /usr/lib/x86_64-linux-gnu/libpcl_outofcore.so  
[7.704s] -- Found PCL_PEOPLE: /usr/lib/x86_64-linux-gnu/libpcl_people.so  
[7.731s] -- Found std_srvs: 4.2.3 (/opt/ros/humble/share/std_srvs/cmake)
[7.758s] -- Found ament_lint_auto: 0.12.7 (/opt/ros/humble/share/ament_lint_auto/cmake)
[7.892s] -- Added test 'copyright' to check source files copyright and LICENSE
[7.893s] -- Added test 'cppcheck' to perform static code analysis on C / C++ code
[7.894s] -- Configured cppcheck include dirs: 
[7.894s] -- Configured cppcheck exclude dirs and/or files: 
[7.895s] -- Added test 'cpplint' to check C / C++ code against the Google style
[7.895s] -- Configured cpplint exclude dirs and/or files: 
[7.896s] -- Added test 'lint_cmake' to check CMake code style
[7.899s] -- Added test 'uncrustify' to check C / C++ code style
[7.899s] -- Configured uncrustify additional arguments: 
[7.900s] -- Added test 'xmllint' to check XML markup files
[7.905s] -- Configuring done
[7.980s] -- Generating done
[7.985s] -- Build files have been written to: /home/tony/ros2_ws/build/interbotix_perception_pipelines
[8.012s] Invoked command in '/home/tony/ros2_ws/build/interbotix_perception_pipelines' returned '0': AMENT_PREFIX_PATH=/home/tony/ros2_ws/install/interbotix_xs_msgs:/home/tony/ros2_ws/install/interbotix_perception_msgs:/home/tony/ros2_ws/install/interbotix_common_modules:${AMENT_PREFIX_PATH} CMAKE_PREFIX_PATH=/home/tony/ros2_ws/install/interbotix_xs_msgs:/home/tony/ros2_ws/install/interbotix_perception_msgs:/opt/ros/humble LD_LIBRARY_PATH=/home/tony/ros2_ws/install/interbotix_xs_msgs/lib:/home/tony/ros2_ws/install/interbotix_perception_msgs/lib:${LD_LIBRARY_PATH} PYTHONPATH=/home/tony/ros2_ws/install/interbotix_xs_msgs/local/lib/python3.10/dist-packages:/home/tony/ros2_ws/install/interbotix_perception_msgs/local/lib/python3.10/dist-packages:/home/tony/ros2_ws/build/interbotix_common_modules:/home/tony/ros2_ws/install/interbotix_common_modules/lib/python3.10/site-packages:${PYTHONPATH} /usr/bin/cmake /home/tony/ros2_ws/src/interbotix_ros_toolboxes/interbotix_perception_toolbox/interbotix_perception_pipelines -DAMENT_CMAKE_SYMLINK_INSTALL=1 -DCMAKE_INSTALL_PREFIX=/home/tony/ros2_ws/install/interbotix_perception_pipelines
[8.014s] Invoking command in '/home/tony/ros2_ws/build/interbotix_perception_pipelines': AMENT_PREFIX_PATH=/home/tony/ros2_ws/install/interbotix_xs_msgs:/home/tony/ros2_ws/install/interbotix_perception_msgs:/home/tony/ros2_ws/install/interbotix_common_modules:${AMENT_PREFIX_PATH} CMAKE_PREFIX_PATH=/home/tony/ros2_ws/install/interbotix_xs_msgs:/home/tony/ros2_ws/install/interbotix_perception_msgs:/opt/ros/humble LD_LIBRARY_PATH=/home/tony/ros2_ws/install/interbotix_xs_msgs/lib:/home/tony/ros2_ws/install/interbotix_perception_msgs/lib:${LD_LIBRARY_PATH} PYTHONPATH=/home/tony/ros2_ws/install/interbotix_xs_msgs/local/lib/python3.10/dist-packages:/home/tony/ros2_ws/install/interbotix_perception_msgs/local/lib/python3.10/dist-packages:/home/tony/ros2_ws/build/interbotix_common_modules:/home/tony/ros2_ws/install/interbotix_common_modules/lib/python3.10/site-packages:${PYTHONPATH} /usr/bin/cmake --build /home/tony/ros2_ws/build/interbotix_perception_pipelines -- -j8 -l8
[8.090s] [ 50%] [32mBuilding CXX object CMakeFiles/pointcloud_pipeline.dir/src/pointcloud_pipeline.cpp.o[0m
[22.195s] [100%] [32m[1mLinking CXX executable pointcloud_pipeline[0m
[23.737s] [100%] Built target pointcloud_pipeline
[23.748s] Invoked command in '/home/tony/ros2_ws/build/interbotix_perception_pipelines' returned '0': AMENT_PREFIX_PATH=/home/tony/ros2_ws/install/interbotix_xs_msgs:/home/tony/ros2_ws/install/interbotix_perception_msgs:/home/tony/ros2_ws/install/interbotix_common_modules:${AMENT_PREFIX_PATH} CMAKE_PREFIX_PATH=/home/tony/ros2_ws/install/interbotix_xs_msgs:/home/tony/ros2_ws/install/interbotix_perception_msgs:/opt/ros/humble LD_LIBRARY_PATH=/home/tony/ros2_ws/install/interbotix_xs_msgs/lib:/home/tony/ros2_ws/install/interbotix_perception_msgs/lib:${LD_LIBRARY_PATH} PYTHONPATH=/home/tony/ros2_ws/install/interbotix_xs_msgs/local/lib/python3.10/dist-packages:/home/tony/ros2_ws/install/interbotix_perception_msgs/local/lib/python3.10/dist-packages:/home/tony/ros2_ws/build/interbotix_common_modules:/home/tony/ros2_ws/install/interbotix_common_modules/lib/python3.10/site-packages:${PYTHONPATH} /usr/bin/cmake --build /home/tony/ros2_ws/build/interbotix_perception_pipelines -- -j8 -l8
[23.775s] Invoking command in '/home/tony/ros2_ws/build/interbotix_perception_pipelines': AMENT_PREFIX_PATH=/home/tony/ros2_ws/install/interbotix_xs_msgs:/home/tony/ros2_ws/install/interbotix_perception_msgs:/home/tony/ros2_ws/install/interbotix_common_modules:${AMENT_PREFIX_PATH} CMAKE_PREFIX_PATH=/home/tony/ros2_ws/install/interbotix_xs_msgs:/home/tony/ros2_ws/install/interbotix_perception_msgs:/opt/ros/humble LD_LIBRARY_PATH=/home/tony/ros2_ws/install/interbotix_xs_msgs/lib:/home/tony/ros2_ws/install/interbotix_perception_msgs/lib:${LD_LIBRARY_PATH} PYTHONPATH=/home/tony/ros2_ws/install/interbotix_xs_msgs/local/lib/python3.10/dist-packages:/home/tony/ros2_ws/install/interbotix_perception_msgs/local/lib/python3.10/dist-packages:/home/tony/ros2_ws/build/interbotix_common_modules:/home/tony/ros2_ws/install/interbotix_common_modules/lib/python3.10/site-packages:${PYTHONPATH} /usr/bin/cmake --install /home/tony/ros2_ws/build/interbotix_perception_pipelines
[23.782s] -- Install configuration: ""
[23.782s] -- Execute custom install script
[23.783s] -- Symlinking: /home/tony/ros2_ws/install/interbotix_perception_pipelines/lib/interbotix_perception_pipelines/pointcloud_pipeline
[23.792s] -- Symlinking: /home/tony/ros2_ws/install/interbotix_perception_pipelines/share/ament_index/resource_index/package_run_dependencies/interbotix_perception_pipelines
[23.802s] -- Symlinking: /home/tony/ros2_ws/install/interbotix_perception_pipelines/share/ament_index/resource_index/parent_prefix_path/interbotix_perception_pipelines
[23.810s] -- Symlinking: /home/tony/ros2_ws/install/interbotix_perception_pipelines/share/interbotix_perception_pipelines/environment/ament_prefix_path.sh
[23.817s] -- Symlinking: /home/tony/ros2_ws/install/interbotix_perception_pipelines/share/interbotix_perception_pipelines/environment/ament_prefix_path.dsv
[23.827s] -- Symlinking: /home/tony/ros2_ws/install/interbotix_perception_pipelines/share/interbotix_perception_pipelines/environment/path.sh
[23.837s] -- Symlinking: /home/tony/ros2_ws/install/interbotix_perception_pipelines/share/interbotix_perception_pipelines/environment/path.dsv
[23.845s] -- Symlinking: /home/tony/ros2_ws/install/interbotix_perception_pipelines/share/interbotix_perception_pipelines/local_setup.bash
[23.852s] -- Symlinking: /home/tony/ros2_ws/install/interbotix_perception_pipelines/share/interbotix_perception_pipelines/local_setup.sh
[23.859s] -- Symlinking: /home/tony/ros2_ws/install/interbotix_perception_pipelines/share/interbotix_perception_pipelines/local_setup.zsh
[23.866s] -- Symlinking: /home/tony/ros2_ws/install/interbotix_perception_pipelines/share/interbotix_perception_pipelines/local_setup.dsv
[23.883s] -- Symlinking: /home/tony/ros2_ws/install/interbotix_perception_pipelines/share/interbotix_perception_pipelines/package.dsv
[23.892s] -- Symlinking: /home/tony/ros2_ws/install/interbotix_perception_pipelines/share/ament_index/resource_index/packages/interbotix_perception_pipelines
[23.900s] -- Symlinking: /home/tony/ros2_ws/install/interbotix_perception_pipelines/share/interbotix_perception_pipelines/cmake/interbotix_perception_pipelinesConfig.cmake
[23.911s] -- Symlinking: /home/tony/ros2_ws/install/interbotix_perception_pipelines/share/interbotix_perception_pipelines/cmake/interbotix_perception_pipelinesConfig-version.cmake
[23.921s] -- Symlinking: /home/tony/ros2_ws/install/interbotix_perception_pipelines/share/interbotix_perception_pipelines/package.xml
[23.930s] Invoked command in '/home/tony/ros2_ws/build/interbotix_perception_pipelines' returned '0': AMENT_PREFIX_PATH=/home/tony/ros2_ws/install/interbotix_xs_msgs:/home/tony/ros2_ws/install/interbotix_perception_msgs:/home/tony/ros2_ws/install/interbotix_common_modules:${AMENT_PREFIX_PATH} CMAKE_PREFIX_PATH=/home/tony/ros2_ws/install/interbotix_xs_msgs:/home/tony/ros2_ws/install/interbotix_perception_msgs:/opt/ros/humble LD_LIBRARY_PATH=/home/tony/ros2_ws/install/interbotix_xs_msgs/lib:/home/tony/ros2_ws/install/interbotix_perception_msgs/lib:${LD_LIBRARY_PATH} PYTHONPATH=/home/tony/ros2_ws/install/interbotix_xs_msgs/local/lib/python3.10/dist-packages:/home/tony/ros2_ws/install/interbotix_perception_msgs/local/lib/python3.10/dist-packages:/home/tony/ros2_ws/build/interbotix_common_modules:/home/tony/ros2_ws/install/interbotix_common_modules/lib/python3.10/site-packages:${PYTHONPATH} /usr/bin/cmake --install /home/tony/ros2_ws/build/interbotix_perception_pipelines
