running develop
running egg_info
writing ../../build/witmotion_ros_driver/witmotion_ros_driver.egg-info/PKG-INFO
writing dependency_links to ../../build/witmotion_ros_driver/witmotion_ros_driver.egg-info/dependency_links.txt
writing entry points to ../../build/witmotion_ros_driver/witmotion_ros_driver.egg-info/entry_points.txt
writing requirements to ../../build/witmotion_ros_driver/witmotion_ros_driver.egg-info/requires.txt
writing top-level names to ../../build/witmotion_ros_driver/witmotion_ros_driver.egg-info/top_level.txt
reading manifest file '../../build/witmotion_ros_driver/witmotion_ros_driver.egg-info/SOURCES.txt'
writing manifest file '../../build/witmotion_ros_driver/witmotion_ros_driver.egg-info/SOURCES.txt'
running build
running build_py
running install
running install_lib
running install_data
running install_egg_info
removing '/home/tony/ros2_ws/install/witmotion_ros_driver/lib/python3.10/site-packages/witmotion_ros_driver-1.1.0-py3.10.egg-info' (and everything under it)
Copying ../../build/witmotion_ros_driver/witmotion_ros_driver.egg-info to /home/tony/ros2_ws/install/witmotion_ros_driver/lib/python3.10/site-packages/witmotion_ros_driver-1.1.0-py3.10.egg-info
running install_scripts
Installing modbus_rtu_driver script to /home/tony/ros2_ws/install/witmotion_ros_driver/lib/witmotion_ros_driver
Installing modbus_rtu_driver_2 script to /home/tony/ros2_ws/install/witmotion_ros_driver/lib/witmotion_ros_driver
writing list of installed files to '/home/tony/ros2_ws/build/witmotion_ros_driver/install.log'
