[ 10%] Built target pan_tilt_msgs__rosidl_generator_c
[ 12%] Built target pan_tilt_msgs__cpp
[ 23%] Built target pan_tilt_msgs__rosidl_typesupport_introspection_c
[ 23%] Built target ament_cmake_python_symlink_pan_tilt_msgs
[ 34%] Built target pan_tilt_msgs__rosidl_typesupport_fastrtps_c
[ 45%] Built target pan_tilt_msgs__rosidl_typesupport_fastrtps_cpp
[ 56%] Built target pan_tilt_msgs__rosidl_typesupport_introspection_cpp
[ 67%] Built target pan_tilt_msgs__rosidl_typesupport_c
[ 78%] Built target pan_tilt_msgs__rosidl_typesupport_cpp
[ 78%] Built target pan_tilt_msgs
[ 80%] Built target pan_tilt_msgs__py
[ 89%] Built target pan_tilt_msgs__rosidl_generator_py
[ 92%] Built target pan_tilt_msgs__rosidl_typesupport_fastrtps_c__pyext
[ 96%] Built target pan_tilt_msgs__rosidl_typesupport_introspection_c__pyext
[100%] Built target pan_tilt_msgs__rosidl_typesupport_c__pyext
running egg_info
writing pan_tilt_msgs.egg-info/PKG-INFO
writing dependency_links to pan_tilt_msgs.egg-info/dependency_links.txt
writing top-level names to pan_tilt_msgs.egg-info/top_level.txt
reading manifest file 'pan_tilt_msgs.egg-info/SOURCES.txt'
writing manifest file 'pan_tilt_msgs.egg-info/SOURCES.txt'
[100%] Built target ament_cmake_python_build_pan_tilt_msgs_egg
-- Install configuration: ""
-- Execute custom install script
-- Up-to-date symlink: /home/tony/ros2_ws/install/pan_tilt_msgs/share/ament_index/resource_index/rosidl_interfaces/pan_tilt_msgs
-- Up-to-date symlink: /home/tony/ros2_ws/install/pan_tilt_msgs/include/pan_tilt_msgs/pan_tilt_msgs/msg/detail/pan_joint_state__functions.h
-- Up-to-date symlink: /home/tony/ros2_ws/install/pan_tilt_msgs/include/pan_tilt_msgs/pan_tilt_msgs/msg/detail/pan_joint_state__struct.h
-- Up-to-date symlink: /home/tony/ros2_ws/install/pan_tilt_msgs/include/pan_tilt_msgs/pan_tilt_msgs/msg/detail/pan_joint_state__type_support.h
-- Up-to-date symlink: /home/tony/ros2_ws/install/pan_tilt_msgs/include/pan_tilt_msgs/pan_tilt_msgs/msg/detail/pan_tilt_cmd_deg__functions.h
-- Up-to-date symlink: /home/tony/ros2_ws/install/pan_tilt_msgs/include/pan_tilt_msgs/pan_tilt_msgs/msg/detail/pan_tilt_cmd_deg__struct.h
-- Up-to-date symlink: /home/tony/ros2_ws/install/pan_tilt_msgs/include/pan_tilt_msgs/pan_tilt_msgs/msg/detail/pan_tilt_cmd_deg__type_support.h
-- Up-to-date symlink: /home/tony/ros2_ws/install/pan_tilt_msgs/include/pan_tilt_msgs/pan_tilt_msgs/msg/detail/pan_tilt_cmd_rad__functions.h
-- Up-to-date symlink: /home/tony/ros2_ws/install/pan_tilt_msgs/include/pan_tilt_msgs/pan_tilt_msgs/msg/detail/pan_tilt_cmd_rad__struct.h
-- Up-to-date symlink: /home/tony/ros2_ws/install/pan_tilt_msgs/include/pan_tilt_msgs/pan_tilt_msgs/msg/detail/pan_tilt_cmd_rad__type_support.h
-- Up-to-date symlink: /home/tony/ros2_ws/install/pan_tilt_msgs/include/pan_tilt_msgs/pan_tilt_msgs/msg/detail/pan_tilt_status__functions.h
-- Up-to-date symlink: /home/tony/ros2_ws/install/pan_tilt_msgs/include/pan_tilt_msgs/pan_tilt_msgs/msg/detail/pan_tilt_status__struct.h
-- Up-to-date symlink: /home/tony/ros2_ws/install/pan_tilt_msgs/include/pan_tilt_msgs/pan_tilt_msgs/msg/detail/pan_tilt_status__type_support.h
-- Up-to-date symlink: /home/tony/ros2_ws/install/pan_tilt_msgs/include/pan_tilt_msgs/pan_tilt_msgs/msg/pan_joint_state.h
-- Up-to-date symlink: /home/tony/ros2_ws/install/pan_tilt_msgs/include/pan_tilt_msgs/pan_tilt_msgs/msg/pan_tilt_cmd_deg.h
-- Up-to-date symlink: /home/tony/ros2_ws/install/pan_tilt_msgs/include/pan_tilt_msgs/pan_tilt_msgs/msg/pan_tilt_cmd_rad.h
-- Up-to-date symlink: /home/tony/ros2_ws/install/pan_tilt_msgs/include/pan_tilt_msgs/pan_tilt_msgs/msg/pan_tilt_status.h
-- Up-to-date symlink: /home/tony/ros2_ws/install/pan_tilt_msgs/include/pan_tilt_msgs/pan_tilt_msgs/msg/rosidl_generator_c__visibility_control.h
-- Up-to-date symlink: /home/tony/ros2_ws/install/pan_tilt_msgs/share/pan_tilt_msgs/environment/library_path.sh
-- Up-to-date symlink: /home/tony/ros2_ws/install/pan_tilt_msgs/share/pan_tilt_msgs/environment/library_path.dsv
-- Up-to-date symlink: /home/tony/ros2_ws/install/pan_tilt_msgs/include/pan_tilt_msgs/pan_tilt_msgs/msg/detail/pan_joint_state__rosidl_typesupport_fastrtps_c.h
-- Up-to-date symlink: /home/tony/ros2_ws/install/pan_tilt_msgs/include/pan_tilt_msgs/pan_tilt_msgs/msg/detail/pan_tilt_cmd_deg__rosidl_typesupport_fastrtps_c.h
-- Up-to-date symlink: /home/tony/ros2_ws/install/pan_tilt_msgs/include/pan_tilt_msgs/pan_tilt_msgs/msg/detail/pan_tilt_cmd_rad__rosidl_typesupport_fastrtps_c.h
-- Up-to-date symlink: /home/tony/ros2_ws/install/pan_tilt_msgs/include/pan_tilt_msgs/pan_tilt_msgs/msg/detail/pan_tilt_status__rosidl_typesupport_fastrtps_c.h
-- Up-to-date symlink: /home/tony/ros2_ws/install/pan_tilt_msgs/include/pan_tilt_msgs/pan_tilt_msgs/msg/rosidl_typesupport_fastrtps_c__visibility_control.h
-- Up-to-date symlink: /home/tony/ros2_ws/install/pan_tilt_msgs/include/pan_tilt_msgs/pan_tilt_msgs/msg/detail/pan_joint_state__builder.hpp
-- Up-to-date symlink: /home/tony/ros2_ws/install/pan_tilt_msgs/include/pan_tilt_msgs/pan_tilt_msgs/msg/detail/pan_joint_state__struct.hpp
-- Up-to-date symlink: /home/tony/ros2_ws/install/pan_tilt_msgs/include/pan_tilt_msgs/pan_tilt_msgs/msg/detail/pan_joint_state__traits.hpp
-- Up-to-date symlink: /home/tony/ros2_ws/install/pan_tilt_msgs/include/pan_tilt_msgs/pan_tilt_msgs/msg/detail/pan_tilt_cmd_deg__builder.hpp
-- Up-to-date symlink: /home/tony/ros2_ws/install/pan_tilt_msgs/include/pan_tilt_msgs/pan_tilt_msgs/msg/detail/pan_tilt_cmd_deg__struct.hpp
-- Up-to-date symlink: /home/tony/ros2_ws/install/pan_tilt_msgs/include/pan_tilt_msgs/pan_tilt_msgs/msg/detail/pan_tilt_cmd_deg__traits.hpp
-- Up-to-date symlink: /home/tony/ros2_ws/install/pan_tilt_msgs/include/pan_tilt_msgs/pan_tilt_msgs/msg/detail/pan_tilt_cmd_rad__builder.hpp
-- Up-to-date symlink: /home/tony/ros2_ws/install/pan_tilt_msgs/include/pan_tilt_msgs/pan_tilt_msgs/msg/detail/pan_tilt_cmd_rad__struct.hpp
-- Up-to-date symlink: /home/tony/ros2_ws/install/pan_tilt_msgs/include/pan_tilt_msgs/pan_tilt_msgs/msg/detail/pan_tilt_cmd_rad__traits.hpp
-- Up-to-date symlink: /home/tony/ros2_ws/install/pan_tilt_msgs/include/pan_tilt_msgs/pan_tilt_msgs/msg/detail/pan_tilt_status__builder.hpp
-- Up-to-date symlink: /home/tony/ros2_ws/install/pan_tilt_msgs/include/pan_tilt_msgs/pan_tilt_msgs/msg/detail/pan_tilt_status__struct.hpp
-- Up-to-date symlink: /home/tony/ros2_ws/install/pan_tilt_msgs/include/pan_tilt_msgs/pan_tilt_msgs/msg/detail/pan_tilt_status__traits.hpp
-- Up-to-date symlink: /home/tony/ros2_ws/install/pan_tilt_msgs/include/pan_tilt_msgs/pan_tilt_msgs/msg/pan_joint_state.hpp
-- Up-to-date symlink: /home/tony/ros2_ws/install/pan_tilt_msgs/include/pan_tilt_msgs/pan_tilt_msgs/msg/pan_tilt_cmd_deg.hpp
-- Up-to-date symlink: /home/tony/ros2_ws/install/pan_tilt_msgs/include/pan_tilt_msgs/pan_tilt_msgs/msg/pan_tilt_cmd_rad.hpp
-- Up-to-date symlink: /home/tony/ros2_ws/install/pan_tilt_msgs/include/pan_tilt_msgs/pan_tilt_msgs/msg/pan_tilt_status.hpp
-- Up-to-date symlink: /home/tony/ros2_ws/install/pan_tilt_msgs/include/pan_tilt_msgs/pan_tilt_msgs/msg/detail/pan_joint_state__rosidl_typesupport_fastrtps_cpp.hpp
-- Up-to-date symlink: /home/tony/ros2_ws/install/pan_tilt_msgs/include/pan_tilt_msgs/pan_tilt_msgs/msg/detail/pan_tilt_cmd_deg__rosidl_typesupport_fastrtps_cpp.hpp
-- Up-to-date symlink: /home/tony/ros2_ws/install/pan_tilt_msgs/include/pan_tilt_msgs/pan_tilt_msgs/msg/detail/pan_tilt_cmd_rad__rosidl_typesupport_fastrtps_cpp.hpp
-- Up-to-date symlink: /home/tony/ros2_ws/install/pan_tilt_msgs/include/pan_tilt_msgs/pan_tilt_msgs/msg/detail/pan_tilt_status__rosidl_typesupport_fastrtps_cpp.hpp
-- Up-to-date symlink: /home/tony/ros2_ws/install/pan_tilt_msgs/include/pan_tilt_msgs/pan_tilt_msgs/msg/rosidl_typesupport_fastrtps_cpp__visibility_control.h
-- Up-to-date symlink: /home/tony/ros2_ws/install/pan_tilt_msgs/include/pan_tilt_msgs/pan_tilt_msgs/msg/detail/pan_joint_state__rosidl_typesupport_introspection_c.h
-- Up-to-date symlink: /home/tony/ros2_ws/install/pan_tilt_msgs/include/pan_tilt_msgs/pan_tilt_msgs/msg/detail/pan_tilt_cmd_deg__rosidl_typesupport_introspection_c.h
-- Up-to-date symlink: /home/tony/ros2_ws/install/pan_tilt_msgs/include/pan_tilt_msgs/pan_tilt_msgs/msg/detail/pan_tilt_cmd_rad__rosidl_typesupport_introspection_c.h
-- Up-to-date symlink: /home/tony/ros2_ws/install/pan_tilt_msgs/include/pan_tilt_msgs/pan_tilt_msgs/msg/detail/pan_tilt_status__rosidl_typesupport_introspection_c.h
-- Up-to-date symlink: /home/tony/ros2_ws/install/pan_tilt_msgs/include/pan_tilt_msgs/pan_tilt_msgs/msg/rosidl_typesupport_introspection_c__visibility_control.h
-- Up-to-date symlink: /home/tony/ros2_ws/install/pan_tilt_msgs/include/pan_tilt_msgs/pan_tilt_msgs/msg/detail/pan_joint_state__rosidl_typesupport_introspection_cpp.hpp
-- Up-to-date symlink: /home/tony/ros2_ws/install/pan_tilt_msgs/include/pan_tilt_msgs/pan_tilt_msgs/msg/detail/pan_tilt_cmd_deg__rosidl_typesupport_introspection_cpp.hpp
-- Up-to-date symlink: /home/tony/ros2_ws/install/pan_tilt_msgs/include/pan_tilt_msgs/pan_tilt_msgs/msg/detail/pan_tilt_cmd_rad__rosidl_typesupport_introspection_cpp.hpp
-- Up-to-date symlink: /home/tony/ros2_ws/install/pan_tilt_msgs/include/pan_tilt_msgs/pan_tilt_msgs/msg/detail/pan_tilt_status__rosidl_typesupport_introspection_cpp.hpp
-- Up-to-date symlink: /home/tony/ros2_ws/install/pan_tilt_msgs/share/pan_tilt_msgs/environment/pythonpath.sh
-- Up-to-date symlink: /home/tony/ros2_ws/install/pan_tilt_msgs/share/pan_tilt_msgs/environment/pythonpath.dsv
-- Up-to-date symlink: /home/tony/ros2_ws/install/pan_tilt_msgs/local/lib/python3.10/dist-packages/pan_tilt_msgs-1.0.0-py3.10.egg-info/PKG-INFO
-- Up-to-date symlink: /home/tony/ros2_ws/install/pan_tilt_msgs/local/lib/python3.10/dist-packages/pan_tilt_msgs-1.0.0-py3.10.egg-info/SOURCES.txt
-- Up-to-date symlink: /home/tony/ros2_ws/install/pan_tilt_msgs/local/lib/python3.10/dist-packages/pan_tilt_msgs-1.0.0-py3.10.egg-info/dependency_links.txt
-- Up-to-date symlink: /home/tony/ros2_ws/install/pan_tilt_msgs/local/lib/python3.10/dist-packages/pan_tilt_msgs-1.0.0-py3.10.egg-info/top_level.txt
-- Up-to-date symlink: /home/tony/ros2_ws/install/pan_tilt_msgs/local/lib/python3.10/dist-packages/pan_tilt_msgs/__init__.py
-- Up-to-date symlink: /home/tony/ros2_ws/install/pan_tilt_msgs/local/lib/python3.10/dist-packages/pan_tilt_msgs/_pan_tilt_msgs_s.ep.rosidl_typesupport_c.c
-- Up-to-date symlink: /home/tony/ros2_ws/install/pan_tilt_msgs/local/lib/python3.10/dist-packages/pan_tilt_msgs/_pan_tilt_msgs_s.ep.rosidl_typesupport_fastrtps_c.c
-- Up-to-date symlink: /home/tony/ros2_ws/install/pan_tilt_msgs/local/lib/python3.10/dist-packages/pan_tilt_msgs/_pan_tilt_msgs_s.ep.rosidl_typesupport_introspection_c.c
-- Up-to-date symlink: /home/tony/ros2_ws/install/pan_tilt_msgs/local/lib/python3.10/dist-packages/pan_tilt_msgs/libpan_tilt_msgs__rosidl_generator_py.so
-- Up-to-date symlink: /home/tony/ros2_ws/install/pan_tilt_msgs/local/lib/python3.10/dist-packages/pan_tilt_msgs/msg/__init__.py
-- Up-to-date symlink: /home/tony/ros2_ws/install/pan_tilt_msgs/local/lib/python3.10/dist-packages/pan_tilt_msgs/msg/_pan_joint_state.py
-- Up-to-date symlink: /home/tony/ros2_ws/install/pan_tilt_msgs/local/lib/python3.10/dist-packages/pan_tilt_msgs/msg/_pan_joint_state_s.c
-- Up-to-date symlink: /home/tony/ros2_ws/install/pan_tilt_msgs/local/lib/python3.10/dist-packages/pan_tilt_msgs/msg/_pan_tilt_cmd_deg.py
-- Up-to-date symlink: /home/tony/ros2_ws/install/pan_tilt_msgs/local/lib/python3.10/dist-packages/pan_tilt_msgs/msg/_pan_tilt_cmd_deg_s.c
-- Up-to-date symlink: /home/tony/ros2_ws/install/pan_tilt_msgs/local/lib/python3.10/dist-packages/pan_tilt_msgs/msg/_pan_tilt_cmd_rad.py
-- Up-to-date symlink: /home/tony/ros2_ws/install/pan_tilt_msgs/local/lib/python3.10/dist-packages/pan_tilt_msgs/msg/_pan_tilt_cmd_rad_s.c
-- Up-to-date symlink: /home/tony/ros2_ws/install/pan_tilt_msgs/local/lib/python3.10/dist-packages/pan_tilt_msgs/msg/_pan_tilt_status.py
-- Up-to-date symlink: /home/tony/ros2_ws/install/pan_tilt_msgs/local/lib/python3.10/dist-packages/pan_tilt_msgs/msg/_pan_tilt_status_s.c
-- Up-to-date symlink: /home/tony/ros2_ws/install/pan_tilt_msgs/local/lib/python3.10/dist-packages/pan_tilt_msgs/pan_tilt_msgs_s__rosidl_typesupport_c.cpython-310-x86_64-linux-gnu.so
-- Up-to-date symlink: /home/tony/ros2_ws/install/pan_tilt_msgs/local/lib/python3.10/dist-packages/pan_tilt_msgs/pan_tilt_msgs_s__rosidl_typesupport_fastrtps_c.cpython-310-x86_64-linux-gnu.so
-- Up-to-date symlink: /home/tony/ros2_ws/install/pan_tilt_msgs/local/lib/python3.10/dist-packages/pan_tilt_msgs/pan_tilt_msgs_s__rosidl_typesupport_introspection_c.cpython-310-x86_64-linux-gnu.so
-- Up-to-date symlink: /home/tony/ros2_ws/install/pan_tilt_msgs/local/lib/python3.10/dist-packages/pan_tilt_msgs/pan_tilt_msgs_s__rosidl_typesupport_fastrtps_c.cpython-310-x86_64-linux-gnu.so
-- Up-to-date symlink: /home/tony/ros2_ws/install/pan_tilt_msgs/local/lib/python3.10/dist-packages/pan_tilt_msgs/pan_tilt_msgs_s__rosidl_typesupport_introspection_c.cpython-310-x86_64-linux-gnu.so
-- Up-to-date symlink: /home/tony/ros2_ws/install/pan_tilt_msgs/local/lib/python3.10/dist-packages/pan_tilt_msgs/pan_tilt_msgs_s__rosidl_typesupport_c.cpython-310-x86_64-linux-gnu.so
-- Up-to-date symlink: /home/tony/ros2_ws/install/pan_tilt_msgs/share/pan_tilt_msgs/msg/PanTiltCmdDeg.idl
-- Up-to-date symlink: /home/tony/ros2_ws/install/pan_tilt_msgs/share/pan_tilt_msgs/msg/PanTiltCmdRad.idl
-- Up-to-date symlink: /home/tony/ros2_ws/install/pan_tilt_msgs/share/pan_tilt_msgs/msg/PanTiltStatus.idl
-- Up-to-date symlink: /home/tony/ros2_ws/install/pan_tilt_msgs/share/pan_tilt_msgs/msg/PanJointState.idl
-- Up-to-date symlink: /home/tony/ros2_ws/install/pan_tilt_msgs/share/pan_tilt_msgs/msg/PanTiltCmdDeg.msg
-- Up-to-date symlink: /home/tony/ros2_ws/install/pan_tilt_msgs/share/pan_tilt_msgs/msg/PanTiltCmdRad.msg
-- Up-to-date symlink: /home/tony/ros2_ws/install/pan_tilt_msgs/share/pan_tilt_msgs/msg/PanTiltStatus.msg
-- Up-to-date symlink: /home/tony/ros2_ws/install/pan_tilt_msgs/share/pan_tilt_msgs/msg/PanJointState.msg
-- Up-to-date symlink: /home/tony/ros2_ws/install/pan_tilt_msgs/share/ament_index/resource_index/package_run_dependencies/pan_tilt_msgs
-- Up-to-date symlink: /home/tony/ros2_ws/install/pan_tilt_msgs/share/ament_index/resource_index/parent_prefix_path/pan_tilt_msgs
-- Up-to-date symlink: /home/tony/ros2_ws/install/pan_tilt_msgs/share/pan_tilt_msgs/environment/ament_prefix_path.sh
-- Up-to-date symlink: /home/tony/ros2_ws/install/pan_tilt_msgs/share/pan_tilt_msgs/environment/ament_prefix_path.dsv
-- Up-to-date symlink: /home/tony/ros2_ws/install/pan_tilt_msgs/share/pan_tilt_msgs/environment/path.sh
-- Up-to-date symlink: /home/tony/ros2_ws/install/pan_tilt_msgs/share/pan_tilt_msgs/environment/path.dsv
-- Up-to-date symlink: /home/tony/ros2_ws/install/pan_tilt_msgs/share/pan_tilt_msgs/local_setup.bash
-- Up-to-date symlink: /home/tony/ros2_ws/install/pan_tilt_msgs/share/pan_tilt_msgs/local_setup.sh
-- Up-to-date symlink: /home/tony/ros2_ws/install/pan_tilt_msgs/share/pan_tilt_msgs/local_setup.zsh
-- Up-to-date symlink: /home/tony/ros2_ws/install/pan_tilt_msgs/share/pan_tilt_msgs/local_setup.dsv
-- Symlinking: /home/tony/ros2_ws/install/pan_tilt_msgs/share/pan_tilt_msgs/package.dsv
-- Up-to-date symlink: /home/tony/ros2_ws/install/pan_tilt_msgs/share/ament_index/resource_index/packages/pan_tilt_msgs
-- Up-to-date symlink: /home/tony/ros2_ws/install/pan_tilt_msgs/share/pan_tilt_msgs/cmake/rosidl_cmake-extras.cmake
-- Up-to-date symlink: /home/tony/ros2_ws/install/pan_tilt_msgs/share/pan_tilt_msgs/cmake/ament_cmake_export_dependencies-extras.cmake
-- Up-to-date symlink: /home/tony/ros2_ws/install/pan_tilt_msgs/share/pan_tilt_msgs/cmake/ament_cmake_export_include_directories-extras.cmake
-- Up-to-date symlink: /home/tony/ros2_ws/install/pan_tilt_msgs/share/pan_tilt_msgs/cmake/ament_cmake_export_libraries-extras.cmake
-- Up-to-date symlink: /home/tony/ros2_ws/install/pan_tilt_msgs/share/pan_tilt_msgs/cmake/ament_cmake_export_targets-extras.cmake
-- Up-to-date symlink: /home/tony/ros2_ws/install/pan_tilt_msgs/share/pan_tilt_msgs/cmake/rosidl_cmake_export_typesupport_targets-extras.cmake
-- Up-to-date symlink: /home/tony/ros2_ws/install/pan_tilt_msgs/share/pan_tilt_msgs/cmake/rosidl_cmake_export_typesupport_libraries-extras.cmake
-- Up-to-date symlink: /home/tony/ros2_ws/install/pan_tilt_msgs/share/pan_tilt_msgs/cmake/pan_tilt_msgsConfig.cmake
-- Up-to-date symlink: /home/tony/ros2_ws/install/pan_tilt_msgs/share/pan_tilt_msgs/cmake/pan_tilt_msgsConfig-version.cmake
-- Up-to-date symlink: /home/tony/ros2_ws/install/pan_tilt_msgs/share/pan_tilt_msgs/package.xml
-- Up-to-date: /home/tony/ros2_ws/install/pan_tilt_msgs/lib/libpan_tilt_msgs__rosidl_generator_c.so
-- Up-to-date: /home/tony/ros2_ws/install/pan_tilt_msgs/lib/libpan_tilt_msgs__rosidl_typesupport_fastrtps_c.so
-- Up-to-date: /home/tony/ros2_ws/install/pan_tilt_msgs/lib/libpan_tilt_msgs__rosidl_typesupport_fastrtps_cpp.so
-- Up-to-date: /home/tony/ros2_ws/install/pan_tilt_msgs/lib/libpan_tilt_msgs__rosidl_typesupport_introspection_c.so
-- Up-to-date: /home/tony/ros2_ws/install/pan_tilt_msgs/lib/libpan_tilt_msgs__rosidl_typesupport_c.so
-- Up-to-date: /home/tony/ros2_ws/install/pan_tilt_msgs/lib/libpan_tilt_msgs__rosidl_typesupport_introspection_cpp.so
-- Up-to-date: /home/tony/ros2_ws/install/pan_tilt_msgs/lib/libpan_tilt_msgs__rosidl_typesupport_cpp.so
Listing '/home/tony/ros2_ws/install/pan_tilt_msgs/local/lib/python3.10/dist-packages/pan_tilt_msgs'...
Listing '/home/tony/ros2_ws/install/pan_tilt_msgs/local/lib/python3.10/dist-packages/pan_tilt_msgs/msg'...
-- Up-to-date: /home/tony/ros2_ws/install/pan_tilt_msgs/lib/libpan_tilt_msgs__rosidl_generator_py.so
-- Up-to-date: /home/tony/ros2_ws/install/pan_tilt_msgs/share/pan_tilt_msgs/cmake/export_pan_tilt_msgs__rosidl_generator_cExport.cmake
-- Up-to-date: /home/tony/ros2_ws/install/pan_tilt_msgs/share/pan_tilt_msgs/cmake/export_pan_tilt_msgs__rosidl_generator_cExport-noconfig.cmake
-- Up-to-date: /home/tony/ros2_ws/install/pan_tilt_msgs/share/pan_tilt_msgs/cmake/export_pan_tilt_msgs__rosidl_typesupport_fastrtps_cExport.cmake
-- Up-to-date: /home/tony/ros2_ws/install/pan_tilt_msgs/share/pan_tilt_msgs/cmake/export_pan_tilt_msgs__rosidl_typesupport_fastrtps_cExport-noconfig.cmake
-- Up-to-date: /home/tony/ros2_ws/install/pan_tilt_msgs/share/pan_tilt_msgs/cmake/export_pan_tilt_msgs__rosidl_generator_cppExport.cmake
-- Up-to-date: /home/tony/ros2_ws/install/pan_tilt_msgs/share/pan_tilt_msgs/cmake/export_pan_tilt_msgs__rosidl_typesupport_fastrtps_cppExport.cmake
-- Up-to-date: /home/tony/ros2_ws/install/pan_tilt_msgs/share/pan_tilt_msgs/cmake/export_pan_tilt_msgs__rosidl_typesupport_fastrtps_cppExport-noconfig.cmake
-- Up-to-date: /home/tony/ros2_ws/install/pan_tilt_msgs/share/pan_tilt_msgs/cmake/pan_tilt_msgs__rosidl_typesupport_introspection_cExport.cmake
-- Up-to-date: /home/tony/ros2_ws/install/pan_tilt_msgs/share/pan_tilt_msgs/cmake/pan_tilt_msgs__rosidl_typesupport_introspection_cExport-noconfig.cmake
-- Up-to-date: /home/tony/ros2_ws/install/pan_tilt_msgs/share/pan_tilt_msgs/cmake/pan_tilt_msgs__rosidl_typesupport_cExport.cmake
-- Up-to-date: /home/tony/ros2_ws/install/pan_tilt_msgs/share/pan_tilt_msgs/cmake/pan_tilt_msgs__rosidl_typesupport_cExport-noconfig.cmake
-- Up-to-date: /home/tony/ros2_ws/install/pan_tilt_msgs/share/pan_tilt_msgs/cmake/pan_tilt_msgs__rosidl_typesupport_introspection_cppExport.cmake
-- Up-to-date: /home/tony/ros2_ws/install/pan_tilt_msgs/share/pan_tilt_msgs/cmake/pan_tilt_msgs__rosidl_typesupport_introspection_cppExport-noconfig.cmake
-- Up-to-date: /home/tony/ros2_ws/install/pan_tilt_msgs/share/pan_tilt_msgs/cmake/pan_tilt_msgs__rosidl_typesupport_cppExport.cmake
-- Up-to-date: /home/tony/ros2_ws/install/pan_tilt_msgs/share/pan_tilt_msgs/cmake/pan_tilt_msgs__rosidl_typesupport_cppExport-noconfig.cmake
-- Up-to-date: /home/tony/ros2_ws/install/pan_tilt_msgs/share/pan_tilt_msgs/cmake/export_pan_tilt_msgs__rosidl_generator_pyExport.cmake
-- Up-to-date: /home/tony/ros2_ws/install/pan_tilt_msgs/share/pan_tilt_msgs/cmake/export_pan_tilt_msgs__rosidl_generator_pyExport-noconfig.cmake
