[0.247s] Invoking command in '/home/tony/ros2_ws/build/pan_tilt_msgs': CMAKE_PREFIX_PATH=/opt/ros/humble /usr/bin/cmake /home/tony/ros2_ws/src/pan_tilt_ros/pan_tilt_msgs -DAMENT_CMAKE_SYMLINK_INSTALL=1 -DCMAKE_INSTALL_PREFIX=/home/tony/ros2_ws/install/pan_tilt_msgs
[0.324s] -- The C compiler identification is GNU 11.4.0
[0.397s] -- The CXX compiler identification is GNU 11.4.0
[0.403s] -- Detecting C compiler ABI info
[0.520s] -- Detecting C compiler ABI info - done
[0.539s] -- Check for working C compiler: /usr/bin/cc - skipped
[0.540s] -- Detecting C compile features
[0.540s] -- Detecting C compile features - done
[0.551s] -- Detecting CXX compiler ABI info
[0.679s] -- Detecting CXX compiler ABI info - done
[0.689s] -- Check for working CXX compiler: /usr/bin/c++ - skipped
[0.690s] -- Detecting CXX compile features
[0.690s] -- Detecting CXX compile features - done
[0.698s] -- Found ament_cmake: 1.3.5 (/opt/ros/humble/share/ament_cmake/cmake)
[0.959s] -- Found Python3: /usr/bin/python3.10 (found version "3.10.12") found components: Interpreter 
[1.010s] -- Override CMake install command with custom implementation using symlinks instead of copying resources
[1.044s] -- Found std_msgs: 4.2.3 (/opt/ros/humble/share/std_msgs/cmake)
[1.089s] -- Found rosidl_generator_c: 3.1.5 (/opt/ros/humble/share/rosidl_generator_c/cmake)
[1.096s] -- Found rosidl_adapter: 3.1.5 (/opt/ros/humble/share/rosidl_adapter/cmake)
[1.107s] -- Found rosidl_generator_cpp: 3.1.5 (/opt/ros/humble/share/rosidl_generator_cpp/cmake)
[1.124s] -- Using all available rosidl_typesupport_c: rosidl_typesupport_fastrtps_c;rosidl_typesupport_introspection_c
[1.148s] -- Using all available rosidl_typesupport_cpp: rosidl_typesupport_fastrtps_cpp;rosidl_typesupport_introspection_cpp
[1.226s] -- Found rosidl_default_generators: 1.2.0 (/opt/ros/humble/share/rosidl_default_generators/cmake)
[1.587s] -- Found ament_cmake_ros: 0.10.0 (/opt/ros/humble/share/ament_cmake_ros/cmake)
[2.105s] -- Using all available rosidl_typesupport_c: rosidl_typesupport_fastrtps_c;rosidl_typesupport_introspection_c
[2.430s] -- Using all available rosidl_typesupport_cpp: rosidl_typesupport_fastrtps_cpp;rosidl_typesupport_introspection_cpp
[2.461s] -- Found PythonInterp: /usr/bin/python3 (found suitable version "3.10.12", minimum required is "3.6") 
[2.463s] -- Found python_cmake_module: 0.10.0 (/opt/ros/humble/share/python_cmake_module/cmake)
[2.529s] -- Found PythonLibs: /usr/lib/x86_64-linux-gnu/libpython3.10.so (found suitable version "3.10.12", minimum required is "3.5") 
[2.529s] -- Using PYTHON_EXECUTABLE: /usr/bin/python3
[2.529s] -- Using PYTHON_INCLUDE_DIRS: /usr/include/python3.10
[2.529s] -- Using PYTHON_LIBRARIES: /usr/lib/x86_64-linux-gnu/libpython3.10.so
[2.563s] -- Found PythonExtra: .so  
[2.645s] -- Found ament_lint_auto: 0.12.7 (/opt/ros/humble/share/ament_lint_auto/cmake)
[2.720s] -- Added test 'copyright' to check source files copyright and LICENSE
[2.725s] -- Added test 'lint_cmake' to check CMake code style
[2.729s] -- Added test 'xmllint' to check XML markup files
[2.740s] -- Configuring done
[2.792s] -- Generating done
[2.796s] -- Build files have been written to: /home/tony/ros2_ws/build/pan_tilt_msgs
[2.811s] Invoked command in '/home/tony/ros2_ws/build/pan_tilt_msgs' returned '0': CMAKE_PREFIX_PATH=/opt/ros/humble /usr/bin/cmake /home/tony/ros2_ws/src/pan_tilt_ros/pan_tilt_msgs -DAMENT_CMAKE_SYMLINK_INSTALL=1 -DCMAKE_INSTALL_PREFIX=/home/tony/ros2_ws/install/pan_tilt_msgs
[2.811s] Invoking command in '/home/tony/ros2_ws/build/pan_tilt_msgs': CMAKE_PREFIX_PATH=/opt/ros/humble /usr/bin/cmake --build /home/tony/ros2_ws/build/pan_tilt_msgs -- -j8 -l8
[3.013s] [  1%] [34m[1mGenerating C code for ROS interfaces[0m
[3.013s] [  1%] Built target ament_cmake_python_symlink_pan_tilt_msgs
[3.014s] [  3%] [34m[1mGenerating C++ code for ROS interfaces[0m
[3.555s] running egg_info
[3.556s] creating pan_tilt_msgs.egg-info
[3.556s] writing pan_tilt_msgs.egg-info/PKG-INFO
[3.556s] writing dependency_links to pan_tilt_msgs.egg-info/dependency_links.txt
[3.556s] writing top-level names to pan_tilt_msgs.egg-info/top_level.txt
[3.557s] writing manifest file 'pan_tilt_msgs.egg-info/SOURCES.txt'
[3.559s] reading manifest file 'pan_tilt_msgs.egg-info/SOURCES.txt'
[3.560s] writing manifest file 'pan_tilt_msgs.egg-info/SOURCES.txt'
[3.619s] [  3%] Built target ament_cmake_python_build_pan_tilt_msgs_egg
[4.647s] [  3%] Built target pan_tilt_msgs__cpp
[4.704s] [  5%] [34m[1mGenerating C++ type support dispatch for ROS interfaces[0m
[4.720s] [  7%] [34m[1mGenerating C++ introspection for ROS interfaces[0m
[4.759s] [  9%] [34m[1mGenerating C++ type support for eProsima Fast-RTPS[0m
[4.839s] [ 10%] [32mBuilding C object CMakeFiles/pan_tilt_msgs__rosidl_generator_c.dir/rosidl_generator_c/pan_tilt_msgs/msg/detail/pan_tilt_cmd_deg__functions.c.o[0m
[4.870s] [ 12%] [32mBuilding C object CMakeFiles/pan_tilt_msgs__rosidl_generator_c.dir/rosidl_generator_c/pan_tilt_msgs/msg/detail/pan_tilt_status__functions.c.o[0m
[4.881s] [ 14%] [32mBuilding C object CMakeFiles/pan_tilt_msgs__rosidl_generator_c.dir/rosidl_generator_c/pan_tilt_msgs/msg/detail/pan_tilt_cmd_rad__functions.c.o[0m
[4.916s] [ 16%] [32mBuilding C object CMakeFiles/pan_tilt_msgs__rosidl_generator_c.dir/rosidl_generator_c/pan_tilt_msgs/msg/detail/pan_joint_state__functions.c.o[0m
[5.232s] [ 18%] [32m[1mLinking C shared library libpan_tilt_msgs__rosidl_generator_c.so[0m
[5.381s] [ 18%] Built target pan_tilt_msgs__rosidl_generator_c
[5.428s] [ 20%] [34m[1mGenerating C introspection for ROS interfaces[0m
[5.450s] [ 21%] [34m[1mGenerating C type support for eProsima Fast-RTPS[0m
[5.504s] [ 23%] [34m[1mGenerating C type support dispatch for ROS interfaces[0m
[5.670s] [ 25%] [32mBuilding CXX object CMakeFiles/pan_tilt_msgs__rosidl_typesupport_introspection_cpp.dir/rosidl_typesupport_introspection_cpp/pan_tilt_msgs/msg/detail/pan_tilt_cmd_deg__type_support.cpp.o[0m
[5.697s] [ 27%] [32mBuilding CXX object CMakeFiles/pan_tilt_msgs__rosidl_typesupport_introspection_cpp.dir/rosidl_typesupport_introspection_cpp/pan_tilt_msgs/msg/detail/pan_tilt_cmd_rad__type_support.cpp.o[0m
[5.699s] [ 29%] [32mBuilding CXX object CMakeFiles/pan_tilt_msgs__rosidl_typesupport_introspection_cpp.dir/rosidl_typesupport_introspection_cpp/pan_tilt_msgs/msg/detail/pan_tilt_status__type_support.cpp.o[0m
[6.500s] [ 30%] [32mBuilding CXX object CMakeFiles/pan_tilt_msgs__rosidl_typesupport_fastrtps_c.dir/rosidl_typesupport_fastrtps_c/pan_tilt_msgs/msg/detail/pan_tilt_cmd_deg__type_support_c.cpp.o[0m
[6.505s] [ 32%] [32mBuilding CXX object CMakeFiles/pan_tilt_msgs__rosidl_typesupport_fastrtps_cpp.dir/rosidl_typesupport_fastrtps_cpp/pan_tilt_msgs/msg/detail/dds_fastrtps/pan_tilt_cmd_deg__type_support.cpp.o[0m
[6.537s] [ 34%] [32mBuilding CXX object CMakeFiles/pan_tilt_msgs__rosidl_typesupport_c.dir/rosidl_typesupport_c/pan_tilt_msgs/msg/pan_tilt_cmd_deg__type_support.cpp.o[0m
[6.663s] [ 36%] [32mBuilding CXX object CMakeFiles/pan_tilt_msgs__rosidl_typesupport_cpp.dir/rosidl_typesupport_cpp/pan_tilt_msgs/msg/pan_tilt_cmd_deg__type_support.cpp.o[0m
[6.722s] [ 38%] [32mBuilding CXX object CMakeFiles/pan_tilt_msgs__rosidl_typesupport_c.dir/rosidl_typesupport_c/pan_tilt_msgs/msg/pan_tilt_cmd_rad__type_support.cpp.o[0m
[6.805s] [ 40%] [32mBuilding CXX object CMakeFiles/pan_tilt_msgs__rosidl_typesupport_c.dir/rosidl_typesupport_c/pan_tilt_msgs/msg/pan_tilt_status__type_support.cpp.o[0m
[6.856s] [ 41%] [32mBuilding CXX object CMakeFiles/pan_tilt_msgs__rosidl_typesupport_c.dir/rosidl_typesupport_c/pan_tilt_msgs/msg/pan_joint_state__type_support.cpp.o[0m
[6.862s] [ 43%] [32mBuilding C object CMakeFiles/pan_tilt_msgs__rosidl_typesupport_introspection_c.dir/rosidl_typesupport_introspection_c/pan_tilt_msgs/msg/detail/pan_tilt_cmd_deg__type_support.c.o[0m
[6.989s] [ 45%] [32m[1mLinking CXX shared library libpan_tilt_msgs__rosidl_typesupport_c.so[0m
[7.039s] [ 47%] [32mBuilding C object CMakeFiles/pan_tilt_msgs__rosidl_typesupport_introspection_c.dir/rosidl_typesupport_introspection_c/pan_tilt_msgs/msg/detail/pan_tilt_cmd_rad__type_support.c.o[0m
[7.103s] [ 49%] [32mBuilding CXX object CMakeFiles/pan_tilt_msgs__rosidl_typesupport_fastrtps_cpp.dir/rosidl_typesupport_fastrtps_cpp/pan_tilt_msgs/msg/detail/dds_fastrtps/pan_tilt_cmd_rad__type_support.cpp.o[0m
[7.119s] [ 50%] [32mBuilding C object CMakeFiles/pan_tilt_msgs__rosidl_typesupport_introspection_c.dir/rosidl_typesupport_introspection_c/pan_tilt_msgs/msg/detail/pan_tilt_status__type_support.c.o[0m
[7.126s] [ 50%] Built target pan_tilt_msgs__rosidl_typesupport_c
[7.131s] [ 52%] [32mBuilding CXX object CMakeFiles/pan_tilt_msgs__rosidl_typesupport_cpp.dir/rosidl_typesupport_cpp/pan_tilt_msgs/msg/pan_tilt_cmd_rad__type_support.cpp.o[0m
[7.135s] [ 54%] [32mBuilding CXX object CMakeFiles/pan_tilt_msgs__rosidl_typesupport_fastrtps_cpp.dir/rosidl_typesupport_fastrtps_cpp/pan_tilt_msgs/msg/detail/dds_fastrtps/pan_tilt_status__type_support.cpp.o[0m
[7.145s] [ 56%] [32mBuilding CXX object CMakeFiles/pan_tilt_msgs__rosidl_typesupport_introspection_cpp.dir/rosidl_typesupport_introspection_cpp/pan_tilt_msgs/msg/detail/pan_joint_state__type_support.cpp.o[0m
[7.240s] [ 58%] [32mBuilding C object CMakeFiles/pan_tilt_msgs__rosidl_typesupport_introspection_c.dir/rosidl_typesupport_introspection_c/pan_tilt_msgs/msg/detail/pan_joint_state__type_support.c.o[0m
[7.269s] [ 61%] [32mBuilding CXX object CMakeFiles/pan_tilt_msgs__rosidl_typesupport_fastrtps_c.dir/rosidl_typesupport_fastrtps_c/pan_tilt_msgs/msg/detail/pan_tilt_cmd_rad__type_support_c.cpp.o[0m
[7.272s] [ 61%] [32mBuilding CXX object CMakeFiles/pan_tilt_msgs__rosidl_typesupport_cpp.dir/rosidl_typesupport_cpp/pan_tilt_msgs/msg/pan_tilt_status__type_support.cpp.o[0m
[7.277s] [ 63%] [32mBuilding CXX object CMakeFiles/pan_tilt_msgs__rosidl_typesupport_fastrtps_cpp.dir/rosidl_typesupport_fastrtps_cpp/pan_tilt_msgs/msg/detail/dds_fastrtps/pan_joint_state__type_support.cpp.o[0m
[7.397s] [ 65%] [32m[1mLinking C shared library libpan_tilt_msgs__rosidl_typesupport_introspection_c.so[0m
[7.545s] [ 65%] Built target pan_tilt_msgs__rosidl_typesupport_introspection_c
[7.607s] [ 67%] [32mBuilding CXX object CMakeFiles/pan_tilt_msgs__rosidl_typesupport_cpp.dir/rosidl_typesupport_cpp/pan_tilt_msgs/msg/pan_joint_state__type_support.cpp.o[0m
[7.677s] [ 69%] [32mBuilding CXX object CMakeFiles/pan_tilt_msgs__rosidl_typesupport_fastrtps_c.dir/rosidl_typesupport_fastrtps_c/pan_tilt_msgs/msg/detail/pan_tilt_status__type_support_c.cpp.o[0m
[7.879s] [ 70%] [32mBuilding CXX object CMakeFiles/pan_tilt_msgs__rosidl_typesupport_fastrtps_c.dir/rosidl_typesupport_fastrtps_c/pan_tilt_msgs/msg/detail/pan_joint_state__type_support_c.cpp.o[0m
[7.960s] [ 72%] [32m[1mLinking CXX shared library libpan_tilt_msgs__rosidl_typesupport_introspection_cpp.so[0m
[8.228s] [ 72%] Built target pan_tilt_msgs__rosidl_typesupport_introspection_cpp
[8.371s] [ 74%] [32m[1mLinking CXX shared library libpan_tilt_msgs__rosidl_typesupport_cpp.so[0m
[8.409s] [ 76%] [32m[1mLinking CXX shared library libpan_tilt_msgs__rosidl_typesupport_fastrtps_c.so[0m
[8.432s] [ 76%] Built target pan_tilt_msgs__rosidl_typesupport_cpp
[8.615s] [ 76%] Built target pan_tilt_msgs__rosidl_typesupport_fastrtps_c
[8.677s] [ 78%] [32m[1mLinking CXX shared library libpan_tilt_msgs__rosidl_typesupport_fastrtps_cpp.so[0m
[8.852s] [ 78%] Built target pan_tilt_msgs__rosidl_typesupport_fastrtps_cpp
[8.914s] [ 78%] Built target pan_tilt_msgs
[9.062s] [ 80%] [34m[1mGenerating Python code for ROS interfaces[0m
[11.407s] [ 80%] Built target pan_tilt_msgs__py
[11.562s] [ 81%] [32mBuilding C object CMakeFiles/pan_tilt_msgs__rosidl_generator_py.dir/rosidl_generator_py/pan_tilt_msgs/msg/_pan_tilt_cmd_deg_s.c.o[0m
[11.592s] [ 83%] [32mBuilding C object CMakeFiles/pan_tilt_msgs__rosidl_generator_py.dir/rosidl_generator_py/pan_tilt_msgs/msg/_pan_tilt_status_s.c.o[0m
[11.592s] [ 85%] [32mBuilding C object CMakeFiles/pan_tilt_msgs__rosidl_generator_py.dir/rosidl_generator_py/pan_tilt_msgs/msg/_pan_tilt_cmd_rad_s.c.o[0m
[11.606s] [ 87%] [32mBuilding C object CMakeFiles/pan_tilt_msgs__rosidl_generator_py.dir/rosidl_generator_py/pan_tilt_msgs/msg/_pan_joint_state_s.c.o[0m
[12.136s] [ 89%] [32m[1mLinking C shared library rosidl_generator_py/pan_tilt_msgs/libpan_tilt_msgs__rosidl_generator_py.so[0m
[12.220s] [ 89%] Built target pan_tilt_msgs__rosidl_generator_py
[12.320s] [ 90%] [32mBuilding C object CMakeFiles/pan_tilt_msgs__rosidl_typesupport_fastrtps_c__pyext.dir/rosidl_generator_py/pan_tilt_msgs/_pan_tilt_msgs_s.ep.rosidl_typesupport_fastrtps_c.c.o[0m
[12.349s] [ 92%] [32mBuilding C object CMakeFiles/pan_tilt_msgs__rosidl_typesupport_introspection_c__pyext.dir/rosidl_generator_py/pan_tilt_msgs/_pan_tilt_msgs_s.ep.rosidl_typesupport_introspection_c.c.o[0m
[12.388s] [ 94%] [32mBuilding C object CMakeFiles/pan_tilt_msgs__rosidl_typesupport_c__pyext.dir/rosidl_generator_py/pan_tilt_msgs/_pan_tilt_msgs_s.ep.rosidl_typesupport_c.c.o[0m
[12.608s] [ 96%] [32m[1mLinking C shared library rosidl_generator_py/pan_tilt_msgs/pan_tilt_msgs_s__rosidl_typesupport_fastrtps_c.cpython-310-x86_64-linux-gnu.so[0m
[12.623s] [ 98%] [32m[1mLinking C shared library rosidl_generator_py/pan_tilt_msgs/pan_tilt_msgs_s__rosidl_typesupport_c.cpython-310-x86_64-linux-gnu.so[0m
[12.719s] [ 98%] Built target pan_tilt_msgs__rosidl_typesupport_c__pyext
[12.728s] [ 98%] Built target pan_tilt_msgs__rosidl_typesupport_fastrtps_c__pyext
[12.756s] [100%] [32m[1mLinking C shared library rosidl_generator_py/pan_tilt_msgs/pan_tilt_msgs_s__rosidl_typesupport_introspection_c.cpython-310-x86_64-linux-gnu.so[0m
[12.879s] [100%] Built target pan_tilt_msgs__rosidl_typesupport_introspection_c__pyext
[12.934s] Invoked command in '/home/tony/ros2_ws/build/pan_tilt_msgs' returned '0': CMAKE_PREFIX_PATH=/opt/ros/humble /usr/bin/cmake --build /home/tony/ros2_ws/build/pan_tilt_msgs -- -j8 -l8
[14.205s] Invoking command in '/home/tony/ros2_ws/build/pan_tilt_msgs': CMAKE_PREFIX_PATH=/opt/ros/humble /usr/bin/cmake --install /home/tony/ros2_ws/build/pan_tilt_msgs
[15.109s] -- Install configuration: ""
[15.110s] -- Execute custom install script
[15.110s] -- Symlinking: /home/tony/ros2_ws/install/pan_tilt_msgs/share/ament_index/resource_index/rosidl_interfaces/pan_tilt_msgs
[15.110s] -- Symlinking: /home/tony/ros2_ws/install/pan_tilt_msgs/include/pan_tilt_msgs/pan_tilt_msgs/msg/detail/pan_joint_state__functions.h
[15.110s] -- Symlinking: /home/tony/ros2_ws/install/pan_tilt_msgs/include/pan_tilt_msgs/pan_tilt_msgs/msg/detail/pan_joint_state__struct.h
[15.110s] -- Symlinking: /home/tony/ros2_ws/install/pan_tilt_msgs/include/pan_tilt_msgs/pan_tilt_msgs/msg/detail/pan_joint_state__type_support.h
[15.110s] -- Symlinking: /home/tony/ros2_ws/install/pan_tilt_msgs/include/pan_tilt_msgs/pan_tilt_msgs/msg/detail/pan_tilt_cmd_deg__functions.h
[15.110s] -- Symlinking: /home/tony/ros2_ws/install/pan_tilt_msgs/include/pan_tilt_msgs/pan_tilt_msgs/msg/detail/pan_tilt_cmd_deg__struct.h
[15.110s] -- Symlinking: /home/tony/ros2_ws/install/pan_tilt_msgs/include/pan_tilt_msgs/pan_tilt_msgs/msg/detail/pan_tilt_cmd_deg__type_support.h
[15.110s] -- Symlinking: /home/tony/ros2_ws/install/pan_tilt_msgs/include/pan_tilt_msgs/pan_tilt_msgs/msg/detail/pan_tilt_cmd_rad__functions.h
[15.110s] -- Symlinking: /home/tony/ros2_ws/install/pan_tilt_msgs/include/pan_tilt_msgs/pan_tilt_msgs/msg/detail/pan_tilt_cmd_rad__struct.h
[15.110s] -- Symlinking: /home/tony/ros2_ws/install/pan_tilt_msgs/include/pan_tilt_msgs/pan_tilt_msgs/msg/detail/pan_tilt_cmd_rad__type_support.h
[15.110s] -- Symlinking: /home/tony/ros2_ws/install/pan_tilt_msgs/include/pan_tilt_msgs/pan_tilt_msgs/msg/detail/pan_tilt_status__functions.h
[15.110s] -- Symlinking: /home/tony/ros2_ws/install/pan_tilt_msgs/include/pan_tilt_msgs/pan_tilt_msgs/msg/detail/pan_tilt_status__struct.h
[15.110s] -- Symlinking: /home/tony/ros2_ws/install/pan_tilt_msgs/include/pan_tilt_msgs/pan_tilt_msgs/msg/detail/pan_tilt_status__type_support.h
[15.111s] -- Symlinking: /home/tony/ros2_ws/install/pan_tilt_msgs/include/pan_tilt_msgs/pan_tilt_msgs/msg/pan_joint_state.h
[15.111s] -- Symlinking: /home/tony/ros2_ws/install/pan_tilt_msgs/include/pan_tilt_msgs/pan_tilt_msgs/msg/pan_tilt_cmd_deg.h
[15.111s] -- Symlinking: /home/tony/ros2_ws/install/pan_tilt_msgs/include/pan_tilt_msgs/pan_tilt_msgs/msg/pan_tilt_cmd_rad.h
[15.111s] -- Symlinking: /home/tony/ros2_ws/install/pan_tilt_msgs/include/pan_tilt_msgs/pan_tilt_msgs/msg/pan_tilt_status.h
[15.111s] -- Symlinking: /home/tony/ros2_ws/install/pan_tilt_msgs/include/pan_tilt_msgs/pan_tilt_msgs/msg/rosidl_generator_c__visibility_control.h
[15.111s] -- Symlinking: /home/tony/ros2_ws/install/pan_tilt_msgs/share/pan_tilt_msgs/environment/library_path.sh
[15.111s] -- Symlinking: /home/tony/ros2_ws/install/pan_tilt_msgs/share/pan_tilt_msgs/environment/library_path.dsv
[15.111s] -- Symlinking: /home/tony/ros2_ws/install/pan_tilt_msgs/include/pan_tilt_msgs/pan_tilt_msgs/msg/detail/pan_joint_state__rosidl_typesupport_fastrtps_c.h
[15.111s] -- Symlinking: /home/tony/ros2_ws/install/pan_tilt_msgs/include/pan_tilt_msgs/pan_tilt_msgs/msg/detail/pan_tilt_cmd_deg__rosidl_typesupport_fastrtps_c.h
[15.111s] -- Symlinking: /home/tony/ros2_ws/install/pan_tilt_msgs/include/pan_tilt_msgs/pan_tilt_msgs/msg/detail/pan_tilt_cmd_rad__rosidl_typesupport_fastrtps_c.h
[15.111s] -- Symlinking: /home/tony/ros2_ws/install/pan_tilt_msgs/include/pan_tilt_msgs/pan_tilt_msgs/msg/detail/pan_tilt_status__rosidl_typesupport_fastrtps_c.h
[15.111s] -- Symlinking: /home/tony/ros2_ws/install/pan_tilt_msgs/include/pan_tilt_msgs/pan_tilt_msgs/msg/rosidl_typesupport_fastrtps_c__visibility_control.h
[15.111s] -- Symlinking: /home/tony/ros2_ws/install/pan_tilt_msgs/include/pan_tilt_msgs/pan_tilt_msgs/msg/detail/pan_joint_state__builder.hpp
[15.131s] -- Symlinking: /home/tony/ros2_ws/install/pan_tilt_msgs/include/pan_tilt_msgs/pan_tilt_msgs/msg/detail/pan_joint_state__struct.hpp
[15.158s] -- Symlinking: /home/tony/ros2_ws/install/pan_tilt_msgs/include/pan_tilt_msgs/pan_tilt_msgs/msg/detail/pan_joint_state__traits.hpp
[15.193s] -- Symlinking: /home/tony/ros2_ws/install/pan_tilt_msgs/include/pan_tilt_msgs/pan_tilt_msgs/msg/detail/pan_tilt_cmd_deg__builder.hpp
[15.224s] -- Symlinking: /home/tony/ros2_ws/install/pan_tilt_msgs/include/pan_tilt_msgs/pan_tilt_msgs/msg/detail/pan_tilt_cmd_deg__struct.hpp
[15.250s] -- Symlinking: /home/tony/ros2_ws/install/pan_tilt_msgs/include/pan_tilt_msgs/pan_tilt_msgs/msg/detail/pan_tilt_cmd_deg__traits.hpp
[15.272s] -- Symlinking: /home/tony/ros2_ws/install/pan_tilt_msgs/include/pan_tilt_msgs/pan_tilt_msgs/msg/detail/pan_tilt_cmd_rad__builder.hpp
[15.290s] -- Symlinking: /home/tony/ros2_ws/install/pan_tilt_msgs/include/pan_tilt_msgs/pan_tilt_msgs/msg/detail/pan_tilt_cmd_rad__struct.hpp
[15.312s] -- Symlinking: /home/tony/ros2_ws/install/pan_tilt_msgs/include/pan_tilt_msgs/pan_tilt_msgs/msg/detail/pan_tilt_cmd_rad__traits.hpp
[15.331s] -- Symlinking: /home/tony/ros2_ws/install/pan_tilt_msgs/include/pan_tilt_msgs/pan_tilt_msgs/msg/detail/pan_tilt_status__builder.hpp
[15.380s] -- Symlinking: /home/tony/ros2_ws/install/pan_tilt_msgs/include/pan_tilt_msgs/pan_tilt_msgs/msg/detail/pan_tilt_status__struct.hpp
[15.429s] -- Symlinking: /home/tony/ros2_ws/install/pan_tilt_msgs/include/pan_tilt_msgs/pan_tilt_msgs/msg/detail/pan_tilt_status__traits.hpp
[15.449s] -- Symlinking: /home/tony/ros2_ws/install/pan_tilt_msgs/include/pan_tilt_msgs/pan_tilt_msgs/msg/pan_joint_state.hpp
[15.504s] -- Symlinking: /home/tony/ros2_ws/install/pan_tilt_msgs/include/pan_tilt_msgs/pan_tilt_msgs/msg/pan_tilt_cmd_deg.hpp
[15.533s] -- Symlinking: /home/tony/ros2_ws/install/pan_tilt_msgs/include/pan_tilt_msgs/pan_tilt_msgs/msg/pan_tilt_cmd_rad.hpp
[15.567s] -- Symlinking: /home/tony/ros2_ws/install/pan_tilt_msgs/include/pan_tilt_msgs/pan_tilt_msgs/msg/pan_tilt_status.hpp
[15.581s] -- Symlinking: /home/tony/ros2_ws/install/pan_tilt_msgs/include/pan_tilt_msgs/pan_tilt_msgs/msg/detail/pan_joint_state__rosidl_typesupport_fastrtps_cpp.hpp
[15.610s] -- Symlinking: /home/tony/ros2_ws/install/pan_tilt_msgs/include/pan_tilt_msgs/pan_tilt_msgs/msg/detail/pan_tilt_cmd_deg__rosidl_typesupport_fastrtps_cpp.hpp
[15.640s] -- Symlinking: /home/tony/ros2_ws/install/pan_tilt_msgs/include/pan_tilt_msgs/pan_tilt_msgs/msg/detail/pan_tilt_cmd_rad__rosidl_typesupport_fastrtps_cpp.hpp
[15.667s] -- Symlinking: /home/tony/ros2_ws/install/pan_tilt_msgs/include/pan_tilt_msgs/pan_tilt_msgs/msg/detail/pan_tilt_status__rosidl_typesupport_fastrtps_cpp.hpp
[15.701s] -- Symlinking: /home/tony/ros2_ws/install/pan_tilt_msgs/include/pan_tilt_msgs/pan_tilt_msgs/msg/rosidl_typesupport_fastrtps_cpp__visibility_control.h
[15.723s] -- Symlinking: /home/tony/ros2_ws/install/pan_tilt_msgs/include/pan_tilt_msgs/pan_tilt_msgs/msg/detail/pan_joint_state__rosidl_typesupport_introspection_c.h
[15.748s] -- Symlinking: /home/tony/ros2_ws/install/pan_tilt_msgs/include/pan_tilt_msgs/pan_tilt_msgs/msg/detail/pan_tilt_cmd_deg__rosidl_typesupport_introspection_c.h
[15.798s] -- Symlinking: /home/tony/ros2_ws/install/pan_tilt_msgs/include/pan_tilt_msgs/pan_tilt_msgs/msg/detail/pan_tilt_cmd_rad__rosidl_typesupport_introspection_c.h
[15.838s] -- Symlinking: /home/tony/ros2_ws/install/pan_tilt_msgs/include/pan_tilt_msgs/pan_tilt_msgs/msg/detail/pan_tilt_status__rosidl_typesupport_introspection_c.h
[15.872s] -- Symlinking: /home/tony/ros2_ws/install/pan_tilt_msgs/include/pan_tilt_msgs/pan_tilt_msgs/msg/rosidl_typesupport_introspection_c__visibility_control.h
[15.899s] -- Symlinking: /home/tony/ros2_ws/install/pan_tilt_msgs/include/pan_tilt_msgs/pan_tilt_msgs/msg/detail/pan_joint_state__rosidl_typesupport_introspection_cpp.hpp
[15.950s] -- Symlinking: /home/tony/ros2_ws/install/pan_tilt_msgs/include/pan_tilt_msgs/pan_tilt_msgs/msg/detail/pan_tilt_cmd_deg__rosidl_typesupport_introspection_cpp.hpp
[15.994s] -- Symlinking: /home/tony/ros2_ws/install/pan_tilt_msgs/include/pan_tilt_msgs/pan_tilt_msgs/msg/detail/pan_tilt_cmd_rad__rosidl_typesupport_introspection_cpp.hpp
[16.031s] -- Symlinking: /home/tony/ros2_ws/install/pan_tilt_msgs/include/pan_tilt_msgs/pan_tilt_msgs/msg/detail/pan_tilt_status__rosidl_typesupport_introspection_cpp.hpp
[16.066s] -- Symlinking: /home/tony/ros2_ws/install/pan_tilt_msgs/share/pan_tilt_msgs/environment/pythonpath.sh
[16.094s] -- Symlinking: /home/tony/ros2_ws/install/pan_tilt_msgs/share/pan_tilt_msgs/environment/pythonpath.dsv
[16.107s] -- Symlinking: /home/tony/ros2_ws/install/pan_tilt_msgs/local/lib/python3.10/dist-packages/pan_tilt_msgs-1.0.0-py3.10.egg-info/PKG-INFO
[16.124s] -- Symlinking: /home/tony/ros2_ws/install/pan_tilt_msgs/local/lib/python3.10/dist-packages/pan_tilt_msgs-1.0.0-py3.10.egg-info/SOURCES.txt
[16.162s] -- Symlinking: /home/tony/ros2_ws/install/pan_tilt_msgs/local/lib/python3.10/dist-packages/pan_tilt_msgs-1.0.0-py3.10.egg-info/dependency_links.txt
[16.182s] -- Symlinking: /home/tony/ros2_ws/install/pan_tilt_msgs/local/lib/python3.10/dist-packages/pan_tilt_msgs-1.0.0-py3.10.egg-info/top_level.txt
[16.223s] -- Symlinking: /home/tony/ros2_ws/install/pan_tilt_msgs/local/lib/python3.10/dist-packages/pan_tilt_msgs/__init__.py
[16.250s] -- Symlinking: /home/tony/ros2_ws/install/pan_tilt_msgs/local/lib/python3.10/dist-packages/pan_tilt_msgs/_pan_tilt_msgs_s.ep.rosidl_typesupport_c.c
[16.292s] -- Symlinking: /home/tony/ros2_ws/install/pan_tilt_msgs/local/lib/python3.10/dist-packages/pan_tilt_msgs/_pan_tilt_msgs_s.ep.rosidl_typesupport_fastrtps_c.c
[16.312s] -- Symlinking: /home/tony/ros2_ws/install/pan_tilt_msgs/local/lib/python3.10/dist-packages/pan_tilt_msgs/_pan_tilt_msgs_s.ep.rosidl_typesupport_introspection_c.c
[16.390s] -- Symlinking: /home/tony/ros2_ws/install/pan_tilt_msgs/local/lib/python3.10/dist-packages/pan_tilt_msgs/libpan_tilt_msgs__rosidl_generator_py.so
[16.422s] -- Symlinking: /home/tony/ros2_ws/install/pan_tilt_msgs/local/lib/python3.10/dist-packages/pan_tilt_msgs/msg/__init__.py
[16.448s] -- Symlinking: /home/tony/ros2_ws/install/pan_tilt_msgs/local/lib/python3.10/dist-packages/pan_tilt_msgs/msg/_pan_joint_state.py
[16.462s] -- Symlinking: /home/tony/ros2_ws/install/pan_tilt_msgs/local/lib/python3.10/dist-packages/pan_tilt_msgs/msg/_pan_joint_state_s.c
[16.497s] -- Symlinking: /home/tony/ros2_ws/install/pan_tilt_msgs/local/lib/python3.10/dist-packages/pan_tilt_msgs/msg/_pan_tilt_cmd_deg.py
[16.543s] -- Symlinking: /home/tony/ros2_ws/install/pan_tilt_msgs/local/lib/python3.10/dist-packages/pan_tilt_msgs/msg/_pan_tilt_cmd_deg_s.c
[16.583s] -- Symlinking: /home/tony/ros2_ws/install/pan_tilt_msgs/local/lib/python3.10/dist-packages/pan_tilt_msgs/msg/_pan_tilt_cmd_rad.py
[16.612s] -- Symlinking: /home/tony/ros2_ws/install/pan_tilt_msgs/local/lib/python3.10/dist-packages/pan_tilt_msgs/msg/_pan_tilt_cmd_rad_s.c
[16.643s] -- Symlinking: /home/tony/ros2_ws/install/pan_tilt_msgs/local/lib/python3.10/dist-packages/pan_tilt_msgs/msg/_pan_tilt_status.py
[16.670s] -- Symlinking: /home/tony/ros2_ws/install/pan_tilt_msgs/local/lib/python3.10/dist-packages/pan_tilt_msgs/msg/_pan_tilt_status_s.c
[16.704s] -- Symlinking: /home/tony/ros2_ws/install/pan_tilt_msgs/local/lib/python3.10/dist-packages/pan_tilt_msgs/pan_tilt_msgs_s__rosidl_typesupport_c.cpython-310-x86_64-linux-gnu.so
[16.708s] -- Symlinking: /home/tony/ros2_ws/install/pan_tilt_msgs/local/lib/python3.10/dist-packages/pan_tilt_msgs/pan_tilt_msgs_s__rosidl_typesupport_fastrtps_c.cpython-310-x86_64-linux-gnu.so
[16.726s] -- Symlinking: /home/tony/ros2_ws/install/pan_tilt_msgs/local/lib/python3.10/dist-packages/pan_tilt_msgs/pan_tilt_msgs_s__rosidl_typesupport_introspection_c.cpython-310-x86_64-linux-gnu.so
[16.735s] -- Up-to-date symlink: /home/tony/ros2_ws/install/pan_tilt_msgs/local/lib/python3.10/dist-packages/pan_tilt_msgs/pan_tilt_msgs_s__rosidl_typesupport_fastrtps_c.cpython-310-x86_64-linux-gnu.so
[16.736s] -- Up-to-date symlink: /home/tony/ros2_ws/install/pan_tilt_msgs/local/lib/python3.10/dist-packages/pan_tilt_msgs/pan_tilt_msgs_s__rosidl_typesupport_introspection_c.cpython-310-x86_64-linux-gnu.so
[16.736s] -- Up-to-date symlink: /home/tony/ros2_ws/install/pan_tilt_msgs/local/lib/python3.10/dist-packages/pan_tilt_msgs/pan_tilt_msgs_s__rosidl_typesupport_c.cpython-310-x86_64-linux-gnu.so
[16.737s] -- Symlinking: /home/tony/ros2_ws/install/pan_tilt_msgs/share/pan_tilt_msgs/msg/PanTiltCmdDeg.idl
[16.766s] -- Symlinking: /home/tony/ros2_ws/install/pan_tilt_msgs/share/pan_tilt_msgs/msg/PanTiltCmdRad.idl
[16.784s] -- Symlinking: /home/tony/ros2_ws/install/pan_tilt_msgs/share/pan_tilt_msgs/msg/PanTiltStatus.idl
[16.810s] -- Symlinking: /home/tony/ros2_ws/install/pan_tilt_msgs/share/pan_tilt_msgs/msg/PanJointState.idl
[16.838s] -- Symlinking: /home/tony/ros2_ws/install/pan_tilt_msgs/share/pan_tilt_msgs/msg/PanTiltCmdDeg.msg
[16.867s] -- Symlinking: /home/tony/ros2_ws/install/pan_tilt_msgs/share/pan_tilt_msgs/msg/PanTiltCmdRad.msg
[16.882s] -- Symlinking: /home/tony/ros2_ws/install/pan_tilt_msgs/share/pan_tilt_msgs/msg/PanTiltStatus.msg
[16.926s] -- Symlinking: /home/tony/ros2_ws/install/pan_tilt_msgs/share/pan_tilt_msgs/msg/PanJointState.msg
[16.970s] -- Symlinking: /home/tony/ros2_ws/install/pan_tilt_msgs/share/ament_index/resource_index/package_run_dependencies/pan_tilt_msgs
[17.011s] -- Symlinking: /home/tony/ros2_ws/install/pan_tilt_msgs/share/ament_index/resource_index/parent_prefix_path/pan_tilt_msgs
[17.042s] -- Symlinking: /home/tony/ros2_ws/install/pan_tilt_msgs/share/pan_tilt_msgs/environment/ament_prefix_path.sh
[17.106s] -- Symlinking: /home/tony/ros2_ws/install/pan_tilt_msgs/share/pan_tilt_msgs/environment/ament_prefix_path.dsv
[17.157s] -- Symlinking: /home/tony/ros2_ws/install/pan_tilt_msgs/share/pan_tilt_msgs/environment/path.sh
[17.176s] -- Symlinking: /home/tony/ros2_ws/install/pan_tilt_msgs/share/pan_tilt_msgs/environment/path.dsv
[17.198s] -- Symlinking: /home/tony/ros2_ws/install/pan_tilt_msgs/share/pan_tilt_msgs/local_setup.bash
[17.242s] -- Symlinking: /home/tony/ros2_ws/install/pan_tilt_msgs/share/pan_tilt_msgs/local_setup.sh
[17.280s] -- Symlinking: /home/tony/ros2_ws/install/pan_tilt_msgs/share/pan_tilt_msgs/local_setup.zsh
[17.310s] -- Symlinking: /home/tony/ros2_ws/install/pan_tilt_msgs/share/pan_tilt_msgs/local_setup.dsv
[17.357s] -- Symlinking: /home/tony/ros2_ws/install/pan_tilt_msgs/share/pan_tilt_msgs/package.dsv
[17.415s] -- Symlinking: /home/tony/ros2_ws/install/pan_tilt_msgs/share/ament_index/resource_index/packages/pan_tilt_msgs
[17.452s] -- Symlinking: /home/tony/ros2_ws/install/pan_tilt_msgs/share/pan_tilt_msgs/cmake/rosidl_cmake-extras.cmake
[17.506s] -- Symlinking: /home/tony/ros2_ws/install/pan_tilt_msgs/share/pan_tilt_msgs/cmake/ament_cmake_export_dependencies-extras.cmake
[17.578s] -- Symlinking: /home/tony/ros2_ws/install/pan_tilt_msgs/share/pan_tilt_msgs/cmake/ament_cmake_export_include_directories-extras.cmake
[17.617s] -- Symlinking: /home/tony/ros2_ws/install/pan_tilt_msgs/share/pan_tilt_msgs/cmake/ament_cmake_export_libraries-extras.cmake
[17.651s] -- Symlinking: /home/tony/ros2_ws/install/pan_tilt_msgs/share/pan_tilt_msgs/cmake/ament_cmake_export_targets-extras.cmake
[17.686s] -- Symlinking: /home/tony/ros2_ws/install/pan_tilt_msgs/share/pan_tilt_msgs/cmake/rosidl_cmake_export_typesupport_targets-extras.cmake
[17.722s] -- Symlinking: /home/tony/ros2_ws/install/pan_tilt_msgs/share/pan_tilt_msgs/cmake/rosidl_cmake_export_typesupport_libraries-extras.cmake
[17.733s] -- Symlinking: /home/tony/ros2_ws/install/pan_tilt_msgs/share/pan_tilt_msgs/cmake/pan_tilt_msgsConfig.cmake
[17.786s] -- Symlinking: /home/tony/ros2_ws/install/pan_tilt_msgs/share/pan_tilt_msgs/cmake/pan_tilt_msgsConfig-version.cmake
[17.830s] -- Symlinking: /home/tony/ros2_ws/install/pan_tilt_msgs/share/pan_tilt_msgs/package.xml
[17.870s] -- Installing: /home/tony/ros2_ws/install/pan_tilt_msgs/lib/libpan_tilt_msgs__rosidl_generator_c.so
[17.870s] -- Set runtime path of "/home/tony/ros2_ws/install/pan_tilt_msgs/lib/libpan_tilt_msgs__rosidl_generator_c.so" to ""
[17.870s] -- Installing: /home/tony/ros2_ws/install/pan_tilt_msgs/lib/libpan_tilt_msgs__rosidl_typesupport_fastrtps_c.so
[17.871s] -- Set runtime path of "/home/tony/ros2_ws/install/pan_tilt_msgs/lib/libpan_tilt_msgs__rosidl_typesupport_fastrtps_c.so" to ""
[17.871s] -- Installing: /home/tony/ros2_ws/install/pan_tilt_msgs/lib/libpan_tilt_msgs__rosidl_typesupport_fastrtps_cpp.so
[17.871s] -- Set runtime path of "/home/tony/ros2_ws/install/pan_tilt_msgs/lib/libpan_tilt_msgs__rosidl_typesupport_fastrtps_cpp.so" to ""
[17.871s] -- Installing: /home/tony/ros2_ws/install/pan_tilt_msgs/lib/libpan_tilt_msgs__rosidl_typesupport_introspection_c.so
[17.872s] -- Set runtime path of "/home/tony/ros2_ws/install/pan_tilt_msgs/lib/libpan_tilt_msgs__rosidl_typesupport_introspection_c.so" to ""
[17.872s] -- Installing: /home/tony/ros2_ws/install/pan_tilt_msgs/lib/libpan_tilt_msgs__rosidl_typesupport_c.so
[17.872s] -- Set runtime path of "/home/tony/ros2_ws/install/pan_tilt_msgs/lib/libpan_tilt_msgs__rosidl_typesupport_c.so" to ""
[17.872s] -- Installing: /home/tony/ros2_ws/install/pan_tilt_msgs/lib/libpan_tilt_msgs__rosidl_typesupport_introspection_cpp.so
[17.872s] -- Set runtime path of "/home/tony/ros2_ws/install/pan_tilt_msgs/lib/libpan_tilt_msgs__rosidl_typesupport_introspection_cpp.so" to ""
[17.873s] -- Installing: /home/tony/ros2_ws/install/pan_tilt_msgs/lib/libpan_tilt_msgs__rosidl_typesupport_cpp.so
[17.873s] -- Set runtime path of "/home/tony/ros2_ws/install/pan_tilt_msgs/lib/libpan_tilt_msgs__rosidl_typesupport_cpp.so" to ""
[18.103s] Listing '/home/tony/ros2_ws/install/pan_tilt_msgs/local/lib/python3.10/dist-packages/pan_tilt_msgs'...
[18.103s] Compiling '/home/tony/ros2_ws/install/pan_tilt_msgs/local/lib/python3.10/dist-packages/pan_tilt_msgs/__init__.py'...
[18.103s] Listing '/home/tony/ros2_ws/install/pan_tilt_msgs/local/lib/python3.10/dist-packages/pan_tilt_msgs/msg'...
[18.103s] Compiling '/home/tony/ros2_ws/install/pan_tilt_msgs/local/lib/python3.10/dist-packages/pan_tilt_msgs/msg/__init__.py'...
[18.103s] Compiling '/home/tony/ros2_ws/install/pan_tilt_msgs/local/lib/python3.10/dist-packages/pan_tilt_msgs/msg/_pan_joint_state.py'...
[18.103s] Compiling '/home/tony/ros2_ws/install/pan_tilt_msgs/local/lib/python3.10/dist-packages/pan_tilt_msgs/msg/_pan_tilt_cmd_deg.py'...
[18.103s] Compiling '/home/tony/ros2_ws/install/pan_tilt_msgs/local/lib/python3.10/dist-packages/pan_tilt_msgs/msg/_pan_tilt_cmd_rad.py'...
[18.103s] Compiling '/home/tony/ros2_ws/install/pan_tilt_msgs/local/lib/python3.10/dist-packages/pan_tilt_msgs/msg/_pan_tilt_status.py'...
[18.141s] -- Installing: /home/tony/ros2_ws/install/pan_tilt_msgs/lib/libpan_tilt_msgs__rosidl_generator_py.so
[18.141s] -- Set runtime path of "/home/tony/ros2_ws/install/pan_tilt_msgs/lib/libpan_tilt_msgs__rosidl_generator_py.so" to ""
[18.141s] -- Installing: /home/tony/ros2_ws/install/pan_tilt_msgs/share/pan_tilt_msgs/cmake/export_pan_tilt_msgs__rosidl_generator_cExport.cmake
[18.141s] -- Installing: /home/tony/ros2_ws/install/pan_tilt_msgs/share/pan_tilt_msgs/cmake/export_pan_tilt_msgs__rosidl_generator_cExport-noconfig.cmake
[18.141s] -- Installing: /home/tony/ros2_ws/install/pan_tilt_msgs/share/pan_tilt_msgs/cmake/export_pan_tilt_msgs__rosidl_typesupport_fastrtps_cExport.cmake
[18.141s] -- Installing: /home/tony/ros2_ws/install/pan_tilt_msgs/share/pan_tilt_msgs/cmake/export_pan_tilt_msgs__rosidl_typesupport_fastrtps_cExport-noconfig.cmake
[18.141s] -- Installing: /home/tony/ros2_ws/install/pan_tilt_msgs/share/pan_tilt_msgs/cmake/export_pan_tilt_msgs__rosidl_generator_cppExport.cmake
[18.141s] -- Installing: /home/tony/ros2_ws/install/pan_tilt_msgs/share/pan_tilt_msgs/cmake/export_pan_tilt_msgs__rosidl_typesupport_fastrtps_cppExport.cmake
[18.141s] -- Installing: /home/tony/ros2_ws/install/pan_tilt_msgs/share/pan_tilt_msgs/cmake/export_pan_tilt_msgs__rosidl_typesupport_fastrtps_cppExport-noconfig.cmake
[18.141s] -- Installing: /home/tony/ros2_ws/install/pan_tilt_msgs/share/pan_tilt_msgs/cmake/pan_tilt_msgs__rosidl_typesupport_introspection_cExport.cmake
[18.142s] -- Installing: /home/tony/ros2_ws/install/pan_tilt_msgs/share/pan_tilt_msgs/cmake/pan_tilt_msgs__rosidl_typesupport_introspection_cExport-noconfig.cmake
[18.142s] -- Installing: /home/tony/ros2_ws/install/pan_tilt_msgs/share/pan_tilt_msgs/cmake/pan_tilt_msgs__rosidl_typesupport_cExport.cmake
[18.143s] -- Installing: /home/tony/ros2_ws/install/pan_tilt_msgs/share/pan_tilt_msgs/cmake/pan_tilt_msgs__rosidl_typesupport_cExport-noconfig.cmake
[18.143s] -- Installing: /home/tony/ros2_ws/install/pan_tilt_msgs/share/pan_tilt_msgs/cmake/pan_tilt_msgs__rosidl_typesupport_introspection_cppExport.cmake
[18.143s] -- Installing: /home/tony/ros2_ws/install/pan_tilt_msgs/share/pan_tilt_msgs/cmake/pan_tilt_msgs__rosidl_typesupport_introspection_cppExport-noconfig.cmake
[18.144s] -- Installing: /home/tony/ros2_ws/install/pan_tilt_msgs/share/pan_tilt_msgs/cmake/pan_tilt_msgs__rosidl_typesupport_cppExport.cmake
[18.153s] -- Installing: /home/tony/ros2_ws/install/pan_tilt_msgs/share/pan_tilt_msgs/cmake/pan_tilt_msgs__rosidl_typesupport_cppExport-noconfig.cmake
[18.153s] -- Installing: /home/tony/ros2_ws/install/pan_tilt_msgs/share/pan_tilt_msgs/cmake/export_pan_tilt_msgs__rosidl_generator_pyExport.cmake
[18.153s] -- Installing: /home/tony/ros2_ws/install/pan_tilt_msgs/share/pan_tilt_msgs/cmake/export_pan_tilt_msgs__rosidl_generator_pyExport-noconfig.cmake
[19.082s] Invoked command in '/home/tony/ros2_ws/build/pan_tilt_msgs' returned '0': CMAKE_PREFIX_PATH=/opt/ros/humble /usr/bin/cmake --install /home/tony/ros2_ws/build/pan_tilt_msgs
