-- Found dynamixel_workbench_toolbox: 2.2.2 (/home/tony/ros2_ws/install/dynamixel_workbench_toolbox/share/dynamixel_workbench_toolbox/cmake)
-- Override CMake install command with custom implementation using symlinks instead of copying resources
-- Found rosidl_generator_c: 3.1.5 (/opt/ros/humble/share/rosidl_generator_c/cmake)
-- Found rosidl_adapter: 3.1.5 (/opt/ros/humble/share/rosidl_adapter/cmake)
-- Found rosidl_generator_cpp: 3.1.5 (/opt/ros/humble/share/rosidl_generator_cpp/cmake)
-- Using all available rosidl_typesupport_c: rosidl_typesupport_fastrtps_c;rosidl_typesupport_introspection_c
-- Using all available rosidl_typesupport_cpp: rosidl_typesupport_fastrtps_cpp;rosidl_typesupport_introspection_cpp
-- Found rmw_implementation_cmake: 6.1.1 (/opt/ros/humble/share/rmw_implementation_cmake/cmake)
-- Found rmw_fastrtps_cpp: 6.2.3 (/opt/ros/humble/share/rmw_fastrtps_cpp/cmake)
-- Using RMW implementation 'rmw_fastrtps_cpp' as default
-- Found ament_lint_auto: 0.12.7 (/opt/ros/humble/share/ament_lint_auto/cmake)
-- Added test 'copyright' to check source files copyright and LICENSE
-- Added test 'cppcheck' to perform static code analysis on C / C++ code
-- Configured cppcheck include dirs: /home/tony/ros2_ws/src/interbotix_ros_core/interbotix_ros_xseries/interbotix_xs_driver/include;$<BUILD_INTERFACE:/home/tony/ros2_ws/src/interbotix_ros_core/interbotix_ros_xseries/interbotix_xs_driver/include>
-- Configured cppcheck exclude dirs and/or files: 
-- Added test 'cpplint' to check C / C++ code against the Google style
-- Configured cpplint exclude dirs and/or files: 
-- Added test 'lint_cmake' to check CMake code style
-- Added test 'uncrustify' to check C / C++ code style
-- Configured uncrustify additional arguments: 
-- Added test 'xmllint' to check XML markup files
-- Configuring done
-- Generating done
-- Build files have been written to: /home/tony/ros2_ws/build/interbotix_xs_driver
[35m[1mConsolidate compiler generated dependencies of target interbotix_xs_driver[0m
[ 33%] [32mBuilding CXX object CMakeFiles/interbotix_xs_driver.dir/src/xs_logging.cpp.o[0m
[ 66%] [32mBuilding CXX object CMakeFiles/interbotix_xs_driver.dir/src/xs_driver.cpp.o[0m
[100%] [32m[1mLinking CXX shared library libinterbotix_xs_driver.so[0m
[100%] Built target interbotix_xs_driver
-- Install configuration: ""
-- Execute custom install script
-- Up-to-date symlink: /home/tony/ros2_ws/install/interbotix_xs_driver/include/interbotix_xs_driver/version.hpp
-- Up-to-date symlink: /home/tony/ros2_ws/install/interbotix_xs_driver/include/interbotix_xs_driver/xs_common.hpp
-- Up-to-date symlink: /home/tony/ros2_ws/install/interbotix_xs_driver/include/interbotix_xs_driver/xs_driver.hpp
-- Up-to-date symlink: /home/tony/ros2_ws/install/interbotix_xs_driver/include/interbotix_xs_driver/xs_logging.hpp
-- Up-to-date symlink: /home/tony/ros2_ws/install/interbotix_xs_driver/share/interbotix_xs_driver/package.xml
-- Up-to-date symlink: /home/tony/ros2_ws/install/interbotix_xs_driver/share/ament_index/resource_index/package_run_dependencies/interbotix_xs_driver
-- Up-to-date symlink: /home/tony/ros2_ws/install/interbotix_xs_driver/share/ament_index/resource_index/parent_prefix_path/interbotix_xs_driver
-- Up-to-date symlink: /home/tony/ros2_ws/install/interbotix_xs_driver/share/interbotix_xs_driver/environment/ament_prefix_path.sh
-- Up-to-date symlink: /home/tony/ros2_ws/install/interbotix_xs_driver/share/interbotix_xs_driver/environment/ament_prefix_path.dsv
-- Up-to-date symlink: /home/tony/ros2_ws/install/interbotix_xs_driver/share/interbotix_xs_driver/environment/path.sh
-- Up-to-date symlink: /home/tony/ros2_ws/install/interbotix_xs_driver/share/interbotix_xs_driver/environment/path.dsv
-- Up-to-date symlink: /home/tony/ros2_ws/install/interbotix_xs_driver/share/interbotix_xs_driver/local_setup.bash
-- Up-to-date symlink: /home/tony/ros2_ws/install/interbotix_xs_driver/share/interbotix_xs_driver/local_setup.sh
-- Up-to-date symlink: /home/tony/ros2_ws/install/interbotix_xs_driver/share/interbotix_xs_driver/local_setup.zsh
-- Up-to-date symlink: /home/tony/ros2_ws/install/interbotix_xs_driver/share/interbotix_xs_driver/local_setup.dsv
-- Symlinking: /home/tony/ros2_ws/install/interbotix_xs_driver/share/interbotix_xs_driver/package.dsv
-- Up-to-date symlink: /home/tony/ros2_ws/install/interbotix_xs_driver/share/ament_index/resource_index/packages/interbotix_xs_driver
-- Up-to-date symlink: /home/tony/ros2_ws/install/interbotix_xs_driver/share/interbotix_xs_driver/cmake/ament_cmake_export_dependencies-extras.cmake
-- Up-to-date symlink: /home/tony/ros2_ws/install/interbotix_xs_driver/share/interbotix_xs_driver/cmake/ament_cmake_export_targets-extras.cmake
-- Up-to-date symlink: /home/tony/ros2_ws/install/interbotix_xs_driver/share/interbotix_xs_driver/cmake/interbotix_xs_driverConfig.cmake
-- Up-to-date symlink: /home/tony/ros2_ws/install/interbotix_xs_driver/share/interbotix_xs_driver/cmake/interbotix_xs_driverConfig-version.cmake
-- Up-to-date symlink: /home/tony/ros2_ws/install/interbotix_xs_driver/share/interbotix_xs_driver/package.xml
-- Installing: /home/tony/ros2_ws/install/interbotix_xs_driver/lib/libinterbotix_xs_driver.so
-- Set runtime path of "/home/tony/ros2_ws/install/interbotix_xs_driver/lib/libinterbotix_xs_driver.so" to ""
-- Up-to-date: /home/tony/ros2_ws/install/interbotix_xs_driver/share/interbotix_xs_driver/cmake/export_interbotix_xs_driverExport.cmake
-- Up-to-date: /home/tony/ros2_ws/install/interbotix_xs_driver/share/interbotix_xs_driver/cmake/export_interbotix_xs_driverExport-noconfig.cmake
