[35m[1mConsolidate compiler generated dependencies of target interbotix_xs_driver[0m
[100%] Built target interbotix_xs_driver
-- Install configuration: ""
-- Execute custom install script
-- Up-to-date symlink: /home/tony/ros2_ws/install/interbotix_xs_driver/include/interbotix_xs_driver/version.hpp
-- Up-to-date symlink: /home/tony/ros2_ws/install/interbotix_xs_driver/include/interbotix_xs_driver/xs_common.hpp
-- Up-to-date symlink: /home/tony/ros2_ws/install/interbotix_xs_driver/include/interbotix_xs_driver/xs_driver.hpp
-- Up-to-date symlink: /home/tony/ros2_ws/install/interbotix_xs_driver/include/interbotix_xs_driver/xs_logging.hpp
-- Up-to-date symlink: /home/tony/ros2_ws/install/interbotix_xs_driver/share/interbotix_xs_driver/package.xml
-- Up-to-date symlink: /home/tony/ros2_ws/install/interbotix_xs_driver/share/ament_index/resource_index/package_run_dependencies/interbotix_xs_driver
-- Up-to-date symlink: /home/tony/ros2_ws/install/interbotix_xs_driver/share/ament_index/resource_index/parent_prefix_path/interbotix_xs_driver
-- Up-to-date symlink: /home/tony/ros2_ws/install/interbotix_xs_driver/share/interbotix_xs_driver/environment/ament_prefix_path.sh
-- Up-to-date symlink: /home/tony/ros2_ws/install/interbotix_xs_driver/share/interbotix_xs_driver/environment/ament_prefix_path.dsv
-- Up-to-date symlink: /home/tony/ros2_ws/install/interbotix_xs_driver/share/interbotix_xs_driver/environment/path.sh
-- Up-to-date symlink: /home/tony/ros2_ws/install/interbotix_xs_driver/share/interbotix_xs_driver/environment/path.dsv
-- Up-to-date symlink: /home/tony/ros2_ws/install/interbotix_xs_driver/share/interbotix_xs_driver/local_setup.bash
-- Up-to-date symlink: /home/tony/ros2_ws/install/interbotix_xs_driver/share/interbotix_xs_driver/local_setup.sh
-- Up-to-date symlink: /home/tony/ros2_ws/install/interbotix_xs_driver/share/interbotix_xs_driver/local_setup.zsh
-- Up-to-date symlink: /home/tony/ros2_ws/install/interbotix_xs_driver/share/interbotix_xs_driver/local_setup.dsv
-- Symlinking: /home/tony/ros2_ws/install/interbotix_xs_driver/share/interbotix_xs_driver/package.dsv
-- Up-to-date symlink: /home/tony/ros2_ws/install/interbotix_xs_driver/share/ament_index/resource_index/packages/interbotix_xs_driver
-- Up-to-date symlink: /home/tony/ros2_ws/install/interbotix_xs_driver/share/interbotix_xs_driver/cmake/ament_cmake_export_dependencies-extras.cmake
-- Up-to-date symlink: /home/tony/ros2_ws/install/interbotix_xs_driver/share/interbotix_xs_driver/cmake/ament_cmake_export_targets-extras.cmake
-- Up-to-date symlink: /home/tony/ros2_ws/install/interbotix_xs_driver/share/interbotix_xs_driver/cmake/interbotix_xs_driverConfig.cmake
-- Up-to-date symlink: /home/tony/ros2_ws/install/interbotix_xs_driver/share/interbotix_xs_driver/cmake/interbotix_xs_driverConfig-version.cmake
-- Up-to-date symlink: /home/tony/ros2_ws/install/interbotix_xs_driver/share/interbotix_xs_driver/package.xml
-- Up-to-date: /home/tony/ros2_ws/install/interbotix_xs_driver/lib/libinterbotix_xs_driver.so
-- Up-to-date: /home/tony/ros2_ws/install/interbotix_xs_driver/share/interbotix_xs_driver/cmake/export_interbotix_xs_driverExport.cmake
-- Up-to-date: /home/tony/ros2_ws/install/interbotix_xs_driver/share/interbotix_xs_driver/cmake/export_interbotix_xs_driverExport-noconfig.cmake
