[0.067s] Invoking command in '/home/tony/ros2_ws/build/interbotix_xs_msgs': CMAKE_PREFIX_PATH=${CMAKE_PREFIX_PATH}:/home/tony/ros2_ws/install/ros2_aruco:/home/tony/ros2_ws/install/witmotion_ros_driver:/home/tony/ros2_ws/install/interbotix_xs_modules:/home/tony/ros2_ws/install/interbotix_perception_modules:/home/tony/ros2_ws/install/interbotix_common_modules:/opt/ros/humble /usr/bin/cmake --build /home/tony/ros2_ws/build/interbotix_xs_msgs -- -j8 -l8
[0.410s] [  0%] Built target ament_cmake_python_symlink_interbotix_xs_msgs
[0.410s] [  0%] Built target interbotix_xs_msgs__cpp
[0.410s] [ 12%] Built target interbotix_xs_msgs__rosidl_generator_c
[0.410s] [ 36%] Built target interbotix_xs_msgs__rosidl_typesupport_fastrtps_cpp
[0.410s] [ 36%] Built target interbotix_xs_msgs__rosidl_typesupport_introspection_cpp
[0.410s] [ 48%] Built target interbotix_xs_msgs__rosidl_typesupport_cpp
[0.410s] [ 60%] Built target interbotix_xs_msgs__rosidl_typesupport_introspection_c
[0.410s] [ 82%] Built target interbotix_xs_msgs__rosidl_typesupport_fastrtps_c
[0.410s] [ 84%] Built target interbotix_xs_msgs__rosidl_typesupport_c
[0.411s] [ 84%] Built target interbotix_xs_msgs
[0.411s] [ 85%] Built target interbotix_xs_msgs__py
[0.411s] [ 96%] Built target interbotix_xs_msgs__rosidl_generator_py
[0.411s] [ 97%] Built target interbotix_xs_msgs__rosidl_typesupport_fastrtps_c__pyext
[0.411s] [ 98%] Built target interbotix_xs_msgs__rosidl_typesupport_c__pyext
[0.411s] [100%] Built target interbotix_xs_msgs__rosidl_typesupport_introspection_c__pyext
[0.475s] running egg_info
[0.476s] writing interbotix_xs_msgs.egg-info/PKG-INFO
[0.476s] writing dependency_links to interbotix_xs_msgs.egg-info/dependency_links.txt
[0.477s] writing top-level names to interbotix_xs_msgs.egg-info/top_level.txt
[0.488s] reading manifest file 'interbotix_xs_msgs.egg-info/SOURCES.txt'
[0.488s] writing manifest file 'interbotix_xs_msgs.egg-info/SOURCES.txt'
[0.597s] [100%] Built target ament_cmake_python_build_interbotix_xs_msgs_egg
[0.624s] Invoked command in '/home/tony/ros2_ws/build/interbotix_xs_msgs' returned '0': CMAKE_PREFIX_PATH=${CMAKE_PREFIX_PATH}:/home/tony/ros2_ws/install/ros2_aruco:/home/tony/ros2_ws/install/witmotion_ros_driver:/home/tony/ros2_ws/install/interbotix_xs_modules:/home/tony/ros2_ws/install/interbotix_perception_modules:/home/tony/ros2_ws/install/interbotix_common_modules:/opt/ros/humble /usr/bin/cmake --build /home/tony/ros2_ws/build/interbotix_xs_msgs -- -j8 -l8
[2.027s] Invoking command in '/home/tony/ros2_ws/build/interbotix_xs_msgs': CMAKE_PREFIX_PATH=${CMAKE_PREFIX_PATH}:/home/tony/ros2_ws/install/ros2_aruco:/home/tony/ros2_ws/install/witmotion_ros_driver:/home/tony/ros2_ws/install/interbotix_xs_modules:/home/tony/ros2_ws/install/interbotix_perception_modules:/home/tony/ros2_ws/install/interbotix_common_modules:/opt/ros/humble /usr/bin/cmake --install /home/tony/ros2_ws/build/interbotix_xs_msgs
[2.051s] -- Install configuration: ""
[2.051s] -- Execute custom install script
[2.051s] -- Up-to-date symlink: /home/tony/ros2_ws/install/interbotix_xs_msgs/share/ament_index/resource_index/rosidl_interfaces/interbotix_xs_msgs
[2.051s] -- Up-to-date symlink: /home/tony/ros2_ws/install/interbotix_xs_msgs/include/interbotix_xs_msgs/interbotix_xs_msgs/msg/arm_joy.h
[2.051s] -- Up-to-date symlink: /home/tony/ros2_ws/install/interbotix_xs_msgs/include/interbotix_xs_msgs/interbotix_xs_msgs/msg/detail/arm_joy__functions.h
[2.051s] -- Up-to-date symlink: /home/tony/ros2_ws/install/interbotix_xs_msgs/include/interbotix_xs_msgs/interbotix_xs_msgs/msg/detail/arm_joy__struct.h
[2.051s] -- Up-to-date symlink: /home/tony/ros2_ws/install/interbotix_xs_msgs/include/interbotix_xs_msgs/interbotix_xs_msgs/msg/detail/arm_joy__type_support.h
[2.051s] -- Up-to-date symlink: /home/tony/ros2_ws/install/interbotix_xs_msgs/include/interbotix_xs_msgs/interbotix_xs_msgs/msg/detail/hex_joy__functions.h
[2.051s] -- Up-to-date symlink: /home/tony/ros2_ws/install/interbotix_xs_msgs/include/interbotix_xs_msgs/interbotix_xs_msgs/msg/detail/hex_joy__struct.h
[2.052s] -- Up-to-date symlink: /home/tony/ros2_ws/install/interbotix_xs_msgs/include/interbotix_xs_msgs/interbotix_xs_msgs/msg/detail/hex_joy__type_support.h
[2.059s] -- Up-to-date symlink: /home/tony/ros2_ws/install/interbotix_xs_msgs/include/interbotix_xs_msgs/interbotix_xs_msgs/msg/detail/joint_group_command__functions.h
[2.059s] -- Up-to-date symlink: /home/tony/ros2_ws/install/interbotix_xs_msgs/include/interbotix_xs_msgs/interbotix_xs_msgs/msg/detail/joint_group_command__struct.h
[2.059s] -- Up-to-date symlink: /home/tony/ros2_ws/install/interbotix_xs_msgs/include/interbotix_xs_msgs/interbotix_xs_msgs/msg/detail/joint_group_command__type_support.h
[2.061s] -- Up-to-date symlink: /home/tony/ros2_ws/install/interbotix_xs_msgs/include/interbotix_xs_msgs/interbotix_xs_msgs/msg/detail/joint_single_command__functions.h
[2.061s] -- Up-to-date symlink: /home/tony/ros2_ws/install/interbotix_xs_msgs/include/interbotix_xs_msgs/interbotix_xs_msgs/msg/detail/joint_single_command__struct.h
[2.061s] -- Up-to-date symlink: /home/tony/ros2_ws/install/interbotix_xs_msgs/include/interbotix_xs_msgs/interbotix_xs_msgs/msg/detail/joint_single_command__type_support.h
[2.061s] -- Up-to-date symlink: /home/tony/ros2_ws/install/interbotix_xs_msgs/include/interbotix_xs_msgs/interbotix_xs_msgs/msg/detail/joint_temps__functions.h
[2.061s] -- Up-to-date symlink: /home/tony/ros2_ws/install/interbotix_xs_msgs/include/interbotix_xs_msgs/interbotix_xs_msgs/msg/detail/joint_temps__struct.h
[2.062s] -- Up-to-date symlink: /home/tony/ros2_ws/install/interbotix_xs_msgs/include/interbotix_xs_msgs/interbotix_xs_msgs/msg/detail/joint_temps__type_support.h
[2.063s] -- Up-to-date symlink: /home/tony/ros2_ws/install/interbotix_xs_msgs/include/interbotix_xs_msgs/interbotix_xs_msgs/msg/detail/joint_trajectory_command__functions.h
[2.064s] -- Up-to-date symlink: /home/tony/ros2_ws/install/interbotix_xs_msgs/include/interbotix_xs_msgs/interbotix_xs_msgs/msg/detail/joint_trajectory_command__struct.h
[2.064s] -- Up-to-date symlink: /home/tony/ros2_ws/install/interbotix_xs_msgs/include/interbotix_xs_msgs/interbotix_xs_msgs/msg/detail/joint_trajectory_command__type_support.h
[2.064s] -- Up-to-date symlink: /home/tony/ros2_ws/install/interbotix_xs_msgs/include/interbotix_xs_msgs/interbotix_xs_msgs/msg/detail/locobot_joy__functions.h
[2.064s] -- Up-to-date symlink: /home/tony/ros2_ws/install/interbotix_xs_msgs/include/interbotix_xs_msgs/interbotix_xs_msgs/msg/detail/locobot_joy__struct.h
[2.064s] -- Up-to-date symlink: /home/tony/ros2_ws/install/interbotix_xs_msgs/include/interbotix_xs_msgs/interbotix_xs_msgs/msg/detail/locobot_joy__type_support.h
[2.064s] -- Up-to-date symlink: /home/tony/ros2_ws/install/interbotix_xs_msgs/include/interbotix_xs_msgs/interbotix_xs_msgs/msg/detail/turret_joy__functions.h
[2.064s] -- Up-to-date symlink: /home/tony/ros2_ws/install/interbotix_xs_msgs/include/interbotix_xs_msgs/interbotix_xs_msgs/msg/detail/turret_joy__struct.h
[2.064s] -- Up-to-date symlink: /home/tony/ros2_ws/install/interbotix_xs_msgs/include/interbotix_xs_msgs/interbotix_xs_msgs/msg/detail/turret_joy__type_support.h
[2.064s] -- Up-to-date symlink: /home/tony/ros2_ws/install/interbotix_xs_msgs/include/interbotix_xs_msgs/interbotix_xs_msgs/msg/hex_joy.h
[2.064s] -- Up-to-date symlink: /home/tony/ros2_ws/install/interbotix_xs_msgs/include/interbotix_xs_msgs/interbotix_xs_msgs/msg/joint_group_command.h
[2.065s] -- Up-to-date symlink: /home/tony/ros2_ws/install/interbotix_xs_msgs/include/interbotix_xs_msgs/interbotix_xs_msgs/msg/joint_single_command.h
[2.065s] -- Up-to-date symlink: /home/tony/ros2_ws/install/interbotix_xs_msgs/include/interbotix_xs_msgs/interbotix_xs_msgs/msg/joint_temps.h
[2.065s] -- Up-to-date symlink: /home/tony/ros2_ws/install/interbotix_xs_msgs/include/interbotix_xs_msgs/interbotix_xs_msgs/msg/joint_trajectory_command.h
[2.065s] -- Up-to-date symlink: /home/tony/ros2_ws/install/interbotix_xs_msgs/include/interbotix_xs_msgs/interbotix_xs_msgs/msg/locobot_joy.h
[2.065s] -- Up-to-date symlink: /home/tony/ros2_ws/install/interbotix_xs_msgs/include/interbotix_xs_msgs/interbotix_xs_msgs/msg/rosidl_generator_c__visibility_control.h
[2.065s] -- Up-to-date symlink: /home/tony/ros2_ws/install/interbotix_xs_msgs/include/interbotix_xs_msgs/interbotix_xs_msgs/msg/turret_joy.h
[2.065s] -- Up-to-date symlink: /home/tony/ros2_ws/install/interbotix_xs_msgs/include/interbotix_xs_msgs/interbotix_xs_msgs/srv/detail/motor_gains__functions.h
[2.065s] -- Up-to-date symlink: /home/tony/ros2_ws/install/interbotix_xs_msgs/include/interbotix_xs_msgs/interbotix_xs_msgs/srv/detail/motor_gains__struct.h
[2.065s] -- Up-to-date symlink: /home/tony/ros2_ws/install/interbotix_xs_msgs/include/interbotix_xs_msgs/interbotix_xs_msgs/srv/detail/motor_gains__type_support.h
[2.065s] -- Up-to-date symlink: /home/tony/ros2_ws/install/interbotix_xs_msgs/include/interbotix_xs_msgs/interbotix_xs_msgs/srv/detail/operating_modes__functions.h
[2.065s] -- Up-to-date symlink: /home/tony/ros2_ws/install/interbotix_xs_msgs/include/interbotix_xs_msgs/interbotix_xs_msgs/srv/detail/operating_modes__struct.h
[2.065s] -- Up-to-date symlink: /home/tony/ros2_ws/install/interbotix_xs_msgs/include/interbotix_xs_msgs/interbotix_xs_msgs/srv/detail/operating_modes__type_support.h
[2.065s] -- Up-to-date symlink: /home/tony/ros2_ws/install/interbotix_xs_msgs/include/interbotix_xs_msgs/interbotix_xs_msgs/srv/detail/reboot__functions.h
[2.065s] -- Up-to-date symlink: /home/tony/ros2_ws/install/interbotix_xs_msgs/include/interbotix_xs_msgs/interbotix_xs_msgs/srv/detail/reboot__struct.h
[2.066s] -- Up-to-date symlink: /home/tony/ros2_ws/install/interbotix_xs_msgs/include/interbotix_xs_msgs/interbotix_xs_msgs/srv/detail/reboot__type_support.h
[2.066s] -- Up-to-date symlink: /home/tony/ros2_ws/install/interbotix_xs_msgs/include/interbotix_xs_msgs/interbotix_xs_msgs/srv/detail/register_values__functions.h
[2.069s] -- Up-to-date symlink: /home/tony/ros2_ws/install/interbotix_xs_msgs/include/interbotix_xs_msgs/interbotix_xs_msgs/srv/detail/register_values__struct.h
[2.069s] -- Up-to-date symlink: /home/tony/ros2_ws/install/interbotix_xs_msgs/include/interbotix_xs_msgs/interbotix_xs_msgs/srv/detail/register_values__type_support.h
[2.069s] -- Up-to-date symlink: /home/tony/ros2_ws/install/interbotix_xs_msgs/include/interbotix_xs_msgs/interbotix_xs_msgs/srv/detail/robot_info__functions.h
[2.069s] -- Up-to-date symlink: /home/tony/ros2_ws/install/interbotix_xs_msgs/include/interbotix_xs_msgs/interbotix_xs_msgs/srv/detail/robot_info__struct.h
[2.070s] -- Up-to-date symlink: /home/tony/ros2_ws/install/interbotix_xs_msgs/include/interbotix_xs_msgs/interbotix_xs_msgs/srv/detail/robot_info__type_support.h
[2.070s] -- Up-to-date symlink: /home/tony/ros2_ws/install/interbotix_xs_msgs/include/interbotix_xs_msgs/interbotix_xs_msgs/srv/detail/torque_enable__functions.h
[2.070s] -- Up-to-date symlink: /home/tony/ros2_ws/install/interbotix_xs_msgs/include/interbotix_xs_msgs/interbotix_xs_msgs/srv/detail/torque_enable__struct.h
[2.070s] -- Up-to-date symlink: /home/tony/ros2_ws/install/interbotix_xs_msgs/include/interbotix_xs_msgs/interbotix_xs_msgs/srv/detail/torque_enable__type_support.h
[2.070s] -- Up-to-date symlink: /home/tony/ros2_ws/install/interbotix_xs_msgs/include/interbotix_xs_msgs/interbotix_xs_msgs/srv/motor_gains.h
[2.070s] -- Up-to-date symlink: /home/tony/ros2_ws/install/interbotix_xs_msgs/include/interbotix_xs_msgs/interbotix_xs_msgs/srv/operating_modes.h
[2.070s] -- Up-to-date symlink: /home/tony/ros2_ws/install/interbotix_xs_msgs/include/interbotix_xs_msgs/interbotix_xs_msgs/srv/reboot.h
[2.070s] -- Up-to-date symlink: /home/tony/ros2_ws/install/interbotix_xs_msgs/include/interbotix_xs_msgs/interbotix_xs_msgs/srv/register_values.h
[2.070s] -- Up-to-date symlink: /home/tony/ros2_ws/install/interbotix_xs_msgs/include/interbotix_xs_msgs/interbotix_xs_msgs/srv/robot_info.h
[2.070s] -- Up-to-date symlink: /home/tony/ros2_ws/install/interbotix_xs_msgs/include/interbotix_xs_msgs/interbotix_xs_msgs/srv/torque_enable.h
[2.071s] -- Up-to-date symlink: /home/tony/ros2_ws/install/interbotix_xs_msgs/share/interbotix_xs_msgs/environment/library_path.sh
[2.071s] -- Up-to-date symlink: /home/tony/ros2_ws/install/interbotix_xs_msgs/share/interbotix_xs_msgs/environment/library_path.dsv
[2.071s] -- Up-to-date symlink: /home/tony/ros2_ws/install/interbotix_xs_msgs/include/interbotix_xs_msgs/interbotix_xs_msgs/msg/detail/arm_joy__rosidl_typesupport_fastrtps_c.h
[2.071s] -- Up-to-date symlink: /home/tony/ros2_ws/install/interbotix_xs_msgs/include/interbotix_xs_msgs/interbotix_xs_msgs/msg/detail/hex_joy__rosidl_typesupport_fastrtps_c.h
[2.071s] -- Up-to-date symlink: /home/tony/ros2_ws/install/interbotix_xs_msgs/include/interbotix_xs_msgs/interbotix_xs_msgs/msg/detail/joint_group_command__rosidl_typesupport_fastrtps_c.h
[2.071s] -- Up-to-date symlink: /home/tony/ros2_ws/install/interbotix_xs_msgs/include/interbotix_xs_msgs/interbotix_xs_msgs/msg/detail/joint_single_command__rosidl_typesupport_fastrtps_c.h
[2.071s] -- Up-to-date symlink: /home/tony/ros2_ws/install/interbotix_xs_msgs/include/interbotix_xs_msgs/interbotix_xs_msgs/msg/detail/joint_temps__rosidl_typesupport_fastrtps_c.h
[2.071s] -- Up-to-date symlink: /home/tony/ros2_ws/install/interbotix_xs_msgs/include/interbotix_xs_msgs/interbotix_xs_msgs/msg/detail/joint_trajectory_command__rosidl_typesupport_fastrtps_c.h
[2.072s] -- Up-to-date symlink: /home/tony/ros2_ws/install/interbotix_xs_msgs/include/interbotix_xs_msgs/interbotix_xs_msgs/msg/detail/locobot_joy__rosidl_typesupport_fastrtps_c.h
[2.072s] -- Up-to-date symlink: /home/tony/ros2_ws/install/interbotix_xs_msgs/include/interbotix_xs_msgs/interbotix_xs_msgs/msg/detail/turret_joy__rosidl_typesupport_fastrtps_c.h
[2.072s] -- Up-to-date symlink: /home/tony/ros2_ws/install/interbotix_xs_msgs/include/interbotix_xs_msgs/interbotix_xs_msgs/msg/rosidl_typesupport_fastrtps_c__visibility_control.h
[2.073s] -- Up-to-date symlink: /home/tony/ros2_ws/install/interbotix_xs_msgs/include/interbotix_xs_msgs/interbotix_xs_msgs/srv/detail/motor_gains__rosidl_typesupport_fastrtps_c.h
[2.073s] -- Up-to-date symlink: /home/tony/ros2_ws/install/interbotix_xs_msgs/include/interbotix_xs_msgs/interbotix_xs_msgs/srv/detail/operating_modes__rosidl_typesupport_fastrtps_c.h
[2.073s] -- Up-to-date symlink: /home/tony/ros2_ws/install/interbotix_xs_msgs/include/interbotix_xs_msgs/interbotix_xs_msgs/srv/detail/reboot__rosidl_typesupport_fastrtps_c.h
[2.073s] -- Up-to-date symlink: /home/tony/ros2_ws/install/interbotix_xs_msgs/include/interbotix_xs_msgs/interbotix_xs_msgs/srv/detail/register_values__rosidl_typesupport_fastrtps_c.h
[2.073s] -- Up-to-date symlink: /home/tony/ros2_ws/install/interbotix_xs_msgs/include/interbotix_xs_msgs/interbotix_xs_msgs/srv/detail/robot_info__rosidl_typesupport_fastrtps_c.h
[2.073s] -- Up-to-date symlink: /home/tony/ros2_ws/install/interbotix_xs_msgs/include/interbotix_xs_msgs/interbotix_xs_msgs/srv/detail/torque_enable__rosidl_typesupport_fastrtps_c.h
[2.073s] -- Up-to-date symlink: /home/tony/ros2_ws/install/interbotix_xs_msgs/include/interbotix_xs_msgs/interbotix_xs_msgs/msg/detail/arm_joy__rosidl_typesupport_introspection_c.h
[2.074s] -- Up-to-date symlink: /home/tony/ros2_ws/install/interbotix_xs_msgs/include/interbotix_xs_msgs/interbotix_xs_msgs/msg/detail/hex_joy__rosidl_typesupport_introspection_c.h
[2.074s] -- Up-to-date symlink: /home/tony/ros2_ws/install/interbotix_xs_msgs/include/interbotix_xs_msgs/interbotix_xs_msgs/msg/detail/joint_group_command__rosidl_typesupport_introspection_c.h
[2.074s] -- Up-to-date symlink: /home/tony/ros2_ws/install/interbotix_xs_msgs/include/interbotix_xs_msgs/interbotix_xs_msgs/msg/detail/joint_single_command__rosidl_typesupport_introspection_c.h
[2.074s] -- Up-to-date symlink: /home/tony/ros2_ws/install/interbotix_xs_msgs/include/interbotix_xs_msgs/interbotix_xs_msgs/msg/detail/joint_temps__rosidl_typesupport_introspection_c.h
[2.074s] -- Up-to-date symlink: /home/tony/ros2_ws/install/interbotix_xs_msgs/include/interbotix_xs_msgs/interbotix_xs_msgs/msg/detail/joint_trajectory_command__rosidl_typesupport_introspection_c.h
[2.074s] -- Up-to-date symlink: /home/tony/ros2_ws/install/interbotix_xs_msgs/include/interbotix_xs_msgs/interbotix_xs_msgs/msg/detail/locobot_joy__rosidl_typesupport_introspection_c.h
[2.074s] -- Up-to-date symlink: /home/tony/ros2_ws/install/interbotix_xs_msgs/include/interbotix_xs_msgs/interbotix_xs_msgs/msg/detail/turret_joy__rosidl_typesupport_introspection_c.h
[2.074s] -- Up-to-date symlink: /home/tony/ros2_ws/install/interbotix_xs_msgs/include/interbotix_xs_msgs/interbotix_xs_msgs/msg/rosidl_typesupport_introspection_c__visibility_control.h
[2.074s] -- Up-to-date symlink: /home/tony/ros2_ws/install/interbotix_xs_msgs/include/interbotix_xs_msgs/interbotix_xs_msgs/srv/detail/motor_gains__rosidl_typesupport_introspection_c.h
[2.074s] -- Up-to-date symlink: /home/tony/ros2_ws/install/interbotix_xs_msgs/include/interbotix_xs_msgs/interbotix_xs_msgs/srv/detail/operating_modes__rosidl_typesupport_introspection_c.h
[2.074s] -- Up-to-date symlink: /home/tony/ros2_ws/install/interbotix_xs_msgs/include/interbotix_xs_msgs/interbotix_xs_msgs/srv/detail/reboot__rosidl_typesupport_introspection_c.h
[2.075s] -- Up-to-date symlink: /home/tony/ros2_ws/install/interbotix_xs_msgs/include/interbotix_xs_msgs/interbotix_xs_msgs/srv/detail/register_values__rosidl_typesupport_introspection_c.h
[2.075s] -- Up-to-date symlink: /home/tony/ros2_ws/install/interbotix_xs_msgs/include/interbotix_xs_msgs/interbotix_xs_msgs/srv/detail/robot_info__rosidl_typesupport_introspection_c.h
[2.075s] -- Up-to-date symlink: /home/tony/ros2_ws/install/interbotix_xs_msgs/include/interbotix_xs_msgs/interbotix_xs_msgs/srv/detail/torque_enable__rosidl_typesupport_introspection_c.h
[2.075s] -- Up-to-date symlink: /home/tony/ros2_ws/install/interbotix_xs_msgs/include/interbotix_xs_msgs/interbotix_xs_msgs/msg/arm_joy.hpp
[2.075s] -- Up-to-date symlink: /home/tony/ros2_ws/install/interbotix_xs_msgs/include/interbotix_xs_msgs/interbotix_xs_msgs/msg/detail/arm_joy__builder.hpp
[2.075s] -- Up-to-date symlink: /home/tony/ros2_ws/install/interbotix_xs_msgs/include/interbotix_xs_msgs/interbotix_xs_msgs/msg/detail/arm_joy__struct.hpp
[2.075s] -- Up-to-date symlink: /home/tony/ros2_ws/install/interbotix_xs_msgs/include/interbotix_xs_msgs/interbotix_xs_msgs/msg/detail/arm_joy__traits.hpp
[2.075s] -- Up-to-date symlink: /home/tony/ros2_ws/install/interbotix_xs_msgs/include/interbotix_xs_msgs/interbotix_xs_msgs/msg/detail/hex_joy__builder.hpp
[2.075s] -- Up-to-date symlink: /home/tony/ros2_ws/install/interbotix_xs_msgs/include/interbotix_xs_msgs/interbotix_xs_msgs/msg/detail/hex_joy__struct.hpp
[2.075s] -- Up-to-date symlink: /home/tony/ros2_ws/install/interbotix_xs_msgs/include/interbotix_xs_msgs/interbotix_xs_msgs/msg/detail/hex_joy__traits.hpp
[2.075s] -- Up-to-date symlink: /home/tony/ros2_ws/install/interbotix_xs_msgs/include/interbotix_xs_msgs/interbotix_xs_msgs/msg/detail/joint_group_command__builder.hpp
[2.075s] -- Up-to-date symlink: /home/tony/ros2_ws/install/interbotix_xs_msgs/include/interbotix_xs_msgs/interbotix_xs_msgs/msg/detail/joint_group_command__struct.hpp
[2.075s] -- Up-to-date symlink: /home/tony/ros2_ws/install/interbotix_xs_msgs/include/interbotix_xs_msgs/interbotix_xs_msgs/msg/detail/joint_group_command__traits.hpp
[2.076s] -- Up-to-date symlink: /home/tony/ros2_ws/install/interbotix_xs_msgs/include/interbotix_xs_msgs/interbotix_xs_msgs/msg/detail/joint_single_command__builder.hpp
[2.076s] -- Up-to-date symlink: /home/tony/ros2_ws/install/interbotix_xs_msgs/include/interbotix_xs_msgs/interbotix_xs_msgs/msg/detail/joint_single_command__struct.hpp
[2.076s] -- Up-to-date symlink: /home/tony/ros2_ws/install/interbotix_xs_msgs/include/interbotix_xs_msgs/interbotix_xs_msgs/msg/detail/joint_single_command__traits.hpp
[2.076s] -- Up-to-date symlink: /home/tony/ros2_ws/install/interbotix_xs_msgs/include/interbotix_xs_msgs/interbotix_xs_msgs/msg/detail/joint_temps__builder.hpp
[2.076s] -- Up-to-date symlink: /home/tony/ros2_ws/install/interbotix_xs_msgs/include/interbotix_xs_msgs/interbotix_xs_msgs/msg/detail/joint_temps__struct.hpp
[2.076s] -- Up-to-date symlink: /home/tony/ros2_ws/install/interbotix_xs_msgs/include/interbotix_xs_msgs/interbotix_xs_msgs/msg/detail/joint_temps__traits.hpp
[2.076s] -- Up-to-date symlink: /home/tony/ros2_ws/install/interbotix_xs_msgs/include/interbotix_xs_msgs/interbotix_xs_msgs/msg/detail/joint_trajectory_command__builder.hpp
[2.076s] -- Up-to-date symlink: /home/tony/ros2_ws/install/interbotix_xs_msgs/include/interbotix_xs_msgs/interbotix_xs_msgs/msg/detail/joint_trajectory_command__struct.hpp
[2.076s] -- Up-to-date symlink: /home/tony/ros2_ws/install/interbotix_xs_msgs/include/interbotix_xs_msgs/interbotix_xs_msgs/msg/detail/joint_trajectory_command__traits.hpp
[2.077s] -- Up-to-date symlink: /home/tony/ros2_ws/install/interbotix_xs_msgs/include/interbotix_xs_msgs/interbotix_xs_msgs/msg/detail/locobot_joy__builder.hpp
[2.077s] -- Up-to-date symlink: /home/tony/ros2_ws/install/interbotix_xs_msgs/include/interbotix_xs_msgs/interbotix_xs_msgs/msg/detail/locobot_joy__struct.hpp
[2.077s] -- Up-to-date symlink: /home/tony/ros2_ws/install/interbotix_xs_msgs/include/interbotix_xs_msgs/interbotix_xs_msgs/msg/detail/locobot_joy__traits.hpp
[2.078s] -- Up-to-date symlink: /home/tony/ros2_ws/install/interbotix_xs_msgs/include/interbotix_xs_msgs/interbotix_xs_msgs/msg/detail/turret_joy__builder.hpp
[2.078s] -- Up-to-date symlink: /home/tony/ros2_ws/install/interbotix_xs_msgs/include/interbotix_xs_msgs/interbotix_xs_msgs/msg/detail/turret_joy__struct.hpp
[2.078s] -- Up-to-date symlink: /home/tony/ros2_ws/install/interbotix_xs_msgs/include/interbotix_xs_msgs/interbotix_xs_msgs/msg/detail/turret_joy__traits.hpp
[2.080s] -- Up-to-date symlink: /home/tony/ros2_ws/install/interbotix_xs_msgs/include/interbotix_xs_msgs/interbotix_xs_msgs/msg/hex_joy.hpp
[2.080s] -- Up-to-date symlink: /home/tony/ros2_ws/install/interbotix_xs_msgs/include/interbotix_xs_msgs/interbotix_xs_msgs/msg/joint_group_command.hpp
[2.080s] -- Up-to-date symlink: /home/tony/ros2_ws/install/interbotix_xs_msgs/include/interbotix_xs_msgs/interbotix_xs_msgs/msg/joint_single_command.hpp
[2.080s] -- Up-to-date symlink: /home/tony/ros2_ws/install/interbotix_xs_msgs/include/interbotix_xs_msgs/interbotix_xs_msgs/msg/joint_temps.hpp
[2.080s] -- Up-to-date symlink: /home/tony/ros2_ws/install/interbotix_xs_msgs/include/interbotix_xs_msgs/interbotix_xs_msgs/msg/joint_trajectory_command.hpp
[2.080s] -- Up-to-date symlink: /home/tony/ros2_ws/install/interbotix_xs_msgs/include/interbotix_xs_msgs/interbotix_xs_msgs/msg/locobot_joy.hpp
[2.080s] -- Up-to-date symlink: /home/tony/ros2_ws/install/interbotix_xs_msgs/include/interbotix_xs_msgs/interbotix_xs_msgs/msg/turret_joy.hpp
[2.080s] -- Up-to-date symlink: /home/tony/ros2_ws/install/interbotix_xs_msgs/include/interbotix_xs_msgs/interbotix_xs_msgs/srv/detail/motor_gains__builder.hpp
[2.080s] -- Up-to-date symlink: /home/tony/ros2_ws/install/interbotix_xs_msgs/include/interbotix_xs_msgs/interbotix_xs_msgs/srv/detail/motor_gains__struct.hpp
[2.081s] -- Up-to-date symlink: /home/tony/ros2_ws/install/interbotix_xs_msgs/include/interbotix_xs_msgs/interbotix_xs_msgs/srv/detail/motor_gains__traits.hpp
[2.081s] -- Up-to-date symlink: /home/tony/ros2_ws/install/interbotix_xs_msgs/include/interbotix_xs_msgs/interbotix_xs_msgs/srv/detail/operating_modes__builder.hpp
[2.081s] -- Up-to-date symlink: /home/tony/ros2_ws/install/interbotix_xs_msgs/include/interbotix_xs_msgs/interbotix_xs_msgs/srv/detail/operating_modes__struct.hpp
[2.081s] -- Up-to-date symlink: /home/tony/ros2_ws/install/interbotix_xs_msgs/include/interbotix_xs_msgs/interbotix_xs_msgs/srv/detail/operating_modes__traits.hpp
[2.081s] -- Up-to-date symlink: /home/tony/ros2_ws/install/interbotix_xs_msgs/include/interbotix_xs_msgs/interbotix_xs_msgs/srv/detail/reboot__builder.hpp
[2.081s] -- Up-to-date symlink: /home/tony/ros2_ws/install/interbotix_xs_msgs/include/interbotix_xs_msgs/interbotix_xs_msgs/srv/detail/reboot__struct.hpp
[2.081s] -- Up-to-date symlink: /home/tony/ros2_ws/install/interbotix_xs_msgs/include/interbotix_xs_msgs/interbotix_xs_msgs/srv/detail/reboot__traits.hpp
[2.085s] -- Up-to-date symlink: /home/tony/ros2_ws/install/interbotix_xs_msgs/include/interbotix_xs_msgs/interbotix_xs_msgs/srv/detail/register_values__builder.hpp
[2.087s] -- Up-to-date symlink: /home/tony/ros2_ws/install/interbotix_xs_msgs/include/interbotix_xs_msgs/interbotix_xs_msgs/srv/detail/register_values__struct.hpp
[2.088s] -- Up-to-date symlink: /home/tony/ros2_ws/install/interbotix_xs_msgs/include/interbotix_xs_msgs/interbotix_xs_msgs/srv/detail/register_values__traits.hpp
[2.088s] -- Up-to-date symlink: /home/tony/ros2_ws/install/interbotix_xs_msgs/include/interbotix_xs_msgs/interbotix_xs_msgs/srv/detail/robot_info__builder.hpp
[2.088s] -- Up-to-date symlink: /home/tony/ros2_ws/install/interbotix_xs_msgs/include/interbotix_xs_msgs/interbotix_xs_msgs/srv/detail/robot_info__struct.hpp
[2.088s] -- Up-to-date symlink: /home/tony/ros2_ws/install/interbotix_xs_msgs/include/interbotix_xs_msgs/interbotix_xs_msgs/srv/detail/robot_info__traits.hpp
[2.088s] -- Up-to-date symlink: /home/tony/ros2_ws/install/interbotix_xs_msgs/include/interbotix_xs_msgs/interbotix_xs_msgs/srv/detail/torque_enable__builder.hpp
[2.089s] -- Up-to-date symlink: /home/tony/ros2_ws/install/interbotix_xs_msgs/include/interbotix_xs_msgs/interbotix_xs_msgs/srv/detail/torque_enable__struct.hpp
[2.089s] -- Up-to-date symlink: /home/tony/ros2_ws/install/interbotix_xs_msgs/include/interbotix_xs_msgs/interbotix_xs_msgs/srv/detail/torque_enable__traits.hpp
[2.089s] -- Up-to-date symlink: /home/tony/ros2_ws/install/interbotix_xs_msgs/include/interbotix_xs_msgs/interbotix_xs_msgs/srv/motor_gains.hpp
[2.089s] -- Up-to-date symlink: /home/tony/ros2_ws/install/interbotix_xs_msgs/include/interbotix_xs_msgs/interbotix_xs_msgs/srv/operating_modes.hpp
[2.089s] -- Up-to-date symlink: /home/tony/ros2_ws/install/interbotix_xs_msgs/include/interbotix_xs_msgs/interbotix_xs_msgs/srv/reboot.hpp
[2.089s] -- Up-to-date symlink: /home/tony/ros2_ws/install/interbotix_xs_msgs/include/interbotix_xs_msgs/interbotix_xs_msgs/srv/register_values.hpp
[2.089s] -- Up-to-date symlink: /home/tony/ros2_ws/install/interbotix_xs_msgs/include/interbotix_xs_msgs/interbotix_xs_msgs/srv/robot_info.hpp
[2.089s] -- Up-to-date symlink: /home/tony/ros2_ws/install/interbotix_xs_msgs/include/interbotix_xs_msgs/interbotix_xs_msgs/srv/torque_enable.hpp
[2.089s] -- Up-to-date symlink: /home/tony/ros2_ws/install/interbotix_xs_msgs/include/interbotix_xs_msgs/interbotix_xs_msgs/msg/detail/arm_joy__rosidl_typesupport_fastrtps_cpp.hpp
[2.089s] -- Up-to-date symlink: /home/tony/ros2_ws/install/interbotix_xs_msgs/include/interbotix_xs_msgs/interbotix_xs_msgs/msg/detail/hex_joy__rosidl_typesupport_fastrtps_cpp.hpp
[2.089s] -- Up-to-date symlink: /home/tony/ros2_ws/install/interbotix_xs_msgs/include/interbotix_xs_msgs/interbotix_xs_msgs/msg/detail/joint_group_command__rosidl_typesupport_fastrtps_cpp.hpp
[2.089s] -- Up-to-date symlink: /home/tony/ros2_ws/install/interbotix_xs_msgs/include/interbotix_xs_msgs/interbotix_xs_msgs/msg/detail/joint_single_command__rosidl_typesupport_fastrtps_cpp.hpp
[2.089s] -- Up-to-date symlink: /home/tony/ros2_ws/install/interbotix_xs_msgs/include/interbotix_xs_msgs/interbotix_xs_msgs/msg/detail/joint_temps__rosidl_typesupport_fastrtps_cpp.hpp
[2.089s] -- Up-to-date symlink: /home/tony/ros2_ws/install/interbotix_xs_msgs/include/interbotix_xs_msgs/interbotix_xs_msgs/msg/detail/joint_trajectory_command__rosidl_typesupport_fastrtps_cpp.hpp
[2.089s] -- Up-to-date symlink: /home/tony/ros2_ws/install/interbotix_xs_msgs/include/interbotix_xs_msgs/interbotix_xs_msgs/msg/detail/locobot_joy__rosidl_typesupport_fastrtps_cpp.hpp
[2.089s] -- Up-to-date symlink: /home/tony/ros2_ws/install/interbotix_xs_msgs/include/interbotix_xs_msgs/interbotix_xs_msgs/msg/detail/turret_joy__rosidl_typesupport_fastrtps_cpp.hpp
[2.089s] -- Up-to-date symlink: /home/tony/ros2_ws/install/interbotix_xs_msgs/include/interbotix_xs_msgs/interbotix_xs_msgs/msg/rosidl_typesupport_fastrtps_cpp__visibility_control.h
[2.089s] -- Up-to-date symlink: /home/tony/ros2_ws/install/interbotix_xs_msgs/include/interbotix_xs_msgs/interbotix_xs_msgs/srv/detail/motor_gains__rosidl_typesupport_fastrtps_cpp.hpp
[2.089s] -- Up-to-date symlink: /home/tony/ros2_ws/install/interbotix_xs_msgs/include/interbotix_xs_msgs/interbotix_xs_msgs/srv/detail/operating_modes__rosidl_typesupport_fastrtps_cpp.hpp
[2.089s] -- Up-to-date symlink: /home/tony/ros2_ws/install/interbotix_xs_msgs/include/interbotix_xs_msgs/interbotix_xs_msgs/srv/detail/reboot__rosidl_typesupport_fastrtps_cpp.hpp
[2.089s] -- Up-to-date symlink: /home/tony/ros2_ws/install/interbotix_xs_msgs/include/interbotix_xs_msgs/interbotix_xs_msgs/srv/detail/register_values__rosidl_typesupport_fastrtps_cpp.hpp
[2.089s] -- Up-to-date symlink: /home/tony/ros2_ws/install/interbotix_xs_msgs/include/interbotix_xs_msgs/interbotix_xs_msgs/srv/detail/robot_info__rosidl_typesupport_fastrtps_cpp.hpp
[2.089s] -- Up-to-date symlink: /home/tony/ros2_ws/install/interbotix_xs_msgs/include/interbotix_xs_msgs/interbotix_xs_msgs/srv/detail/torque_enable__rosidl_typesupport_fastrtps_cpp.hpp
[2.089s] -- Up-to-date symlink: /home/tony/ros2_ws/install/interbotix_xs_msgs/include/interbotix_xs_msgs/interbotix_xs_msgs/msg/detail/arm_joy__rosidl_typesupport_introspection_cpp.hpp
[2.089s] -- Up-to-date symlink: /home/tony/ros2_ws/install/interbotix_xs_msgs/include/interbotix_xs_msgs/interbotix_xs_msgs/msg/detail/hex_joy__rosidl_typesupport_introspection_cpp.hpp
[2.090s] -- Up-to-date symlink: /home/tony/ros2_ws/install/interbotix_xs_msgs/include/interbotix_xs_msgs/interbotix_xs_msgs/msg/detail/joint_group_command__rosidl_typesupport_introspection_cpp.hpp
[2.090s] -- Up-to-date symlink: /home/tony/ros2_ws/install/interbotix_xs_msgs/include/interbotix_xs_msgs/interbotix_xs_msgs/msg/detail/joint_single_command__rosidl_typesupport_introspection_cpp.hpp
[2.090s] -- Up-to-date symlink: /home/tony/ros2_ws/install/interbotix_xs_msgs/include/interbotix_xs_msgs/interbotix_xs_msgs/msg/detail/joint_temps__rosidl_typesupport_introspection_cpp.hpp
[2.090s] -- Up-to-date symlink: /home/tony/ros2_ws/install/interbotix_xs_msgs/include/interbotix_xs_msgs/interbotix_xs_msgs/msg/detail/joint_trajectory_command__rosidl_typesupport_introspection_cpp.hpp
[2.090s] -- Up-to-date symlink: /home/tony/ros2_ws/install/interbotix_xs_msgs/include/interbotix_xs_msgs/interbotix_xs_msgs/msg/detail/locobot_joy__rosidl_typesupport_introspection_cpp.hpp
[2.090s] -- Up-to-date symlink: /home/tony/ros2_ws/install/interbotix_xs_msgs/include/interbotix_xs_msgs/interbotix_xs_msgs/msg/detail/turret_joy__rosidl_typesupport_introspection_cpp.hpp
[2.090s] -- Up-to-date symlink: /home/tony/ros2_ws/install/interbotix_xs_msgs/include/interbotix_xs_msgs/interbotix_xs_msgs/srv/detail/motor_gains__rosidl_typesupport_introspection_cpp.hpp
[2.090s] -- Up-to-date symlink: /home/tony/ros2_ws/install/interbotix_xs_msgs/include/interbotix_xs_msgs/interbotix_xs_msgs/srv/detail/operating_modes__rosidl_typesupport_introspection_cpp.hpp
[2.090s] -- Up-to-date symlink: /home/tony/ros2_ws/install/interbotix_xs_msgs/include/interbotix_xs_msgs/interbotix_xs_msgs/srv/detail/reboot__rosidl_typesupport_introspection_cpp.hpp
[2.090s] -- Up-to-date symlink: /home/tony/ros2_ws/install/interbotix_xs_msgs/include/interbotix_xs_msgs/interbotix_xs_msgs/srv/detail/register_values__rosidl_typesupport_introspection_cpp.hpp
[2.090s] -- Up-to-date symlink: /home/tony/ros2_ws/install/interbotix_xs_msgs/include/interbotix_xs_msgs/interbotix_xs_msgs/srv/detail/robot_info__rosidl_typesupport_introspection_cpp.hpp
[2.090s] -- Up-to-date symlink: /home/tony/ros2_ws/install/interbotix_xs_msgs/include/interbotix_xs_msgs/interbotix_xs_msgs/srv/detail/torque_enable__rosidl_typesupport_introspection_cpp.hpp
[2.090s] -- Up-to-date symlink: /home/tony/ros2_ws/install/interbotix_xs_msgs/share/interbotix_xs_msgs/environment/pythonpath.sh
[2.090s] -- Up-to-date symlink: /home/tony/ros2_ws/install/interbotix_xs_msgs/share/interbotix_xs_msgs/environment/pythonpath.dsv
[2.090s] -- Up-to-date symlink: /home/tony/ros2_ws/install/interbotix_xs_msgs/local/lib/python3.10/dist-packages/interbotix_xs_msgs-0.0.0-py3.10.egg-info/PKG-INFO
[2.090s] -- Up-to-date symlink: /home/tony/ros2_ws/install/interbotix_xs_msgs/local/lib/python3.10/dist-packages/interbotix_xs_msgs-0.0.0-py3.10.egg-info/SOURCES.txt
[2.090s] -- Up-to-date symlink: /home/tony/ros2_ws/install/interbotix_xs_msgs/local/lib/python3.10/dist-packages/interbotix_xs_msgs-0.0.0-py3.10.egg-info/dependency_links.txt
[2.090s] -- Up-to-date symlink: /home/tony/ros2_ws/install/interbotix_xs_msgs/local/lib/python3.10/dist-packages/interbotix_xs_msgs-0.0.0-py3.10.egg-info/top_level.txt
[2.090s] -- Up-to-date symlink: /home/tony/ros2_ws/install/interbotix_xs_msgs/local/lib/python3.10/dist-packages/interbotix_xs_msgs/__init__.py
[2.091s] -- Up-to-date symlink: /home/tony/ros2_ws/install/interbotix_xs_msgs/local/lib/python3.10/dist-packages/interbotix_xs_msgs/_interbotix_xs_msgs_s.ep.rosidl_typesupport_c.c
[2.091s] -- Up-to-date symlink: /home/tony/ros2_ws/install/interbotix_xs_msgs/local/lib/python3.10/dist-packages/interbotix_xs_msgs/_interbotix_xs_msgs_s.ep.rosidl_typesupport_fastrtps_c.c
[2.091s] -- Up-to-date symlink: /home/tony/ros2_ws/install/interbotix_xs_msgs/local/lib/python3.10/dist-packages/interbotix_xs_msgs/_interbotix_xs_msgs_s.ep.rosidl_typesupport_introspection_c.c
[2.091s] -- Up-to-date symlink: /home/tony/ros2_ws/install/interbotix_xs_msgs/local/lib/python3.10/dist-packages/interbotix_xs_msgs/interbotix_xs_msgs_s__rosidl_typesupport_c.cpython-310-x86_64-linux-gnu.so
[2.092s] -- Up-to-date symlink: /home/tony/ros2_ws/install/interbotix_xs_msgs/local/lib/python3.10/dist-packages/interbotix_xs_msgs/interbotix_xs_msgs_s__rosidl_typesupport_fastrtps_c.cpython-310-x86_64-linux-gnu.so
[2.092s] -- Up-to-date symlink: /home/tony/ros2_ws/install/interbotix_xs_msgs/local/lib/python3.10/dist-packages/interbotix_xs_msgs/interbotix_xs_msgs_s__rosidl_typesupport_introspection_c.cpython-310-x86_64-linux-gnu.so
[2.092s] -- Up-to-date symlink: /home/tony/ros2_ws/install/interbotix_xs_msgs/local/lib/python3.10/dist-packages/interbotix_xs_msgs/libinterbotix_xs_msgs__rosidl_generator_py.so
[2.092s] -- Up-to-date symlink: /home/tony/ros2_ws/install/interbotix_xs_msgs/local/lib/python3.10/dist-packages/interbotix_xs_msgs/msg/__init__.py
[2.092s] -- Up-to-date symlink: /home/tony/ros2_ws/install/interbotix_xs_msgs/local/lib/python3.10/dist-packages/interbotix_xs_msgs/msg/_arm_joy.py
[2.092s] -- Up-to-date symlink: /home/tony/ros2_ws/install/interbotix_xs_msgs/local/lib/python3.10/dist-packages/interbotix_xs_msgs/msg/_arm_joy_s.c
[2.092s] -- Up-to-date symlink: /home/tony/ros2_ws/install/interbotix_xs_msgs/local/lib/python3.10/dist-packages/interbotix_xs_msgs/msg/_hex_joy.py
[2.093s] -- Up-to-date symlink: /home/tony/ros2_ws/install/interbotix_xs_msgs/local/lib/python3.10/dist-packages/interbotix_xs_msgs/msg/_hex_joy_s.c
[2.093s] -- Up-to-date symlink: /home/tony/ros2_ws/install/interbotix_xs_msgs/local/lib/python3.10/dist-packages/interbotix_xs_msgs/msg/_joint_group_command.py
[2.093s] -- Up-to-date symlink: /home/tony/ros2_ws/install/interbotix_xs_msgs/local/lib/python3.10/dist-packages/interbotix_xs_msgs/msg/_joint_group_command_s.c
[2.093s] -- Up-to-date symlink: /home/tony/ros2_ws/install/interbotix_xs_msgs/local/lib/python3.10/dist-packages/interbotix_xs_msgs/msg/_joint_single_command.py
[2.093s] -- Up-to-date symlink: /home/tony/ros2_ws/install/interbotix_xs_msgs/local/lib/python3.10/dist-packages/interbotix_xs_msgs/msg/_joint_single_command_s.c
[2.093s] -- Up-to-date symlink: /home/tony/ros2_ws/install/interbotix_xs_msgs/local/lib/python3.10/dist-packages/interbotix_xs_msgs/msg/_joint_temps.py
[2.093s] -- Up-to-date symlink: /home/tony/ros2_ws/install/interbotix_xs_msgs/local/lib/python3.10/dist-packages/interbotix_xs_msgs/msg/_joint_temps_s.c
[2.093s] -- Up-to-date symlink: /home/tony/ros2_ws/install/interbotix_xs_msgs/local/lib/python3.10/dist-packages/interbotix_xs_msgs/msg/_joint_trajectory_command.py
[2.093s] -- Up-to-date symlink: /home/tony/ros2_ws/install/interbotix_xs_msgs/local/lib/python3.10/dist-packages/interbotix_xs_msgs/msg/_joint_trajectory_command_s.c
[2.093s] -- Up-to-date symlink: /home/tony/ros2_ws/install/interbotix_xs_msgs/local/lib/python3.10/dist-packages/interbotix_xs_msgs/msg/_locobot_joy.py
[2.094s] -- Up-to-date symlink: /home/tony/ros2_ws/install/interbotix_xs_msgs/local/lib/python3.10/dist-packages/interbotix_xs_msgs/msg/_locobot_joy_s.c
[2.094s] -- Up-to-date symlink: /home/tony/ros2_ws/install/interbotix_xs_msgs/local/lib/python3.10/dist-packages/interbotix_xs_msgs/msg/_turret_joy.py
[2.094s] -- Up-to-date symlink: /home/tony/ros2_ws/install/interbotix_xs_msgs/local/lib/python3.10/dist-packages/interbotix_xs_msgs/msg/_turret_joy_s.c
[2.094s] -- Up-to-date symlink: /home/tony/ros2_ws/install/interbotix_xs_msgs/local/lib/python3.10/dist-packages/interbotix_xs_msgs/srv/__init__.py
[2.094s] -- Up-to-date symlink: /home/tony/ros2_ws/install/interbotix_xs_msgs/local/lib/python3.10/dist-packages/interbotix_xs_msgs/srv/_motor_gains.py
[2.094s] -- Up-to-date symlink: /home/tony/ros2_ws/install/interbotix_xs_msgs/local/lib/python3.10/dist-packages/interbotix_xs_msgs/srv/_motor_gains_s.c
[2.094s] -- Up-to-date symlink: /home/tony/ros2_ws/install/interbotix_xs_msgs/local/lib/python3.10/dist-packages/interbotix_xs_msgs/srv/_operating_modes.py
[2.094s] -- Up-to-date symlink: /home/tony/ros2_ws/install/interbotix_xs_msgs/local/lib/python3.10/dist-packages/interbotix_xs_msgs/srv/_operating_modes_s.c
[2.094s] -- Up-to-date symlink: /home/tony/ros2_ws/install/interbotix_xs_msgs/local/lib/python3.10/dist-packages/interbotix_xs_msgs/srv/_reboot.py
[2.094s] -- Up-to-date symlink: /home/tony/ros2_ws/install/interbotix_xs_msgs/local/lib/python3.10/dist-packages/interbotix_xs_msgs/srv/_reboot_s.c
[2.094s] -- Up-to-date symlink: /home/tony/ros2_ws/install/interbotix_xs_msgs/local/lib/python3.10/dist-packages/interbotix_xs_msgs/srv/_register_values.py
[2.094s] -- Up-to-date symlink: /home/tony/ros2_ws/install/interbotix_xs_msgs/local/lib/python3.10/dist-packages/interbotix_xs_msgs/srv/_register_values_s.c
[2.094s] -- Up-to-date symlink: /home/tony/ros2_ws/install/interbotix_xs_msgs/local/lib/python3.10/dist-packages/interbotix_xs_msgs/srv/_robot_info.py
[2.094s] -- Up-to-date symlink: /home/tony/ros2_ws/install/interbotix_xs_msgs/local/lib/python3.10/dist-packages/interbotix_xs_msgs/srv/_robot_info_s.c
[2.095s] -- Up-to-date symlink: /home/tony/ros2_ws/install/interbotix_xs_msgs/local/lib/python3.10/dist-packages/interbotix_xs_msgs/srv/_torque_enable.py
[2.095s] -- Up-to-date symlink: /home/tony/ros2_ws/install/interbotix_xs_msgs/local/lib/python3.10/dist-packages/interbotix_xs_msgs/srv/_torque_enable_s.c
[2.095s] -- Up-to-date symlink: /home/tony/ros2_ws/install/interbotix_xs_msgs/local/lib/python3.10/dist-packages/interbotix_xs_msgs/interbotix_xs_msgs_s__rosidl_typesupport_fastrtps_c.cpython-310-x86_64-linux-gnu.so
[2.095s] -- Up-to-date symlink: /home/tony/ros2_ws/install/interbotix_xs_msgs/local/lib/python3.10/dist-packages/interbotix_xs_msgs/interbotix_xs_msgs_s__rosidl_typesupport_introspection_c.cpython-310-x86_64-linux-gnu.so
[2.095s] -- Up-to-date symlink: /home/tony/ros2_ws/install/interbotix_xs_msgs/local/lib/python3.10/dist-packages/interbotix_xs_msgs/interbotix_xs_msgs_s__rosidl_typesupport_c.cpython-310-x86_64-linux-gnu.so
[2.095s] -- Up-to-date symlink: /home/tony/ros2_ws/install/interbotix_xs_msgs/share/interbotix_xs_msgs/msg/ArmJoy.idl
[2.095s] -- Up-to-date symlink: /home/tony/ros2_ws/install/interbotix_xs_msgs/share/interbotix_xs_msgs/msg/HexJoy.idl
[2.095s] -- Up-to-date symlink: /home/tony/ros2_ws/install/interbotix_xs_msgs/share/interbotix_xs_msgs/msg/JointGroupCommand.idl
[2.095s] -- Up-to-date symlink: /home/tony/ros2_ws/install/interbotix_xs_msgs/share/interbotix_xs_msgs/msg/JointSingleCommand.idl
[2.095s] -- Up-to-date symlink: /home/tony/ros2_ws/install/interbotix_xs_msgs/share/interbotix_xs_msgs/msg/JointTemps.idl
[2.095s] -- Up-to-date symlink: /home/tony/ros2_ws/install/interbotix_xs_msgs/share/interbotix_xs_msgs/msg/JointTrajectoryCommand.idl
[2.095s] -- Up-to-date symlink: /home/tony/ros2_ws/install/interbotix_xs_msgs/share/interbotix_xs_msgs/msg/LocobotJoy.idl
[2.096s] -- Up-to-date symlink: /home/tony/ros2_ws/install/interbotix_xs_msgs/share/interbotix_xs_msgs/msg/TurretJoy.idl
[2.096s] -- Up-to-date symlink: /home/tony/ros2_ws/install/interbotix_xs_msgs/share/interbotix_xs_msgs/srv/MotorGains.idl
[2.096s] -- Up-to-date symlink: /home/tony/ros2_ws/install/interbotix_xs_msgs/share/interbotix_xs_msgs/srv/OperatingModes.idl
[2.096s] -- Up-to-date symlink: /home/tony/ros2_ws/install/interbotix_xs_msgs/share/interbotix_xs_msgs/srv/Reboot.idl
[2.096s] -- Up-to-date symlink: /home/tony/ros2_ws/install/interbotix_xs_msgs/share/interbotix_xs_msgs/srv/RegisterValues.idl
[2.096s] -- Up-to-date symlink: /home/tony/ros2_ws/install/interbotix_xs_msgs/share/interbotix_xs_msgs/srv/RobotInfo.idl
[2.096s] -- Up-to-date symlink: /home/tony/ros2_ws/install/interbotix_xs_msgs/share/interbotix_xs_msgs/srv/TorqueEnable.idl
[2.096s] -- Up-to-date symlink: /home/tony/ros2_ws/install/interbotix_xs_msgs/share/interbotix_xs_msgs/msg/ArmJoy.msg
[2.096s] -- Up-to-date symlink: /home/tony/ros2_ws/install/interbotix_xs_msgs/share/interbotix_xs_msgs/msg/HexJoy.msg
[2.096s] -- Up-to-date symlink: /home/tony/ros2_ws/install/interbotix_xs_msgs/share/interbotix_xs_msgs/msg/JointGroupCommand.msg
[2.096s] -- Up-to-date symlink: /home/tony/ros2_ws/install/interbotix_xs_msgs/share/interbotix_xs_msgs/msg/JointSingleCommand.msg
[2.097s] -- Up-to-date symlink: /home/tony/ros2_ws/install/interbotix_xs_msgs/share/interbotix_xs_msgs/msg/JointTemps.msg
[2.097s] -- Up-to-date symlink: /home/tony/ros2_ws/install/interbotix_xs_msgs/share/interbotix_xs_msgs/msg/JointTrajectoryCommand.msg
[2.097s] -- Up-to-date symlink: /home/tony/ros2_ws/install/interbotix_xs_msgs/share/interbotix_xs_msgs/msg/LocobotJoy.msg
[2.097s] -- Up-to-date symlink: /home/tony/ros2_ws/install/interbotix_xs_msgs/share/interbotix_xs_msgs/msg/TurretJoy.msg
[2.097s] -- Up-to-date symlink: /home/tony/ros2_ws/install/interbotix_xs_msgs/share/interbotix_xs_msgs/srv/MotorGains.srv
[2.097s] -- Up-to-date symlink: /home/tony/ros2_ws/install/interbotix_xs_msgs/share/interbotix_xs_msgs/srv/MotorGains_Request.msg
[2.097s] -- Up-to-date symlink: /home/tony/ros2_ws/install/interbotix_xs_msgs/share/interbotix_xs_msgs/srv/MotorGains_Response.msg
[2.097s] -- Up-to-date symlink: /home/tony/ros2_ws/install/interbotix_xs_msgs/share/interbotix_xs_msgs/srv/OperatingModes.srv
[2.097s] -- Up-to-date symlink: /home/tony/ros2_ws/install/interbotix_xs_msgs/share/interbotix_xs_msgs/srv/OperatingModes_Request.msg
[2.097s] -- Up-to-date symlink: /home/tony/ros2_ws/install/interbotix_xs_msgs/share/interbotix_xs_msgs/srv/OperatingModes_Response.msg
[2.097s] -- Up-to-date symlink: /home/tony/ros2_ws/install/interbotix_xs_msgs/share/interbotix_xs_msgs/srv/Reboot.srv
[2.097s] -- Up-to-date symlink: /home/tony/ros2_ws/install/interbotix_xs_msgs/share/interbotix_xs_msgs/srv/Reboot_Request.msg
[2.097s] -- Up-to-date symlink: /home/tony/ros2_ws/install/interbotix_xs_msgs/share/interbotix_xs_msgs/srv/Reboot_Response.msg
[2.097s] -- Up-to-date symlink: /home/tony/ros2_ws/install/interbotix_xs_msgs/share/interbotix_xs_msgs/srv/RegisterValues.srv
[2.098s] -- Up-to-date symlink: /home/tony/ros2_ws/install/interbotix_xs_msgs/share/interbotix_xs_msgs/srv/RegisterValues_Request.msg
[2.098s] -- Up-to-date symlink: /home/tony/ros2_ws/install/interbotix_xs_msgs/share/interbotix_xs_msgs/srv/RegisterValues_Response.msg
[2.098s] -- Up-to-date symlink: /home/tony/ros2_ws/install/interbotix_xs_msgs/share/interbotix_xs_msgs/srv/RobotInfo.srv
[2.098s] -- Up-to-date symlink: /home/tony/ros2_ws/install/interbotix_xs_msgs/share/interbotix_xs_msgs/srv/RobotInfo_Request.msg
[2.098s] -- Up-to-date symlink: /home/tony/ros2_ws/install/interbotix_xs_msgs/share/interbotix_xs_msgs/srv/RobotInfo_Response.msg
[2.098s] -- Up-to-date symlink: /home/tony/ros2_ws/install/interbotix_xs_msgs/share/interbotix_xs_msgs/srv/TorqueEnable.srv
[2.098s] -- Up-to-date symlink: /home/tony/ros2_ws/install/interbotix_xs_msgs/share/interbotix_xs_msgs/srv/TorqueEnable_Request.msg
[2.098s] -- Up-to-date symlink: /home/tony/ros2_ws/install/interbotix_xs_msgs/share/interbotix_xs_msgs/srv/TorqueEnable_Response.msg
[2.098s] -- Up-to-date symlink: /home/tony/ros2_ws/install/interbotix_xs_msgs/share/ament_index/resource_index/package_run_dependencies/interbotix_xs_msgs
[2.098s] -- Up-to-date symlink: /home/tony/ros2_ws/install/interbotix_xs_msgs/share/ament_index/resource_index/parent_prefix_path/interbotix_xs_msgs
[2.099s] -- Up-to-date symlink: /home/tony/ros2_ws/install/interbotix_xs_msgs/share/interbotix_xs_msgs/environment/ament_prefix_path.sh
[2.099s] -- Up-to-date symlink: /home/tony/ros2_ws/install/interbotix_xs_msgs/share/interbotix_xs_msgs/environment/ament_prefix_path.dsv
[2.099s] -- Up-to-date symlink: /home/tony/ros2_ws/install/interbotix_xs_msgs/share/interbotix_xs_msgs/environment/path.sh
[2.099s] -- Up-to-date symlink: /home/tony/ros2_ws/install/interbotix_xs_msgs/share/interbotix_xs_msgs/environment/path.dsv
[2.099s] -- Up-to-date symlink: /home/tony/ros2_ws/install/interbotix_xs_msgs/share/interbotix_xs_msgs/local_setup.bash
[2.099s] -- Up-to-date symlink: /home/tony/ros2_ws/install/interbotix_xs_msgs/share/interbotix_xs_msgs/local_setup.sh
[2.099s] -- Up-to-date symlink: /home/tony/ros2_ws/install/interbotix_xs_msgs/share/interbotix_xs_msgs/local_setup.zsh
[2.099s] -- Up-to-date symlink: /home/tony/ros2_ws/install/interbotix_xs_msgs/share/interbotix_xs_msgs/local_setup.dsv
[2.099s] -- Symlinking: /home/tony/ros2_ws/install/interbotix_xs_msgs/share/interbotix_xs_msgs/package.dsv
[2.099s] -- Up-to-date symlink: /home/tony/ros2_ws/install/interbotix_xs_msgs/share/ament_index/resource_index/packages/interbotix_xs_msgs
[2.099s] -- Up-to-date symlink: /home/tony/ros2_ws/install/interbotix_xs_msgs/share/interbotix_xs_msgs/cmake/rosidl_cmake-extras.cmake
[2.099s] -- Up-to-date symlink: /home/tony/ros2_ws/install/interbotix_xs_msgs/share/interbotix_xs_msgs/cmake/ament_cmake_export_dependencies-extras.cmake
[2.099s] -- Up-to-date symlink: /home/tony/ros2_ws/install/interbotix_xs_msgs/share/interbotix_xs_msgs/cmake/ament_cmake_export_include_directories-extras.cmake
[2.099s] -- Up-to-date symlink: /home/tony/ros2_ws/install/interbotix_xs_msgs/share/interbotix_xs_msgs/cmake/ament_cmake_export_libraries-extras.cmake
[2.100s] -- Up-to-date symlink: /home/tony/ros2_ws/install/interbotix_xs_msgs/share/interbotix_xs_msgs/cmake/ament_cmake_export_targets-extras.cmake
[2.100s] -- Up-to-date symlink: /home/tony/ros2_ws/install/interbotix_xs_msgs/share/interbotix_xs_msgs/cmake/rosidl_cmake_export_typesupport_targets-extras.cmake
[2.100s] -- Up-to-date symlink: /home/tony/ros2_ws/install/interbotix_xs_msgs/share/interbotix_xs_msgs/cmake/rosidl_cmake_export_typesupport_libraries-extras.cmake
[2.100s] -- Up-to-date symlink: /home/tony/ros2_ws/install/interbotix_xs_msgs/share/interbotix_xs_msgs/cmake/interbotix_xs_msgsConfig.cmake
[2.100s] -- Up-to-date symlink: /home/tony/ros2_ws/install/interbotix_xs_msgs/share/interbotix_xs_msgs/cmake/interbotix_xs_msgsConfig-version.cmake
[2.100s] -- Up-to-date symlink: /home/tony/ros2_ws/install/interbotix_xs_msgs/share/interbotix_xs_msgs/package.xml
[2.100s] -- Up-to-date: /home/tony/ros2_ws/install/interbotix_xs_msgs/lib/libinterbotix_xs_msgs__rosidl_generator_c.so
[2.100s] -- Up-to-date: /home/tony/ros2_ws/install/interbotix_xs_msgs/lib/libinterbotix_xs_msgs__rosidl_typesupport_fastrtps_c.so
[2.100s] -- Up-to-date: /home/tony/ros2_ws/install/interbotix_xs_msgs/lib/libinterbotix_xs_msgs__rosidl_typesupport_introspection_c.so
[2.100s] -- Up-to-date: /home/tony/ros2_ws/install/interbotix_xs_msgs/lib/libinterbotix_xs_msgs__rosidl_typesupport_c.so
[2.100s] -- Up-to-date: /home/tony/ros2_ws/install/interbotix_xs_msgs/lib/libinterbotix_xs_msgs__rosidl_typesupport_fastrtps_cpp.so
[2.100s] -- Up-to-date: /home/tony/ros2_ws/install/interbotix_xs_msgs/lib/libinterbotix_xs_msgs__rosidl_typesupport_introspection_cpp.so
[2.100s] -- Up-to-date: /home/tony/ros2_ws/install/interbotix_xs_msgs/lib/libinterbotix_xs_msgs__rosidl_typesupport_cpp.so
[2.148s] Listing '/home/tony/ros2_ws/install/interbotix_xs_msgs/local/lib/python3.10/dist-packages/interbotix_xs_msgs'...
[2.148s] Listing '/home/tony/ros2_ws/install/interbotix_xs_msgs/local/lib/python3.10/dist-packages/interbotix_xs_msgs/msg'...
[2.148s] Listing '/home/tony/ros2_ws/install/interbotix_xs_msgs/local/lib/python3.10/dist-packages/interbotix_xs_msgs/srv'...
[2.149s] -- Up-to-date: /home/tony/ros2_ws/install/interbotix_xs_msgs/lib/libinterbotix_xs_msgs__rosidl_generator_py.so
[2.149s] -- Up-to-date: /home/tony/ros2_ws/install/interbotix_xs_msgs/share/interbotix_xs_msgs/cmake/export_interbotix_xs_msgs__rosidl_generator_cExport.cmake
[2.149s] -- Up-to-date: /home/tony/ros2_ws/install/interbotix_xs_msgs/share/interbotix_xs_msgs/cmake/export_interbotix_xs_msgs__rosidl_generator_cExport-noconfig.cmake
[2.149s] -- Up-to-date: /home/tony/ros2_ws/install/interbotix_xs_msgs/share/interbotix_xs_msgs/cmake/export_interbotix_xs_msgs__rosidl_typesupport_fastrtps_cExport.cmake
[2.149s] -- Up-to-date: /home/tony/ros2_ws/install/interbotix_xs_msgs/share/interbotix_xs_msgs/cmake/export_interbotix_xs_msgs__rosidl_typesupport_fastrtps_cExport-noconfig.cmake
[2.149s] -- Up-to-date: /home/tony/ros2_ws/install/interbotix_xs_msgs/share/interbotix_xs_msgs/cmake/interbotix_xs_msgs__rosidl_typesupport_introspection_cExport.cmake
[2.149s] -- Up-to-date: /home/tony/ros2_ws/install/interbotix_xs_msgs/share/interbotix_xs_msgs/cmake/interbotix_xs_msgs__rosidl_typesupport_introspection_cExport-noconfig.cmake
[2.149s] -- Up-to-date: /home/tony/ros2_ws/install/interbotix_xs_msgs/share/interbotix_xs_msgs/cmake/interbotix_xs_msgs__rosidl_typesupport_cExport.cmake
[2.149s] -- Up-to-date: /home/tony/ros2_ws/install/interbotix_xs_msgs/share/interbotix_xs_msgs/cmake/interbotix_xs_msgs__rosidl_typesupport_cExport-noconfig.cmake
[2.150s] -- Up-to-date: /home/tony/ros2_ws/install/interbotix_xs_msgs/share/interbotix_xs_msgs/cmake/export_interbotix_xs_msgs__rosidl_generator_cppExport.cmake
[2.150s] -- Up-to-date: /home/tony/ros2_ws/install/interbotix_xs_msgs/share/interbotix_xs_msgs/cmake/export_interbotix_xs_msgs__rosidl_typesupport_fastrtps_cppExport.cmake
[2.150s] -- Up-to-date: /home/tony/ros2_ws/install/interbotix_xs_msgs/share/interbotix_xs_msgs/cmake/export_interbotix_xs_msgs__rosidl_typesupport_fastrtps_cppExport-noconfig.cmake
[2.150s] -- Up-to-date: /home/tony/ros2_ws/install/interbotix_xs_msgs/share/interbotix_xs_msgs/cmake/interbotix_xs_msgs__rosidl_typesupport_introspection_cppExport.cmake
[2.150s] -- Up-to-date: /home/tony/ros2_ws/install/interbotix_xs_msgs/share/interbotix_xs_msgs/cmake/interbotix_xs_msgs__rosidl_typesupport_introspection_cppExport-noconfig.cmake
[2.150s] -- Up-to-date: /home/tony/ros2_ws/install/interbotix_xs_msgs/share/interbotix_xs_msgs/cmake/interbotix_xs_msgs__rosidl_typesupport_cppExport.cmake
[2.150s] -- Up-to-date: /home/tony/ros2_ws/install/interbotix_xs_msgs/share/interbotix_xs_msgs/cmake/interbotix_xs_msgs__rosidl_typesupport_cppExport-noconfig.cmake
[2.150s] -- Up-to-date: /home/tony/ros2_ws/install/interbotix_xs_msgs/share/interbotix_xs_msgs/cmake/export_interbotix_xs_msgs__rosidl_generator_pyExport.cmake
[2.150s] -- Up-to-date: /home/tony/ros2_ws/install/interbotix_xs_msgs/share/interbotix_xs_msgs/cmake/export_interbotix_xs_msgs__rosidl_generator_pyExport-noconfig.cmake
[2.165s] Invoked command in '/home/tony/ros2_ws/build/interbotix_xs_msgs' returned '0': CMAKE_PREFIX_PATH=${CMAKE_PREFIX_PATH}:/home/tony/ros2_ws/install/ros2_aruco:/home/tony/ros2_ws/install/witmotion_ros_driver:/home/tony/ros2_ws/install/interbotix_xs_modules:/home/tony/ros2_ws/install/interbotix_perception_modules:/home/tony/ros2_ws/install/interbotix_common_modules:/opt/ros/humble /usr/bin/cmake --install /home/tony/ros2_ws/build/interbotix_xs_msgs
