[0.410s] Invoking command in '/home/tony/ros2_ws/build/pan_tilt_bringup': CMAKE_PREFIX_PATH=${CMAKE_PREFIX_PATH}:/home/tony/ros2_ws/install/witmotion_ros_driver:/home/tony/ros2_ws/install/interbotix_xs_modules:/home/tony/ros2_ws/install/interbotix_perception_modules:/home/tony/ros2_ws/install/interbotix_common_modules:/opt/ros/humble /usr/bin/cmake /home/tony/ros2_ws/src/pan_tilt_ros/pan_tilt_bringup -DCMAKE_INSTALL_PREFIX=/home/tony/ros2_ws/install/pan_tilt_bringup
[0.502s] -- Found ament_cmake: 1.3.5 (/opt/ros/humble/share/ament_cmake/cmake)
[1.595s] -- Override CMake install command with custom implementation using symlinks instead of copying resources
[2.234s] -- Configuring done
[2.239s] -- Generating done
[2.239s] -- Build files have been written to: /home/tony/ros2_ws/build/pan_tilt_bringup
[2.254s] Invoked command in '/home/tony/ros2_ws/build/pan_tilt_bringup' returned '0': CMAKE_PREFIX_PATH=${CMAKE_PREFIX_PATH}:/home/tony/ros2_ws/install/witmotion_ros_driver:/home/tony/ros2_ws/install/interbotix_xs_modules:/home/tony/ros2_ws/install/interbotix_perception_modules:/home/tony/ros2_ws/install/interbotix_common_modules:/opt/ros/humble /usr/bin/cmake /home/tony/ros2_ws/src/pan_tilt_ros/pan_tilt_bringup -DCMAKE_INSTALL_PREFIX=/home/tony/ros2_ws/install/pan_tilt_bringup
[2.255s] Invoking command in '/home/tony/ros2_ws/build/pan_tilt_bringup': CMAKE_PREFIX_PATH=${CMAKE_PREFIX_PATH}:/home/tony/ros2_ws/install/witmotion_ros_driver:/home/tony/ros2_ws/install/interbotix_xs_modules:/home/tony/ros2_ws/install/interbotix_perception_modules:/home/tony/ros2_ws/install/interbotix_common_modules:/opt/ros/humble /usr/bin/cmake --build /home/tony/ros2_ws/build/pan_tilt_bringup -- -j8 -l8
[2.565s] Invoked command in '/home/tony/ros2_ws/build/pan_tilt_bringup' returned '0': CMAKE_PREFIX_PATH=${CMAKE_PREFIX_PATH}:/home/tony/ros2_ws/install/witmotion_ros_driver:/home/tony/ros2_ws/install/interbotix_xs_modules:/home/tony/ros2_ws/install/interbotix_perception_modules:/home/tony/ros2_ws/install/interbotix_common_modules:/opt/ros/humble /usr/bin/cmake --build /home/tony/ros2_ws/build/pan_tilt_bringup -- -j8 -l8
[2.906s] Invoking command in '/home/tony/ros2_ws/build/pan_tilt_bringup': CMAKE_PREFIX_PATH=${CMAKE_PREFIX_PATH}:/home/tony/ros2_ws/install/witmotion_ros_driver:/home/tony/ros2_ws/install/interbotix_xs_modules:/home/tony/ros2_ws/install/interbotix_perception_modules:/home/tony/ros2_ws/install/interbotix_common_modules:/opt/ros/humble /usr/bin/cmake --install /home/tony/ros2_ws/build/pan_tilt_bringup
[2.984s] -- Install configuration: ""
[2.985s] -- Execute custom install script
[2.985s] -- Up-to-date symlink: /home/tony/ros2_ws/install/pan_tilt_bringup/share/pan_tilt_bringup//launch/panTilt_bringup.launch.py
[2.985s] -- Up-to-date symlink: /home/tony/ros2_ws/install/pan_tilt_bringup/share/ament_index/resource_index/package_run_dependencies/pan_tilt_bringup
[2.985s] -- Up-to-date symlink: /home/tony/ros2_ws/install/pan_tilt_bringup/share/ament_index/resource_index/parent_prefix_path/pan_tilt_bringup
[2.985s] -- Up-to-date symlink: /home/tony/ros2_ws/install/pan_tilt_bringup/share/pan_tilt_bringup/environment/ament_prefix_path.sh
[2.985s] -- Up-to-date symlink: /home/tony/ros2_ws/install/pan_tilt_bringup/share/pan_tilt_bringup/environment/ament_prefix_path.dsv
[2.985s] -- Up-to-date symlink: /home/tony/ros2_ws/install/pan_tilt_bringup/share/pan_tilt_bringup/environment/path.sh
[2.985s] -- Up-to-date symlink: /home/tony/ros2_ws/install/pan_tilt_bringup/share/pan_tilt_bringup/environment/path.dsv
[2.985s] -- Up-to-date symlink: /home/tony/ros2_ws/install/pan_tilt_bringup/share/pan_tilt_bringup/local_setup.bash
[2.985s] -- Up-to-date symlink: /home/tony/ros2_ws/install/pan_tilt_bringup/share/pan_tilt_bringup/local_setup.sh
[2.985s] -- Up-to-date symlink: /home/tony/ros2_ws/install/pan_tilt_bringup/share/pan_tilt_bringup/local_setup.zsh
[2.985s] -- Up-to-date symlink: /home/tony/ros2_ws/install/pan_tilt_bringup/share/pan_tilt_bringup/local_setup.dsv
[2.985s] -- Symlinking: /home/tony/ros2_ws/install/pan_tilt_bringup/share/pan_tilt_bringup/package.dsv
[3.069s] -- Up-to-date symlink: /home/tony/ros2_ws/install/pan_tilt_bringup/share/ament_index/resource_index/packages/pan_tilt_bringup
[3.070s] -- Up-to-date symlink: /home/tony/ros2_ws/install/pan_tilt_bringup/share/pan_tilt_bringup/cmake/pan_tilt_bringupConfig.cmake
[3.070s] -- Up-to-date symlink: /home/tony/ros2_ws/install/pan_tilt_bringup/share/pan_tilt_bringup/cmake/pan_tilt_bringupConfig-version.cmake
[3.070s] -- Up-to-date symlink: /home/tony/ros2_ws/install/pan_tilt_bringup/share/pan_tilt_bringup/package.xml
[3.085s] Invoked command in '/home/tony/ros2_ws/build/pan_tilt_bringup' returned '0': CMAKE_PREFIX_PATH=${CMAKE_PREFIX_PATH}:/home/tony/ros2_ws/install/witmotion_ros_driver:/home/tony/ros2_ws/install/interbotix_xs_modules:/home/tony/ros2_ws/install/interbotix_perception_modules:/home/tony/ros2_ws/install/interbotix_common_modules:/opt/ros/humble /usr/bin/cmake --install /home/tony/ros2_ws/build/pan_tilt_bringup
