[0.016s] Invoking command in '/home/tony/ros2_ws/build/interbotix_xsarm_control': AMENT_PREFIX_PATH=/home/tony/ros2_ws/install/interbotix_xsarm_descriptions:/home/tony/ros2_ws/install/interbotix_xs_modules:/home/tony/ros2_ws/install/interbotix_xs_sdk:/home/tony/ros2_ws/install/interbotix_xs_driver:/home/tony/ros2_ws/install/interbotix_xs_msgs:/home/tony/ros2_ws/install/interbotix_common_modules:/home/tony/ros2_ws/install/dynamixel_workbench_toolbox:${AMENT_PREFIX_PATH} CMAKE_PREFIX_PATH=/home/tony/ros2_ws/install/interbotix_xsarm_descriptions:/home/tony/ros2_ws/install/interbotix_xs_sdk:/home/tony/ros2_ws/install/interbotix_xs_driver:/home/tony/ros2_ws/install/interbotix_xs_msgs:/home/tony/ros2_ws/install/dynamixel_workbench_toolbox:/opt/ros/humble LD_LIBRARY_PATH=/home/tony/ros2_ws/install/interbotix_xs_driver/lib:/home/tony/ros2_ws/install/interbotix_xs_msgs/lib:/home/tony/ros2_ws/install/dynamixel_workbench_toolbox/lib:${LD_LIBRARY_PATH} PYTHONPATH=/home/tony/ros2_ws/build/interbotix_xs_modules:/home/tony/ros2_ws/install/interbotix_xs_modules/lib/python3.10/site-packages:/home/tony/ros2_ws/install/interbotix_xs_msgs/local/lib/python3.10/dist-packages:/home/tony/ros2_ws/build/interbotix_common_modules:/home/tony/ros2_ws/install/interbotix_common_modules/lib/python3.10/site-packages:${PYTHONPATH} /usr/bin/cmake /home/tony/ros2_ws/src/interbotix_ros_manipulators/interbotix_ros_xsarms/interbotix_xsarm_control -DAMENT_CMAKE_SYMLINK_INSTALL=1 -DCMAKE_INSTALL_PREFIX=/home/tony/ros2_ws/install/interbotix_xsarm_control
[0.064s] -- The C compiler identification is GNU 11.4.0
[0.118s] -- The CXX compiler identification is GNU 11.4.0
[0.124s] -- Detecting C compiler ABI info
[0.177s] -- Detecting C compiler ABI info - done
[0.184s] -- Check for working C compiler: /usr/bin/cc - skipped
[0.184s] -- Detecting C compile features
[0.184s] -- Detecting C compile features - done
[0.188s] -- Detecting CXX compiler ABI info
[0.277s] -- Detecting CXX compiler ABI info - done
[0.289s] -- Check for working CXX compiler: /usr/bin/c++ - skipped
[0.289s] -- Detecting CXX compile features
[0.290s] -- Detecting CXX compile features - done
[0.294s] -- Found ament_cmake: 1.3.5 (/opt/ros/humble/share/ament_cmake/cmake)
[0.490s] -- Found Python3: /usr/bin/python3.10 (found version "3.10.12") found components: Interpreter 
[0.575s] -- Override CMake install command with custom implementation using symlinks instead of copying resources
[0.622s] -- Found ament_lint_auto: 0.12.7 (/opt/ros/humble/share/ament_lint_auto/cmake)
[0.723s] -- Added test 'copyright' to check source files copyright and LICENSE
[0.745s] -- Added test 'flake8' to check Python code syntax and style conventions
[0.746s] -- Added test 'lint_cmake' to check CMake code style
[0.747s] -- Added test 'pep257' to check Python code against some of the docstring style conventions in PEP 257
[0.758s] -- Added test 'xmllint' to check XML markup files
[0.760s] -- Configuring done
[0.766s] -- Generating done
[0.767s] -- Build files have been written to: /home/tony/ros2_ws/build/interbotix_xsarm_control
[0.774s] Invoked command in '/home/tony/ros2_ws/build/interbotix_xsarm_control' returned '0': AMENT_PREFIX_PATH=/home/tony/ros2_ws/install/interbotix_xsarm_descriptions:/home/tony/ros2_ws/install/interbotix_xs_modules:/home/tony/ros2_ws/install/interbotix_xs_sdk:/home/tony/ros2_ws/install/interbotix_xs_driver:/home/tony/ros2_ws/install/interbotix_xs_msgs:/home/tony/ros2_ws/install/interbotix_common_modules:/home/tony/ros2_ws/install/dynamixel_workbench_toolbox:${AMENT_PREFIX_PATH} CMAKE_PREFIX_PATH=/home/tony/ros2_ws/install/interbotix_xsarm_descriptions:/home/tony/ros2_ws/install/interbotix_xs_sdk:/home/tony/ros2_ws/install/interbotix_xs_driver:/home/tony/ros2_ws/install/interbotix_xs_msgs:/home/tony/ros2_ws/install/dynamixel_workbench_toolbox:/opt/ros/humble LD_LIBRARY_PATH=/home/tony/ros2_ws/install/interbotix_xs_driver/lib:/home/tony/ros2_ws/install/interbotix_xs_msgs/lib:/home/tony/ros2_ws/install/dynamixel_workbench_toolbox/lib:${LD_LIBRARY_PATH} PYTHONPATH=/home/tony/ros2_ws/build/interbotix_xs_modules:/home/tony/ros2_ws/install/interbotix_xs_modules/lib/python3.10/site-packages:/home/tony/ros2_ws/install/interbotix_xs_msgs/local/lib/python3.10/dist-packages:/home/tony/ros2_ws/build/interbotix_common_modules:/home/tony/ros2_ws/install/interbotix_common_modules/lib/python3.10/site-packages:${PYTHONPATH} /usr/bin/cmake /home/tony/ros2_ws/src/interbotix_ros_manipulators/interbotix_ros_xsarms/interbotix_xsarm_control -DAMENT_CMAKE_SYMLINK_INSTALL=1 -DCMAKE_INSTALL_PREFIX=/home/tony/ros2_ws/install/interbotix_xsarm_control
[0.774s] Invoking command in '/home/tony/ros2_ws/build/interbotix_xsarm_control': AMENT_PREFIX_PATH=/home/tony/ros2_ws/install/interbotix_xsarm_descriptions:/home/tony/ros2_ws/install/interbotix_xs_modules:/home/tony/ros2_ws/install/interbotix_xs_sdk:/home/tony/ros2_ws/install/interbotix_xs_driver:/home/tony/ros2_ws/install/interbotix_xs_msgs:/home/tony/ros2_ws/install/interbotix_common_modules:/home/tony/ros2_ws/install/dynamixel_workbench_toolbox:${AMENT_PREFIX_PATH} CMAKE_PREFIX_PATH=/home/tony/ros2_ws/install/interbotix_xsarm_descriptions:/home/tony/ros2_ws/install/interbotix_xs_sdk:/home/tony/ros2_ws/install/interbotix_xs_driver:/home/tony/ros2_ws/install/interbotix_xs_msgs:/home/tony/ros2_ws/install/dynamixel_workbench_toolbox:/opt/ros/humble LD_LIBRARY_PATH=/home/tony/ros2_ws/install/interbotix_xs_driver/lib:/home/tony/ros2_ws/install/interbotix_xs_msgs/lib:/home/tony/ros2_ws/install/dynamixel_workbench_toolbox/lib:${LD_LIBRARY_PATH} PYTHONPATH=/home/tony/ros2_ws/build/interbotix_xs_modules:/home/tony/ros2_ws/install/interbotix_xs_modules/lib/python3.10/site-packages:/home/tony/ros2_ws/install/interbotix_xs_msgs/local/lib/python3.10/dist-packages:/home/tony/ros2_ws/build/interbotix_common_modules:/home/tony/ros2_ws/install/interbotix_common_modules/lib/python3.10/site-packages:${PYTHONPATH} /usr/bin/cmake --build /home/tony/ros2_ws/build/interbotix_xsarm_control -- -j8 -l8
[0.818s] Invoked command in '/home/tony/ros2_ws/build/interbotix_xsarm_control' returned '0': AMENT_PREFIX_PATH=/home/tony/ros2_ws/install/interbotix_xsarm_descriptions:/home/tony/ros2_ws/install/interbotix_xs_modules:/home/tony/ros2_ws/install/interbotix_xs_sdk:/home/tony/ros2_ws/install/interbotix_xs_driver:/home/tony/ros2_ws/install/interbotix_xs_msgs:/home/tony/ros2_ws/install/interbotix_common_modules:/home/tony/ros2_ws/install/dynamixel_workbench_toolbox:${AMENT_PREFIX_PATH} CMAKE_PREFIX_PATH=/home/tony/ros2_ws/install/interbotix_xsarm_descriptions:/home/tony/ros2_ws/install/interbotix_xs_sdk:/home/tony/ros2_ws/install/interbotix_xs_driver:/home/tony/ros2_ws/install/interbotix_xs_msgs:/home/tony/ros2_ws/install/dynamixel_workbench_toolbox:/opt/ros/humble LD_LIBRARY_PATH=/home/tony/ros2_ws/install/interbotix_xs_driver/lib:/home/tony/ros2_ws/install/interbotix_xs_msgs/lib:/home/tony/ros2_ws/install/dynamixel_workbench_toolbox/lib:${LD_LIBRARY_PATH} PYTHONPATH=/home/tony/ros2_ws/build/interbotix_xs_modules:/home/tony/ros2_ws/install/interbotix_xs_modules/lib/python3.10/site-packages:/home/tony/ros2_ws/install/interbotix_xs_msgs/local/lib/python3.10/dist-packages:/home/tony/ros2_ws/build/interbotix_common_modules:/home/tony/ros2_ws/install/interbotix_common_modules/lib/python3.10/site-packages:${PYTHONPATH} /usr/bin/cmake --build /home/tony/ros2_ws/build/interbotix_xsarm_control -- -j8 -l8
[0.833s] Invoking command in '/home/tony/ros2_ws/build/interbotix_xsarm_control': AMENT_PREFIX_PATH=/home/tony/ros2_ws/install/interbotix_xsarm_descriptions:/home/tony/ros2_ws/install/interbotix_xs_modules:/home/tony/ros2_ws/install/interbotix_xs_sdk:/home/tony/ros2_ws/install/interbotix_xs_driver:/home/tony/ros2_ws/install/interbotix_xs_msgs:/home/tony/ros2_ws/install/interbotix_common_modules:/home/tony/ros2_ws/install/dynamixel_workbench_toolbox:${AMENT_PREFIX_PATH} CMAKE_PREFIX_PATH=/home/tony/ros2_ws/install/interbotix_xsarm_descriptions:/home/tony/ros2_ws/install/interbotix_xs_sdk:/home/tony/ros2_ws/install/interbotix_xs_driver:/home/tony/ros2_ws/install/interbotix_xs_msgs:/home/tony/ros2_ws/install/dynamixel_workbench_toolbox:/opt/ros/humble LD_LIBRARY_PATH=/home/tony/ros2_ws/install/interbotix_xs_driver/lib:/home/tony/ros2_ws/install/interbotix_xs_msgs/lib:/home/tony/ros2_ws/install/dynamixel_workbench_toolbox/lib:${LD_LIBRARY_PATH} PYTHONPATH=/home/tony/ros2_ws/build/interbotix_xs_modules:/home/tony/ros2_ws/install/interbotix_xs_modules/lib/python3.10/site-packages:/home/tony/ros2_ws/install/interbotix_xs_msgs/local/lib/python3.10/dist-packages:/home/tony/ros2_ws/build/interbotix_common_modules:/home/tony/ros2_ws/install/interbotix_common_modules/lib/python3.10/site-packages:${PYTHONPATH} /usr/bin/cmake --install /home/tony/ros2_ws/build/interbotix_xsarm_control
[0.840s] -- Install configuration: ""
[0.841s] -- Execute custom install script
[0.841s] -- Symlinking: /home/tony/ros2_ws/install/interbotix_xsarm_control/lib/interbotix_xsarm_control/bartender.py
[0.852s] -- Symlinking: /home/tony/ros2_ws/install/interbotix_xsarm_control/lib/interbotix_xsarm_control/ee_cartesian_trajectory.py
[0.862s] -- Symlinking: /home/tony/ros2_ws/install/interbotix_xsarm_control/lib/interbotix_xsarm_control/ee_pose_components.py
[0.870s] -- Symlinking: /home/tony/ros2_ws/install/interbotix_xsarm_control/lib/interbotix_xsarm_control/ee_pose_matrix_control.py
[0.877s] -- Symlinking: /home/tony/ros2_ws/install/interbotix_xsarm_control/lib/interbotix_xsarm_control/gripper_control.py
[0.887s] -- Symlinking: /home/tony/ros2_ws/install/interbotix_xsarm_control/lib/interbotix_xsarm_control/joint_current_control.py
[0.899s] -- Symlinking: /home/tony/ros2_ws/install/interbotix_xsarm_control/lib/interbotix_xsarm_control/joint_position_control.py
[0.907s] -- Symlinking: /home/tony/ros2_ws/install/interbotix_xsarm_control/lib/interbotix_xsarm_control/joint_pwm_control.py
[0.916s] -- Symlinking: /home/tony/ros2_ws/install/interbotix_xsarm_control/lib/interbotix_xsarm_control/joint_trajectory_control.py
[0.925s] -- Symlinking: /home/tony/ros2_ws/install/interbotix_xsarm_control/share/interbotix_xsarm_control//launch/xsarm_control.launch.py
[0.936s] -- Symlinking: /home/tony/ros2_ws/install/interbotix_xsarm_control/share/interbotix_xsarm_control//config/mobile_px100.yaml
[0.944s] -- Symlinking: /home/tony/ros2_ws/install/interbotix_xsarm_control/share/interbotix_xsarm_control//config/mobile_wx200.yaml
[0.951s] -- Symlinking: /home/tony/ros2_ws/install/interbotix_xsarm_control/share/interbotix_xsarm_control//config/mobile_wx250s.yaml
[0.958s] -- Symlinking: /home/tony/ros2_ws/install/interbotix_xsarm_control/share/interbotix_xsarm_control//config/modes.yaml
[0.965s] -- Symlinking: /home/tony/ros2_ws/install/interbotix_xsarm_control/share/interbotix_xsarm_control//config/px100.yaml
[0.972s] -- Symlinking: /home/tony/ros2_ws/install/interbotix_xsarm_control/share/interbotix_xsarm_control//config/px150.yaml
[0.979s] -- Symlinking: /home/tony/ros2_ws/install/interbotix_xsarm_control/share/interbotix_xsarm_control//config/rx150.yaml
[0.990s] -- Symlinking: /home/tony/ros2_ws/install/interbotix_xsarm_control/share/interbotix_xsarm_control//config/rx200.yaml
[1.000s] -- Symlinking: /home/tony/ros2_ws/install/interbotix_xsarm_control/share/interbotix_xsarm_control//config/vx250.yaml
[1.011s] -- Symlinking: /home/tony/ros2_ws/install/interbotix_xsarm_control/share/interbotix_xsarm_control//config/vx300.yaml
[1.018s] -- Symlinking: /home/tony/ros2_ws/install/interbotix_xsarm_control/share/interbotix_xsarm_control//config/vx300s.yaml
[1.025s] -- Symlinking: /home/tony/ros2_ws/install/interbotix_xsarm_control/share/interbotix_xsarm_control//config/wx200.yaml
[1.032s] -- Symlinking: /home/tony/ros2_ws/install/interbotix_xsarm_control/share/interbotix_xsarm_control//config/wx250.yaml
[1.039s] -- Symlinking: /home/tony/ros2_ws/install/interbotix_xsarm_control/share/interbotix_xsarm_control//config/wx250s.yaml
[1.047s] -- Symlinking: /home/tony/ros2_ws/install/interbotix_xsarm_control/share/ament_index/resource_index/package_run_dependencies/interbotix_xsarm_control
[1.055s] -- Symlinking: /home/tony/ros2_ws/install/interbotix_xsarm_control/share/ament_index/resource_index/parent_prefix_path/interbotix_xsarm_control
[1.062s] -- Symlinking: /home/tony/ros2_ws/install/interbotix_xsarm_control/share/interbotix_xsarm_control/environment/ament_prefix_path.sh
[1.069s] -- Symlinking: /home/tony/ros2_ws/install/interbotix_xsarm_control/share/interbotix_xsarm_control/environment/ament_prefix_path.dsv
[1.077s] -- Symlinking: /home/tony/ros2_ws/install/interbotix_xsarm_control/share/interbotix_xsarm_control/environment/path.sh
[1.085s] -- Symlinking: /home/tony/ros2_ws/install/interbotix_xsarm_control/share/interbotix_xsarm_control/environment/path.dsv
[1.094s] -- Symlinking: /home/tony/ros2_ws/install/interbotix_xsarm_control/share/interbotix_xsarm_control/local_setup.bash
[1.105s] -- Symlinking: /home/tony/ros2_ws/install/interbotix_xsarm_control/share/interbotix_xsarm_control/local_setup.sh
[1.114s] -- Symlinking: /home/tony/ros2_ws/install/interbotix_xsarm_control/share/interbotix_xsarm_control/local_setup.zsh
[1.123s] -- Symlinking: /home/tony/ros2_ws/install/interbotix_xsarm_control/share/interbotix_xsarm_control/local_setup.dsv
[1.132s] -- Symlinking: /home/tony/ros2_ws/install/interbotix_xsarm_control/share/interbotix_xsarm_control/package.dsv
[1.143s] -- Symlinking: /home/tony/ros2_ws/install/interbotix_xsarm_control/share/ament_index/resource_index/packages/interbotix_xsarm_control
[1.150s] -- Symlinking: /home/tony/ros2_ws/install/interbotix_xsarm_control/share/interbotix_xsarm_control/cmake/interbotix_xsarm_controlConfig.cmake
[1.159s] -- Symlinking: /home/tony/ros2_ws/install/interbotix_xsarm_control/share/interbotix_xsarm_control/cmake/interbotix_xsarm_controlConfig-version.cmake
[1.169s] -- Symlinking: /home/tony/ros2_ws/install/interbotix_xsarm_control/share/interbotix_xsarm_control/package.xml
[1.182s] Invoked command in '/home/tony/ros2_ws/build/interbotix_xsarm_control' returned '0': AMENT_PREFIX_PATH=/home/tony/ros2_ws/install/interbotix_xsarm_descriptions:/home/tony/ros2_ws/install/interbotix_xs_modules:/home/tony/ros2_ws/install/interbotix_xs_sdk:/home/tony/ros2_ws/install/interbotix_xs_driver:/home/tony/ros2_ws/install/interbotix_xs_msgs:/home/tony/ros2_ws/install/interbotix_common_modules:/home/tony/ros2_ws/install/dynamixel_workbench_toolbox:${AMENT_PREFIX_PATH} CMAKE_PREFIX_PATH=/home/tony/ros2_ws/install/interbotix_xsarm_descriptions:/home/tony/ros2_ws/install/interbotix_xs_sdk:/home/tony/ros2_ws/install/interbotix_xs_driver:/home/tony/ros2_ws/install/interbotix_xs_msgs:/home/tony/ros2_ws/install/dynamixel_workbench_toolbox:/opt/ros/humble LD_LIBRARY_PATH=/home/tony/ros2_ws/install/interbotix_xs_driver/lib:/home/tony/ros2_ws/install/interbotix_xs_msgs/lib:/home/tony/ros2_ws/install/dynamixel_workbench_toolbox/lib:${LD_LIBRARY_PATH} PYTHONPATH=/home/tony/ros2_ws/build/interbotix_xs_modules:/home/tony/ros2_ws/install/interbotix_xs_modules/lib/python3.10/site-packages:/home/tony/ros2_ws/install/interbotix_xs_msgs/local/lib/python3.10/dist-packages:/home/tony/ros2_ws/build/interbotix_common_modules:/home/tony/ros2_ws/install/interbotix_common_modules/lib/python3.10/site-packages:${PYTHONPATH} /usr/bin/cmake --install /home/tony/ros2_ws/build/interbotix_xsarm_control
