[0.027s] Invoking command in '/home/tony/ros2_ws/build/interbotix_xsarm_descriptions': AMENT_PREFIX_PATH=/home/tony/ros2_ws/install/interbotix_xs_modules:/home/tony/ros2_ws/install/interbotix_common_modules:/home/tony/ros2_ws/install/witmotion_ros_driver:/home/tony/ros2_ws/install/pan_tilt_driver:/home/tony/ros2_ws/install/pan_tilt_msgs:/home/tony/ros2_ws/install/pan_tilt_description:/home/tony/ros2_ws/install/pan_tilt_bringup:/home/tony/ros2_ws/install/iqr_tb4_navigation:/home/tony/ros2_ws/install/iqr_tb4_description:/home/tony/ros2_ws/install/iqr_tb4_bringup:/home/tony/ros2_ws/install/interbotix_ros_xsarms_examples:/home/tony/ros2_ws/install/interbotix_xsarm_moveit_interface:/home/tony/ros2_ws/install/interbotix_ros_xsarms:/home/tony/ros2_ws/install/interbotix_xsarm_moveit:/home/tony/ros2_ws/install/interbotix_xsarm_sim:/home/tony/ros2_ws/install/interbotix_xsarm_ros_control:/home/tony/ros2_ws/install/interbotix_xsarm_joy:/home/tony/ros2_ws/install/interbotix_xsarm_control:/home/tony/ros2_ws/install/interbotix_xsarm_descriptions:/home/tony/ros2_ws/install/interbotix_xs_toolbox:/home/tony/ros2_ws/install/interbotix_xs_rviz:/home/tony/ros2_ws/install/interbotix_ros_xseries:/home/tony/ros2_ws/install/interbotix_xs_sdk:/home/tony/ros2_ws/install/interbotix_xs_ros_control:/home/tony/ros2_ws/install/interbotix_perception_toolbox:/home/tony/ros2_ws/install/interbotix_perception_modules:/home/tony/ros2_ws/install/interbotix_perception_pipelines:/home/tony/ros2_ws/install/interbotix_xs_msgs:/home/tony/ros2_ws/install/interbotix_xs_driver:/home/tony/ros2_ws/install/interbotix_tf_tools:/home/tony/ros2_ws/install/interbotix_perception_msgs:/home/tony/ros2_ws/install/interbotix_moveit_interface:/home/tony/ros2_ws/install/interbotix_moveit_interface_msgs:/home/tony/ros2_ws/install/interbotix_common_toolbox:/home/tony/ros2_ws/install/interbotix_common_sim:/home/tony/ros2_ws/install/dynamixel_workbench_toolbox:/opt/ros/humble CMAKE_PREFIX_PATH=/home/tony/ros2_ws/install/interbotix_xs_sdk:/home/tony/ros2_ws/install/interbotix_xs_driver:/home/tony/ros2_ws/install/interbotix_xs_msgs:/home/tony/ros2_ws/install/dynamixel_workbench_toolbox:/home/tony/ros2_ws/install/pan_tilt_driver:/home/tony/ros2_ws/install/pan_tilt_msgs:/home/tony/ros2_ws/install/pan_tilt_description:/home/tony/ros2_ws/install/pan_tilt_bringup:/home/tony/ros2_ws/install/iqr_tb4_navigation:/home/tony/ros2_ws/install/iqr_tb4_description:/home/tony/ros2_ws/install/iqr_tb4_bringup:/home/tony/ros2_ws/install/interbotix_ros_xsarms_examples:/home/tony/ros2_ws/install/interbotix_xsarm_moveit_interface:/home/tony/ros2_ws/install/interbotix_ros_xsarms:/home/tony/ros2_ws/install/interbotix_xsarm_moveit:/home/tony/ros2_ws/install/interbotix_xsarm_sim:/home/tony/ros2_ws/install/interbotix_xsarm_ros_control:/home/tony/ros2_ws/install/interbotix_xsarm_joy:/home/tony/ros2_ws/install/interbotix_xsarm_control:/home/tony/ros2_ws/install/interbotix_xsarm_descriptions:/home/tony/ros2_ws/install/interbotix_xs_toolbox:/home/tony/ros2_ws/install/interbotix_xs_rviz:/home/tony/ros2_ws/install/interbotix_ros_xseries:/home/tony/ros2_ws/install/interbotix_xs_ros_control:/home/tony/ros2_ws/install/interbotix_perception_toolbox:/home/tony/ros2_ws/install/interbotix_perception_pipelines:/home/tony/ros2_ws/install/interbotix_tf_tools:/home/tony/ros2_ws/install/interbotix_perception_msgs:/home/tony/ros2_ws/install/interbotix_moveit_interface:/home/tony/ros2_ws/install/interbotix_moveit_interface_msgs:/home/tony/ros2_ws/install/interbotix_common_toolbox:/home/tony/ros2_ws/install/interbotix_common_sim:/home/tony/ros2_ws/install/witmotion_ros_driver:/home/tony/ros2_ws/install/interbotix_xs_modules:/home/tony/ros2_ws/install/interbotix_perception_modules:/home/tony/ros2_ws/install/interbotix_common_modules:/opt/ros/humble LD_LIBRARY_PATH=/home/tony/ros2_ws/install/interbotix_xs_driver/lib:/home/tony/ros2_ws/install/interbotix_xs_msgs/lib:/home/tony/ros2_ws/install/dynamixel_workbench_toolbox/lib:/home/tony/ros2_ws/install/pan_tilt_msgs/lib:/home/tony/ros2_ws/install/interbotix_xs_rviz/lib:/home/tony/ros2_ws/install/interbotix_xs_ros_control/lib:/home/tony/ros2_ws/install/interbotix_tf_tools/lib:/home/tony/ros2_ws/install/interbotix_perception_msgs/lib:/home/tony/ros2_ws/install/interbotix_moveit_interface_msgs/lib:/opt/ros/humble/opt/rviz_ogre_vendor/lib:/opt/ros/humble/lib/x86_64-linux-gnu:/opt/ros/humble/lib PYTHONPATH=/home/tony/ros2_ws/install/interbotix_xs_modules/lib/python3.10/site-packages:/home/tony/ros2_ws/install/interbotix_common_modules/lib/python3.10/site-packages:/home/tony/ros2_ws/install/witmotion_ros_driver/lib/python3.10/site-packages:/home/tony/ros2_ws/install/pan_tilt_msgs/local/lib/python3.10/dist-packages:/home/tony/ros2_ws/install/interbotix_perception_modules/lib/python3.10/site-packages:/home/tony/ros2_ws/install/interbotix_xs_msgs/local/lib/python3.10/dist-packages:/home/tony/ros2_ws/install/interbotix_perception_msgs/local/lib/python3.10/dist-packages:/home/tony/ros2_ws/install/interbotix_moveit_interface_msgs/local/lib/python3.10/dist-packages:/opt/ros/humble/lib/python3.10/site-packages:/opt/ros/humble/local/lib/python3.10/dist-packages /usr/bin/cmake --build /home/tony/ros2_ws/build/interbotix_xsarm_descriptions -- -j8 -l8
[0.078s] Invoked command in '/home/tony/ros2_ws/build/interbotix_xsarm_descriptions' returned '0': AMENT_PREFIX_PATH=/home/tony/ros2_ws/install/interbotix_xs_modules:/home/tony/ros2_ws/install/interbotix_common_modules:/home/tony/ros2_ws/install/witmotion_ros_driver:/home/tony/ros2_ws/install/pan_tilt_driver:/home/tony/ros2_ws/install/pan_tilt_msgs:/home/tony/ros2_ws/install/pan_tilt_description:/home/tony/ros2_ws/install/pan_tilt_bringup:/home/tony/ros2_ws/install/iqr_tb4_navigation:/home/tony/ros2_ws/install/iqr_tb4_description:/home/tony/ros2_ws/install/iqr_tb4_bringup:/home/tony/ros2_ws/install/interbotix_ros_xsarms_examples:/home/tony/ros2_ws/install/interbotix_xsarm_moveit_interface:/home/tony/ros2_ws/install/interbotix_ros_xsarms:/home/tony/ros2_ws/install/interbotix_xsarm_moveit:/home/tony/ros2_ws/install/interbotix_xsarm_sim:/home/tony/ros2_ws/install/interbotix_xsarm_ros_control:/home/tony/ros2_ws/install/interbotix_xsarm_joy:/home/tony/ros2_ws/install/interbotix_xsarm_control:/home/tony/ros2_ws/install/interbotix_xsarm_descriptions:/home/tony/ros2_ws/install/interbotix_xs_toolbox:/home/tony/ros2_ws/install/interbotix_xs_rviz:/home/tony/ros2_ws/install/interbotix_ros_xseries:/home/tony/ros2_ws/install/interbotix_xs_sdk:/home/tony/ros2_ws/install/interbotix_xs_ros_control:/home/tony/ros2_ws/install/interbotix_perception_toolbox:/home/tony/ros2_ws/install/interbotix_perception_modules:/home/tony/ros2_ws/install/interbotix_perception_pipelines:/home/tony/ros2_ws/install/interbotix_xs_msgs:/home/tony/ros2_ws/install/interbotix_xs_driver:/home/tony/ros2_ws/install/interbotix_tf_tools:/home/tony/ros2_ws/install/interbotix_perception_msgs:/home/tony/ros2_ws/install/interbotix_moveit_interface:/home/tony/ros2_ws/install/interbotix_moveit_interface_msgs:/home/tony/ros2_ws/install/interbotix_common_toolbox:/home/tony/ros2_ws/install/interbotix_common_sim:/home/tony/ros2_ws/install/dynamixel_workbench_toolbox:/opt/ros/humble CMAKE_PREFIX_PATH=/home/tony/ros2_ws/install/interbotix_xs_sdk:/home/tony/ros2_ws/install/interbotix_xs_driver:/home/tony/ros2_ws/install/interbotix_xs_msgs:/home/tony/ros2_ws/install/dynamixel_workbench_toolbox:/home/tony/ros2_ws/install/pan_tilt_driver:/home/tony/ros2_ws/install/pan_tilt_msgs:/home/tony/ros2_ws/install/pan_tilt_description:/home/tony/ros2_ws/install/pan_tilt_bringup:/home/tony/ros2_ws/install/iqr_tb4_navigation:/home/tony/ros2_ws/install/iqr_tb4_description:/home/tony/ros2_ws/install/iqr_tb4_bringup:/home/tony/ros2_ws/install/interbotix_ros_xsarms_examples:/home/tony/ros2_ws/install/interbotix_xsarm_moveit_interface:/home/tony/ros2_ws/install/interbotix_ros_xsarms:/home/tony/ros2_ws/install/interbotix_xsarm_moveit:/home/tony/ros2_ws/install/interbotix_xsarm_sim:/home/tony/ros2_ws/install/interbotix_xsarm_ros_control:/home/tony/ros2_ws/install/interbotix_xsarm_joy:/home/tony/ros2_ws/install/interbotix_xsarm_control:/home/tony/ros2_ws/install/interbotix_xsarm_descriptions:/home/tony/ros2_ws/install/interbotix_xs_toolbox:/home/tony/ros2_ws/install/interbotix_xs_rviz:/home/tony/ros2_ws/install/interbotix_ros_xseries:/home/tony/ros2_ws/install/interbotix_xs_ros_control:/home/tony/ros2_ws/install/interbotix_perception_toolbox:/home/tony/ros2_ws/install/interbotix_perception_pipelines:/home/tony/ros2_ws/install/interbotix_tf_tools:/home/tony/ros2_ws/install/interbotix_perception_msgs:/home/tony/ros2_ws/install/interbotix_moveit_interface:/home/tony/ros2_ws/install/interbotix_moveit_interface_msgs:/home/tony/ros2_ws/install/interbotix_common_toolbox:/home/tony/ros2_ws/install/interbotix_common_sim:/home/tony/ros2_ws/install/witmotion_ros_driver:/home/tony/ros2_ws/install/interbotix_xs_modules:/home/tony/ros2_ws/install/interbotix_perception_modules:/home/tony/ros2_ws/install/interbotix_common_modules:/opt/ros/humble LD_LIBRARY_PATH=/home/tony/ros2_ws/install/interbotix_xs_driver/lib:/home/tony/ros2_ws/install/interbotix_xs_msgs/lib:/home/tony/ros2_ws/install/dynamixel_workbench_toolbox/lib:/home/tony/ros2_ws/install/pan_tilt_msgs/lib:/home/tony/ros2_ws/install/interbotix_xs_rviz/lib:/home/tony/ros2_ws/install/interbotix_xs_ros_control/lib:/home/tony/ros2_ws/install/interbotix_tf_tools/lib:/home/tony/ros2_ws/install/interbotix_perception_msgs/lib:/home/tony/ros2_ws/install/interbotix_moveit_interface_msgs/lib:/opt/ros/humble/opt/rviz_ogre_vendor/lib:/opt/ros/humble/lib/x86_64-linux-gnu:/opt/ros/humble/lib PYTHONPATH=/home/tony/ros2_ws/install/interbotix_xs_modules/lib/python3.10/site-packages:/home/tony/ros2_ws/install/interbotix_common_modules/lib/python3.10/site-packages:/home/tony/ros2_ws/install/witmotion_ros_driver/lib/python3.10/site-packages:/home/tony/ros2_ws/install/pan_tilt_msgs/local/lib/python3.10/dist-packages:/home/tony/ros2_ws/install/interbotix_perception_modules/lib/python3.10/site-packages:/home/tony/ros2_ws/install/interbotix_xs_msgs/local/lib/python3.10/dist-packages:/home/tony/ros2_ws/install/interbotix_perception_msgs/local/lib/python3.10/dist-packages:/home/tony/ros2_ws/install/interbotix_moveit_interface_msgs/local/lib/python3.10/dist-packages:/opt/ros/humble/lib/python3.10/site-packages:/opt/ros/humble/local/lib/python3.10/dist-packages /usr/bin/cmake --build /home/tony/ros2_ws/build/interbotix_xsarm_descriptions -- -j8 -l8
[0.109s] Invoking command in '/home/tony/ros2_ws/build/interbotix_xsarm_descriptions': AMENT_PREFIX_PATH=/home/tony/ros2_ws/install/interbotix_xs_modules:/home/tony/ros2_ws/install/interbotix_common_modules:/home/tony/ros2_ws/install/witmotion_ros_driver:/home/tony/ros2_ws/install/pan_tilt_driver:/home/tony/ros2_ws/install/pan_tilt_msgs:/home/tony/ros2_ws/install/pan_tilt_description:/home/tony/ros2_ws/install/pan_tilt_bringup:/home/tony/ros2_ws/install/iqr_tb4_navigation:/home/tony/ros2_ws/install/iqr_tb4_description:/home/tony/ros2_ws/install/iqr_tb4_bringup:/home/tony/ros2_ws/install/interbotix_ros_xsarms_examples:/home/tony/ros2_ws/install/interbotix_xsarm_moveit_interface:/home/tony/ros2_ws/install/interbotix_ros_xsarms:/home/tony/ros2_ws/install/interbotix_xsarm_moveit:/home/tony/ros2_ws/install/interbotix_xsarm_sim:/home/tony/ros2_ws/install/interbotix_xsarm_ros_control:/home/tony/ros2_ws/install/interbotix_xsarm_joy:/home/tony/ros2_ws/install/interbotix_xsarm_control:/home/tony/ros2_ws/install/interbotix_xsarm_descriptions:/home/tony/ros2_ws/install/interbotix_xs_toolbox:/home/tony/ros2_ws/install/interbotix_xs_rviz:/home/tony/ros2_ws/install/interbotix_ros_xseries:/home/tony/ros2_ws/install/interbotix_xs_sdk:/home/tony/ros2_ws/install/interbotix_xs_ros_control:/home/tony/ros2_ws/install/interbotix_perception_toolbox:/home/tony/ros2_ws/install/interbotix_perception_modules:/home/tony/ros2_ws/install/interbotix_perception_pipelines:/home/tony/ros2_ws/install/interbotix_xs_msgs:/home/tony/ros2_ws/install/interbotix_xs_driver:/home/tony/ros2_ws/install/interbotix_tf_tools:/home/tony/ros2_ws/install/interbotix_perception_msgs:/home/tony/ros2_ws/install/interbotix_moveit_interface:/home/tony/ros2_ws/install/interbotix_moveit_interface_msgs:/home/tony/ros2_ws/install/interbotix_common_toolbox:/home/tony/ros2_ws/install/interbotix_common_sim:/home/tony/ros2_ws/install/dynamixel_workbench_toolbox:/opt/ros/humble CMAKE_PREFIX_PATH=/home/tony/ros2_ws/install/interbotix_xs_sdk:/home/tony/ros2_ws/install/interbotix_xs_driver:/home/tony/ros2_ws/install/interbotix_xs_msgs:/home/tony/ros2_ws/install/dynamixel_workbench_toolbox:/home/tony/ros2_ws/install/pan_tilt_driver:/home/tony/ros2_ws/install/pan_tilt_msgs:/home/tony/ros2_ws/install/pan_tilt_description:/home/tony/ros2_ws/install/pan_tilt_bringup:/home/tony/ros2_ws/install/iqr_tb4_navigation:/home/tony/ros2_ws/install/iqr_tb4_description:/home/tony/ros2_ws/install/iqr_tb4_bringup:/home/tony/ros2_ws/install/interbotix_ros_xsarms_examples:/home/tony/ros2_ws/install/interbotix_xsarm_moveit_interface:/home/tony/ros2_ws/install/interbotix_ros_xsarms:/home/tony/ros2_ws/install/interbotix_xsarm_moveit:/home/tony/ros2_ws/install/interbotix_xsarm_sim:/home/tony/ros2_ws/install/interbotix_xsarm_ros_control:/home/tony/ros2_ws/install/interbotix_xsarm_joy:/home/tony/ros2_ws/install/interbotix_xsarm_control:/home/tony/ros2_ws/install/interbotix_xsarm_descriptions:/home/tony/ros2_ws/install/interbotix_xs_toolbox:/home/tony/ros2_ws/install/interbotix_xs_rviz:/home/tony/ros2_ws/install/interbotix_ros_xseries:/home/tony/ros2_ws/install/interbotix_xs_ros_control:/home/tony/ros2_ws/install/interbotix_perception_toolbox:/home/tony/ros2_ws/install/interbotix_perception_pipelines:/home/tony/ros2_ws/install/interbotix_tf_tools:/home/tony/ros2_ws/install/interbotix_perception_msgs:/home/tony/ros2_ws/install/interbotix_moveit_interface:/home/tony/ros2_ws/install/interbotix_moveit_interface_msgs:/home/tony/ros2_ws/install/interbotix_common_toolbox:/home/tony/ros2_ws/install/interbotix_common_sim:/home/tony/ros2_ws/install/witmotion_ros_driver:/home/tony/ros2_ws/install/interbotix_xs_modules:/home/tony/ros2_ws/install/interbotix_perception_modules:/home/tony/ros2_ws/install/interbotix_common_modules:/opt/ros/humble LD_LIBRARY_PATH=/home/tony/ros2_ws/install/interbotix_xs_driver/lib:/home/tony/ros2_ws/install/interbotix_xs_msgs/lib:/home/tony/ros2_ws/install/dynamixel_workbench_toolbox/lib:/home/tony/ros2_ws/install/pan_tilt_msgs/lib:/home/tony/ros2_ws/install/interbotix_xs_rviz/lib:/home/tony/ros2_ws/install/interbotix_xs_ros_control/lib:/home/tony/ros2_ws/install/interbotix_tf_tools/lib:/home/tony/ros2_ws/install/interbotix_perception_msgs/lib:/home/tony/ros2_ws/install/interbotix_moveit_interface_msgs/lib:/opt/ros/humble/opt/rviz_ogre_vendor/lib:/opt/ros/humble/lib/x86_64-linux-gnu:/opt/ros/humble/lib PYTHONPATH=/home/tony/ros2_ws/install/interbotix_xs_modules/lib/python3.10/site-packages:/home/tony/ros2_ws/install/interbotix_common_modules/lib/python3.10/site-packages:/home/tony/ros2_ws/install/witmotion_ros_driver/lib/python3.10/site-packages:/home/tony/ros2_ws/install/pan_tilt_msgs/local/lib/python3.10/dist-packages:/home/tony/ros2_ws/install/interbotix_perception_modules/lib/python3.10/site-packages:/home/tony/ros2_ws/install/interbotix_xs_msgs/local/lib/python3.10/dist-packages:/home/tony/ros2_ws/install/interbotix_perception_msgs/local/lib/python3.10/dist-packages:/home/tony/ros2_ws/install/interbotix_moveit_interface_msgs/local/lib/python3.10/dist-packages:/opt/ros/humble/lib/python3.10/site-packages:/opt/ros/humble/local/lib/python3.10/dist-packages /usr/bin/cmake --install /home/tony/ros2_ws/build/interbotix_xsarm_descriptions
[0.117s] -- Install configuration: ""
[0.119s] -- Execute custom install script
[0.119s] -- Up-to-date symlink: /home/tony/ros2_ws/install/interbotix_xsarm_descriptions/share/interbotix_xsarm_descriptions//urdf/ar_tag.urdf.xacro
[0.119s] -- Up-to-date symlink: /home/tony/ros2_ws/install/interbotix_xsarm_descriptions/share/interbotix_xsarm_descriptions//urdf/control.urdf.xacro
[0.120s] -- Up-to-date symlink: /home/tony/ros2_ws/install/interbotix_xsarm_descriptions/share/interbotix_xsarm_descriptions//urdf/gazebo_configs.urdf.xacro
[0.120s] -- Up-to-date symlink: /home/tony/ros2_ws/install/interbotix_xsarm_descriptions/share/interbotix_xsarm_descriptions//urdf/mobile_px100.urdf.xacro
[0.121s] -- Up-to-date symlink: /home/tony/ros2_ws/install/interbotix_xsarm_descriptions/share/interbotix_xsarm_descriptions//urdf/mobile_wx200.urdf.xacro
[0.121s] -- Up-to-date symlink: /home/tony/ros2_ws/install/interbotix_xsarm_descriptions/share/interbotix_xsarm_descriptions//urdf/mobile_wx250s.urdf.xacro
[0.121s] -- Up-to-date symlink: /home/tony/ros2_ws/install/interbotix_xsarm_descriptions/share/interbotix_xsarm_descriptions//urdf/px100.urdf.xacro
[0.121s] -- Up-to-date symlink: /home/tony/ros2_ws/install/interbotix_xsarm_descriptions/share/interbotix_xsarm_descriptions//urdf/px150.urdf.xacro
[0.122s] -- Up-to-date symlink: /home/tony/ros2_ws/install/interbotix_xsarm_descriptions/share/interbotix_xsarm_descriptions//urdf/rx150.urdf.xacro
[0.122s] -- Up-to-date symlink: /home/tony/ros2_ws/install/interbotix_xsarm_descriptions/share/interbotix_xsarm_descriptions//urdf/rx200.urdf.xacro
[0.122s] -- Up-to-date symlink: /home/tony/ros2_ws/install/interbotix_xsarm_descriptions/share/interbotix_xsarm_descriptions//urdf/vx250.urdf.xacro
[0.122s] -- Up-to-date symlink: /home/tony/ros2_ws/install/interbotix_xsarm_descriptions/share/interbotix_xsarm_descriptions//urdf/vx300.urdf.xacro
[0.123s] -- Up-to-date symlink: /home/tony/ros2_ws/install/interbotix_xsarm_descriptions/share/interbotix_xsarm_descriptions//urdf/vx300s.urdf.xacro
[0.123s] -- Up-to-date symlink: /home/tony/ros2_ws/install/interbotix_xsarm_descriptions/share/interbotix_xsarm_descriptions//urdf/wx200.urdf.xacro
[0.123s] -- Up-to-date symlink: /home/tony/ros2_ws/install/interbotix_xsarm_descriptions/share/interbotix_xsarm_descriptions//urdf/wx250.urdf.xacro
[0.123s] -- Up-to-date symlink: /home/tony/ros2_ws/install/interbotix_xsarm_descriptions/share/interbotix_xsarm_descriptions//urdf/wx250s.urdf.xacro
[0.124s] -- Up-to-date symlink: /home/tony/ros2_ws/install/interbotix_xsarm_descriptions/share/interbotix_xsarm_descriptions//launch/remote_view.launch.py
[0.124s] -- Up-to-date symlink: /home/tony/ros2_ws/install/interbotix_xsarm_descriptions/share/interbotix_xsarm_descriptions//launch/xsarm_description.launch.py
[0.125s] -- Up-to-date symlink: /home/tony/ros2_ws/install/interbotix_xsarm_descriptions/share/interbotix_xsarm_descriptions//meshes/ar_tag.stl
[0.126s] -- Up-to-date symlink: /home/tony/ros2_ws/install/interbotix_xsarm_descriptions/share/interbotix_xsarm_descriptions//meshes/interbotix_black.png
[0.126s] -- Up-to-date symlink: /home/tony/ros2_ws/install/interbotix_xsarm_descriptions/share/interbotix_xsarm_descriptions//meshes/mobile_px100_meshes/base.stl
[0.127s] -- Up-to-date symlink: /home/tony/ros2_ws/install/interbotix_xsarm_descriptions/share/interbotix_xsarm_descriptions//meshes/mobile_px100_meshes/forearm.stl
[0.127s] -- Up-to-date symlink: /home/tony/ros2_ws/install/interbotix_xsarm_descriptions/share/interbotix_xsarm_descriptions//meshes/mobile_px100_meshes/gripper.stl
[0.127s] -- Up-to-date symlink: /home/tony/ros2_ws/install/interbotix_xsarm_descriptions/share/interbotix_xsarm_descriptions//meshes/mobile_px100_meshes/gripper_bar.stl
[0.127s] -- Up-to-date symlink: /home/tony/ros2_ws/install/interbotix_xsarm_descriptions/share/interbotix_xsarm_descriptions//meshes/mobile_px100_meshes/gripper_finger.stl
[0.127s] -- Up-to-date symlink: /home/tony/ros2_ws/install/interbotix_xsarm_descriptions/share/interbotix_xsarm_descriptions//meshes/mobile_px100_meshes/gripper_prop.stl
[0.129s] -- Up-to-date symlink: /home/tony/ros2_ws/install/interbotix_xsarm_descriptions/share/interbotix_xsarm_descriptions//meshes/mobile_px100_meshes/shoulder.stl
[0.129s] -- Up-to-date symlink: /home/tony/ros2_ws/install/interbotix_xsarm_descriptions/share/interbotix_xsarm_descriptions//meshes/mobile_px100_meshes/upper_arm.stl
[0.129s] -- Up-to-date symlink: /home/tony/ros2_ws/install/interbotix_xsarm_descriptions/share/interbotix_xsarm_descriptions//meshes/mobile_wx200_meshes/base.stl
[0.130s] -- Up-to-date symlink: /home/tony/ros2_ws/install/interbotix_xsarm_descriptions/share/interbotix_xsarm_descriptions//meshes/mobile_wx200_meshes/forearm.stl
[0.130s] -- Up-to-date symlink: /home/tony/ros2_ws/install/interbotix_xsarm_descriptions/share/interbotix_xsarm_descriptions//meshes/mobile_wx200_meshes/gripper.stl
[0.130s] -- Up-to-date symlink: /home/tony/ros2_ws/install/interbotix_xsarm_descriptions/share/interbotix_xsarm_descriptions//meshes/mobile_wx200_meshes/gripper_bar.stl
[0.130s] -- Up-to-date symlink: /home/tony/ros2_ws/install/interbotix_xsarm_descriptions/share/interbotix_xsarm_descriptions//meshes/mobile_wx200_meshes/gripper_finger.stl
[0.130s] -- Up-to-date symlink: /home/tony/ros2_ws/install/interbotix_xsarm_descriptions/share/interbotix_xsarm_descriptions//meshes/mobile_wx200_meshes/gripper_prop.stl
[0.130s] -- Up-to-date symlink: /home/tony/ros2_ws/install/interbotix_xsarm_descriptions/share/interbotix_xsarm_descriptions//meshes/mobile_wx200_meshes/shoulder.stl
[0.130s] -- Up-to-date symlink: /home/tony/ros2_ws/install/interbotix_xsarm_descriptions/share/interbotix_xsarm_descriptions//meshes/mobile_wx200_meshes/upper_arm.stl
[0.130s] -- Up-to-date symlink: /home/tony/ros2_ws/install/interbotix_xsarm_descriptions/share/interbotix_xsarm_descriptions//meshes/mobile_wx200_meshes/wrist.stl
[0.130s] -- Up-to-date symlink: /home/tony/ros2_ws/install/interbotix_xsarm_descriptions/share/interbotix_xsarm_descriptions//meshes/mobile_wx250s_meshes/base.stl
[0.130s] -- Up-to-date symlink: /home/tony/ros2_ws/install/interbotix_xsarm_descriptions/share/interbotix_xsarm_descriptions//meshes/mobile_wx250s_meshes/gripper.stl
[0.130s] -- Up-to-date symlink: /home/tony/ros2_ws/install/interbotix_xsarm_descriptions/share/interbotix_xsarm_descriptions//meshes/mobile_wx250s_meshes/gripper_bar.stl
[0.130s] -- Up-to-date symlink: /home/tony/ros2_ws/install/interbotix_xsarm_descriptions/share/interbotix_xsarm_descriptions//meshes/mobile_wx250s_meshes/gripper_finger.stl
[0.136s] -- Up-to-date symlink: /home/tony/ros2_ws/install/interbotix_xsarm_descriptions/share/interbotix_xsarm_descriptions//meshes/mobile_wx250s_meshes/gripper_prop.stl
[0.136s] -- Up-to-date symlink: /home/tony/ros2_ws/install/interbotix_xsarm_descriptions/share/interbotix_xsarm_descriptions//meshes/mobile_wx250s_meshes/lower_forearm.stl
[0.137s] -- Up-to-date symlink: /home/tony/ros2_ws/install/interbotix_xsarm_descriptions/share/interbotix_xsarm_descriptions//meshes/mobile_wx250s_meshes/shoulder.stl
[0.137s] -- Up-to-date symlink: /home/tony/ros2_ws/install/interbotix_xsarm_descriptions/share/interbotix_xsarm_descriptions//meshes/mobile_wx250s_meshes/upper_arm.stl
[0.137s] -- Up-to-date symlink: /home/tony/ros2_ws/install/interbotix_xsarm_descriptions/share/interbotix_xsarm_descriptions//meshes/mobile_wx250s_meshes/upper_forearm.stl
[0.137s] -- Up-to-date symlink: /home/tony/ros2_ws/install/interbotix_xsarm_descriptions/share/interbotix_xsarm_descriptions//meshes/mobile_wx250s_meshes/wrist.stl
[0.138s] -- Up-to-date symlink: /home/tony/ros2_ws/install/interbotix_xsarm_descriptions/share/interbotix_xsarm_descriptions//meshes/px100_meshes/base.stl
[0.138s] -- Up-to-date symlink: /home/tony/ros2_ws/install/interbotix_xsarm_descriptions/share/interbotix_xsarm_descriptions//meshes/px100_meshes/forearm.stl
[0.138s] -- Up-to-date symlink: /home/tony/ros2_ws/install/interbotix_xsarm_descriptions/share/interbotix_xsarm_descriptions//meshes/px100_meshes/gripper.stl
[0.138s] -- Up-to-date symlink: /home/tony/ros2_ws/install/interbotix_xsarm_descriptions/share/interbotix_xsarm_descriptions//meshes/px100_meshes/gripper_bar.stl
[0.138s] -- Up-to-date symlink: /home/tony/ros2_ws/install/interbotix_xsarm_descriptions/share/interbotix_xsarm_descriptions//meshes/px100_meshes/gripper_finger.stl
[0.138s] -- Up-to-date symlink: /home/tony/ros2_ws/install/interbotix_xsarm_descriptions/share/interbotix_xsarm_descriptions//meshes/px100_meshes/gripper_prop.stl
[0.138s] -- Up-to-date symlink: /home/tony/ros2_ws/install/interbotix_xsarm_descriptions/share/interbotix_xsarm_descriptions//meshes/px100_meshes/shoulder.stl
[0.138s] -- Up-to-date symlink: /home/tony/ros2_ws/install/interbotix_xsarm_descriptions/share/interbotix_xsarm_descriptions//meshes/px100_meshes/upper_arm.stl
[0.138s] -- Up-to-date symlink: /home/tony/ros2_ws/install/interbotix_xsarm_descriptions/share/interbotix_xsarm_descriptions//meshes/px150_meshes/base.stl
[0.139s] -- Up-to-date symlink: /home/tony/ros2_ws/install/interbotix_xsarm_descriptions/share/interbotix_xsarm_descriptions//meshes/px150_meshes/forearm.stl
[0.139s] -- Up-to-date symlink: /home/tony/ros2_ws/install/interbotix_xsarm_descriptions/share/interbotix_xsarm_descriptions//meshes/px150_meshes/gripper.stl
[0.139s] -- Up-to-date symlink: /home/tony/ros2_ws/install/interbotix_xsarm_descriptions/share/interbotix_xsarm_descriptions//meshes/px150_meshes/gripper_bar.stl
[0.139s] -- Up-to-date symlink: /home/tony/ros2_ws/install/interbotix_xsarm_descriptions/share/interbotix_xsarm_descriptions//meshes/px150_meshes/gripper_finger.stl
[0.139s] -- Up-to-date symlink: /home/tony/ros2_ws/install/interbotix_xsarm_descriptions/share/interbotix_xsarm_descriptions//meshes/px150_meshes/gripper_prop.stl
[0.139s] -- Up-to-date symlink: /home/tony/ros2_ws/install/interbotix_xsarm_descriptions/share/interbotix_xsarm_descriptions//meshes/px150_meshes/shoulder.stl
[0.139s] -- Up-to-date symlink: /home/tony/ros2_ws/install/interbotix_xsarm_descriptions/share/interbotix_xsarm_descriptions//meshes/px150_meshes/upper_arm.stl
[0.139s] -- Up-to-date symlink: /home/tony/ros2_ws/install/interbotix_xsarm_descriptions/share/interbotix_xsarm_descriptions//meshes/px150_meshes/wrist.stl
[0.139s] -- Up-to-date symlink: /home/tony/ros2_ws/install/interbotix_xsarm_descriptions/share/interbotix_xsarm_descriptions//meshes/rx150_meshes/base.stl
[0.139s] -- Up-to-date symlink: /home/tony/ros2_ws/install/interbotix_xsarm_descriptions/share/interbotix_xsarm_descriptions//meshes/rx150_meshes/forearm.stl
[0.139s] -- Up-to-date symlink: /home/tony/ros2_ws/install/interbotix_xsarm_descriptions/share/interbotix_xsarm_descriptions//meshes/rx150_meshes/gripper.stl
[0.139s] -- Up-to-date symlink: /home/tony/ros2_ws/install/interbotix_xsarm_descriptions/share/interbotix_xsarm_descriptions//meshes/rx150_meshes/gripper_bar.stl
[0.139s] -- Up-to-date symlink: /home/tony/ros2_ws/install/interbotix_xsarm_descriptions/share/interbotix_xsarm_descriptions//meshes/rx150_meshes/gripper_finger.stl
[0.139s] -- Up-to-date symlink: /home/tony/ros2_ws/install/interbotix_xsarm_descriptions/share/interbotix_xsarm_descriptions//meshes/rx150_meshes/gripper_prop.stl
[0.140s] -- Up-to-date symlink: /home/tony/ros2_ws/install/interbotix_xsarm_descriptions/share/interbotix_xsarm_descriptions//meshes/rx150_meshes/shoulder.stl
[0.140s] -- Up-to-date symlink: /home/tony/ros2_ws/install/interbotix_xsarm_descriptions/share/interbotix_xsarm_descriptions//meshes/rx150_meshes/upper_arm.stl
[0.140s] -- Up-to-date symlink: /home/tony/ros2_ws/install/interbotix_xsarm_descriptions/share/interbotix_xsarm_descriptions//meshes/rx150_meshes/wrist.stl
[0.140s] -- Up-to-date symlink: /home/tony/ros2_ws/install/interbotix_xsarm_descriptions/share/interbotix_xsarm_descriptions//meshes/rx200_meshes/base.stl
[0.140s] -- Up-to-date symlink: /home/tony/ros2_ws/install/interbotix_xsarm_descriptions/share/interbotix_xsarm_descriptions//meshes/rx200_meshes/forearm.stl
[0.140s] -- Up-to-date symlink: /home/tony/ros2_ws/install/interbotix_xsarm_descriptions/share/interbotix_xsarm_descriptions//meshes/rx200_meshes/gripper.stl
[0.140s] -- Up-to-date symlink: /home/tony/ros2_ws/install/interbotix_xsarm_descriptions/share/interbotix_xsarm_descriptions//meshes/rx200_meshes/gripper_bar.stl
[0.140s] -- Up-to-date symlink: /home/tony/ros2_ws/install/interbotix_xsarm_descriptions/share/interbotix_xsarm_descriptions//meshes/rx200_meshes/gripper_finger.stl
[0.140s] -- Up-to-date symlink: /home/tony/ros2_ws/install/interbotix_xsarm_descriptions/share/interbotix_xsarm_descriptions//meshes/rx200_meshes/gripper_prop.stl
[0.140s] -- Up-to-date symlink: /home/tony/ros2_ws/install/interbotix_xsarm_descriptions/share/interbotix_xsarm_descriptions//meshes/rx200_meshes/shoulder.stl
[0.140s] -- Up-to-date symlink: /home/tony/ros2_ws/install/interbotix_xsarm_descriptions/share/interbotix_xsarm_descriptions//meshes/rx200_meshes/upper_arm.stl
[0.140s] -- Up-to-date symlink: /home/tony/ros2_ws/install/interbotix_xsarm_descriptions/share/interbotix_xsarm_descriptions//meshes/rx200_meshes/wrist.stl
[0.140s] -- Up-to-date symlink: /home/tony/ros2_ws/install/interbotix_xsarm_descriptions/share/interbotix_xsarm_descriptions//meshes/vx250_meshes/base.stl
[0.140s] -- Up-to-date symlink: /home/tony/ros2_ws/install/interbotix_xsarm_descriptions/share/interbotix_xsarm_descriptions//meshes/vx250_meshes/forearm.stl
[0.141s] -- Up-to-date symlink: /home/tony/ros2_ws/install/interbotix_xsarm_descriptions/share/interbotix_xsarm_descriptions//meshes/vx250_meshes/gripper.stl
[0.141s] -- Up-to-date symlink: /home/tony/ros2_ws/install/interbotix_xsarm_descriptions/share/interbotix_xsarm_descriptions//meshes/vx250_meshes/gripper_bar.stl
[0.141s] -- Up-to-date symlink: /home/tony/ros2_ws/install/interbotix_xsarm_descriptions/share/interbotix_xsarm_descriptions//meshes/vx250_meshes/gripper_finger.stl
[0.141s] -- Up-to-date symlink: /home/tony/ros2_ws/install/interbotix_xsarm_descriptions/share/interbotix_xsarm_descriptions//meshes/vx250_meshes/gripper_prop.stl
[0.141s] -- Up-to-date symlink: /home/tony/ros2_ws/install/interbotix_xsarm_descriptions/share/interbotix_xsarm_descriptions//meshes/vx250_meshes/shoulder.stl
[0.141s] -- Up-to-date symlink: /home/tony/ros2_ws/install/interbotix_xsarm_descriptions/share/interbotix_xsarm_descriptions//meshes/vx250_meshes/upper_arm.stl
[0.141s] -- Up-to-date symlink: /home/tony/ros2_ws/install/interbotix_xsarm_descriptions/share/interbotix_xsarm_descriptions//meshes/vx250_meshes/wrist.stl
[0.141s] -- Up-to-date symlink: /home/tony/ros2_ws/install/interbotix_xsarm_descriptions/share/interbotix_xsarm_descriptions//meshes/vx300_meshes/base.stl
[0.141s] -- Up-to-date symlink: /home/tony/ros2_ws/install/interbotix_xsarm_descriptions/share/interbotix_xsarm_descriptions//meshes/vx300_meshes/forearm.stl
[0.142s] -- Up-to-date symlink: /home/tony/ros2_ws/install/interbotix_xsarm_descriptions/share/interbotix_xsarm_descriptions//meshes/vx300_meshes/gripper.stl
[0.142s] -- Up-to-date symlink: /home/tony/ros2_ws/install/interbotix_xsarm_descriptions/share/interbotix_xsarm_descriptions//meshes/vx300_meshes/gripper_bar.stl
[0.142s] -- Up-to-date symlink: /home/tony/ros2_ws/install/interbotix_xsarm_descriptions/share/interbotix_xsarm_descriptions//meshes/vx300_meshes/gripper_finger.stl
[0.142s] -- Up-to-date symlink: /home/tony/ros2_ws/install/interbotix_xsarm_descriptions/share/interbotix_xsarm_descriptions//meshes/vx300_meshes/gripper_prop.stl
[0.142s] -- Up-to-date symlink: /home/tony/ros2_ws/install/interbotix_xsarm_descriptions/share/interbotix_xsarm_descriptions//meshes/vx300_meshes/shoulder.stl
[0.142s] -- Up-to-date symlink: /home/tony/ros2_ws/install/interbotix_xsarm_descriptions/share/interbotix_xsarm_descriptions//meshes/vx300_meshes/upper_arm.stl
[0.142s] -- Up-to-date symlink: /home/tony/ros2_ws/install/interbotix_xsarm_descriptions/share/interbotix_xsarm_descriptions//meshes/vx300_meshes/wrist.stl
[0.142s] -- Up-to-date symlink: /home/tony/ros2_ws/install/interbotix_xsarm_descriptions/share/interbotix_xsarm_descriptions//meshes/vx300s_meshes/base.stl
[0.142s] -- Up-to-date symlink: /home/tony/ros2_ws/install/interbotix_xsarm_descriptions/share/interbotix_xsarm_descriptions//meshes/vx300s_meshes/gripper.stl
[0.142s] -- Up-to-date symlink: /home/tony/ros2_ws/install/interbotix_xsarm_descriptions/share/interbotix_xsarm_descriptions//meshes/vx300s_meshes/gripper_bar.stl
[0.142s] -- Up-to-date symlink: /home/tony/ros2_ws/install/interbotix_xsarm_descriptions/share/interbotix_xsarm_descriptions//meshes/vx300s_meshes/gripper_finger.stl
[0.144s] -- Up-to-date symlink: /home/tony/ros2_ws/install/interbotix_xsarm_descriptions/share/interbotix_xsarm_descriptions//meshes/vx300s_meshes/gripper_prop.stl
[0.144s] -- Up-to-date symlink: /home/tony/ros2_ws/install/interbotix_xsarm_descriptions/share/interbotix_xsarm_descriptions//meshes/vx300s_meshes/lower_forearm.stl
[0.144s] -- Up-to-date symlink: /home/tony/ros2_ws/install/interbotix_xsarm_descriptions/share/interbotix_xsarm_descriptions//meshes/vx300s_meshes/shoulder.stl
[0.144s] -- Up-to-date symlink: /home/tony/ros2_ws/install/interbotix_xsarm_descriptions/share/interbotix_xsarm_descriptions//meshes/vx300s_meshes/upper_arm.stl
[0.144s] -- Up-to-date symlink: /home/tony/ros2_ws/install/interbotix_xsarm_descriptions/share/interbotix_xsarm_descriptions//meshes/vx300s_meshes/upper_forearm.stl
[0.144s] -- Up-to-date symlink: /home/tony/ros2_ws/install/interbotix_xsarm_descriptions/share/interbotix_xsarm_descriptions//meshes/vx300s_meshes/wrist.stl
[0.144s] -- Up-to-date symlink: /home/tony/ros2_ws/install/interbotix_xsarm_descriptions/share/interbotix_xsarm_descriptions//meshes/wx200_meshes/base.stl
[0.144s] -- Up-to-date symlink: /home/tony/ros2_ws/install/interbotix_xsarm_descriptions/share/interbotix_xsarm_descriptions//meshes/wx200_meshes/forearm.stl
[0.144s] -- Up-to-date symlink: /home/tony/ros2_ws/install/interbotix_xsarm_descriptions/share/interbotix_xsarm_descriptions//meshes/wx200_meshes/gripper.stl
[0.144s] -- Up-to-date symlink: /home/tony/ros2_ws/install/interbotix_xsarm_descriptions/share/interbotix_xsarm_descriptions//meshes/wx200_meshes/gripper_bar.stl
[0.144s] -- Up-to-date symlink: /home/tony/ros2_ws/install/interbotix_xsarm_descriptions/share/interbotix_xsarm_descriptions//meshes/wx200_meshes/gripper_finger.stl
[0.145s] -- Up-to-date symlink: /home/tony/ros2_ws/install/interbotix_xsarm_descriptions/share/interbotix_xsarm_descriptions//meshes/wx200_meshes/gripper_prop.stl
[0.145s] -- Up-to-date symlink: /home/tony/ros2_ws/install/interbotix_xsarm_descriptions/share/interbotix_xsarm_descriptions//meshes/wx200_meshes/shoulder.stl
[0.145s] -- Up-to-date symlink: /home/tony/ros2_ws/install/interbotix_xsarm_descriptions/share/interbotix_xsarm_descriptions//meshes/wx200_meshes/upper_arm.stl
[0.145s] -- Up-to-date symlink: /home/tony/ros2_ws/install/interbotix_xsarm_descriptions/share/interbotix_xsarm_descriptions//meshes/wx200_meshes/wrist.stl
[0.145s] -- Up-to-date symlink: /home/tony/ros2_ws/install/interbotix_xsarm_descriptions/share/interbotix_xsarm_descriptions//meshes/wx250_meshes/base.stl
[0.145s] -- Up-to-date symlink: /home/tony/ros2_ws/install/interbotix_xsarm_descriptions/share/interbotix_xsarm_descriptions//meshes/wx250_meshes/forearm.stl
[0.145s] -- Up-to-date symlink: /home/tony/ros2_ws/install/interbotix_xsarm_descriptions/share/interbotix_xsarm_descriptions//meshes/wx250_meshes/gripper.stl
[0.145s] -- Up-to-date symlink: /home/tony/ros2_ws/install/interbotix_xsarm_descriptions/share/interbotix_xsarm_descriptions//meshes/wx250_meshes/gripper_bar.stl
[0.145s] -- Up-to-date symlink: /home/tony/ros2_ws/install/interbotix_xsarm_descriptions/share/interbotix_xsarm_descriptions//meshes/wx250_meshes/gripper_finger.stl
[0.145s] -- Up-to-date symlink: /home/tony/ros2_ws/install/interbotix_xsarm_descriptions/share/interbotix_xsarm_descriptions//meshes/wx250_meshes/gripper_prop.stl
[0.145s] -- Up-to-date symlink: /home/tony/ros2_ws/install/interbotix_xsarm_descriptions/share/interbotix_xsarm_descriptions//meshes/wx250_meshes/shoulder.stl
[0.145s] -- Up-to-date symlink: /home/tony/ros2_ws/install/interbotix_xsarm_descriptions/share/interbotix_xsarm_descriptions//meshes/wx250_meshes/upper_arm.stl
[0.146s] -- Up-to-date symlink: /home/tony/ros2_ws/install/interbotix_xsarm_descriptions/share/interbotix_xsarm_descriptions//meshes/wx250_meshes/wrist.stl
[0.146s] -- Up-to-date symlink: /home/tony/ros2_ws/install/interbotix_xsarm_descriptions/share/interbotix_xsarm_descriptions//meshes/wx250s_meshes/base.stl
[0.146s] -- Up-to-date symlink: /home/tony/ros2_ws/install/interbotix_xsarm_descriptions/share/interbotix_xsarm_descriptions//meshes/wx250s_meshes/gripper.stl
[0.146s] -- Up-to-date symlink: /home/tony/ros2_ws/install/interbotix_xsarm_descriptions/share/interbotix_xsarm_descriptions//meshes/wx250s_meshes/gripper_bar.stl
[0.147s] -- Up-to-date symlink: /home/tony/ros2_ws/install/interbotix_xsarm_descriptions/share/interbotix_xsarm_descriptions//meshes/wx250s_meshes/gripper_finger.stl
[0.147s] -- Up-to-date symlink: /home/tony/ros2_ws/install/interbotix_xsarm_descriptions/share/interbotix_xsarm_descriptions//meshes/wx250s_meshes/gripper_prop.stl
[0.147s] -- Up-to-date symlink: /home/tony/ros2_ws/install/interbotix_xsarm_descriptions/share/interbotix_xsarm_descriptions//meshes/wx250s_meshes/lower_forearm.stl
[0.147s] -- Up-to-date symlink: /home/tony/ros2_ws/install/interbotix_xsarm_descriptions/share/interbotix_xsarm_descriptions//meshes/wx250s_meshes/shoulder.stl
[0.147s] -- Up-to-date symlink: /home/tony/ros2_ws/install/interbotix_xsarm_descriptions/share/interbotix_xsarm_descriptions//meshes/wx250s_meshes/upper_arm.stl
[0.147s] -- Up-to-date symlink: /home/tony/ros2_ws/install/interbotix_xsarm_descriptions/share/interbotix_xsarm_descriptions//meshes/wx250s_meshes/upper_forearm.stl
[0.147s] -- Up-to-date symlink: /home/tony/ros2_ws/install/interbotix_xsarm_descriptions/share/interbotix_xsarm_descriptions//meshes/wx250s_meshes/wrist.stl
[0.147s] -- Up-to-date symlink: /home/tony/ros2_ws/install/interbotix_xsarm_descriptions/share/interbotix_xsarm_descriptions//rviz/xsarm_description.rviz
[0.147s] -- Up-to-date symlink: /home/tony/ros2_ws/install/interbotix_xsarm_descriptions/share/ament_index/resource_index/package_run_dependencies/interbotix_xsarm_descriptions
[0.149s] -- Up-to-date symlink: /home/tony/ros2_ws/install/interbotix_xsarm_descriptions/share/ament_index/resource_index/parent_prefix_path/interbotix_xsarm_descriptions
[0.149s] -- Up-to-date symlink: /home/tony/ros2_ws/install/interbotix_xsarm_descriptions/share/interbotix_xsarm_descriptions/environment/ament_prefix_path.sh
[0.149s] -- Up-to-date symlink: /home/tony/ros2_ws/install/interbotix_xsarm_descriptions/share/interbotix_xsarm_descriptions/environment/ament_prefix_path.dsv
[0.150s] -- Up-to-date symlink: /home/tony/ros2_ws/install/interbotix_xsarm_descriptions/share/interbotix_xsarm_descriptions/environment/path.sh
[0.150s] -- Up-to-date symlink: /home/tony/ros2_ws/install/interbotix_xsarm_descriptions/share/interbotix_xsarm_descriptions/environment/path.dsv
[0.151s] -- Up-to-date symlink: /home/tony/ros2_ws/install/interbotix_xsarm_descriptions/share/interbotix_xsarm_descriptions/local_setup.bash
[0.151s] -- Up-to-date symlink: /home/tony/ros2_ws/install/interbotix_xsarm_descriptions/share/interbotix_xsarm_descriptions/local_setup.sh
[0.151s] -- Up-to-date symlink: /home/tony/ros2_ws/install/interbotix_xsarm_descriptions/share/interbotix_xsarm_descriptions/local_setup.zsh
[0.152s] -- Up-to-date symlink: /home/tony/ros2_ws/install/interbotix_xsarm_descriptions/share/interbotix_xsarm_descriptions/local_setup.dsv
[0.152s] -- Symlinking: /home/tony/ros2_ws/install/interbotix_xsarm_descriptions/share/interbotix_xsarm_descriptions/package.dsv
[0.166s] -- Up-to-date symlink: /home/tony/ros2_ws/install/interbotix_xsarm_descriptions/share/ament_index/resource_index/packages/interbotix_xsarm_descriptions
[0.166s] -- Up-to-date symlink: /home/tony/ros2_ws/install/interbotix_xsarm_descriptions/share/interbotix_xsarm_descriptions/cmake/interbotix_xsarm_descriptionsConfig.cmake
[0.166s] -- Up-to-date symlink: /home/tony/ros2_ws/install/interbotix_xsarm_descriptions/share/interbotix_xsarm_descriptions/cmake/interbotix_xsarm_descriptionsConfig-version.cmake
[0.166s] -- Up-to-date symlink: /home/tony/ros2_ws/install/interbotix_xsarm_descriptions/share/interbotix_xsarm_descriptions/package.xml
[0.181s] Invoked command in '/home/tony/ros2_ws/build/interbotix_xsarm_descriptions' returned '0': AMENT_PREFIX_PATH=/home/tony/ros2_ws/install/interbotix_xs_modules:/home/tony/ros2_ws/install/interbotix_common_modules:/home/tony/ros2_ws/install/witmotion_ros_driver:/home/tony/ros2_ws/install/pan_tilt_driver:/home/tony/ros2_ws/install/pan_tilt_msgs:/home/tony/ros2_ws/install/pan_tilt_description:/home/tony/ros2_ws/install/pan_tilt_bringup:/home/tony/ros2_ws/install/iqr_tb4_navigation:/home/tony/ros2_ws/install/iqr_tb4_description:/home/tony/ros2_ws/install/iqr_tb4_bringup:/home/tony/ros2_ws/install/interbotix_ros_xsarms_examples:/home/tony/ros2_ws/install/interbotix_xsarm_moveit_interface:/home/tony/ros2_ws/install/interbotix_ros_xsarms:/home/tony/ros2_ws/install/interbotix_xsarm_moveit:/home/tony/ros2_ws/install/interbotix_xsarm_sim:/home/tony/ros2_ws/install/interbotix_xsarm_ros_control:/home/tony/ros2_ws/install/interbotix_xsarm_joy:/home/tony/ros2_ws/install/interbotix_xsarm_control:/home/tony/ros2_ws/install/interbotix_xsarm_descriptions:/home/tony/ros2_ws/install/interbotix_xs_toolbox:/home/tony/ros2_ws/install/interbotix_xs_rviz:/home/tony/ros2_ws/install/interbotix_ros_xseries:/home/tony/ros2_ws/install/interbotix_xs_sdk:/home/tony/ros2_ws/install/interbotix_xs_ros_control:/home/tony/ros2_ws/install/interbotix_perception_toolbox:/home/tony/ros2_ws/install/interbotix_perception_modules:/home/tony/ros2_ws/install/interbotix_perception_pipelines:/home/tony/ros2_ws/install/interbotix_xs_msgs:/home/tony/ros2_ws/install/interbotix_xs_driver:/home/tony/ros2_ws/install/interbotix_tf_tools:/home/tony/ros2_ws/install/interbotix_perception_msgs:/home/tony/ros2_ws/install/interbotix_moveit_interface:/home/tony/ros2_ws/install/interbotix_moveit_interface_msgs:/home/tony/ros2_ws/install/interbotix_common_toolbox:/home/tony/ros2_ws/install/interbotix_common_sim:/home/tony/ros2_ws/install/dynamixel_workbench_toolbox:/opt/ros/humble CMAKE_PREFIX_PATH=/home/tony/ros2_ws/install/interbotix_xs_sdk:/home/tony/ros2_ws/install/interbotix_xs_driver:/home/tony/ros2_ws/install/interbotix_xs_msgs:/home/tony/ros2_ws/install/dynamixel_workbench_toolbox:/home/tony/ros2_ws/install/pan_tilt_driver:/home/tony/ros2_ws/install/pan_tilt_msgs:/home/tony/ros2_ws/install/pan_tilt_description:/home/tony/ros2_ws/install/pan_tilt_bringup:/home/tony/ros2_ws/install/iqr_tb4_navigation:/home/tony/ros2_ws/install/iqr_tb4_description:/home/tony/ros2_ws/install/iqr_tb4_bringup:/home/tony/ros2_ws/install/interbotix_ros_xsarms_examples:/home/tony/ros2_ws/install/interbotix_xsarm_moveit_interface:/home/tony/ros2_ws/install/interbotix_ros_xsarms:/home/tony/ros2_ws/install/interbotix_xsarm_moveit:/home/tony/ros2_ws/install/interbotix_xsarm_sim:/home/tony/ros2_ws/install/interbotix_xsarm_ros_control:/home/tony/ros2_ws/install/interbotix_xsarm_joy:/home/tony/ros2_ws/install/interbotix_xsarm_control:/home/tony/ros2_ws/install/interbotix_xsarm_descriptions:/home/tony/ros2_ws/install/interbotix_xs_toolbox:/home/tony/ros2_ws/install/interbotix_xs_rviz:/home/tony/ros2_ws/install/interbotix_ros_xseries:/home/tony/ros2_ws/install/interbotix_xs_ros_control:/home/tony/ros2_ws/install/interbotix_perception_toolbox:/home/tony/ros2_ws/install/interbotix_perception_pipelines:/home/tony/ros2_ws/install/interbotix_tf_tools:/home/tony/ros2_ws/install/interbotix_perception_msgs:/home/tony/ros2_ws/install/interbotix_moveit_interface:/home/tony/ros2_ws/install/interbotix_moveit_interface_msgs:/home/tony/ros2_ws/install/interbotix_common_toolbox:/home/tony/ros2_ws/install/interbotix_common_sim:/home/tony/ros2_ws/install/witmotion_ros_driver:/home/tony/ros2_ws/install/interbotix_xs_modules:/home/tony/ros2_ws/install/interbotix_perception_modules:/home/tony/ros2_ws/install/interbotix_common_modules:/opt/ros/humble LD_LIBRARY_PATH=/home/tony/ros2_ws/install/interbotix_xs_driver/lib:/home/tony/ros2_ws/install/interbotix_xs_msgs/lib:/home/tony/ros2_ws/install/dynamixel_workbench_toolbox/lib:/home/tony/ros2_ws/install/pan_tilt_msgs/lib:/home/tony/ros2_ws/install/interbotix_xs_rviz/lib:/home/tony/ros2_ws/install/interbotix_xs_ros_control/lib:/home/tony/ros2_ws/install/interbotix_tf_tools/lib:/home/tony/ros2_ws/install/interbotix_perception_msgs/lib:/home/tony/ros2_ws/install/interbotix_moveit_interface_msgs/lib:/opt/ros/humble/opt/rviz_ogre_vendor/lib:/opt/ros/humble/lib/x86_64-linux-gnu:/opt/ros/humble/lib PYTHONPATH=/home/tony/ros2_ws/install/interbotix_xs_modules/lib/python3.10/site-packages:/home/tony/ros2_ws/install/interbotix_common_modules/lib/python3.10/site-packages:/home/tony/ros2_ws/install/witmotion_ros_driver/lib/python3.10/site-packages:/home/tony/ros2_ws/install/pan_tilt_msgs/local/lib/python3.10/dist-packages:/home/tony/ros2_ws/install/interbotix_perception_modules/lib/python3.10/site-packages:/home/tony/ros2_ws/install/interbotix_xs_msgs/local/lib/python3.10/dist-packages:/home/tony/ros2_ws/install/interbotix_perception_msgs/local/lib/python3.10/dist-packages:/home/tony/ros2_ws/install/interbotix_moveit_interface_msgs/local/lib/python3.10/dist-packages:/opt/ros/humble/lib/python3.10/site-packages:/opt/ros/humble/local/lib/python3.10/dist-packages /usr/bin/cmake --install /home/tony/ros2_ws/build/interbotix_xsarm_descriptions
