[0.254s] Invoking command in '/home/tony/ros2_ws/build/interbotix_common_sim': CMAKE_PREFIX_PATH=/opt/ros/humble /usr/bin/cmake /home/tony/ros2_ws/src/interbotix_ros_toolboxes/interbotix_common_toolbox/interbotix_common_sim -DAMENT_CMAKE_SYMLINK_INSTALL=1 -DCMAKE_INSTALL_PREFIX=/home/tony/ros2_ws/install/interbotix_common_sim
[0.309s] -- The C compiler identification is GNU 11.4.0
[0.394s] -- The CXX compiler identification is GNU 11.4.0
[0.416s] -- Detecting C compiler ABI info
[0.538s] -- Detecting C compiler ABI info - done
[0.549s] -- Check for working C compiler: /usr/bin/cc - skipped
[0.549s] -- Detecting C compile features
[0.549s] -- Detecting C compile features - done
[0.554s] -- Detecting CXX compiler ABI info
[0.690s] -- Detecting CXX compiler ABI info - done
[0.701s] -- Check for working CXX compiler: /usr/bin/c++ - skipped
[0.701s] -- Detecting CXX compile features
[0.702s] -- Detecting CXX compile features - done
[0.706s] -- Found ament_cmake: 1.3.5 (/opt/ros/humble/share/ament_cmake/cmake)
[0.918s] -- Found Python3: /usr/bin/python3.10 (found version "3.10.12") found components: Interpreter 
[1.020s] -- Override CMake install command with custom implementation using symlinks instead of copying resources
[1.054s] -- Found ament_lint_auto: 0.12.7 (/opt/ros/humble/share/ament_lint_auto/cmake)
[1.143s] -- Configuring done
[1.158s] -- Generating done
[1.163s] -- Build files have been written to: /home/tony/ros2_ws/build/interbotix_common_sim
[1.170s] Invoked command in '/home/tony/ros2_ws/build/interbotix_common_sim' returned '0': CMAKE_PREFIX_PATH=/opt/ros/humble /usr/bin/cmake /home/tony/ros2_ws/src/interbotix_ros_toolboxes/interbotix_common_toolbox/interbotix_common_sim -DAMENT_CMAKE_SYMLINK_INSTALL=1 -DCMAKE_INSTALL_PREFIX=/home/tony/ros2_ws/install/interbotix_common_sim
[1.171s] Invoking command in '/home/tony/ros2_ws/build/interbotix_common_sim': CMAKE_PREFIX_PATH=/opt/ros/humble /usr/bin/cmake --build /home/tony/ros2_ws/build/interbotix_common_sim -- -j8 -l8
[2.014s] Invoked command in '/home/tony/ros2_ws/build/interbotix_common_sim' returned '0': CMAKE_PREFIX_PATH=/opt/ros/humble /usr/bin/cmake --build /home/tony/ros2_ws/build/interbotix_common_sim -- -j8 -l8
[2.213s] Invoking command in '/home/tony/ros2_ws/build/interbotix_common_sim': CMAKE_PREFIX_PATH=/opt/ros/humble /usr/bin/cmake --install /home/tony/ros2_ws/build/interbotix_common_sim
[3.022s] -- Install configuration: ""
[3.022s] -- Execute custom install script
[3.022s] -- Symlinking: /home/tony/ros2_ws/install/interbotix_common_sim/share/interbotix_common_sim/models/RealSenseD415/RealSenseD415.sdf
[3.022s] -- Symlinking: /home/tony/ros2_ws/install/interbotix_common_sim/share/interbotix_common_sim/models/RealSenseD415/camera.stl
[3.022s] -- Symlinking: /home/tony/ros2_ws/install/interbotix_common_sim/share/interbotix_common_sim/models/RealSenseD415/model.config
[3.022s] -- Symlinking: /home/tony/ros2_ws/install/interbotix_common_sim/share/interbotix_common_sim/models/TrossenRoboticsOfficeBuilding/TrossenRoboticsOfficeBuilding.sdf
[3.022s] -- Symlinking: /home/tony/ros2_ws/install/interbotix_common_sim/share/interbotix_common_sim/models/TrossenRoboticsOfficeBuilding/model.config
[3.022s] -- Symlinking: /home/tony/ros2_ws/install/interbotix_common_sim/share/interbotix_common_sim/models/VisionKit/VisionKit.sdf
[3.022s] -- Symlinking: /home/tony/ros2_ws/install/interbotix_common_sim/share/interbotix_common_sim/models/VisionKit/model.config
[3.022s] -- Symlinking: /home/tony/ros2_ws/install/interbotix_common_sim/share/interbotix_common_sim/models/VisionKit/stand.stl
[3.022s] -- Symlinking: /home/tony/ros2_ws/install/interbotix_common_sim/share/interbotix_common_sim/worlds/interbotix.world
[3.022s] -- Symlinking: /home/tony/ros2_ws/install/interbotix_common_sim/share/interbotix_common_sim/worlds/vision_kit.world
[3.022s] -- Symlinking: /home/tony/ros2_ws/install/interbotix_common_sim/share/interbotix_common_sim/media/interbotix_black.png
[3.022s] -- Symlinking: /home/tony/ros2_ws/install/interbotix_common_sim/share/interbotix_common_sim/media/materials/scripts/interbotix_black.material
[3.023s] -- Symlinking: /home/tony/ros2_ws/install/interbotix_common_sim/share/interbotix_common_sim/media/materials/scripts/interbotix_texture.gazebo
[3.023s] -- Symlinking: /home/tony/ros2_ws/install/interbotix_common_sim/share/interbotix_common_sim/media/materials/textures/interbotix_black.png
[3.023s] -- Symlinking: /home/tony/ros2_ws/install/interbotix_common_sim/share/ament_index/resource_index/package_run_dependencies/interbotix_common_sim
[3.023s] -- Symlinking: /home/tony/ros2_ws/install/interbotix_common_sim/share/ament_index/resource_index/parent_prefix_path/interbotix_common_sim
[3.023s] -- Symlinking: /home/tony/ros2_ws/install/interbotix_common_sim/share/interbotix_common_sim/environment/ament_prefix_path.sh
[3.023s] -- Symlinking: /home/tony/ros2_ws/install/interbotix_common_sim/share/interbotix_common_sim/environment/ament_prefix_path.dsv
[3.023s] -- Symlinking: /home/tony/ros2_ws/install/interbotix_common_sim/share/interbotix_common_sim/environment/path.sh
[3.023s] -- Symlinking: /home/tony/ros2_ws/install/interbotix_common_sim/share/interbotix_common_sim/environment/path.dsv
[3.023s] -- Symlinking: /home/tony/ros2_ws/install/interbotix_common_sim/share/interbotix_common_sim/local_setup.bash
[3.023s] -- Symlinking: /home/tony/ros2_ws/install/interbotix_common_sim/share/interbotix_common_sim/local_setup.sh
[3.024s] -- Symlinking: /home/tony/ros2_ws/install/interbotix_common_sim/share/interbotix_common_sim/local_setup.zsh
[3.024s] -- Symlinking: /home/tony/ros2_ws/install/interbotix_common_sim/share/interbotix_common_sim/local_setup.dsv
[3.024s] -- Symlinking: /home/tony/ros2_ws/install/interbotix_common_sim/share/interbotix_common_sim/package.dsv
[3.024s] -- Symlinking: /home/tony/ros2_ws/install/interbotix_common_sim/share/ament_index/resource_index/packages/interbotix_common_sim
[3.024s] -- Symlinking: /home/tony/ros2_ws/install/interbotix_common_sim/share/interbotix_common_sim/cmake/interbotix_common_simConfig.cmake
[3.024s] -- Symlinking: /home/tony/ros2_ws/install/interbotix_common_sim/share/interbotix_common_sim/cmake/interbotix_common_simConfig-version.cmake
[3.024s] -- Symlinking: /home/tony/ros2_ws/install/interbotix_common_sim/share/interbotix_common_sim/package.xml
[3.036s] Invoked command in '/home/tony/ros2_ws/build/interbotix_common_sim' returned '0': CMAKE_PREFIX_PATH=/opt/ros/humble /usr/bin/cmake --install /home/tony/ros2_ws/build/interbotix_common_sim
