[0.976s] Invoking command in '/home/tony/ros2_ws/build/interbotix_common_modules': PYTHONPATH=/home/tony/ros2_ws/build/interbotix_common_modules/prefix_override:/home/tony/ros2_ws/install/interbotix_common_modules/lib/python3.10/site-packages:${PYTHONPATH} /usr/bin/python3 setup.py develop --editable --build-directory /home/tony/ros2_ws/build/interbotix_common_modules/build --no-deps install_data
[1.966s] running develop
[1.966s] running egg_info
[1.966s] creating interbotix_common_modules.egg-info
[1.966s] writing interbotix_common_modules.egg-info/PKG-INFO
[1.966s] writing dependency_links to interbotix_common_modules.egg-info/dependency_links.txt
[1.966s] writing entry points to interbotix_common_modules.egg-info/entry_points.txt
[1.966s] writing requirements to interbotix_common_modules.egg-info/requires.txt
[1.966s] writing top-level names to interbotix_common_modules.egg-info/top_level.txt
[1.966s] writing manifest file 'interbotix_common_modules.egg-info/SOURCES.txt'
[1.967s] reading manifest file 'interbotix_common_modules.egg-info/SOURCES.txt'
[1.967s] writing manifest file 'interbotix_common_modules.egg-info/SOURCES.txt'
[1.967s] running build_ext
[1.967s] Creating /home/tony/ros2_ws/install/interbotix_common_modules/lib/python3.10/site-packages/interbotix-common-modules.egg-link (link to .)
[1.967s] 
[1.967s] Installed /home/tony/ros2_ws/build/interbotix_common_modules
[1.967s] running install_data
[1.967s] creating /home/tony/ros2_ws/install/interbotix_common_modules/share/ament_index
[1.967s] creating /home/tony/ros2_ws/install/interbotix_common_modules/share/ament_index/resource_index
[1.967s] creating /home/tony/ros2_ws/install/interbotix_common_modules/share/ament_index/resource_index/packages
[1.967s] copying resource/interbotix_common_modules -> /home/tony/ros2_ws/install/interbotix_common_modules/share/ament_index/resource_index/packages
[1.967s] copying package.xml -> /home/tony/ros2_ws/install/interbotix_common_modules/share/interbotix_common_modules
[1.988s] Invoked command in '/home/tony/ros2_ws/build/interbotix_common_modules' returned '0': PYTHONPATH=/home/tony/ros2_ws/build/interbotix_common_modules/prefix_override:/home/tony/ros2_ws/install/interbotix_common_modules/lib/python3.10/site-packages:${PYTHONPATH} /usr/bin/python3 setup.py develop --editable --build-directory /home/tony/ros2_ws/build/interbotix_common_modules/build --no-deps install_data
