[0.018s] Invoking command in '/home/tony/ros2_ws/build/interbotix_perception_toolbox': AMENT_PREFIX_PATH=/home/tony/ros2_ws/install/interbotix_perception_modules:/home/tony/ros2_ws/install/interbotix_perception_pipelines:/home/tony/ros2_ws/install/interbotix_xs_msgs:/home/tony/ros2_ws/install/interbotix_perception_msgs:/home/tony/ros2_ws/install/interbotix_common_modules:${AMENT_PREFIX_PATH} CMAKE_PREFIX_PATH=/home/tony/ros2_ws/install/interbotix_perception_pipelines:/home/tony/ros2_ws/install/interbotix_xs_msgs:/home/tony/ros2_ws/install/interbotix_perception_msgs:/opt/ros/humble LD_LIBRARY_PATH=/home/tony/ros2_ws/install/interbotix_xs_msgs/lib:/home/tony/ros2_ws/install/interbotix_perception_msgs/lib:${LD_LIBRARY_PATH} PYTHONPATH=/home/tony/ros2_ws/build/interbotix_perception_modules:/home/tony/ros2_ws/install/interbotix_perception_modules/lib/python3.10/site-packages:/home/tony/ros2_ws/install/interbotix_xs_msgs/local/lib/python3.10/dist-packages:/home/tony/ros2_ws/install/interbotix_perception_msgs/local/lib/python3.10/dist-packages:/home/tony/ros2_ws/build/interbotix_common_modules:/home/tony/ros2_ws/install/interbotix_common_modules/lib/python3.10/site-packages:${PYTHONPATH} /usr/bin/cmake /home/tony/ros2_ws/src/interbotix_ros_toolboxes/interbotix_perception_toolbox/interbotix_perception_toolbox -DAMENT_CMAKE_SYMLINK_INSTALL=1 -DCMAKE_INSTALL_PREFIX=/home/tony/ros2_ws/install/interbotix_perception_toolbox
[0.082s] -- The C compiler identification is GNU 11.4.0
[0.136s] -- The CXX compiler identification is GNU 11.4.0
[0.142s] -- Detecting C compiler ABI info
[0.203s] -- Detecting C compiler ABI info - done
[0.210s] -- Check for working C compiler: /usr/bin/cc - skipped
[0.210s] -- Detecting C compile features
[0.211s] -- Detecting C compile features - done
[0.214s] -- Detecting CXX compiler ABI info
[0.286s] -- Detecting CXX compiler ABI info - done
[0.296s] -- Check for working CXX compiler: /usr/bin/c++ - skipped
[0.297s] -- Detecting CXX compile features
[0.297s] -- Detecting CXX compile features - done
[0.301s] -- Found ament_cmake: 1.3.5 (/opt/ros/humble/share/ament_cmake/cmake)
[0.500s] -- Found Python3: /usr/bin/python3.10 (found version "3.10.12") found components: Interpreter 
[0.588s] -- Override CMake install command with custom implementation using symlinks instead of copying resources
[0.630s] -- Found ament_lint_auto: 0.12.7 (/opt/ros/humble/share/ament_lint_auto/cmake)
[0.733s] -- Added test 'copyright' to check source files copyright and LICENSE
[0.734s] -- Added test 'lint_cmake' to check CMake code style
[0.734s] -- Added test 'xmllint' to check XML markup files
[0.735s] -- Configuring done
[0.737s] -- Generating done
[0.738s] -- Build files have been written to: /home/tony/ros2_ws/build/interbotix_perception_toolbox
[0.742s] Invoked command in '/home/tony/ros2_ws/build/interbotix_perception_toolbox' returned '0': AMENT_PREFIX_PATH=/home/tony/ros2_ws/install/interbotix_perception_modules:/home/tony/ros2_ws/install/interbotix_perception_pipelines:/home/tony/ros2_ws/install/interbotix_xs_msgs:/home/tony/ros2_ws/install/interbotix_perception_msgs:/home/tony/ros2_ws/install/interbotix_common_modules:${AMENT_PREFIX_PATH} CMAKE_PREFIX_PATH=/home/tony/ros2_ws/install/interbotix_perception_pipelines:/home/tony/ros2_ws/install/interbotix_xs_msgs:/home/tony/ros2_ws/install/interbotix_perception_msgs:/opt/ros/humble LD_LIBRARY_PATH=/home/tony/ros2_ws/install/interbotix_xs_msgs/lib:/home/tony/ros2_ws/install/interbotix_perception_msgs/lib:${LD_LIBRARY_PATH} PYTHONPATH=/home/tony/ros2_ws/build/interbotix_perception_modules:/home/tony/ros2_ws/install/interbotix_perception_modules/lib/python3.10/site-packages:/home/tony/ros2_ws/install/interbotix_xs_msgs/local/lib/python3.10/dist-packages:/home/tony/ros2_ws/install/interbotix_perception_msgs/local/lib/python3.10/dist-packages:/home/tony/ros2_ws/build/interbotix_common_modules:/home/tony/ros2_ws/install/interbotix_common_modules/lib/python3.10/site-packages:${PYTHONPATH} /usr/bin/cmake /home/tony/ros2_ws/src/interbotix_ros_toolboxes/interbotix_perception_toolbox/interbotix_perception_toolbox -DAMENT_CMAKE_SYMLINK_INSTALL=1 -DCMAKE_INSTALL_PREFIX=/home/tony/ros2_ws/install/interbotix_perception_toolbox
[0.743s] Invoking command in '/home/tony/ros2_ws/build/interbotix_perception_toolbox': AMENT_PREFIX_PATH=/home/tony/ros2_ws/install/interbotix_perception_modules:/home/tony/ros2_ws/install/interbotix_perception_pipelines:/home/tony/ros2_ws/install/interbotix_xs_msgs:/home/tony/ros2_ws/install/interbotix_perception_msgs:/home/tony/ros2_ws/install/interbotix_common_modules:${AMENT_PREFIX_PATH} CMAKE_PREFIX_PATH=/home/tony/ros2_ws/install/interbotix_perception_pipelines:/home/tony/ros2_ws/install/interbotix_xs_msgs:/home/tony/ros2_ws/install/interbotix_perception_msgs:/opt/ros/humble LD_LIBRARY_PATH=/home/tony/ros2_ws/install/interbotix_xs_msgs/lib:/home/tony/ros2_ws/install/interbotix_perception_msgs/lib:${LD_LIBRARY_PATH} PYTHONPATH=/home/tony/ros2_ws/build/interbotix_perception_modules:/home/tony/ros2_ws/install/interbotix_perception_modules/lib/python3.10/site-packages:/home/tony/ros2_ws/install/interbotix_xs_msgs/local/lib/python3.10/dist-packages:/home/tony/ros2_ws/install/interbotix_perception_msgs/local/lib/python3.10/dist-packages:/home/tony/ros2_ws/build/interbotix_common_modules:/home/tony/ros2_ws/install/interbotix_common_modules/lib/python3.10/site-packages:${PYTHONPATH} /usr/bin/cmake --build /home/tony/ros2_ws/build/interbotix_perception_toolbox -- -j8 -l8
[0.784s] Invoked command in '/home/tony/ros2_ws/build/interbotix_perception_toolbox' returned '0': AMENT_PREFIX_PATH=/home/tony/ros2_ws/install/interbotix_perception_modules:/home/tony/ros2_ws/install/interbotix_perception_pipelines:/home/tony/ros2_ws/install/interbotix_xs_msgs:/home/tony/ros2_ws/install/interbotix_perception_msgs:/home/tony/ros2_ws/install/interbotix_common_modules:${AMENT_PREFIX_PATH} CMAKE_PREFIX_PATH=/home/tony/ros2_ws/install/interbotix_perception_pipelines:/home/tony/ros2_ws/install/interbotix_xs_msgs:/home/tony/ros2_ws/install/interbotix_perception_msgs:/opt/ros/humble LD_LIBRARY_PATH=/home/tony/ros2_ws/install/interbotix_xs_msgs/lib:/home/tony/ros2_ws/install/interbotix_perception_msgs/lib:${LD_LIBRARY_PATH} PYTHONPATH=/home/tony/ros2_ws/build/interbotix_perception_modules:/home/tony/ros2_ws/install/interbotix_perception_modules/lib/python3.10/site-packages:/home/tony/ros2_ws/install/interbotix_xs_msgs/local/lib/python3.10/dist-packages:/home/tony/ros2_ws/install/interbotix_perception_msgs/local/lib/python3.10/dist-packages:/home/tony/ros2_ws/build/interbotix_common_modules:/home/tony/ros2_ws/install/interbotix_common_modules/lib/python3.10/site-packages:${PYTHONPATH} /usr/bin/cmake --build /home/tony/ros2_ws/build/interbotix_perception_toolbox -- -j8 -l8
[0.809s] Invoking command in '/home/tony/ros2_ws/build/interbotix_perception_toolbox': AMENT_PREFIX_PATH=/home/tony/ros2_ws/install/interbotix_perception_modules:/home/tony/ros2_ws/install/interbotix_perception_pipelines:/home/tony/ros2_ws/install/interbotix_xs_msgs:/home/tony/ros2_ws/install/interbotix_perception_msgs:/home/tony/ros2_ws/install/interbotix_common_modules:${AMENT_PREFIX_PATH} CMAKE_PREFIX_PATH=/home/tony/ros2_ws/install/interbotix_perception_pipelines:/home/tony/ros2_ws/install/interbotix_xs_msgs:/home/tony/ros2_ws/install/interbotix_perception_msgs:/opt/ros/humble LD_LIBRARY_PATH=/home/tony/ros2_ws/install/interbotix_xs_msgs/lib:/home/tony/ros2_ws/install/interbotix_perception_msgs/lib:${LD_LIBRARY_PATH} PYTHONPATH=/home/tony/ros2_ws/build/interbotix_perception_modules:/home/tony/ros2_ws/install/interbotix_perception_modules/lib/python3.10/site-packages:/home/tony/ros2_ws/install/interbotix_xs_msgs/local/lib/python3.10/dist-packages:/home/tony/ros2_ws/install/interbotix_perception_msgs/local/lib/python3.10/dist-packages:/home/tony/ros2_ws/build/interbotix_common_modules:/home/tony/ros2_ws/install/interbotix_common_modules/lib/python3.10/site-packages:${PYTHONPATH} /usr/bin/cmake --install /home/tony/ros2_ws/build/interbotix_perception_toolbox
[0.818s] -- Install configuration: ""
[0.819s] -- Execute custom install script
[0.819s] -- Symlinking: /home/tony/ros2_ws/install/interbotix_perception_toolbox/share/ament_index/resource_index/package_run_dependencies/interbotix_perception_toolbox
[0.830s] -- Symlinking: /home/tony/ros2_ws/install/interbotix_perception_toolbox/share/ament_index/resource_index/parent_prefix_path/interbotix_perception_toolbox
[0.840s] -- Symlinking: /home/tony/ros2_ws/install/interbotix_perception_toolbox/share/interbotix_perception_toolbox/environment/ament_prefix_path.sh
[0.850s] -- Symlinking: /home/tony/ros2_ws/install/interbotix_perception_toolbox/share/interbotix_perception_toolbox/environment/ament_prefix_path.dsv
[0.858s] -- Symlinking: /home/tony/ros2_ws/install/interbotix_perception_toolbox/share/interbotix_perception_toolbox/environment/path.sh
[0.869s] -- Symlinking: /home/tony/ros2_ws/install/interbotix_perception_toolbox/share/interbotix_perception_toolbox/environment/path.dsv
[0.880s] -- Symlinking: /home/tony/ros2_ws/install/interbotix_perception_toolbox/share/interbotix_perception_toolbox/local_setup.bash
[0.888s] -- Symlinking: /home/tony/ros2_ws/install/interbotix_perception_toolbox/share/interbotix_perception_toolbox/local_setup.sh
[0.897s] -- Symlinking: /home/tony/ros2_ws/install/interbotix_perception_toolbox/share/interbotix_perception_toolbox/local_setup.zsh
[0.906s] -- Symlinking: /home/tony/ros2_ws/install/interbotix_perception_toolbox/share/interbotix_perception_toolbox/local_setup.dsv
[0.913s] -- Symlinking: /home/tony/ros2_ws/install/interbotix_perception_toolbox/share/interbotix_perception_toolbox/package.dsv
[0.921s] -- Symlinking: /home/tony/ros2_ws/install/interbotix_perception_toolbox/share/ament_index/resource_index/packages/interbotix_perception_toolbox
[0.928s] -- Symlinking: /home/tony/ros2_ws/install/interbotix_perception_toolbox/share/interbotix_perception_toolbox/cmake/interbotix_perception_toolboxConfig.cmake
[0.935s] -- Symlinking: /home/tony/ros2_ws/install/interbotix_perception_toolbox/share/interbotix_perception_toolbox/cmake/interbotix_perception_toolboxConfig-version.cmake
[0.943s] -- Symlinking: /home/tony/ros2_ws/install/interbotix_perception_toolbox/share/interbotix_perception_toolbox/package.xml
[0.954s] Invoked command in '/home/tony/ros2_ws/build/interbotix_perception_toolbox' returned '0': AMENT_PREFIX_PATH=/home/tony/ros2_ws/install/interbotix_perception_modules:/home/tony/ros2_ws/install/interbotix_perception_pipelines:/home/tony/ros2_ws/install/interbotix_xs_msgs:/home/tony/ros2_ws/install/interbotix_perception_msgs:/home/tony/ros2_ws/install/interbotix_common_modules:${AMENT_PREFIX_PATH} CMAKE_PREFIX_PATH=/home/tony/ros2_ws/install/interbotix_perception_pipelines:/home/tony/ros2_ws/install/interbotix_xs_msgs:/home/tony/ros2_ws/install/interbotix_perception_msgs:/opt/ros/humble LD_LIBRARY_PATH=/home/tony/ros2_ws/install/interbotix_xs_msgs/lib:/home/tony/ros2_ws/install/interbotix_perception_msgs/lib:${LD_LIBRARY_PATH} PYTHONPATH=/home/tony/ros2_ws/build/interbotix_perception_modules:/home/tony/ros2_ws/install/interbotix_perception_modules/lib/python3.10/site-packages:/home/tony/ros2_ws/install/interbotix_xs_msgs/local/lib/python3.10/dist-packages:/home/tony/ros2_ws/install/interbotix_perception_msgs/local/lib/python3.10/dist-packages:/home/tony/ros2_ws/build/interbotix_common_modules:/home/tony/ros2_ws/install/interbotix_common_modules/lib/python3.10/site-packages:${PYTHONPATH} /usr/bin/cmake --install /home/tony/ros2_ws/build/interbotix_perception_toolbox
