running egg_info
writing ../../../build/ros2_aruco/ros2_aruco.egg-info/PKG-INFO
writing dependency_links to ../../../build/ros2_aruco/ros2_aruco.egg-info/dependency_links.txt
writing entry points to ../../../build/ros2_aruco/ros2_aruco.egg-info/entry_points.txt
writing requirements to ../../../build/ros2_aruco/ros2_aruco.egg-info/requires.txt
writing top-level names to ../../../build/ros2_aruco/ros2_aruco.egg-info/top_level.txt
reading manifest file '../../../build/ros2_aruco/ros2_aruco.egg-info/SOURCES.txt'
writing manifest file '../../../build/ros2_aruco/ros2_aruco.egg-info/SOURCES.txt'
running build
running build_py
running install
running install_lib
running install_data
copying config/aruco_parameters.yaml -> /home/tony/ros2_ws/install/ros2_aruco/share/ros2_aruco/config
running install_egg_info
removing '/home/tony/ros2_ws/install/ros2_aruco/lib/python3.10/site-packages/ros2_aruco-0.1.0-py3.10.egg-info' (and everything under it)
Copying ../../../build/ros2_aruco/ros2_aruco.egg-info to /home/tony/ros2_ws/install/ros2_aruco/lib/python3.10/site-packages/ros2_aruco-0.1.0-py3.10.egg-info
running install_scripts
Installing aruco_generate_marker script to /home/tony/ros2_ws/install/ros2_aruco/lib/ros2_aruco
Installing aruco_node script to /home/tony/ros2_ws/install/ros2_aruco/lib/ros2_aruco
writing list of installed files to '/home/tony/ros2_ws/build/ros2_aruco/install.log'
