[1.107s] Invoking command in '/home/tony/ros2_ws/src/ros2_aruco/ros2_aruco': PYTHONPATH=/home/tony/ros2_ws/build/ros2_aruco/prefix_override:/home/tony/ros2_ws/install/ros2_aruco/lib/python3.10/site-packages:${PYTHONPATH} /usr/bin/python3 setup.py egg_info --egg-base ../../../build/ros2_aruco build --build-base /home/tony/ros2_ws/build/ros2_aruco/build install --record /home/tony/ros2_ws/build/ros2_aruco/install.log --single-version-externally-managed
[1.433s] running egg_info
[1.466s] writing ../../../build/ros2_aruco/ros2_aruco.egg-info/PKG-INFO
[1.467s] writing dependency_links to ../../../build/ros2_aruco/ros2_aruco.egg-info/dependency_links.txt
[1.467s] writing entry points to ../../../build/ros2_aruco/ros2_aruco.egg-info/entry_points.txt
[1.468s] writing requirements to ../../../build/ros2_aruco/ros2_aruco.egg-info/requires.txt
[1.468s] writing top-level names to ../../../build/ros2_aruco/ros2_aruco.egg-info/top_level.txt
[1.469s] reading manifest file '../../../build/ros2_aruco/ros2_aruco.egg-info/SOURCES.txt'
[1.469s] writing manifest file '../../../build/ros2_aruco/ros2_aruco.egg-info/SOURCES.txt'
[1.470s] running build
[1.470s] running build_py
[1.471s] running install
[1.471s] running install_lib
[1.471s] running install_data
[1.472s] copying config/aruco_parameters.yaml -> /home/tony/ros2_ws/install/ros2_aruco/share/ros2_aruco/config
[1.472s] running install_egg_info
[1.473s] removing '/home/tony/ros2_ws/install/ros2_aruco/lib/python3.10/site-packages/ros2_aruco-0.1.0-py3.10.egg-info' (and everything under it)
[1.473s] Copying ../../../build/ros2_aruco/ros2_aruco.egg-info to /home/tony/ros2_ws/install/ros2_aruco/lib/python3.10/site-packages/ros2_aruco-0.1.0-py3.10.egg-info
[1.474s] running install_scripts
[1.507s] Installing aruco_generate_marker script to /home/tony/ros2_ws/install/ros2_aruco/lib/ros2_aruco
[1.507s] Installing aruco_node script to /home/tony/ros2_ws/install/ros2_aruco/lib/ros2_aruco
[1.507s] writing list of installed files to '/home/tony/ros2_ws/build/ros2_aruco/install.log'
[1.556s] Invoked command in '/home/tony/ros2_ws/src/ros2_aruco/ros2_aruco' returned '0': PYTHONPATH=/home/tony/ros2_ws/build/ros2_aruco/prefix_override:/home/tony/ros2_ws/install/ros2_aruco/lib/python3.10/site-packages:${PYTHONPATH} /usr/bin/python3 setup.py egg_info --egg-base ../../../build/ros2_aruco build --build-base /home/tony/ros2_ws/build/ros2_aruco/build install --record /home/tony/ros2_ws/build/ros2_aruco/install.log --single-version-externally-managed
