[0.782s] Invoking command in '/home/tony/ros2_ws/build/interbotix_perception_modules': AMENT_PREFIX_PATH=/home/tony/ros2_ws/install/interbotix_perception_pipelines:/home/tony/ros2_ws/install/interbotix_xs_msgs:/home/tony/ros2_ws/install/interbotix_perception_msgs:/home/tony/ros2_ws/install/interbotix_common_modules:${AMENT_PREFIX_PATH} CMAKE_PREFIX_PATH=/home/tony/ros2_ws/install/interbotix_perception_pipelines:/home/tony/ros2_ws/install/interbotix_xs_msgs:/home/tony/ros2_ws/install/interbotix_perception_msgs LD_LIBRARY_PATH=/home/tony/ros2_ws/install/interbotix_xs_msgs/lib:/home/tony/ros2_ws/install/interbotix_perception_msgs/lib:${LD_LIBRARY_PATH} PYTHONPATH=/home/tony/ros2_ws/build/interbotix_perception_modules/prefix_override:/home/tony/ros2_ws/install/interbotix_perception_modules/lib/python3.10/site-packages:/home/tony/ros2_ws/install/interbotix_xs_msgs/local/lib/python3.10/dist-packages:/home/tony/ros2_ws/install/interbotix_perception_msgs/local/lib/python3.10/dist-packages:/home/tony/ros2_ws/build/interbotix_common_modules:/home/tony/ros2_ws/install/interbotix_common_modules/lib/python3.10/site-packages:${PYTHONPATH} /usr/bin/python3 setup.py develop --editable --build-directory /home/tony/ros2_ws/build/interbotix_perception_modules/build --no-deps install_data
[1.077s] running develop
[1.279s] running egg_info
[1.279s] creating interbotix_perception_modules.egg-info
[1.279s] writing interbotix_perception_modules.egg-info/PKG-INFO
[1.280s] writing dependency_links to interbotix_perception_modules.egg-info/dependency_links.txt
[1.280s] writing entry points to interbotix_perception_modules.egg-info/entry_points.txt
[1.280s] writing requirements to interbotix_perception_modules.egg-info/requires.txt
[1.280s] writing top-level names to interbotix_perception_modules.egg-info/top_level.txt
[1.280s] writing manifest file 'interbotix_perception_modules.egg-info/SOURCES.txt'
[1.283s] reading manifest file 'interbotix_perception_modules.egg-info/SOURCES.txt'
[1.284s] writing manifest file 'interbotix_perception_modules.egg-info/SOURCES.txt'
[1.285s] running build_ext
[1.286s] Creating /home/tony/ros2_ws/install/interbotix_perception_modules/lib/python3.10/site-packages/interbotix-perception-modules.egg-link (link to .)
[1.287s] Installing armtag_tuner_gui script to /home/tony/ros2_ws/install/interbotix_perception_modules/lib/interbotix_perception_modules
[1.287s] Installing picture_snapper script to /home/tony/ros2_ws/install/interbotix_perception_modules/lib/interbotix_perception_modules
[1.287s] Installing pointcloud_tuner_gui script to /home/tony/ros2_ws/install/interbotix_perception_modules/lib/interbotix_perception_modules
[1.287s] 
[1.287s] Installed /home/tony/ros2_ws/build/interbotix_perception_modules
[1.287s] running install_data
[1.287s] creating /home/tony/ros2_ws/install/interbotix_perception_modules/share/ament_index
[1.287s] creating /home/tony/ros2_ws/install/interbotix_perception_modules/share/ament_index/resource_index
[1.288s] creating /home/tony/ros2_ws/install/interbotix_perception_modules/share/ament_index/resource_index/packages
[1.288s] copying resource/interbotix_perception_modules -> /home/tony/ros2_ws/install/interbotix_perception_modules/share/ament_index/resource_index/packages
[1.288s] copying package.xml -> /home/tony/ros2_ws/install/interbotix_perception_modules/share/interbotix_perception_modules
[1.288s] creating /home/tony/ros2_ws/install/interbotix_perception_modules/share/interbotix_perception_modules/launch
[1.288s] copying launch/apriltag.launch.py -> /home/tony/ros2_ws/install/interbotix_perception_modules/share/interbotix_perception_modules/launch
[1.288s] copying launch/pc_filter.launch.py -> /home/tony/ros2_ws/install/interbotix_perception_modules/share/interbotix_perception_modules/launch
[1.288s] copying launch/picture_snapper.launch.py -> /home/tony/ros2_ws/install/interbotix_perception_modules/share/interbotix_perception_modules/launch
[1.288s] copying launch/armtag.launch.py -> /home/tony/ros2_ws/install/interbotix_perception_modules/share/interbotix_perception_modules/launch
[1.288s] creating /home/tony/ros2_ws/install/interbotix_perception_modules/share/interbotix_perception_modules/config
[1.288s] copying config/filter_params.yaml -> /home/tony/ros2_ws/install/interbotix_perception_modules/share/interbotix_perception_modules/config
[1.288s] copying config/tags.yaml -> /home/tony/ros2_ws/install/interbotix_perception_modules/share/interbotix_perception_modules/config
[1.289s] creating /home/tony/ros2_ws/install/interbotix_perception_modules/share/interbotix_perception_modules/ui
[1.289s] copying src/ui/armtagtunergui.ui -> /home/tony/ros2_ws/install/interbotix_perception_modules/share/interbotix_perception_modules/ui
[1.289s] copying src/ui/pointcloudtunergui.ui -> /home/tony/ros2_ws/install/interbotix_perception_modules/share/interbotix_perception_modules/ui
[1.343s] Invoked command in '/home/tony/ros2_ws/build/interbotix_perception_modules' returned '0': AMENT_PREFIX_PATH=/home/tony/ros2_ws/install/interbotix_perception_pipelines:/home/tony/ros2_ws/install/interbotix_xs_msgs:/home/tony/ros2_ws/install/interbotix_perception_msgs:/home/tony/ros2_ws/install/interbotix_common_modules:${AMENT_PREFIX_PATH} CMAKE_PREFIX_PATH=/home/tony/ros2_ws/install/interbotix_perception_pipelines:/home/tony/ros2_ws/install/interbotix_xs_msgs:/home/tony/ros2_ws/install/interbotix_perception_msgs LD_LIBRARY_PATH=/home/tony/ros2_ws/install/interbotix_xs_msgs/lib:/home/tony/ros2_ws/install/interbotix_perception_msgs/lib:${LD_LIBRARY_PATH} PYTHONPATH=/home/tony/ros2_ws/build/interbotix_perception_modules/prefix_override:/home/tony/ros2_ws/install/interbotix_perception_modules/lib/python3.10/site-packages:/home/tony/ros2_ws/install/interbotix_xs_msgs/local/lib/python3.10/dist-packages:/home/tony/ros2_ws/install/interbotix_perception_msgs/local/lib/python3.10/dist-packages:/home/tony/ros2_ws/build/interbotix_common_modules:/home/tony/ros2_ws/install/interbotix_common_modules/lib/python3.10/site-packages:${PYTHONPATH} /usr/bin/python3 setup.py develop --editable --build-directory /home/tony/ros2_ws/build/interbotix_perception_modules/build --no-deps install_data
