[0.017s] Invoking command in '/home/tony/ros2_ws/build/interbotix_xs_toolbox': AMENT_PREFIX_PATH=/home/tony/ros2_ws/install/interbotix_xs_rviz:/home/tony/ros2_ws/install/interbotix_xs_modules:/home/tony/ros2_ws/install/interbotix_xs_sdk:/home/tony/ros2_ws/install/interbotix_xs_ros_control:/home/tony/ros2_ws/install/interbotix_xs_driver:/home/tony/ros2_ws/install/interbotix_xs_msgs:/home/tony/ros2_ws/install/interbotix_common_modules:/home/tony/ros2_ws/install/dynamixel_workbench_toolbox:${AMENT_PREFIX_PATH} CMAKE_PREFIX_PATH=/home/tony/ros2_ws/install/interbotix_xs_rviz:/home/tony/ros2_ws/install/interbotix_xs_sdk:/home/tony/ros2_ws/install/interbotix_xs_ros_control:/home/tony/ros2_ws/install/interbotix_xs_driver:/home/tony/ros2_ws/install/interbotix_xs_msgs:/home/tony/ros2_ws/install/dynamixel_workbench_toolbox:/opt/ros/humble LD_LIBRARY_PATH=/home/tony/ros2_ws/install/interbotix_xs_rviz/lib:/home/tony/ros2_ws/install/interbotix_xs_ros_control/lib:/home/tony/ros2_ws/install/interbotix_xs_driver/lib:/home/tony/ros2_ws/install/interbotix_xs_msgs/lib:/home/tony/ros2_ws/install/dynamixel_workbench_toolbox/lib:${LD_LIBRARY_PATH} PYTHONPATH=/home/tony/ros2_ws/build/interbotix_xs_modules:/home/tony/ros2_ws/install/interbotix_xs_modules/lib/python3.10/site-packages:/home/tony/ros2_ws/install/interbotix_xs_msgs/local/lib/python3.10/dist-packages:/home/tony/ros2_ws/build/interbotix_common_modules:/home/tony/ros2_ws/install/interbotix_common_modules/lib/python3.10/site-packages:${PYTHONPATH} /usr/bin/cmake /home/tony/ros2_ws/src/interbotix_ros_toolboxes/interbotix_xs_toolbox/interbotix_xs_toolbox -DAMENT_CMAKE_SYMLINK_INSTALL=1 -DCMAKE_INSTALL_PREFIX=/home/tony/ros2_ws/install/interbotix_xs_toolbox
[0.066s] -- The C compiler identification is GNU 11.4.0
[0.110s] -- The CXX compiler identification is GNU 11.4.0
[0.115s] -- Detecting C compiler ABI info
[0.167s] -- Detecting C compiler ABI info - done
[0.172s] -- Check for working C compiler: /usr/bin/cc - skipped
[0.172s] -- Detecting C compile features
[0.173s] -- Detecting C compile features - done
[0.175s] -- Detecting CXX compiler ABI info
[0.236s] -- Detecting CXX compiler ABI info - done
[0.244s] -- Check for working CXX compiler: /usr/bin/c++ - skipped
[0.244s] -- Detecting CXX compile features
[0.245s] -- Detecting CXX compile features - done
[0.249s] -- Found ament_cmake: 1.3.5 (/opt/ros/humble/share/ament_cmake/cmake)
[0.398s] -- Found Python3: /usr/bin/python3.10 (found version "3.10.12") found components: Interpreter 
[0.455s] -- Override CMake install command with custom implementation using symlinks instead of copying resources
[0.484s] -- Found ament_lint_auto: 0.12.7 (/opt/ros/humble/share/ament_lint_auto/cmake)
[0.553s] -- Added test 'copyright' to check source files copyright and LICENSE
[0.554s] -- Added test 'lint_cmake' to check CMake code style
[0.555s] -- Added test 'xmllint' to check XML markup files
[0.556s] -- Configuring done
[0.557s] -- Generating done
[0.558s] -- Build files have been written to: /home/tony/ros2_ws/build/interbotix_xs_toolbox
[0.561s] Invoked command in '/home/tony/ros2_ws/build/interbotix_xs_toolbox' returned '0': AMENT_PREFIX_PATH=/home/tony/ros2_ws/install/interbotix_xs_rviz:/home/tony/ros2_ws/install/interbotix_xs_modules:/home/tony/ros2_ws/install/interbotix_xs_sdk:/home/tony/ros2_ws/install/interbotix_xs_ros_control:/home/tony/ros2_ws/install/interbotix_xs_driver:/home/tony/ros2_ws/install/interbotix_xs_msgs:/home/tony/ros2_ws/install/interbotix_common_modules:/home/tony/ros2_ws/install/dynamixel_workbench_toolbox:${AMENT_PREFIX_PATH} CMAKE_PREFIX_PATH=/home/tony/ros2_ws/install/interbotix_xs_rviz:/home/tony/ros2_ws/install/interbotix_xs_sdk:/home/tony/ros2_ws/install/interbotix_xs_ros_control:/home/tony/ros2_ws/install/interbotix_xs_driver:/home/tony/ros2_ws/install/interbotix_xs_msgs:/home/tony/ros2_ws/install/dynamixel_workbench_toolbox:/opt/ros/humble LD_LIBRARY_PATH=/home/tony/ros2_ws/install/interbotix_xs_rviz/lib:/home/tony/ros2_ws/install/interbotix_xs_ros_control/lib:/home/tony/ros2_ws/install/interbotix_xs_driver/lib:/home/tony/ros2_ws/install/interbotix_xs_msgs/lib:/home/tony/ros2_ws/install/dynamixel_workbench_toolbox/lib:${LD_LIBRARY_PATH} PYTHONPATH=/home/tony/ros2_ws/build/interbotix_xs_modules:/home/tony/ros2_ws/install/interbotix_xs_modules/lib/python3.10/site-packages:/home/tony/ros2_ws/install/interbotix_xs_msgs/local/lib/python3.10/dist-packages:/home/tony/ros2_ws/build/interbotix_common_modules:/home/tony/ros2_ws/install/interbotix_common_modules/lib/python3.10/site-packages:${PYTHONPATH} /usr/bin/cmake /home/tony/ros2_ws/src/interbotix_ros_toolboxes/interbotix_xs_toolbox/interbotix_xs_toolbox -DAMENT_CMAKE_SYMLINK_INSTALL=1 -DCMAKE_INSTALL_PREFIX=/home/tony/ros2_ws/install/interbotix_xs_toolbox
[0.562s] Invoking command in '/home/tony/ros2_ws/build/interbotix_xs_toolbox': AMENT_PREFIX_PATH=/home/tony/ros2_ws/install/interbotix_xs_rviz:/home/tony/ros2_ws/install/interbotix_xs_modules:/home/tony/ros2_ws/install/interbotix_xs_sdk:/home/tony/ros2_ws/install/interbotix_xs_ros_control:/home/tony/ros2_ws/install/interbotix_xs_driver:/home/tony/ros2_ws/install/interbotix_xs_msgs:/home/tony/ros2_ws/install/interbotix_common_modules:/home/tony/ros2_ws/install/dynamixel_workbench_toolbox:${AMENT_PREFIX_PATH} CMAKE_PREFIX_PATH=/home/tony/ros2_ws/install/interbotix_xs_rviz:/home/tony/ros2_ws/install/interbotix_xs_sdk:/home/tony/ros2_ws/install/interbotix_xs_ros_control:/home/tony/ros2_ws/install/interbotix_xs_driver:/home/tony/ros2_ws/install/interbotix_xs_msgs:/home/tony/ros2_ws/install/dynamixel_workbench_toolbox:/opt/ros/humble LD_LIBRARY_PATH=/home/tony/ros2_ws/install/interbotix_xs_rviz/lib:/home/tony/ros2_ws/install/interbotix_xs_ros_control/lib:/home/tony/ros2_ws/install/interbotix_xs_driver/lib:/home/tony/ros2_ws/install/interbotix_xs_msgs/lib:/home/tony/ros2_ws/install/dynamixel_workbench_toolbox/lib:${LD_LIBRARY_PATH} PYTHONPATH=/home/tony/ros2_ws/build/interbotix_xs_modules:/home/tony/ros2_ws/install/interbotix_xs_modules/lib/python3.10/site-packages:/home/tony/ros2_ws/install/interbotix_xs_msgs/local/lib/python3.10/dist-packages:/home/tony/ros2_ws/build/interbotix_common_modules:/home/tony/ros2_ws/install/interbotix_common_modules/lib/python3.10/site-packages:${PYTHONPATH} /usr/bin/cmake --build /home/tony/ros2_ws/build/interbotix_xs_toolbox -- -j8 -l8
[0.589s] Invoked command in '/home/tony/ros2_ws/build/interbotix_xs_toolbox' returned '0': AMENT_PREFIX_PATH=/home/tony/ros2_ws/install/interbotix_xs_rviz:/home/tony/ros2_ws/install/interbotix_xs_modules:/home/tony/ros2_ws/install/interbotix_xs_sdk:/home/tony/ros2_ws/install/interbotix_xs_ros_control:/home/tony/ros2_ws/install/interbotix_xs_driver:/home/tony/ros2_ws/install/interbotix_xs_msgs:/home/tony/ros2_ws/install/interbotix_common_modules:/home/tony/ros2_ws/install/dynamixel_workbench_toolbox:${AMENT_PREFIX_PATH} CMAKE_PREFIX_PATH=/home/tony/ros2_ws/install/interbotix_xs_rviz:/home/tony/ros2_ws/install/interbotix_xs_sdk:/home/tony/ros2_ws/install/interbotix_xs_ros_control:/home/tony/ros2_ws/install/interbotix_xs_driver:/home/tony/ros2_ws/install/interbotix_xs_msgs:/home/tony/ros2_ws/install/dynamixel_workbench_toolbox:/opt/ros/humble LD_LIBRARY_PATH=/home/tony/ros2_ws/install/interbotix_xs_rviz/lib:/home/tony/ros2_ws/install/interbotix_xs_ros_control/lib:/home/tony/ros2_ws/install/interbotix_xs_driver/lib:/home/tony/ros2_ws/install/interbotix_xs_msgs/lib:/home/tony/ros2_ws/install/dynamixel_workbench_toolbox/lib:${LD_LIBRARY_PATH} PYTHONPATH=/home/tony/ros2_ws/build/interbotix_xs_modules:/home/tony/ros2_ws/install/interbotix_xs_modules/lib/python3.10/site-packages:/home/tony/ros2_ws/install/interbotix_xs_msgs/local/lib/python3.10/dist-packages:/home/tony/ros2_ws/build/interbotix_common_modules:/home/tony/ros2_ws/install/interbotix_common_modules/lib/python3.10/site-packages:${PYTHONPATH} /usr/bin/cmake --build /home/tony/ros2_ws/build/interbotix_xs_toolbox -- -j8 -l8
[0.603s] Invoking command in '/home/tony/ros2_ws/build/interbotix_xs_toolbox': AMENT_PREFIX_PATH=/home/tony/ros2_ws/install/interbotix_xs_rviz:/home/tony/ros2_ws/install/interbotix_xs_modules:/home/tony/ros2_ws/install/interbotix_xs_sdk:/home/tony/ros2_ws/install/interbotix_xs_ros_control:/home/tony/ros2_ws/install/interbotix_xs_driver:/home/tony/ros2_ws/install/interbotix_xs_msgs:/home/tony/ros2_ws/install/interbotix_common_modules:/home/tony/ros2_ws/install/dynamixel_workbench_toolbox:${AMENT_PREFIX_PATH} CMAKE_PREFIX_PATH=/home/tony/ros2_ws/install/interbotix_xs_rviz:/home/tony/ros2_ws/install/interbotix_xs_sdk:/home/tony/ros2_ws/install/interbotix_xs_ros_control:/home/tony/ros2_ws/install/interbotix_xs_driver:/home/tony/ros2_ws/install/interbotix_xs_msgs:/home/tony/ros2_ws/install/dynamixel_workbench_toolbox:/opt/ros/humble LD_LIBRARY_PATH=/home/tony/ros2_ws/install/interbotix_xs_rviz/lib:/home/tony/ros2_ws/install/interbotix_xs_ros_control/lib:/home/tony/ros2_ws/install/interbotix_xs_driver/lib:/home/tony/ros2_ws/install/interbotix_xs_msgs/lib:/home/tony/ros2_ws/install/dynamixel_workbench_toolbox/lib:${LD_LIBRARY_PATH} PYTHONPATH=/home/tony/ros2_ws/build/interbotix_xs_modules:/home/tony/ros2_ws/install/interbotix_xs_modules/lib/python3.10/site-packages:/home/tony/ros2_ws/install/interbotix_xs_msgs/local/lib/python3.10/dist-packages:/home/tony/ros2_ws/build/interbotix_common_modules:/home/tony/ros2_ws/install/interbotix_common_modules/lib/python3.10/site-packages:${PYTHONPATH} /usr/bin/cmake --install /home/tony/ros2_ws/build/interbotix_xs_toolbox
[0.608s] -- Install configuration: ""
[0.609s] -- Execute custom install script
[0.609s] -- Symlinking: /home/tony/ros2_ws/install/interbotix_xs_toolbox/share/ament_index/resource_index/package_run_dependencies/interbotix_xs_toolbox
[0.616s] -- Symlinking: /home/tony/ros2_ws/install/interbotix_xs_toolbox/share/ament_index/resource_index/parent_prefix_path/interbotix_xs_toolbox
[0.622s] -- Symlinking: /home/tony/ros2_ws/install/interbotix_xs_toolbox/share/interbotix_xs_toolbox/environment/ament_prefix_path.sh
[0.629s] -- Symlinking: /home/tony/ros2_ws/install/interbotix_xs_toolbox/share/interbotix_xs_toolbox/environment/ament_prefix_path.dsv
[0.635s] -- Symlinking: /home/tony/ros2_ws/install/interbotix_xs_toolbox/share/interbotix_xs_toolbox/environment/path.sh
[0.642s] -- Symlinking: /home/tony/ros2_ws/install/interbotix_xs_toolbox/share/interbotix_xs_toolbox/environment/path.dsv
[0.648s] -- Symlinking: /home/tony/ros2_ws/install/interbotix_xs_toolbox/share/interbotix_xs_toolbox/local_setup.bash
[0.656s] -- Symlinking: /home/tony/ros2_ws/install/interbotix_xs_toolbox/share/interbotix_xs_toolbox/local_setup.sh
[0.663s] -- Symlinking: /home/tony/ros2_ws/install/interbotix_xs_toolbox/share/interbotix_xs_toolbox/local_setup.zsh
[0.669s] -- Symlinking: /home/tony/ros2_ws/install/interbotix_xs_toolbox/share/interbotix_xs_toolbox/local_setup.dsv
[0.676s] -- Symlinking: /home/tony/ros2_ws/install/interbotix_xs_toolbox/share/interbotix_xs_toolbox/package.dsv
[0.683s] -- Symlinking: /home/tony/ros2_ws/install/interbotix_xs_toolbox/share/ament_index/resource_index/packages/interbotix_xs_toolbox
[0.689s] -- Symlinking: /home/tony/ros2_ws/install/interbotix_xs_toolbox/share/interbotix_xs_toolbox/cmake/interbotix_xs_toolboxConfig.cmake
[0.695s] -- Symlinking: /home/tony/ros2_ws/install/interbotix_xs_toolbox/share/interbotix_xs_toolbox/cmake/interbotix_xs_toolboxConfig-version.cmake
[0.701s] -- Symlinking: /home/tony/ros2_ws/install/interbotix_xs_toolbox/share/interbotix_xs_toolbox/package.xml
[0.709s] Invoked command in '/home/tony/ros2_ws/build/interbotix_xs_toolbox' returned '0': AMENT_PREFIX_PATH=/home/tony/ros2_ws/install/interbotix_xs_rviz:/home/tony/ros2_ws/install/interbotix_xs_modules:/home/tony/ros2_ws/install/interbotix_xs_sdk:/home/tony/ros2_ws/install/interbotix_xs_ros_control:/home/tony/ros2_ws/install/interbotix_xs_driver:/home/tony/ros2_ws/install/interbotix_xs_msgs:/home/tony/ros2_ws/install/interbotix_common_modules:/home/tony/ros2_ws/install/dynamixel_workbench_toolbox:${AMENT_PREFIX_PATH} CMAKE_PREFIX_PATH=/home/tony/ros2_ws/install/interbotix_xs_rviz:/home/tony/ros2_ws/install/interbotix_xs_sdk:/home/tony/ros2_ws/install/interbotix_xs_ros_control:/home/tony/ros2_ws/install/interbotix_xs_driver:/home/tony/ros2_ws/install/interbotix_xs_msgs:/home/tony/ros2_ws/install/dynamixel_workbench_toolbox:/opt/ros/humble LD_LIBRARY_PATH=/home/tony/ros2_ws/install/interbotix_xs_rviz/lib:/home/tony/ros2_ws/install/interbotix_xs_ros_control/lib:/home/tony/ros2_ws/install/interbotix_xs_driver/lib:/home/tony/ros2_ws/install/interbotix_xs_msgs/lib:/home/tony/ros2_ws/install/dynamixel_workbench_toolbox/lib:${LD_LIBRARY_PATH} PYTHONPATH=/home/tony/ros2_ws/build/interbotix_xs_modules:/home/tony/ros2_ws/install/interbotix_xs_modules/lib/python3.10/site-packages:/home/tony/ros2_ws/install/interbotix_xs_msgs/local/lib/python3.10/dist-packages:/home/tony/ros2_ws/build/interbotix_common_modules:/home/tony/ros2_ws/install/interbotix_common_modules/lib/python3.10/site-packages:${PYTHONPATH} /usr/bin/cmake --install /home/tony/ros2_ws/build/interbotix_xs_toolbox
