running develop
Removing /home/tony/ros2_ws/install/interbotix_common_modules/lib/python3.10/site-packages/interbotix-common-modules.egg-link (link to .)
running egg_info
writing ../../../../build/interbotix_common_modules/interbotix_common_modules.egg-info/PKG-INFO
writing dependency_links to ../../../../build/interbotix_common_modules/interbotix_common_modules.egg-info/dependency_links.txt
writing entry points to ../../../../build/interbotix_common_modules/interbotix_common_modules.egg-info/entry_points.txt
writing requirements to ../../../../build/interbotix_common_modules/interbotix_common_modules.egg-info/requires.txt
writing top-level names to ../../../../build/interbotix_common_modules/interbotix_common_modules.egg-info/top_level.txt
reading manifest file '../../../../build/interbotix_common_modules/interbotix_common_modules.egg-info/SOURCES.txt'
writing manifest file '../../../../build/interbotix_common_modules/interbotix_common_modules.egg-info/SOURCES.txt'
running build
running build_py
creating /home/tony/ros2_ws/build/interbotix_common_modules/build
creating /home/tony/ros2_ws/build/interbotix_common_modules/build/lib
creating /home/tony/ros2_ws/build/interbotix_common_modules/build/lib/interbotix_common_modules
copying interbotix_common_modules/__init__.py -> /home/tony/ros2_ws/build/interbotix_common_modules/build/lib/interbotix_common_modules
creating /home/tony/ros2_ws/build/interbotix_common_modules/build/lib/interbotix_common_modules/launch
copying interbotix_common_modules/launch/__init__.py -> /home/tony/ros2_ws/build/interbotix_common_modules/build/lib/interbotix_common_modules/launch
copying interbotix_common_modules/launch/and_condition.py -> /home/tony/ros2_ws/build/interbotix_common_modules/build/lib/interbotix_common_modules/launch
copying interbotix_common_modules/launch/or_condition.py -> /home/tony/ros2_ws/build/interbotix_common_modules/build/lib/interbotix_common_modules/launch
creating /home/tony/ros2_ws/build/interbotix_common_modules/build/lib/interbotix_common_modules/angle_manipulation
copying interbotix_common_modules/angle_manipulation/angle_manipulation.py -> /home/tony/ros2_ws/build/interbotix_common_modules/build/lib/interbotix_common_modules/angle_manipulation
copying interbotix_common_modules/angle_manipulation/__init__.py -> /home/tony/ros2_ws/build/interbotix_common_modules/build/lib/interbotix_common_modules/angle_manipulation
creating /home/tony/ros2_ws/build/interbotix_common_modules/build/lib/interbotix_common_modules/py_common
copying interbotix_common_modules/py_common/__init__.py -> /home/tony/ros2_ws/build/interbotix_common_modules/build/lib/interbotix_common_modules/py_common
copying interbotix_common_modules/py_common/params.py -> /home/tony/ros2_ws/build/interbotix_common_modules/build/lib/interbotix_common_modules/py_common
running install
running install_lib
creating /home/tony/ros2_ws/install/interbotix_common_modules/lib/python3.10/site-packages/interbotix_common_modules
creating /home/tony/ros2_ws/install/interbotix_common_modules/lib/python3.10/site-packages/interbotix_common_modules/launch
copying /home/tony/ros2_ws/build/interbotix_common_modules/build/lib/interbotix_common_modules/launch/__init__.py -> /home/tony/ros2_ws/install/interbotix_common_modules/lib/python3.10/site-packages/interbotix_common_modules/launch
copying /home/tony/ros2_ws/build/interbotix_common_modules/build/lib/interbotix_common_modules/launch/and_condition.py -> /home/tony/ros2_ws/install/interbotix_common_modules/lib/python3.10/site-packages/interbotix_common_modules/launch
copying /home/tony/ros2_ws/build/interbotix_common_modules/build/lib/interbotix_common_modules/launch/or_condition.py -> /home/tony/ros2_ws/install/interbotix_common_modules/lib/python3.10/site-packages/interbotix_common_modules/launch
creating /home/tony/ros2_ws/install/interbotix_common_modules/lib/python3.10/site-packages/interbotix_common_modules/angle_manipulation
copying /home/tony/ros2_ws/build/interbotix_common_modules/build/lib/interbotix_common_modules/angle_manipulation/angle_manipulation.py -> /home/tony/ros2_ws/install/interbotix_common_modules/lib/python3.10/site-packages/interbotix_common_modules/angle_manipulation
copying /home/tony/ros2_ws/build/interbotix_common_modules/build/lib/interbotix_common_modules/angle_manipulation/__init__.py -> /home/tony/ros2_ws/install/interbotix_common_modules/lib/python3.10/site-packages/interbotix_common_modules/angle_manipulation
copying /home/tony/ros2_ws/build/interbotix_common_modules/build/lib/interbotix_common_modules/__init__.py -> /home/tony/ros2_ws/install/interbotix_common_modules/lib/python3.10/site-packages/interbotix_common_modules
creating /home/tony/ros2_ws/install/interbotix_common_modules/lib/python3.10/site-packages/interbotix_common_modules/py_common
copying /home/tony/ros2_ws/build/interbotix_common_modules/build/lib/interbotix_common_modules/py_common/__init__.py -> /home/tony/ros2_ws/install/interbotix_common_modules/lib/python3.10/site-packages/interbotix_common_modules/py_common
copying /home/tony/ros2_ws/build/interbotix_common_modules/build/lib/interbotix_common_modules/py_common/params.py -> /home/tony/ros2_ws/install/interbotix_common_modules/lib/python3.10/site-packages/interbotix_common_modules/py_common
byte-compiling /home/tony/ros2_ws/install/interbotix_common_modules/lib/python3.10/site-packages/interbotix_common_modules/launch/__init__.py to __init__.cpython-310.pyc
byte-compiling /home/tony/ros2_ws/install/interbotix_common_modules/lib/python3.10/site-packages/interbotix_common_modules/launch/and_condition.py to and_condition.cpython-310.pyc
byte-compiling /home/tony/ros2_ws/install/interbotix_common_modules/lib/python3.10/site-packages/interbotix_common_modules/launch/or_condition.py to or_condition.cpython-310.pyc
byte-compiling /home/tony/ros2_ws/install/interbotix_common_modules/lib/python3.10/site-packages/interbotix_common_modules/angle_manipulation/angle_manipulation.py to angle_manipulation.cpython-310.pyc
byte-compiling /home/tony/ros2_ws/install/interbotix_common_modules/lib/python3.10/site-packages/interbotix_common_modules/angle_manipulation/__init__.py to __init__.cpython-310.pyc
byte-compiling /home/tony/ros2_ws/install/interbotix_common_modules/lib/python3.10/site-packages/interbotix_common_modules/__init__.py to __init__.cpython-310.pyc
byte-compiling /home/tony/ros2_ws/install/interbotix_common_modules/lib/python3.10/site-packages/interbotix_common_modules/py_common/__init__.py to __init__.cpython-310.pyc
byte-compiling /home/tony/ros2_ws/install/interbotix_common_modules/lib/python3.10/site-packages/interbotix_common_modules/py_common/params.py to params.cpython-310.pyc
running install_data
running install_egg_info
Copying ../../../../build/interbotix_common_modules/interbotix_common_modules.egg-info to /home/tony/ros2_ws/install/interbotix_common_modules/lib/python3.10/site-packages/interbotix_common_modules-0.0.0-py3.10.egg-info
running install_scripts
writing list of installed files to '/home/tony/ros2_ws/build/interbotix_common_modules/install.log'
