[0.247s] Invoking command in '/home/tony/ros2_ws/build/interbotix_xs_rviz': AMENT_PREFIX_PATH=/home/tony/ros2_ws/install/interbotix_xs_sdk:/home/tony/ros2_ws/install/interbotix_xs_driver:/home/tony/ros2_ws/install/interbotix_xs_msgs:/home/tony/ros2_ws/install/dynamixel_workbench_toolbox:${AMENT_PREFIX_PATH} CMAKE_PREFIX_PATH=/home/tony/ros2_ws/install/interbotix_xs_sdk:/home/tony/ros2_ws/install/interbotix_xs_driver:/home/tony/ros2_ws/install/interbotix_xs_msgs:/home/tony/ros2_ws/install/dynamixel_workbench_toolbox:/opt/ros/humble LD_LIBRARY_PATH=/home/tony/ros2_ws/install/interbotix_xs_driver/lib:/home/tony/ros2_ws/install/interbotix_xs_msgs/lib:/home/tony/ros2_ws/install/dynamixel_workbench_toolbox/lib:${LD_LIBRARY_PATH} PYTHONPATH=/home/tony/ros2_ws/install/interbotix_xs_msgs/local/lib/python3.10/dist-packages:${PYTHONPATH} /usr/bin/cmake /home/tony/ros2_ws/src/interbotix_ros_toolboxes/interbotix_xs_toolbox/interbotix_xs_rviz -DAMENT_CMAKE_SYMLINK_INSTALL=1 -DCMAKE_INSTALL_PREFIX=/home/tony/ros2_ws/install/interbotix_xs_rviz
[0.297s] -- The C compiler identification is GNU 11.4.0
[0.343s] -- The CXX compiler identification is GNU 11.4.0
[0.349s] -- Detecting C compiler ABI info
[0.406s] -- Detecting C compiler ABI info - done
[0.414s] -- Check for working C compiler: /usr/bin/cc - skipped
[0.414s] -- Detecting C compile features
[0.415s] -- Detecting C compile features - done
[0.417s] -- Detecting CXX compiler ABI info
[0.486s] -- Detecting CXX compiler ABI info - done
[0.496s] -- Check for working CXX compiler: /usr/bin/c++ - skipped
[0.496s] -- Detecting CXX compile features
[0.498s] -- Detecting CXX compile features - done
[0.500s] -- Found ament_cmake: 1.3.5 (/opt/ros/humble/share/ament_cmake/cmake)
[0.678s] -- Found Python3: /usr/bin/python3.10 (found version "3.10.12") found components: Interpreter 
[0.731s] -- Override CMake install command with custom implementation using symlinks instead of copying resources
[0.760s] -- Found pluginlib: 5.1.0 (/opt/ros/humble/share/pluginlib/cmake)
[0.808s] -- Found rclcpp: 16.0.5 (/opt/ros/humble/share/rclcpp/cmake)
[0.836s] -- Found rosidl_generator_c: 3.1.5 (/opt/ros/humble/share/rosidl_generator_c/cmake)
[0.841s] -- Found rosidl_adapter: 3.1.5 (/opt/ros/humble/share/rosidl_adapter/cmake)
[0.854s] -- Found rosidl_generator_cpp: 3.1.5 (/opt/ros/humble/share/rosidl_generator_cpp/cmake)
[0.868s] -- Using all available rosidl_typesupport_c: rosidl_typesupport_fastrtps_c;rosidl_typesupport_introspection_c
[0.882s] -- Using all available rosidl_typesupport_cpp: rosidl_typesupport_fastrtps_cpp;rosidl_typesupport_introspection_cpp
[0.947s] -- Found rmw_implementation_cmake: 6.1.1 (/opt/ros/humble/share/rmw_implementation_cmake/cmake)
[0.949s] -- Found rmw_fastrtps_cpp: 6.2.3 (/opt/ros/humble/share/rmw_fastrtps_cpp/cmake)
[1.062s] -- Found OpenSSL: /usr/lib/x86_64-linux-gnu/libcrypto.so (found version "3.0.2")  
[1.099s] -- Found FastRTPS: /opt/ros/humble/include  
[1.176s] -- Using RMW implementation 'rmw_fastrtps_cpp' as default
[1.193s] -- Looking for pthread.h
[1.267s] -- Looking for pthread.h - found
[1.267s] -- Performing Test CMAKE_HAVE_LIBC_PTHREAD
[1.351s] -- Performing Test CMAKE_HAVE_LIBC_PTHREAD - Success
[1.353s] -- Found Threads: TRUE  
[1.595s] -- Found rviz_common: 11.2.7 (/opt/ros/humble/share/rviz_common/cmake)
[1.608s] -- Setting OGRE_DIR to: '/opt/ros/humble/share/rviz_ogre_vendor/cmake/../../../opt/rviz_ogre_vendor/lib/OGRE/cmake'
[1.609s] -- Found OGRE
[1.609s] --   static     : OFF
[1.609s] --   components : HLMS;MeshLodGenerator;Overlay;Paging;Property;RTShaderSystem;Terrain;Volume
[1.609s] --   plugins    : Plugin_BSPSceneManager;Plugin_OctreeSceneManager;Plugin_PCZSceneManager;Plugin_ParticleFX;RenderSystem_GL;RenderSystem_GL3Plus;Codec_STBI
[1.609s] --   media      : /opt/ros/humble/opt/rviz_ogre_vendor/share/OGRE/Media
[1.609s] -- OGRE_LIBRARIES: OgreHLMS;OgreMeshLodGenerator;OgreOverlay;OgrePaging;OgreProperty;OgreRTShaderSystem;OgreTerrain;OgreVolume;OgreMain
[1.609s] -- OGRE_LIBRARY_DIRS: /opt/ros/humble/opt/rviz_ogre_vendor/lib
[1.609s] -- OGRE_PLUGINS: Plugin_BSPSceneManager;Plugin_OctreeSceneManager;Plugin_PCZSceneManager;Plugin_ParticleFX;RenderSystem_GL;RenderSystem_GL3Plus;Codec_STBI
[1.610s] -- OGRE_PLUGIN_DIR: /opt/ros/humble/opt/rviz_ogre_vendor/lib/OGRE
[1.610s] -- rviz_ogre_vendor::OgreOverlay for IMPORTED_LOCATION_RELEASE: /opt/ros/humble/opt/rviz_ogre_vendor/lib/libOgreOverlay.so
[1.610s] -- rviz_ogre_vendor::OgreOverlay for IMPORTED_LOCATION_DEBUG: /opt/ros/humble/opt/rviz_ogre_vendor/lib/libOgreOverlay.so
[1.610s] -- rviz_ogre_vendor::OgreMain for IMPORTED_LOCATION_RELEASE: /opt/ros/humble/opt/rviz_ogre_vendor/lib/libOgreMain.so
[1.610s] -- rviz_ogre_vendor::OgreMain for IMPORTED_LOCATION_DEBUG: /opt/ros/humble/opt/rviz_ogre_vendor/lib/libOgreMain.so
[1.626s] -- Found ZLIB: /usr/lib/x86_64-linux-gnu/libz.so (found version "1.2.11") 
[1.633s] -- Found OpenGL: /usr/lib/x86_64-linux-gnu/libOpenGL.so   
[1.718s] -- Found X11: /usr/include   
[1.719s] -- Looking for XOpenDisplay in /usr/lib/x86_64-linux-gnu/libX11.so;/usr/lib/x86_64-linux-gnu/libXext.so
[1.798s] -- Looking for XOpenDisplay in /usr/lib/x86_64-linux-gnu/libX11.so;/usr/lib/x86_64-linux-gnu/libXext.so - found
[1.798s] -- Looking for gethostbyname
[1.869s] -- Looking for gethostbyname - found
[1.869s] -- Looking for connect
[1.930s] -- Looking for connect - found
[1.930s] -- Looking for remove
[2.014s] -- Looking for remove - found
[2.014s] -- Looking for shmat
[2.090s] -- Looking for shmat - found
[2.091s] -- Looking for IceConnectionNumber in ICE
[2.156s] -- Looking for IceConnectionNumber in ICE - found
[2.159s] -- rviz_ogre_vendor::RenderSystem_GL for IMPORTED_LOCATION_RELEASE: _render_system_gl_static_library_abs-NOTFOUND
[2.159s] -- rviz_ogre_vendor::RenderSystem_GL for IMPORTED_LOCATION_DEBUG: _render_system_gl_static_library_abs-NOTFOUND
[2.260s] -- library: /usr/lib/x86_64-linux-gnu/libcurl.so
[2.473s] -- Found Eigen3: TRUE (found version "3.4.0") 
[2.473s] -- Ensuring Eigen3 include directory is part of orocos-kdl CMake target
[2.915s] -- Found interbotix_xs_msgs: 0.0.0 (/home/tony/ros2_ws/install/interbotix_xs_msgs/share/interbotix_xs_msgs/cmake)
[3.217s] -- Found ament_lint_auto: 0.12.7 (/opt/ros/humble/share/ament_lint_auto/cmake)
[3.296s] -- Added test 'copyright' to check source files copyright and LICENSE
[3.297s] -- Added test 'cppcheck' to perform static code analysis on C / C++ code
[3.297s] -- Configured cppcheck include dirs: /home/tony/ros2_ws/src/interbotix_ros_toolboxes/interbotix_xs_toolbox/interbotix_xs_rviz/include
[3.297s] -- Configured cppcheck exclude dirs and/or files: 
[3.298s] -- Added test 'cpplint' to check C / C++ code against the Google style
[3.298s] -- Configured cpplint exclude dirs and/or files: 
[3.299s] -- Added test 'lint_cmake' to check CMake code style
[3.300s] -- Added test 'uncrustify' to check C / C++ code style
[3.300s] -- Configured uncrustify additional arguments: 
[3.300s] -- Added test 'xmllint' to check XML markup files
[3.302s] -- Configuring done
[3.331s] -- Generating done
[3.335s] -- Build files have been written to: /home/tony/ros2_ws/build/interbotix_xs_rviz
[3.357s] Invoked command in '/home/tony/ros2_ws/build/interbotix_xs_rviz' returned '0': AMENT_PREFIX_PATH=/home/tony/ros2_ws/install/interbotix_xs_sdk:/home/tony/ros2_ws/install/interbotix_xs_driver:/home/tony/ros2_ws/install/interbotix_xs_msgs:/home/tony/ros2_ws/install/dynamixel_workbench_toolbox:${AMENT_PREFIX_PATH} CMAKE_PREFIX_PATH=/home/tony/ros2_ws/install/interbotix_xs_sdk:/home/tony/ros2_ws/install/interbotix_xs_driver:/home/tony/ros2_ws/install/interbotix_xs_msgs:/home/tony/ros2_ws/install/dynamixel_workbench_toolbox:/opt/ros/humble LD_LIBRARY_PATH=/home/tony/ros2_ws/install/interbotix_xs_driver/lib:/home/tony/ros2_ws/install/interbotix_xs_msgs/lib:/home/tony/ros2_ws/install/dynamixel_workbench_toolbox/lib:${LD_LIBRARY_PATH} PYTHONPATH=/home/tony/ros2_ws/install/interbotix_xs_msgs/local/lib/python3.10/dist-packages:${PYTHONPATH} /usr/bin/cmake /home/tony/ros2_ws/src/interbotix_ros_toolboxes/interbotix_xs_toolbox/interbotix_xs_rviz -DAMENT_CMAKE_SYMLINK_INSTALL=1 -DCMAKE_INSTALL_PREFIX=/home/tony/ros2_ws/install/interbotix_xs_rviz
[3.359s] Invoking command in '/home/tony/ros2_ws/build/interbotix_xs_rviz': AMENT_PREFIX_PATH=/home/tony/ros2_ws/install/interbotix_xs_sdk:/home/tony/ros2_ws/install/interbotix_xs_driver:/home/tony/ros2_ws/install/interbotix_xs_msgs:/home/tony/ros2_ws/install/dynamixel_workbench_toolbox:${AMENT_PREFIX_PATH} CMAKE_PREFIX_PATH=/home/tony/ros2_ws/install/interbotix_xs_sdk:/home/tony/ros2_ws/install/interbotix_xs_driver:/home/tony/ros2_ws/install/interbotix_xs_msgs:/home/tony/ros2_ws/install/dynamixel_workbench_toolbox:/opt/ros/humble LD_LIBRARY_PATH=/home/tony/ros2_ws/install/interbotix_xs_driver/lib:/home/tony/ros2_ws/install/interbotix_xs_msgs/lib:/home/tony/ros2_ws/install/dynamixel_workbench_toolbox/lib:${LD_LIBRARY_PATH} PYTHONPATH=/home/tony/ros2_ws/install/interbotix_xs_msgs/local/lib/python3.10/dist-packages:${PYTHONPATH} /usr/bin/cmake --build /home/tony/ros2_ws/build/interbotix_xs_rviz -- -j8 -l8
[3.406s] [ 20%] [34m[1mAutomatic MOC for target interbotix_xs_rviz[0m
[3.753s] [ 20%] Built target interbotix_xs_rviz_autogen
[3.761s] [ 40%] [34m[1mGenerating ui_interbotix_control_panel.h[0m
[3.788s] [ 80%] [32mBuilding CXX object CMakeFiles/interbotix_xs_rviz.dir/src/interbotix_control_panel.cpp.o[0m
[3.788s] [ 80%] [32mBuilding CXX object CMakeFiles/interbotix_xs_rviz.dir/interbotix_xs_rviz_autogen/mocs_compilation.cpp.o[0m
[13.867s] [100%] [32m[1mLinking CXX shared library libinterbotix_xs_rviz.so[0m
[15.691s] [100%] Built target interbotix_xs_rviz
[15.700s] Invoked command in '/home/tony/ros2_ws/build/interbotix_xs_rviz' returned '0': AMENT_PREFIX_PATH=/home/tony/ros2_ws/install/interbotix_xs_sdk:/home/tony/ros2_ws/install/interbotix_xs_driver:/home/tony/ros2_ws/install/interbotix_xs_msgs:/home/tony/ros2_ws/install/dynamixel_workbench_toolbox:${AMENT_PREFIX_PATH} CMAKE_PREFIX_PATH=/home/tony/ros2_ws/install/interbotix_xs_sdk:/home/tony/ros2_ws/install/interbotix_xs_driver:/home/tony/ros2_ws/install/interbotix_xs_msgs:/home/tony/ros2_ws/install/dynamixel_workbench_toolbox:/opt/ros/humble LD_LIBRARY_PATH=/home/tony/ros2_ws/install/interbotix_xs_driver/lib:/home/tony/ros2_ws/install/interbotix_xs_msgs/lib:/home/tony/ros2_ws/install/dynamixel_workbench_toolbox/lib:${LD_LIBRARY_PATH} PYTHONPATH=/home/tony/ros2_ws/install/interbotix_xs_msgs/local/lib/python3.10/dist-packages:${PYTHONPATH} /usr/bin/cmake --build /home/tony/ros2_ws/build/interbotix_xs_rviz -- -j8 -l8
[15.718s] Invoking command in '/home/tony/ros2_ws/build/interbotix_xs_rviz': AMENT_PREFIX_PATH=/home/tony/ros2_ws/install/interbotix_xs_sdk:/home/tony/ros2_ws/install/interbotix_xs_driver:/home/tony/ros2_ws/install/interbotix_xs_msgs:/home/tony/ros2_ws/install/dynamixel_workbench_toolbox:${AMENT_PREFIX_PATH} CMAKE_PREFIX_PATH=/home/tony/ros2_ws/install/interbotix_xs_sdk:/home/tony/ros2_ws/install/interbotix_xs_driver:/home/tony/ros2_ws/install/interbotix_xs_msgs:/home/tony/ros2_ws/install/dynamixel_workbench_toolbox:/opt/ros/humble LD_LIBRARY_PATH=/home/tony/ros2_ws/install/interbotix_xs_driver/lib:/home/tony/ros2_ws/install/interbotix_xs_msgs/lib:/home/tony/ros2_ws/install/dynamixel_workbench_toolbox/lib:${LD_LIBRARY_PATH} PYTHONPATH=/home/tony/ros2_ws/install/interbotix_xs_msgs/local/lib/python3.10/dist-packages:${PYTHONPATH} /usr/bin/cmake --install /home/tony/ros2_ws/build/interbotix_xs_rviz
[15.723s] -- Install configuration: ""
[15.723s] -- Execute custom install script
[15.724s] -- Symlinking: /home/tony/ros2_ws/install/interbotix_xs_rviz/share/interbotix_xs_rviz//plugin_description.xml
[15.730s] -- Symlinking: /home/tony/ros2_ws/install/interbotix_xs_rviz/include//interbotix_xs_rviz/interbotix_control_panel.hpp
[15.736s] -- Symlinking: /home/tony/ros2_ws/install/interbotix_xs_rviz/include//interbotix_xs_rviz/xs_register_descriptions.hpp
[15.743s] -- Symlinking: /home/tony/ros2_ws/install/interbotix_xs_rviz/share/interbotix_xs_rviz//icons/classes/Interbotix Control Panel.png
[15.750s] -- Symlinking: /home/tony/ros2_ws/install/interbotix_xs_rviz/share/interbotix_xs_rviz/environment/library_path.sh
[15.757s] -- Symlinking: /home/tony/ros2_ws/install/interbotix_xs_rviz/share/interbotix_xs_rviz/environment/library_path.dsv
[15.763s] -- Symlinking: /home/tony/ros2_ws/install/interbotix_xs_rviz/share/ament_index/resource_index/package_run_dependencies/interbotix_xs_rviz
[15.775s] -- Symlinking: /home/tony/ros2_ws/install/interbotix_xs_rviz/share/ament_index/resource_index/parent_prefix_path/interbotix_xs_rviz
[15.782s] -- Symlinking: /home/tony/ros2_ws/install/interbotix_xs_rviz/share/interbotix_xs_rviz/environment/ament_prefix_path.sh
[15.788s] -- Symlinking: /home/tony/ros2_ws/install/interbotix_xs_rviz/share/interbotix_xs_rviz/environment/ament_prefix_path.dsv
[15.795s] -- Symlinking: /home/tony/ros2_ws/install/interbotix_xs_rviz/share/interbotix_xs_rviz/environment/path.sh
[15.802s] -- Symlinking: /home/tony/ros2_ws/install/interbotix_xs_rviz/share/interbotix_xs_rviz/environment/path.dsv
[15.809s] -- Symlinking: /home/tony/ros2_ws/install/interbotix_xs_rviz/share/interbotix_xs_rviz/local_setup.bash
[15.815s] -- Symlinking: /home/tony/ros2_ws/install/interbotix_xs_rviz/share/interbotix_xs_rviz/local_setup.sh
[15.821s] -- Symlinking: /home/tony/ros2_ws/install/interbotix_xs_rviz/share/interbotix_xs_rviz/local_setup.zsh
[15.827s] -- Symlinking: /home/tony/ros2_ws/install/interbotix_xs_rviz/share/interbotix_xs_rviz/local_setup.dsv
[15.834s] -- Symlinking: /home/tony/ros2_ws/install/interbotix_xs_rviz/share/interbotix_xs_rviz/package.dsv
[15.840s] -- Symlinking: /home/tony/ros2_ws/install/interbotix_xs_rviz/share/ament_index/resource_index/packages/interbotix_xs_rviz
[15.846s] -- Symlinking: /home/tony/ros2_ws/install/interbotix_xs_rviz/share/ament_index/resource_index/rviz_common__pluginlib__plugin/interbotix_xs_rviz
[15.852s] -- Symlinking: /home/tony/ros2_ws/install/interbotix_xs_rviz/share/interbotix_xs_rviz/cmake/ament_cmake_export_targets-extras.cmake
[15.858s] -- Symlinking: /home/tony/ros2_ws/install/interbotix_xs_rviz/share/interbotix_xs_rviz/cmake/ament_cmake_export_dependencies-extras.cmake
[15.865s] -- Symlinking: /home/tony/ros2_ws/install/interbotix_xs_rviz/share/interbotix_xs_rviz/cmake/interbotix_xs_rvizConfig.cmake
[15.871s] -- Symlinking: /home/tony/ros2_ws/install/interbotix_xs_rviz/share/interbotix_xs_rviz/cmake/interbotix_xs_rvizConfig-version.cmake
[15.878s] -- Symlinking: /home/tony/ros2_ws/install/interbotix_xs_rviz/share/interbotix_xs_rviz/package.xml
[15.887s] -- Installing: /home/tony/ros2_ws/install/interbotix_xs_rviz/lib/libinterbotix_xs_rviz.so
[15.895s] -- Set runtime path of "/home/tony/ros2_ws/install/interbotix_xs_rviz/lib/libinterbotix_xs_rviz.so" to ""
[15.895s] -- Installing: /home/tony/ros2_ws/install/interbotix_xs_rviz/share/interbotix_xs_rviz/cmake/interbotix_xs_rvizExport.cmake
[15.895s] -- Installing: /home/tony/ros2_ws/install/interbotix_xs_rviz/share/interbotix_xs_rviz/cmake/interbotix_xs_rvizExport-noconfig.cmake
[15.897s] Invoked command in '/home/tony/ros2_ws/build/interbotix_xs_rviz' returned '0': AMENT_PREFIX_PATH=/home/tony/ros2_ws/install/interbotix_xs_sdk:/home/tony/ros2_ws/install/interbotix_xs_driver:/home/tony/ros2_ws/install/interbotix_xs_msgs:/home/tony/ros2_ws/install/dynamixel_workbench_toolbox:${AMENT_PREFIX_PATH} CMAKE_PREFIX_PATH=/home/tony/ros2_ws/install/interbotix_xs_sdk:/home/tony/ros2_ws/install/interbotix_xs_driver:/home/tony/ros2_ws/install/interbotix_xs_msgs:/home/tony/ros2_ws/install/dynamixel_workbench_toolbox:/opt/ros/humble LD_LIBRARY_PATH=/home/tony/ros2_ws/install/interbotix_xs_driver/lib:/home/tony/ros2_ws/install/interbotix_xs_msgs/lib:/home/tony/ros2_ws/install/dynamixel_workbench_toolbox/lib:${LD_LIBRARY_PATH} PYTHONPATH=/home/tony/ros2_ws/install/interbotix_xs_msgs/local/lib/python3.10/dist-packages:${PYTHONPATH} /usr/bin/cmake --install /home/tony/ros2_ws/build/interbotix_xs_rviz
