[0.311s] Invoking command in '/home/tony/ros2_ws/build/interbotix_moveit_interface_msgs': CMAKE_PREFIX_PATH=${CMAKE_PREFIX_PATH}:/home/tony/ros2_ws/install/witmotion_ros_driver:/home/tony/ros2_ws/install/interbotix_xs_modules:/home/tony/ros2_ws/install/interbotix_perception_modules:/home/tony/ros2_ws/install/interbotix_common_modules:/opt/ros/humble /usr/bin/cmake --build /home/tony/ros2_ws/build/interbotix_moveit_interface_msgs -- -j8 -l8
[0.400s] [  3%] Built target interbotix_moveit_interface_msgs__cpp
[0.420s] [35m[1mConsolidate compiler generated dependencies of target interbotix_moveit_interface_msgs__rosidl_generator_c[0m
[0.447s] [  3%] Built target ament_cmake_python_symlink_interbotix_moveit_interface_msgs
[0.447s] [35m[1mConsolidate compiler generated dependencies of target interbotix_moveit_interface_msgs__rosidl_typesupport_introspection_cpp[0m
[0.451s] [ 12%] Built target interbotix_moveit_interface_msgs__rosidl_generator_c
[0.454s] [35m[1mConsolidate compiler generated dependencies of target interbotix_moveit_interface_msgs__rosidl_typesupport_cpp[0m
[0.476s] [35m[1mConsolidate compiler generated dependencies of target interbotix_moveit_interface_msgs__rosidl_typesupport_fastrtps_cpp[0m
[0.489s] [35m[1mConsolidate compiler generated dependencies of target interbotix_moveit_interface_msgs__rosidl_typesupport_introspection_c[0m
[0.504s] [35m[1mConsolidate compiler generated dependencies of target interbotix_moveit_interface_msgs__rosidl_typesupport_fastrtps_c[0m
[0.505s] [35m[1mConsolidate compiler generated dependencies of target interbotix_moveit_interface_msgs__rosidl_typesupport_c[0m
[0.507s] [ 22%] Built target interbotix_moveit_interface_msgs__rosidl_typesupport_introspection_cpp
[0.507s] [ 32%] Built target interbotix_moveit_interface_msgs__rosidl_typesupport_cpp
[0.566s] [ 41%] Built target interbotix_moveit_interface_msgs__rosidl_typesupport_fastrtps_cpp
[0.570s] [ 51%] Built target interbotix_moveit_interface_msgs__rosidl_typesupport_fastrtps_c
[0.582s] [ 61%] Built target interbotix_moveit_interface_msgs__rosidl_typesupport_introspection_c
[0.587s] [ 70%] Built target interbotix_moveit_interface_msgs__rosidl_typesupport_c
[0.630s] [ 70%] Built target interbotix_moveit_interface_msgs
[0.708s] [ 74%] Built target interbotix_moveit_interface_msgs__py
[0.738s] [35m[1mConsolidate compiler generated dependencies of target interbotix_moveit_interface_msgs__rosidl_generator_py[0m
[0.788s] [ 80%] Built target interbotix_moveit_interface_msgs__rosidl_generator_py
[0.819s] [35m[1mConsolidate compiler generated dependencies of target interbotix_moveit_interface_msgs__rosidl_typesupport_fastrtps_c__pyext[0m
[0.821s] [35m[1mConsolidate compiler generated dependencies of target interbotix_moveit_interface_msgs__rosidl_typesupport_introspection_c__pyext[0m
[0.838s] [35m[1mConsolidate compiler generated dependencies of target interbotix_moveit_interface_msgs__rosidl_typesupport_c__pyext[0m
[0.872s] [ 87%] Built target interbotix_moveit_interface_msgs__rosidl_typesupport_introspection_c__pyext
[0.872s] [ 93%] Built target interbotix_moveit_interface_msgs__rosidl_typesupport_fastrtps_c__pyext
[0.888s] [100%] Built target interbotix_moveit_interface_msgs__rosidl_typesupport_c__pyext
[0.930s] running egg_info
[0.931s] writing interbotix_moveit_interface_msgs.egg-info/PKG-INFO
[0.931s] writing dependency_links to interbotix_moveit_interface_msgs.egg-info/dependency_links.txt
[0.931s] writing top-level names to interbotix_moveit_interface_msgs.egg-info/top_level.txt
[0.935s] reading manifest file 'interbotix_moveit_interface_msgs.egg-info/SOURCES.txt'
[0.936s] writing manifest file 'interbotix_moveit_interface_msgs.egg-info/SOURCES.txt'
[0.973s] [100%] Built target ament_cmake_python_build_interbotix_moveit_interface_msgs_egg
[1.006s] Invoked command in '/home/tony/ros2_ws/build/interbotix_moveit_interface_msgs' returned '0': CMAKE_PREFIX_PATH=${CMAKE_PREFIX_PATH}:/home/tony/ros2_ws/install/witmotion_ros_driver:/home/tony/ros2_ws/install/interbotix_xs_modules:/home/tony/ros2_ws/install/interbotix_perception_modules:/home/tony/ros2_ws/install/interbotix_common_modules:/opt/ros/humble /usr/bin/cmake --build /home/tony/ros2_ws/build/interbotix_moveit_interface_msgs -- -j8 -l8
[1.112s] Invoking command in '/home/tony/ros2_ws/build/interbotix_moveit_interface_msgs': CMAKE_PREFIX_PATH=${CMAKE_PREFIX_PATH}:/home/tony/ros2_ws/install/witmotion_ros_driver:/home/tony/ros2_ws/install/interbotix_xs_modules:/home/tony/ros2_ws/install/interbotix_perception_modules:/home/tony/ros2_ws/install/interbotix_common_modules:/opt/ros/humble /usr/bin/cmake --install /home/tony/ros2_ws/build/interbotix_moveit_interface_msgs
[1.124s] -- Install configuration: ""
[1.126s] -- Execute custom install script
[1.126s] -- Up-to-date symlink: /home/tony/ros2_ws/install/interbotix_moveit_interface_msgs/share/ament_index/resource_index/rosidl_interfaces/interbotix_moveit_interface_msgs
[1.127s] -- Up-to-date symlink: /home/tony/ros2_ws/install/interbotix_moveit_interface_msgs/include/interbotix_moveit_interface_msgs/interbotix_moveit_interface_msgs/msg/rosidl_generator_c__visibility_control.h
[1.127s] -- Up-to-date symlink: /home/tony/ros2_ws/install/interbotix_moveit_interface_msgs/include/interbotix_moveit_interface_msgs/interbotix_moveit_interface_msgs/srv/detail/move_it_plan__functions.h
[1.127s] -- Up-to-date symlink: /home/tony/ros2_ws/install/interbotix_moveit_interface_msgs/include/interbotix_moveit_interface_msgs/interbotix_moveit_interface_msgs/srv/detail/move_it_plan__struct.h
[1.127s] -- Up-to-date symlink: /home/tony/ros2_ws/install/interbotix_moveit_interface_msgs/include/interbotix_moveit_interface_msgs/interbotix_moveit_interface_msgs/srv/detail/move_it_plan__type_support.h
[1.127s] -- Up-to-date symlink: /home/tony/ros2_ws/install/interbotix_moveit_interface_msgs/include/interbotix_moveit_interface_msgs/interbotix_moveit_interface_msgs/srv/move_it_plan.h
[1.127s] -- Up-to-date symlink: /home/tony/ros2_ws/install/interbotix_moveit_interface_msgs/share/interbotix_moveit_interface_msgs/environment/library_path.sh
[1.127s] -- Up-to-date symlink: /home/tony/ros2_ws/install/interbotix_moveit_interface_msgs/share/interbotix_moveit_interface_msgs/environment/library_path.dsv
[1.128s] -- Up-to-date symlink: /home/tony/ros2_ws/install/interbotix_moveit_interface_msgs/include/interbotix_moveit_interface_msgs/interbotix_moveit_interface_msgs/msg/rosidl_typesupport_fastrtps_c__visibility_control.h
[1.128s] -- Up-to-date symlink: /home/tony/ros2_ws/install/interbotix_moveit_interface_msgs/include/interbotix_moveit_interface_msgs/interbotix_moveit_interface_msgs/srv/detail/move_it_plan__rosidl_typesupport_fastrtps_c.h
[1.128s] -- Up-to-date symlink: /home/tony/ros2_ws/install/interbotix_moveit_interface_msgs/include/interbotix_moveit_interface_msgs/interbotix_moveit_interface_msgs/msg/rosidl_typesupport_introspection_c__visibility_control.h
[1.128s] -- Up-to-date symlink: /home/tony/ros2_ws/install/interbotix_moveit_interface_msgs/include/interbotix_moveit_interface_msgs/interbotix_moveit_interface_msgs/srv/detail/move_it_plan__rosidl_typesupport_introspection_c.h
[1.128s] -- Up-to-date symlink: /home/tony/ros2_ws/install/interbotix_moveit_interface_msgs/include/interbotix_moveit_interface_msgs/interbotix_moveit_interface_msgs/srv/detail/move_it_plan__builder.hpp
[1.128s] -- Up-to-date symlink: /home/tony/ros2_ws/install/interbotix_moveit_interface_msgs/include/interbotix_moveit_interface_msgs/interbotix_moveit_interface_msgs/srv/detail/move_it_plan__struct.hpp
[1.129s] -- Up-to-date symlink: /home/tony/ros2_ws/install/interbotix_moveit_interface_msgs/include/interbotix_moveit_interface_msgs/interbotix_moveit_interface_msgs/srv/detail/move_it_plan__traits.hpp
[1.129s] -- Up-to-date symlink: /home/tony/ros2_ws/install/interbotix_moveit_interface_msgs/include/interbotix_moveit_interface_msgs/interbotix_moveit_interface_msgs/srv/move_it_plan.hpp
[1.130s] -- Up-to-date symlink: /home/tony/ros2_ws/install/interbotix_moveit_interface_msgs/include/interbotix_moveit_interface_msgs/interbotix_moveit_interface_msgs/msg/rosidl_typesupport_fastrtps_cpp__visibility_control.h
[1.130s] -- Up-to-date symlink: /home/tony/ros2_ws/install/interbotix_moveit_interface_msgs/include/interbotix_moveit_interface_msgs/interbotix_moveit_interface_msgs/srv/detail/move_it_plan__rosidl_typesupport_fastrtps_cpp.hpp
[1.131s] -- Up-to-date symlink: /home/tony/ros2_ws/install/interbotix_moveit_interface_msgs/include/interbotix_moveit_interface_msgs/interbotix_moveit_interface_msgs/srv/detail/move_it_plan__rosidl_typesupport_introspection_cpp.hpp
[1.131s] -- Up-to-date symlink: /home/tony/ros2_ws/install/interbotix_moveit_interface_msgs/share/interbotix_moveit_interface_msgs/environment/pythonpath.sh
[1.131s] -- Up-to-date symlink: /home/tony/ros2_ws/install/interbotix_moveit_interface_msgs/share/interbotix_moveit_interface_msgs/environment/pythonpath.dsv
[1.131s] -- Up-to-date symlink: /home/tony/ros2_ws/install/interbotix_moveit_interface_msgs/local/lib/python3.10/dist-packages/interbotix_moveit_interface_msgs-0.0.0-py3.10.egg-info/PKG-INFO
[1.131s] -- Up-to-date symlink: /home/tony/ros2_ws/install/interbotix_moveit_interface_msgs/local/lib/python3.10/dist-packages/interbotix_moveit_interface_msgs-0.0.0-py3.10.egg-info/SOURCES.txt
[1.131s] -- Up-to-date symlink: /home/tony/ros2_ws/install/interbotix_moveit_interface_msgs/local/lib/python3.10/dist-packages/interbotix_moveit_interface_msgs-0.0.0-py3.10.egg-info/dependency_links.txt
[1.132s] -- Up-to-date symlink: /home/tony/ros2_ws/install/interbotix_moveit_interface_msgs/local/lib/python3.10/dist-packages/interbotix_moveit_interface_msgs-0.0.0-py3.10.egg-info/top_level.txt
[1.132s] -- Up-to-date symlink: /home/tony/ros2_ws/install/interbotix_moveit_interface_msgs/local/lib/python3.10/dist-packages/interbotix_moveit_interface_msgs/__init__.py
[1.132s] -- Up-to-date symlink: /home/tony/ros2_ws/install/interbotix_moveit_interface_msgs/local/lib/python3.10/dist-packages/interbotix_moveit_interface_msgs/_interbotix_moveit_interface_msgs_s.ep.rosidl_typesupport_c.c
[1.132s] -- Up-to-date symlink: /home/tony/ros2_ws/install/interbotix_moveit_interface_msgs/local/lib/python3.10/dist-packages/interbotix_moveit_interface_msgs/_interbotix_moveit_interface_msgs_s.ep.rosidl_typesupport_fastrtps_c.c
[1.132s] -- Up-to-date symlink: /home/tony/ros2_ws/install/interbotix_moveit_interface_msgs/local/lib/python3.10/dist-packages/interbotix_moveit_interface_msgs/_interbotix_moveit_interface_msgs_s.ep.rosidl_typesupport_introspection_c.c
[1.132s] -- Up-to-date symlink: /home/tony/ros2_ws/install/interbotix_moveit_interface_msgs/local/lib/python3.10/dist-packages/interbotix_moveit_interface_msgs/interbotix_moveit_interface_msgs_s__rosidl_typesupport_c.cpython-310-x86_64-linux-gnu.so
[1.133s] -- Up-to-date symlink: /home/tony/ros2_ws/install/interbotix_moveit_interface_msgs/local/lib/python3.10/dist-packages/interbotix_moveit_interface_msgs/interbotix_moveit_interface_msgs_s__rosidl_typesupport_fastrtps_c.cpython-310-x86_64-linux-gnu.so
[1.133s] -- Up-to-date symlink: /home/tony/ros2_ws/install/interbotix_moveit_interface_msgs/local/lib/python3.10/dist-packages/interbotix_moveit_interface_msgs/interbotix_moveit_interface_msgs_s__rosidl_typesupport_introspection_c.cpython-310-x86_64-linux-gnu.so
[1.133s] -- Up-to-date symlink: /home/tony/ros2_ws/install/interbotix_moveit_interface_msgs/local/lib/python3.10/dist-packages/interbotix_moveit_interface_msgs/libinterbotix_moveit_interface_msgs__rosidl_generator_py.so
[1.133s] -- Up-to-date symlink: /home/tony/ros2_ws/install/interbotix_moveit_interface_msgs/local/lib/python3.10/dist-packages/interbotix_moveit_interface_msgs/srv/__init__.py
[1.133s] -- Up-to-date symlink: /home/tony/ros2_ws/install/interbotix_moveit_interface_msgs/local/lib/python3.10/dist-packages/interbotix_moveit_interface_msgs/srv/_move_it_plan.py
[1.134s] -- Up-to-date symlink: /home/tony/ros2_ws/install/interbotix_moveit_interface_msgs/local/lib/python3.10/dist-packages/interbotix_moveit_interface_msgs/srv/_move_it_plan_s.c
[1.134s] -- Up-to-date symlink: /home/tony/ros2_ws/install/interbotix_moveit_interface_msgs/local/lib/python3.10/dist-packages/interbotix_moveit_interface_msgs/interbotix_moveit_interface_msgs_s__rosidl_typesupport_fastrtps_c.cpython-310-x86_64-linux-gnu.so
[1.135s] -- Up-to-date symlink: /home/tony/ros2_ws/install/interbotix_moveit_interface_msgs/local/lib/python3.10/dist-packages/interbotix_moveit_interface_msgs/interbotix_moveit_interface_msgs_s__rosidl_typesupport_introspection_c.cpython-310-x86_64-linux-gnu.so
[1.135s] -- Up-to-date symlink: /home/tony/ros2_ws/install/interbotix_moveit_interface_msgs/local/lib/python3.10/dist-packages/interbotix_moveit_interface_msgs/interbotix_moveit_interface_msgs_s__rosidl_typesupport_c.cpython-310-x86_64-linux-gnu.so
[1.135s] -- Up-to-date symlink: /home/tony/ros2_ws/install/interbotix_moveit_interface_msgs/share/interbotix_moveit_interface_msgs/srv/MoveItPlan.idl
[1.135s] -- Up-to-date symlink: /home/tony/ros2_ws/install/interbotix_moveit_interface_msgs/share/interbotix_moveit_interface_msgs/srv/MoveItPlan.srv
[1.135s] -- Up-to-date symlink: /home/tony/ros2_ws/install/interbotix_moveit_interface_msgs/share/interbotix_moveit_interface_msgs/srv/MoveItPlan_Request.msg
[1.135s] -- Up-to-date symlink: /home/tony/ros2_ws/install/interbotix_moveit_interface_msgs/share/interbotix_moveit_interface_msgs/srv/MoveItPlan_Response.msg
[1.135s] -- Up-to-date symlink: /home/tony/ros2_ws/install/interbotix_moveit_interface_msgs/share/ament_index/resource_index/package_run_dependencies/interbotix_moveit_interface_msgs
[1.136s] -- Up-to-date symlink: /home/tony/ros2_ws/install/interbotix_moveit_interface_msgs/share/ament_index/resource_index/parent_prefix_path/interbotix_moveit_interface_msgs
[1.136s] -- Up-to-date symlink: /home/tony/ros2_ws/install/interbotix_moveit_interface_msgs/share/interbotix_moveit_interface_msgs/environment/ament_prefix_path.sh
[1.136s] -- Up-to-date symlink: /home/tony/ros2_ws/install/interbotix_moveit_interface_msgs/share/interbotix_moveit_interface_msgs/environment/ament_prefix_path.dsv
[1.138s] -- Up-to-date symlink: /home/tony/ros2_ws/install/interbotix_moveit_interface_msgs/share/interbotix_moveit_interface_msgs/environment/path.sh
[1.138s] -- Up-to-date symlink: /home/tony/ros2_ws/install/interbotix_moveit_interface_msgs/share/interbotix_moveit_interface_msgs/environment/path.dsv
[1.138s] -- Up-to-date symlink: /home/tony/ros2_ws/install/interbotix_moveit_interface_msgs/share/interbotix_moveit_interface_msgs/local_setup.bash
[1.138s] -- Up-to-date symlink: /home/tony/ros2_ws/install/interbotix_moveit_interface_msgs/share/interbotix_moveit_interface_msgs/local_setup.sh
[1.139s] -- Up-to-date symlink: /home/tony/ros2_ws/install/interbotix_moveit_interface_msgs/share/interbotix_moveit_interface_msgs/local_setup.zsh
[1.139s] -- Up-to-date symlink: /home/tony/ros2_ws/install/interbotix_moveit_interface_msgs/share/interbotix_moveit_interface_msgs/local_setup.dsv
[1.139s] -- Symlinking: /home/tony/ros2_ws/install/interbotix_moveit_interface_msgs/share/interbotix_moveit_interface_msgs/package.dsv
[1.154s] -- Up-to-date symlink: /home/tony/ros2_ws/install/interbotix_moveit_interface_msgs/share/ament_index/resource_index/packages/interbotix_moveit_interface_msgs
[1.154s] -- Up-to-date symlink: /home/tony/ros2_ws/install/interbotix_moveit_interface_msgs/share/interbotix_moveit_interface_msgs/cmake/rosidl_cmake-extras.cmake
[1.154s] -- Up-to-date symlink: /home/tony/ros2_ws/install/interbotix_moveit_interface_msgs/share/interbotix_moveit_interface_msgs/cmake/ament_cmake_export_dependencies-extras.cmake
[1.154s] -- Up-to-date symlink: /home/tony/ros2_ws/install/interbotix_moveit_interface_msgs/share/interbotix_moveit_interface_msgs/cmake/ament_cmake_export_include_directories-extras.cmake
[1.154s] -- Up-to-date symlink: /home/tony/ros2_ws/install/interbotix_moveit_interface_msgs/share/interbotix_moveit_interface_msgs/cmake/ament_cmake_export_libraries-extras.cmake
[1.154s] -- Up-to-date symlink: /home/tony/ros2_ws/install/interbotix_moveit_interface_msgs/share/interbotix_moveit_interface_msgs/cmake/ament_cmake_export_targets-extras.cmake
[1.154s] -- Up-to-date symlink: /home/tony/ros2_ws/install/interbotix_moveit_interface_msgs/share/interbotix_moveit_interface_msgs/cmake/rosidl_cmake_export_typesupport_targets-extras.cmake
[1.154s] -- Up-to-date symlink: /home/tony/ros2_ws/install/interbotix_moveit_interface_msgs/share/interbotix_moveit_interface_msgs/cmake/rosidl_cmake_export_typesupport_libraries-extras.cmake
[1.154s] -- Up-to-date symlink: /home/tony/ros2_ws/install/interbotix_moveit_interface_msgs/share/interbotix_moveit_interface_msgs/cmake/interbotix_moveit_interface_msgsConfig.cmake
[1.155s] -- Up-to-date symlink: /home/tony/ros2_ws/install/interbotix_moveit_interface_msgs/share/interbotix_moveit_interface_msgs/cmake/interbotix_moveit_interface_msgsConfig-version.cmake
[1.155s] -- Up-to-date symlink: /home/tony/ros2_ws/install/interbotix_moveit_interface_msgs/share/interbotix_moveit_interface_msgs/package.xml
[1.155s] -- Up-to-date: /home/tony/ros2_ws/install/interbotix_moveit_interface_msgs/lib/libinterbotix_moveit_interface_msgs__rosidl_generator_c.so
[1.155s] -- Up-to-date: /home/tony/ros2_ws/install/interbotix_moveit_interface_msgs/lib/libinterbotix_moveit_interface_msgs__rosidl_typesupport_fastrtps_c.so
[1.155s] -- Up-to-date: /home/tony/ros2_ws/install/interbotix_moveit_interface_msgs/lib/libinterbotix_moveit_interface_msgs__rosidl_typesupport_introspection_c.so
[1.156s] -- Up-to-date: /home/tony/ros2_ws/install/interbotix_moveit_interface_msgs/lib/libinterbotix_moveit_interface_msgs__rosidl_typesupport_c.so
[1.159s] -- Up-to-date: /home/tony/ros2_ws/install/interbotix_moveit_interface_msgs/lib/libinterbotix_moveit_interface_msgs__rosidl_typesupport_fastrtps_cpp.so
[1.160s] -- Up-to-date: /home/tony/ros2_ws/install/interbotix_moveit_interface_msgs/lib/libinterbotix_moveit_interface_msgs__rosidl_typesupport_introspection_cpp.so
[1.160s] -- Up-to-date: /home/tony/ros2_ws/install/interbotix_moveit_interface_msgs/lib/libinterbotix_moveit_interface_msgs__rosidl_typesupport_cpp.so
[1.200s] Listing '/home/tony/ros2_ws/install/interbotix_moveit_interface_msgs/local/lib/python3.10/dist-packages/interbotix_moveit_interface_msgs'...
[1.200s] Listing '/home/tony/ros2_ws/install/interbotix_moveit_interface_msgs/local/lib/python3.10/dist-packages/interbotix_moveit_interface_msgs/srv'...
[1.207s] -- Up-to-date: /home/tony/ros2_ws/install/interbotix_moveit_interface_msgs/lib/libinterbotix_moveit_interface_msgs__rosidl_generator_py.so
[1.207s] -- Up-to-date: /home/tony/ros2_ws/install/interbotix_moveit_interface_msgs/share/interbotix_moveit_interface_msgs/cmake/export_interbotix_moveit_interface_msgs__rosidl_generator_cExport.cmake
[1.207s] -- Up-to-date: /home/tony/ros2_ws/install/interbotix_moveit_interface_msgs/share/interbotix_moveit_interface_msgs/cmake/export_interbotix_moveit_interface_msgs__rosidl_generator_cExport-noconfig.cmake
[1.208s] -- Up-to-date: /home/tony/ros2_ws/install/interbotix_moveit_interface_msgs/share/interbotix_moveit_interface_msgs/cmake/export_interbotix_moveit_interface_msgs__rosidl_typesupport_fastrtps_cExport.cmake
[1.208s] -- Up-to-date: /home/tony/ros2_ws/install/interbotix_moveit_interface_msgs/share/interbotix_moveit_interface_msgs/cmake/export_interbotix_moveit_interface_msgs__rosidl_typesupport_fastrtps_cExport-noconfig.cmake
[1.208s] -- Up-to-date: /home/tony/ros2_ws/install/interbotix_moveit_interface_msgs/share/interbotix_moveit_interface_msgs/cmake/interbotix_moveit_interface_msgs__rosidl_typesupport_introspection_cExport.cmake
[1.208s] -- Up-to-date: /home/tony/ros2_ws/install/interbotix_moveit_interface_msgs/share/interbotix_moveit_interface_msgs/cmake/interbotix_moveit_interface_msgs__rosidl_typesupport_introspection_cExport-noconfig.cmake
[1.212s] -- Up-to-date: /home/tony/ros2_ws/install/interbotix_moveit_interface_msgs/share/interbotix_moveit_interface_msgs/cmake/interbotix_moveit_interface_msgs__rosidl_typesupport_cExport.cmake
[1.212s] -- Up-to-date: /home/tony/ros2_ws/install/interbotix_moveit_interface_msgs/share/interbotix_moveit_interface_msgs/cmake/interbotix_moveit_interface_msgs__rosidl_typesupport_cExport-noconfig.cmake
[1.212s] -- Up-to-date: /home/tony/ros2_ws/install/interbotix_moveit_interface_msgs/share/interbotix_moveit_interface_msgs/cmake/export_interbotix_moveit_interface_msgs__rosidl_generator_cppExport.cmake
[1.212s] -- Up-to-date: /home/tony/ros2_ws/install/interbotix_moveit_interface_msgs/share/interbotix_moveit_interface_msgs/cmake/export_interbotix_moveit_interface_msgs__rosidl_typesupport_fastrtps_cppExport.cmake
[1.212s] -- Up-to-date: /home/tony/ros2_ws/install/interbotix_moveit_interface_msgs/share/interbotix_moveit_interface_msgs/cmake/export_interbotix_moveit_interface_msgs__rosidl_typesupport_fastrtps_cppExport-noconfig.cmake
[1.212s] -- Up-to-date: /home/tony/ros2_ws/install/interbotix_moveit_interface_msgs/share/interbotix_moveit_interface_msgs/cmake/interbotix_moveit_interface_msgs__rosidl_typesupport_introspection_cppExport.cmake
[1.212s] -- Up-to-date: /home/tony/ros2_ws/install/interbotix_moveit_interface_msgs/share/interbotix_moveit_interface_msgs/cmake/interbotix_moveit_interface_msgs__rosidl_typesupport_introspection_cppExport-noconfig.cmake
[1.212s] -- Up-to-date: /home/tony/ros2_ws/install/interbotix_moveit_interface_msgs/share/interbotix_moveit_interface_msgs/cmake/interbotix_moveit_interface_msgs__rosidl_typesupport_cppExport.cmake
[1.212s] -- Up-to-date: /home/tony/ros2_ws/install/interbotix_moveit_interface_msgs/share/interbotix_moveit_interface_msgs/cmake/interbotix_moveit_interface_msgs__rosidl_typesupport_cppExport-noconfig.cmake
[1.213s] -- Up-to-date: /home/tony/ros2_ws/install/interbotix_moveit_interface_msgs/share/interbotix_moveit_interface_msgs/cmake/export_interbotix_moveit_interface_msgs__rosidl_generator_pyExport.cmake
[1.213s] -- Up-to-date: /home/tony/ros2_ws/install/interbotix_moveit_interface_msgs/share/interbotix_moveit_interface_msgs/cmake/export_interbotix_moveit_interface_msgs__rosidl_generator_pyExport-noconfig.cmake
[1.228s] Invoked command in '/home/tony/ros2_ws/build/interbotix_moveit_interface_msgs' returned '0': CMAKE_PREFIX_PATH=${CMAKE_PREFIX_PATH}:/home/tony/ros2_ws/install/witmotion_ros_driver:/home/tony/ros2_ws/install/interbotix_xs_modules:/home/tony/ros2_ws/install/interbotix_perception_modules:/home/tony/ros2_ws/install/interbotix_common_modules:/opt/ros/humble /usr/bin/cmake --install /home/tony/ros2_ws/build/interbotix_moveit_interface_msgs
