[0.247s] Invoking command in '/home/tony/ros2_ws/build/interbotix_ros_xseries': AMENT_PREFIX_PATH=/home/tony/ros2_ws/install/interbotix_xs_sdk:/home/tony/ros2_ws/install/interbotix_xs_driver:/home/tony/ros2_ws/install/interbotix_xs_msgs:/home/tony/ros2_ws/install/dynamixel_workbench_toolbox:${AMENT_PREFIX_PATH} CMAKE_PREFIX_PATH=/home/tony/ros2_ws/install/interbotix_xs_sdk:/home/tony/ros2_ws/install/interbotix_xs_driver:/home/tony/ros2_ws/install/interbotix_xs_msgs:/home/tony/ros2_ws/install/dynamixel_workbench_toolbox:/opt/ros/humble LD_LIBRARY_PATH=/home/tony/ros2_ws/install/interbotix_xs_driver/lib:/home/tony/ros2_ws/install/interbotix_xs_msgs/lib:/home/tony/ros2_ws/install/dynamixel_workbench_toolbox/lib:${LD_LIBRARY_PATH} PYTHONPATH=/home/tony/ros2_ws/install/interbotix_xs_msgs/local/lib/python3.10/dist-packages:${PYTHONPATH} /usr/bin/cmake /home/tony/ros2_ws/src/interbotix_ros_core/interbotix_ros_xseries/interbotix_ros_xseries -DAMENT_CMAKE_SYMLINK_INSTALL=1 -DCMAKE_INSTALL_PREFIX=/home/tony/ros2_ws/install/interbotix_ros_xseries
[0.302s] -- The C compiler identification is GNU 11.4.0
[0.367s] -- The CXX compiler identification is GNU 11.4.0
[0.373s] -- Detecting C compiler ABI info
[0.429s] -- Detecting C compiler ABI info - done
[0.439s] -- Check for working C compiler: /usr/bin/cc - skipped
[0.439s] -- Detecting C compile features
[0.440s] -- Detecting C compile features - done
[0.443s] -- Detecting CXX compiler ABI info
[0.514s] -- Detecting CXX compiler ABI info - done
[0.534s] -- Check for working CXX compiler: /usr/bin/c++ - skipped
[0.534s] -- Detecting CXX compile features
[0.535s] -- Detecting CXX compile features - done
[0.539s] -- Found ament_cmake: 1.3.5 (/opt/ros/humble/share/ament_cmake/cmake)
[0.696s] -- Found Python3: /usr/bin/python3.10 (found version "3.10.12") found components: Interpreter 
[0.746s] -- Override CMake install command with custom implementation using symlinks instead of copying resources
[0.772s] -- Found ament_lint_auto: 0.12.7 (/opt/ros/humble/share/ament_lint_auto/cmake)
[0.841s] -- Added test 'copyright' to check source files copyright and LICENSE
[0.842s] -- Added test 'lint_cmake' to check CMake code style
[0.842s] -- Added test 'xmllint' to check XML markup files
[0.843s] -- Configuring done
[0.846s] -- Generating done
[0.846s] -- Build files have been written to: /home/tony/ros2_ws/build/interbotix_ros_xseries
[0.991s] Invoked command in '/home/tony/ros2_ws/build/interbotix_ros_xseries' returned '0': AMENT_PREFIX_PATH=/home/tony/ros2_ws/install/interbotix_xs_sdk:/home/tony/ros2_ws/install/interbotix_xs_driver:/home/tony/ros2_ws/install/interbotix_xs_msgs:/home/tony/ros2_ws/install/dynamixel_workbench_toolbox:${AMENT_PREFIX_PATH} CMAKE_PREFIX_PATH=/home/tony/ros2_ws/install/interbotix_xs_sdk:/home/tony/ros2_ws/install/interbotix_xs_driver:/home/tony/ros2_ws/install/interbotix_xs_msgs:/home/tony/ros2_ws/install/dynamixel_workbench_toolbox:/opt/ros/humble LD_LIBRARY_PATH=/home/tony/ros2_ws/install/interbotix_xs_driver/lib:/home/tony/ros2_ws/install/interbotix_xs_msgs/lib:/home/tony/ros2_ws/install/dynamixel_workbench_toolbox/lib:${LD_LIBRARY_PATH} PYTHONPATH=/home/tony/ros2_ws/install/interbotix_xs_msgs/local/lib/python3.10/dist-packages:${PYTHONPATH} /usr/bin/cmake /home/tony/ros2_ws/src/interbotix_ros_core/interbotix_ros_xseries/interbotix_ros_xseries -DAMENT_CMAKE_SYMLINK_INSTALL=1 -DCMAKE_INSTALL_PREFIX=/home/tony/ros2_ws/install/interbotix_ros_xseries
[0.992s] Invoking command in '/home/tony/ros2_ws/build/interbotix_ros_xseries': AMENT_PREFIX_PATH=/home/tony/ros2_ws/install/interbotix_xs_sdk:/home/tony/ros2_ws/install/interbotix_xs_driver:/home/tony/ros2_ws/install/interbotix_xs_msgs:/home/tony/ros2_ws/install/dynamixel_workbench_toolbox:${AMENT_PREFIX_PATH} CMAKE_PREFIX_PATH=/home/tony/ros2_ws/install/interbotix_xs_sdk:/home/tony/ros2_ws/install/interbotix_xs_driver:/home/tony/ros2_ws/install/interbotix_xs_msgs:/home/tony/ros2_ws/install/dynamixel_workbench_toolbox:/opt/ros/humble LD_LIBRARY_PATH=/home/tony/ros2_ws/install/interbotix_xs_driver/lib:/home/tony/ros2_ws/install/interbotix_xs_msgs/lib:/home/tony/ros2_ws/install/dynamixel_workbench_toolbox/lib:${LD_LIBRARY_PATH} PYTHONPATH=/home/tony/ros2_ws/install/interbotix_xs_msgs/local/lib/python3.10/dist-packages:${PYTHONPATH} /usr/bin/cmake --build /home/tony/ros2_ws/build/interbotix_ros_xseries -- -j8 -l8
[1.031s] Invoked command in '/home/tony/ros2_ws/build/interbotix_ros_xseries' returned '0': AMENT_PREFIX_PATH=/home/tony/ros2_ws/install/interbotix_xs_sdk:/home/tony/ros2_ws/install/interbotix_xs_driver:/home/tony/ros2_ws/install/interbotix_xs_msgs:/home/tony/ros2_ws/install/dynamixel_workbench_toolbox:${AMENT_PREFIX_PATH} CMAKE_PREFIX_PATH=/home/tony/ros2_ws/install/interbotix_xs_sdk:/home/tony/ros2_ws/install/interbotix_xs_driver:/home/tony/ros2_ws/install/interbotix_xs_msgs:/home/tony/ros2_ws/install/dynamixel_workbench_toolbox:/opt/ros/humble LD_LIBRARY_PATH=/home/tony/ros2_ws/install/interbotix_xs_driver/lib:/home/tony/ros2_ws/install/interbotix_xs_msgs/lib:/home/tony/ros2_ws/install/dynamixel_workbench_toolbox/lib:${LD_LIBRARY_PATH} PYTHONPATH=/home/tony/ros2_ws/install/interbotix_xs_msgs/local/lib/python3.10/dist-packages:${PYTHONPATH} /usr/bin/cmake --build /home/tony/ros2_ws/build/interbotix_ros_xseries -- -j8 -l8
[1.050s] Invoking command in '/home/tony/ros2_ws/build/interbotix_ros_xseries': AMENT_PREFIX_PATH=/home/tony/ros2_ws/install/interbotix_xs_sdk:/home/tony/ros2_ws/install/interbotix_xs_driver:/home/tony/ros2_ws/install/interbotix_xs_msgs:/home/tony/ros2_ws/install/dynamixel_workbench_toolbox:${AMENT_PREFIX_PATH} CMAKE_PREFIX_PATH=/home/tony/ros2_ws/install/interbotix_xs_sdk:/home/tony/ros2_ws/install/interbotix_xs_driver:/home/tony/ros2_ws/install/interbotix_xs_msgs:/home/tony/ros2_ws/install/dynamixel_workbench_toolbox:/opt/ros/humble LD_LIBRARY_PATH=/home/tony/ros2_ws/install/interbotix_xs_driver/lib:/home/tony/ros2_ws/install/interbotix_xs_msgs/lib:/home/tony/ros2_ws/install/dynamixel_workbench_toolbox/lib:${LD_LIBRARY_PATH} PYTHONPATH=/home/tony/ros2_ws/install/interbotix_xs_msgs/local/lib/python3.10/dist-packages:${PYTHONPATH} /usr/bin/cmake --install /home/tony/ros2_ws/build/interbotix_ros_xseries
[1.058s] -- Install configuration: ""
[1.058s] -- Execute custom install script
[1.059s] -- Symlinking: /home/tony/ros2_ws/install/interbotix_ros_xseries/share/ament_index/resource_index/package_run_dependencies/interbotix_ros_xseries
[1.065s] -- Symlinking: /home/tony/ros2_ws/install/interbotix_ros_xseries/share/ament_index/resource_index/parent_prefix_path/interbotix_ros_xseries
[1.072s] -- Symlinking: /home/tony/ros2_ws/install/interbotix_ros_xseries/share/interbotix_ros_xseries/environment/ament_prefix_path.sh
[1.079s] -- Symlinking: /home/tony/ros2_ws/install/interbotix_ros_xseries/share/interbotix_ros_xseries/environment/ament_prefix_path.dsv
[1.086s] -- Symlinking: /home/tony/ros2_ws/install/interbotix_ros_xseries/share/interbotix_ros_xseries/environment/path.sh
[1.094s] -- Symlinking: /home/tony/ros2_ws/install/interbotix_ros_xseries/share/interbotix_ros_xseries/environment/path.dsv
[1.104s] -- Symlinking: /home/tony/ros2_ws/install/interbotix_ros_xseries/share/interbotix_ros_xseries/local_setup.bash
[1.111s] -- Symlinking: /home/tony/ros2_ws/install/interbotix_ros_xseries/share/interbotix_ros_xseries/local_setup.sh
[1.119s] -- Symlinking: /home/tony/ros2_ws/install/interbotix_ros_xseries/share/interbotix_ros_xseries/local_setup.zsh
[1.126s] -- Symlinking: /home/tony/ros2_ws/install/interbotix_ros_xseries/share/interbotix_ros_xseries/local_setup.dsv
[1.134s] -- Symlinking: /home/tony/ros2_ws/install/interbotix_ros_xseries/share/interbotix_ros_xseries/package.dsv
[1.149s] -- Symlinking: /home/tony/ros2_ws/install/interbotix_ros_xseries/share/ament_index/resource_index/packages/interbotix_ros_xseries
[1.158s] -- Symlinking: /home/tony/ros2_ws/install/interbotix_ros_xseries/share/interbotix_ros_xseries/cmake/interbotix_ros_xseriesConfig.cmake
[1.167s] -- Symlinking: /home/tony/ros2_ws/install/interbotix_ros_xseries/share/interbotix_ros_xseries/cmake/interbotix_ros_xseriesConfig-version.cmake
[1.177s] -- Symlinking: /home/tony/ros2_ws/install/interbotix_ros_xseries/share/interbotix_ros_xseries/package.xml
[1.189s] Invoked command in '/home/tony/ros2_ws/build/interbotix_ros_xseries' returned '0': AMENT_PREFIX_PATH=/home/tony/ros2_ws/install/interbotix_xs_sdk:/home/tony/ros2_ws/install/interbotix_xs_driver:/home/tony/ros2_ws/install/interbotix_xs_msgs:/home/tony/ros2_ws/install/dynamixel_workbench_toolbox:${AMENT_PREFIX_PATH} CMAKE_PREFIX_PATH=/home/tony/ros2_ws/install/interbotix_xs_sdk:/home/tony/ros2_ws/install/interbotix_xs_driver:/home/tony/ros2_ws/install/interbotix_xs_msgs:/home/tony/ros2_ws/install/dynamixel_workbench_toolbox:/opt/ros/humble LD_LIBRARY_PATH=/home/tony/ros2_ws/install/interbotix_xs_driver/lib:/home/tony/ros2_ws/install/interbotix_xs_msgs/lib:/home/tony/ros2_ws/install/dynamixel_workbench_toolbox/lib:${LD_LIBRARY_PATH} PYTHONPATH=/home/tony/ros2_ws/install/interbotix_xs_msgs/local/lib/python3.10/dist-packages:${PYTHONPATH} /usr/bin/cmake --install /home/tony/ros2_ws/build/interbotix_ros_xseries
