[0.930s] Invoking command in '/home/tony/ros2_ws/src/ros2_aruco/ros2_aruco': PYTHONPATH=/home/tony/ros2_ws/build/ros2_aruco/prefix_override:/home/tony/ros2_ws/install/ros2_aruco/lib/python3.10/site-packages:${PYTHONPATH} /usr/bin/python3 setup.py egg_info --egg-base ../../../build/ros2_aruco build --build-base /home/tony/ros2_ws/build/ros2_aruco/build install --record /home/tony/ros2_ws/build/ros2_aruco/install.log --single-version-externally-managed
[1.271s] running egg_info
[1.271s] creating ../../../build/ros2_aruco/ros2_aruco.egg-info
[1.272s] writing ../../../build/ros2_aruco/ros2_aruco.egg-info/PKG-INFO
[1.272s] writing dependency_links to ../../../build/ros2_aruco/ros2_aruco.egg-info/dependency_links.txt
[1.272s] writing entry points to ../../../build/ros2_aruco/ros2_aruco.egg-info/entry_points.txt
[1.275s] writing requirements to ../../../build/ros2_aruco/ros2_aruco.egg-info/requires.txt
[1.275s] writing top-level names to ../../../build/ros2_aruco/ros2_aruco.egg-info/top_level.txt
[1.275s] writing manifest file '../../../build/ros2_aruco/ros2_aruco.egg-info/SOURCES.txt'
[1.275s] reading manifest file '../../../build/ros2_aruco/ros2_aruco.egg-info/SOURCES.txt'
[1.275s] writing manifest file '../../../build/ros2_aruco/ros2_aruco.egg-info/SOURCES.txt'
[1.276s] running build
[1.276s] running build_py
[1.276s] creating /home/tony/ros2_ws/build/ros2_aruco/build
[1.276s] creating /home/tony/ros2_ws/build/ros2_aruco/build/lib
[1.276s] creating /home/tony/ros2_ws/build/ros2_aruco/build/lib/ros2_aruco
[1.276s] copying ros2_aruco/__init__.py -> /home/tony/ros2_ws/build/ros2_aruco/build/lib/ros2_aruco
[1.276s] copying ros2_aruco/aruco_generate_marker.py -> /home/tony/ros2_ws/build/ros2_aruco/build/lib/ros2_aruco
[1.276s] copying ros2_aruco/aruco_node.py -> /home/tony/ros2_ws/build/ros2_aruco/build/lib/ros2_aruco
[1.276s] running install
[1.276s] running install_lib
[1.277s] creating /home/tony/ros2_ws/install/ros2_aruco/lib/python3.10/site-packages/ros2_aruco
[1.277s] copying /home/tony/ros2_ws/build/ros2_aruco/build/lib/ros2_aruco/__init__.py -> /home/tony/ros2_ws/install/ros2_aruco/lib/python3.10/site-packages/ros2_aruco
[1.278s] copying /home/tony/ros2_ws/build/ros2_aruco/build/lib/ros2_aruco/aruco_generate_marker.py -> /home/tony/ros2_ws/install/ros2_aruco/lib/python3.10/site-packages/ros2_aruco
[1.278s] copying /home/tony/ros2_ws/build/ros2_aruco/build/lib/ros2_aruco/aruco_node.py -> /home/tony/ros2_ws/install/ros2_aruco/lib/python3.10/site-packages/ros2_aruco
[1.278s] byte-compiling /home/tony/ros2_ws/install/ros2_aruco/lib/python3.10/site-packages/ros2_aruco/__init__.py to __init__.cpython-310.pyc
[1.279s] byte-compiling /home/tony/ros2_ws/install/ros2_aruco/lib/python3.10/site-packages/ros2_aruco/aruco_generate_marker.py to aruco_generate_marker.cpython-310.pyc
[1.280s] byte-compiling /home/tony/ros2_ws/install/ros2_aruco/lib/python3.10/site-packages/ros2_aruco/aruco_node.py to aruco_node.cpython-310.pyc
[1.280s] running install_data
[1.281s] creating /home/tony/ros2_ws/install/ros2_aruco/share/ament_index
[1.281s] creating /home/tony/ros2_ws/install/ros2_aruco/share/ament_index/resource_index
[1.281s] creating /home/tony/ros2_ws/install/ros2_aruco/share/ament_index/resource_index/packages
[1.281s] copying resource/ros2_aruco -> /home/tony/ros2_ws/install/ros2_aruco/share/ament_index/resource_index/packages
[1.281s] copying package.xml -> /home/tony/ros2_ws/install/ros2_aruco/share/ros2_aruco
[1.281s] creating /home/tony/ros2_ws/install/ros2_aruco/share/ros2_aruco/launch
[1.281s] copying launch/aruco_recognition.launch.py -> /home/tony/ros2_ws/install/ros2_aruco/share/ros2_aruco/launch
[1.282s] creating /home/tony/ros2_ws/install/ros2_aruco/share/ros2_aruco/config
[1.282s] copying config/aruco_parameters.yaml -> /home/tony/ros2_ws/install/ros2_aruco/share/ros2_aruco/config
[1.282s] running install_egg_info
[1.284s] Copying ../../../build/ros2_aruco/ros2_aruco.egg-info to /home/tony/ros2_ws/install/ros2_aruco/lib/python3.10/site-packages/ros2_aruco-0.1.0-py3.10.egg-info
[1.287s] running install_scripts
[1.307s] Installing aruco_generate_marker script to /home/tony/ros2_ws/install/ros2_aruco/lib/ros2_aruco
[1.308s] Installing aruco_node script to /home/tony/ros2_ws/install/ros2_aruco/lib/ros2_aruco
[1.308s] writing list of installed files to '/home/tony/ros2_ws/build/ros2_aruco/install.log'
[1.580s] Invoked command in '/home/tony/ros2_ws/src/ros2_aruco/ros2_aruco' returned '0': PYTHONPATH=/home/tony/ros2_ws/build/ros2_aruco/prefix_override:/home/tony/ros2_ws/install/ros2_aruco/lib/python3.10/site-packages:${PYTHONPATH} /usr/bin/python3 setup.py egg_info --egg-base ../../../build/ros2_aruco build --build-base /home/tony/ros2_ws/build/ros2_aruco/build install --record /home/tony/ros2_ws/build/ros2_aruco/install.log --single-version-externally-managed
