[0.064s] Invoking command in '/home/tony/ros2_ws/build/iqr_tb4_navigation': CMAKE_PREFIX_PATH=/opt/ros/humble /usr/bin/cmake /home/tony/ros2_ws/src/iqr_tb4_ros/iqr_tb4_navigation -DAMENT_CMAKE_SYMLINK_INSTALL=1 -DCMAKE_INSTALL_PREFIX=/home/tony/ros2_ws/install/iqr_tb4_navigation
[0.489s] -- The C compiler identification is GNU 11.4.0
[0.580s] -- The CXX compiler identification is GNU 11.4.0
[0.603s] -- Detecting C compiler ABI info
[0.919s] -- Detecting C compiler ABI info - done
[0.931s] -- Check for working C compiler: /usr/bin/cc - skipped
[0.932s] -- Detecting C compile features
[0.939s] -- Detecting C compile features - done
[0.945s] -- Detecting CXX compiler ABI info
[1.366s] -- Detecting CXX compiler ABI info - done
[1.385s] -- Check for working CXX compiler: /usr/bin/c++ - skipped
[1.385s] -- Detecting CXX compile features
[1.385s] -- Detecting CXX compile features - done
[1.406s] -- Found ament_cmake: 1.3.5 (/opt/ros/humble/share/ament_cmake/cmake)
[1.976s] -- Found Python3: /usr/bin/python3.10 (found version "3.10.12") found components: Interpreter 
[2.233s] -- Override CMake install command with custom implementation using symlinks instead of copying resources
[2.300s] -- Found ament_lint_auto: 0.12.7 (/opt/ros/humble/share/ament_lint_auto/cmake)
[2.464s] -- Added test 'copyright' to check source files copyright and LICENSE
[2.469s] -- Added test 'flake8' to check Python code syntax and style conventions
[2.470s] -- Added test 'lint_cmake' to check CMake code style
[2.471s] -- Added test 'pep257' to check Python code against some of the docstring style conventions in PEP 257
[2.475s] -- Added test 'xmllint' to check XML markup files
[2.477s] -- Configuring done
[2.497s] -- Generating done
[2.497s] -- Build files have been written to: /home/tony/ros2_ws/build/iqr_tb4_navigation
[2.528s] Invoked command in '/home/tony/ros2_ws/build/iqr_tb4_navigation' returned '0': CMAKE_PREFIX_PATH=/opt/ros/humble /usr/bin/cmake /home/tony/ros2_ws/src/iqr_tb4_ros/iqr_tb4_navigation -DAMENT_CMAKE_SYMLINK_INSTALL=1 -DCMAKE_INSTALL_PREFIX=/home/tony/ros2_ws/install/iqr_tb4_navigation
[2.529s] Invoking command in '/home/tony/ros2_ws/build/iqr_tb4_navigation': CMAKE_PREFIX_PATH=/opt/ros/humble /usr/bin/cmake --build /home/tony/ros2_ws/build/iqr_tb4_navigation -- -j8 -l8
[2.643s] Invoked command in '/home/tony/ros2_ws/build/iqr_tb4_navigation' returned '0': CMAKE_PREFIX_PATH=/opt/ros/humble /usr/bin/cmake --build /home/tony/ros2_ws/build/iqr_tb4_navigation -- -j8 -l8
[2.778s] Invoking command in '/home/tony/ros2_ws/build/iqr_tb4_navigation': CMAKE_PREFIX_PATH=/opt/ros/humble /usr/bin/cmake --install /home/tony/ros2_ws/build/iqr_tb4_navigation
[3.325s] -- Install configuration: ""
[3.325s] -- Execute custom install script
[3.325s] -- Symlinking: /home/tony/ros2_ws/install/iqr_tb4_navigation/share/iqr_tb4_navigation/config/localization.yaml
[3.325s] -- Symlinking: /home/tony/ros2_ws/install/iqr_tb4_navigation/share/iqr_tb4_navigation/config/nav2.yaml
[3.325s] -- Symlinking: /home/tony/ros2_ws/install/iqr_tb4_navigation/share/iqr_tb4_navigation/config/slam.yaml
[3.325s] -- Symlinking: /home/tony/ros2_ws/install/iqr_tb4_navigation/share/iqr_tb4_navigation/launch/localization.launch.py
[3.325s] -- Symlinking: /home/tony/ros2_ws/install/iqr_tb4_navigation/share/iqr_tb4_navigation/launch/nav2.launch.py
[3.325s] -- Symlinking: /home/tony/ros2_ws/install/iqr_tb4_navigation/share/iqr_tb4_navigation/launch/slam.launch.py
[3.325s] -- Symlinking: /home/tony/ros2_ws/install/iqr_tb4_navigation/share/iqr_tb4_navigation/maps/test.pgm
[3.325s] -- Symlinking: /home/tony/ros2_ws/install/iqr_tb4_navigation/share/iqr_tb4_navigation/maps/test.yaml
[3.326s] -- Symlinking: /home/tony/ros2_ws/install/iqr_tb4_navigation/share/ament_index/resource_index/package_run_dependencies/iqr_tb4_navigation
[3.326s] -- Symlinking: /home/tony/ros2_ws/install/iqr_tb4_navigation/share/ament_index/resource_index/parent_prefix_path/iqr_tb4_navigation
[3.326s] -- Symlinking: /home/tony/ros2_ws/install/iqr_tb4_navigation/share/iqr_tb4_navigation/environment/ament_prefix_path.sh
[3.326s] -- Symlinking: /home/tony/ros2_ws/install/iqr_tb4_navigation/share/iqr_tb4_navigation/environment/ament_prefix_path.dsv
[3.326s] -- Symlinking: /home/tony/ros2_ws/install/iqr_tb4_navigation/share/iqr_tb4_navigation/environment/path.sh
[3.326s] -- Symlinking: /home/tony/ros2_ws/install/iqr_tb4_navigation/share/iqr_tb4_navigation/environment/path.dsv
[3.326s] -- Symlinking: /home/tony/ros2_ws/install/iqr_tb4_navigation/share/iqr_tb4_navigation/local_setup.bash
[3.326s] -- Symlinking: /home/tony/ros2_ws/install/iqr_tb4_navigation/share/iqr_tb4_navigation/local_setup.sh
[3.326s] -- Symlinking: /home/tony/ros2_ws/install/iqr_tb4_navigation/share/iqr_tb4_navigation/local_setup.zsh
[3.326s] -- Symlinking: /home/tony/ros2_ws/install/iqr_tb4_navigation/share/iqr_tb4_navigation/local_setup.dsv
[3.326s] -- Symlinking: /home/tony/ros2_ws/install/iqr_tb4_navigation/share/iqr_tb4_navigation/package.dsv
[3.326s] -- Symlinking: /home/tony/ros2_ws/install/iqr_tb4_navigation/share/ament_index/resource_index/packages/iqr_tb4_navigation
[3.351s] -- Symlinking: /home/tony/ros2_ws/install/iqr_tb4_navigation/share/iqr_tb4_navigation/cmake/iqr_tb4_navigationConfig.cmake
[3.388s] -- Symlinking: /home/tony/ros2_ws/install/iqr_tb4_navigation/share/iqr_tb4_navigation/cmake/iqr_tb4_navigationConfig-version.cmake
[3.412s] -- Symlinking: /home/tony/ros2_ws/install/iqr_tb4_navigation/share/iqr_tb4_navigation/package.xml
[3.448s] Invoked command in '/home/tony/ros2_ws/build/iqr_tb4_navigation' returned '0': CMAKE_PREFIX_PATH=/opt/ros/humble /usr/bin/cmake --install /home/tony/ros2_ws/build/iqr_tb4_navigation
