-- The C compiler identification is GNU 11.4.0
-- The CXX compiler identification is GNU 11.4.0
-- Detecting C compiler ABI info
-- Detecting C compiler ABI info - done
-- Check for working C compiler: /usr/bin/cc - skipped
-- Detecting C compile features
-- Detecting C compile features - done
-- Detecting CXX compiler ABI info
-- Detecting CXX compiler ABI info - done
-- Check for working CXX compiler: /usr/bin/c++ - skipped
-- Detecting CXX compile features
-- Detecting CXX compile features - done
-- Found ament_cmake: 1.3.5 (/opt/ros/humble/share/ament_cmake/cmake)
-- Found Python3: /usr/bin/python3.10 (found version "3.10.12") found components: Interpreter 
-- Override CMake install command with custom implementation using symlinks instead of copying resources
-- Found ament_lint_auto: 0.12.7 (/opt/ros/humble/share/ament_lint_auto/cmake)
-- Added test 'copyright' to check source files copyright and LICENSE
-- Added test 'flake8' to check Python code syntax and style conventions
-- Added test 'lint_cmake' to check CMake code style
-- Added test 'pep257' to check Python code against some of the docstring style conventions in PEP 257
-- Added test 'xmllint' to check XML markup files
-- Configuring done
-- Generating done
-- Build files have been written to: /home/tony/ros2_ws/build/pan_tilt_description
-- Install configuration: ""
-- Execute custom install script
-- Symlinking: /home/tony/ros2_ws/install/pan_tilt_description/share/pan_tilt_description/launch/view_model.launch.py
-- Symlinking: /home/tony/ros2_ws/install/pan_tilt_description/share/pan_tilt_description/rviz/view_model.rviz
-- Symlinking: /home/tony/ros2_ws/install/pan_tilt_description/share/pan_tilt_description/urdf/kinect_dk.xacro
-- Symlinking: /home/tony/ros2_ws/install/pan_tilt_description/share/pan_tilt_description/urdf/mesh/base.stl
-- Symlinking: /home/tony/ros2_ws/install/pan_tilt_description/share/pan_tilt_description/urdf/mesh/pitch.stl
-- Symlinking: /home/tony/ros2_ws/install/pan_tilt_description/share/pan_tilt_description/urdf/mesh/yaw.stl
-- Symlinking: /home/tony/ros2_ws/install/pan_tilt_description/share/pan_tilt_description/urdf/pan_tilt.urdf.xacro
-- Symlinking: /home/tony/ros2_ws/install/pan_tilt_description/share/pan_tilt_description/urdf/pan_tilt_st.urdf.xacro
-- Symlinking: /home/tony/ros2_ws/install/pan_tilt_description/share/ament_index/resource_index/package_run_dependencies/pan_tilt_description
-- Symlinking: /home/tony/ros2_ws/install/pan_tilt_description/share/ament_index/resource_index/parent_prefix_path/pan_tilt_description
-- Symlinking: /home/tony/ros2_ws/install/pan_tilt_description/share/pan_tilt_description/environment/ament_prefix_path.sh
-- Symlinking: /home/tony/ros2_ws/install/pan_tilt_description/share/pan_tilt_description/environment/ament_prefix_path.dsv
-- Symlinking: /home/tony/ros2_ws/install/pan_tilt_description/share/pan_tilt_description/environment/path.sh
-- Symlinking: /home/tony/ros2_ws/install/pan_tilt_description/share/pan_tilt_description/environment/path.dsv
-- Symlinking: /home/tony/ros2_ws/install/pan_tilt_description/share/pan_tilt_description/local_setup.bash
-- Symlinking: /home/tony/ros2_ws/install/pan_tilt_description/share/pan_tilt_description/local_setup.sh
-- Symlinking: /home/tony/ros2_ws/install/pan_tilt_description/share/pan_tilt_description/local_setup.zsh
-- Symlinking: /home/tony/ros2_ws/install/pan_tilt_description/share/pan_tilt_description/local_setup.dsv
-- Symlinking: /home/tony/ros2_ws/install/pan_tilt_description/share/pan_tilt_description/package.dsv
-- Symlinking: /home/tony/ros2_ws/install/pan_tilt_description/share/ament_index/resource_index/packages/pan_tilt_description
-- Symlinking: /home/tony/ros2_ws/install/pan_tilt_description/share/pan_tilt_description/cmake/pan_tilt_descriptionConfig.cmake
-- Symlinking: /home/tony/ros2_ws/install/pan_tilt_description/share/pan_tilt_description/cmake/pan_tilt_descriptionConfig-version.cmake
-- Symlinking: /home/tony/ros2_ws/install/pan_tilt_description/share/pan_tilt_description/package.xml
