-- The C compiler identification is GNU 11.4.0
-- The CXX compiler identification is GNU 11.4.0
-- Detecting C compiler ABI info
-- Detecting C compiler ABI info - done
-- Check for working C compiler: /usr/bin/cc - skipped
-- Detecting C compile features
-- Detecting C compile features - done
-- Detecting CXX compiler ABI info
-- Detecting CXX compiler ABI info - done
-- Check for working CXX compiler: /usr/bin/c++ - skipped
-- Detecting CXX compile features
-- Detecting CXX compile features - done
-- Found ament_cmake: 1.3.5 (/opt/ros/humble/share/ament_cmake/cmake)
-- Found Python3: /usr/bin/python3.10 (found version "3.10.12") found components: Interpreter 
-- Override CMake install command with custom implementation using symlinks instead of copying resources
-- Found rclcpp: 16.0.5 (/opt/ros/humble/share/rclcpp/cmake)
-- Found rosidl_generator_c: 3.1.5 (/opt/ros/humble/share/rosidl_generator_c/cmake)
-- Found rosidl_adapter: 3.1.5 (/opt/ros/humble/share/rosidl_adapter/cmake)
-- Found rosidl_generator_cpp: 3.1.5 (/opt/ros/humble/share/rosidl_generator_cpp/cmake)
-- Using all available rosidl_typesupport_c: rosidl_typesupport_fastrtps_c;rosidl_typesupport_introspection_c
-- Using all available rosidl_typesupport_cpp: rosidl_typesupport_fastrtps_cpp;rosidl_typesupport_introspection_cpp
-- Found rmw_implementation_cmake: 6.1.1 (/opt/ros/humble/share/rmw_implementation_cmake/cmake)
-- Found rmw_fastrtps_cpp: 6.2.3 (/opt/ros/humble/share/rmw_fastrtps_cpp/cmake)
-- Found OpenSSL: /usr/lib/x86_64-linux-gnu/libcrypto.so (found version "3.0.2")  
-- Found FastRTPS: /opt/ros/humble/include  
-- Using RMW implementation 'rmw_fastrtps_cpp' as default
-- Looking for pthread.h
-- Looking for pthread.h - found
-- Performing Test CMAKE_HAVE_LIBC_PTHREAD
-- Performing Test CMAKE_HAVE_LIBC_PTHREAD - Success
-- Found Threads: TRUE  
-- Found geometry_msgs: 4.2.3 (/opt/ros/humble/share/geometry_msgs/cmake)
-- Found nav_msgs: 4.2.3 (/opt/ros/humble/share/nav_msgs/cmake)
-- Found sensor_msgs: 4.2.3 (/opt/ros/humble/share/sensor_msgs/cmake)
-- Found tf2: 0.25.3 (/opt/ros/humble/share/tf2/cmake)
-- Found tf2_ros: 0.25.3 (/opt/ros/humble/share/tf2_ros/cmake)
-- Found pan_tilt_msgs: 1.0.0 (/home/tony/ros2_ws/install/pan_tilt_msgs/share/pan_tilt_msgs/cmake)
-- Found Boost: /usr/lib/x86_64-linux-gnu/cmake/Boost-1.74.0/BoostConfig.cmake (found version "1.74.0") found components: system 
-- Configuring done
-- Generating done
-- Build files have been written to: /home/tony/ros2_ws/build/pan_tilt_driver
[ 37%] [32mBuilding CXX object CMakeFiles/PanTiltDriverNode.dir/src/PanTiltDriverNode.cpp.o[0m
[ 37%] [32mBuilding CXX object CMakeFiles/PanTiltDriverNode.dir/src/QThread.cpp.o[0m
[ 37%] [32mBuilding CXX object CMakeFiles/PanTiltDriverNode.dir/src/modbus_rtu_master.cpp.o[0m
[ 50%] [32mBuilding CXX object CMakeFiles/PanTiltDriverNode.dir/src/PanTiltDriver.cpp.o[0m
[ 62%] [32mBuilding CXX object CMakeFiles/PanTiltDriverNode.dir/src/serial.cc.o[0m
[ 75%] [32mBuilding CXX object CMakeFiles/PanTiltDriverNode.dir/src/impl/unix.cc.o[0m
[ 87%] [32mBuilding CXX object CMakeFiles/PanTiltDriverNode.dir/src/impl/list_ports/list_ports_linux.cc.o[0m
[100%] [32m[1mLinking CXX executable PanTiltDriverNode[0m
[100%] Built target PanTiltDriverNode
-- Install configuration: ""
-- Execute custom install script
-- Symlinking: /home/tony/ros2_ws/install/pan_tilt_driver/lib/pan_tilt_driver/PanTiltDriverNode
-- Symlinking: /home/tony/ros2_ws/install/pan_tilt_driver/share/ament_index/resource_index/package_run_dependencies/pan_tilt_driver
-- Symlinking: /home/tony/ros2_ws/install/pan_tilt_driver/share/ament_index/resource_index/parent_prefix_path/pan_tilt_driver
-- Symlinking: /home/tony/ros2_ws/install/pan_tilt_driver/share/pan_tilt_driver/environment/ament_prefix_path.sh
-- Symlinking: /home/tony/ros2_ws/install/pan_tilt_driver/share/pan_tilt_driver/environment/ament_prefix_path.dsv
-- Symlinking: /home/tony/ros2_ws/install/pan_tilt_driver/share/pan_tilt_driver/environment/path.sh
-- Symlinking: /home/tony/ros2_ws/install/pan_tilt_driver/share/pan_tilt_driver/environment/path.dsv
-- Symlinking: /home/tony/ros2_ws/install/pan_tilt_driver/share/pan_tilt_driver/local_setup.bash
-- Symlinking: /home/tony/ros2_ws/install/pan_tilt_driver/share/pan_tilt_driver/local_setup.sh
-- Symlinking: /home/tony/ros2_ws/install/pan_tilt_driver/share/pan_tilt_driver/local_setup.zsh
-- Symlinking: /home/tony/ros2_ws/install/pan_tilt_driver/share/pan_tilt_driver/local_setup.dsv
-- Symlinking: /home/tony/ros2_ws/install/pan_tilt_driver/share/pan_tilt_driver/package.dsv
-- Symlinking: /home/tony/ros2_ws/install/pan_tilt_driver/share/ament_index/resource_index/packages/pan_tilt_driver
-- Symlinking: /home/tony/ros2_ws/install/pan_tilt_driver/share/pan_tilt_driver/cmake/ament_cmake_export_include_directories-extras.cmake
-- Symlinking: /home/tony/ros2_ws/install/pan_tilt_driver/share/pan_tilt_driver/cmake/pan_tilt_driverConfig.cmake
-- Symlinking: /home/tony/ros2_ws/install/pan_tilt_driver/share/pan_tilt_driver/cmake/pan_tilt_driverConfig-version.cmake
-- Symlinking: /home/tony/ros2_ws/install/pan_tilt_driver/share/pan_tilt_driver/package.xml
