[0.090s] Invoking command in '/home/tony/ros2_ws/build/interbotix_moveit_interface': AMENT_PREFIX_PATH=/home/tony/ros2_ws/install/interbotix_moveit_interface_msgs:${AMENT_PREFIX_PATH} CMAKE_PREFIX_PATH=/home/tony/ros2_ws/install/interbotix_moveit_interface_msgs:/opt/ros/humble LD_LIBRARY_PATH=/home/tony/ros2_ws/install/interbotix_moveit_interface_msgs/lib:${LD_LIBRARY_PATH} PYTHONPATH=/home/tony/ros2_ws/install/interbotix_moveit_interface_msgs/local/lib/python3.10/dist-packages:${PYTHONPATH} /usr/bin/cmake /home/tony/ros2_ws/src/interbotix_ros_toolboxes/interbotix_common_toolbox/interbotix_moveit_interface -DAMENT_CMAKE_SYMLINK_INSTALL=1 -DCMAKE_INSTALL_PREFIX=/home/tony/ros2_ws/install/interbotix_moveit_interface
[1.851s] -- The C compiler identification is GNU 11.4.0
[1.851s] -- The CXX compiler identification is GNU 11.4.0
[1.851s] -- Detecting C compiler ABI info
[1.851s] -- Detecting C compiler ABI info - done
[1.851s] -- Check for working C compiler: /usr/bin/cc - skipped
[1.851s] -- Detecting C compile features
[1.851s] -- Detecting C compile features - done
[1.851s] -- Detecting CXX compiler ABI info
[1.851s] -- Detecting CXX compiler ABI info - done
[1.851s] -- Check for working CXX compiler: /usr/bin/c++ - skipped
[1.852s] -- Detecting CXX compile features
[1.852s] -- Detecting CXX compile features - done
[1.852s] -- Found ament_cmake: 1.3.5 (/opt/ros/humble/share/ament_cmake/cmake)
[1.852s] -- Found Python3: /usr/bin/python3.10 (found version "3.10.12") found components: Interpreter 
[1.960s] -- Override CMake install command with custom implementation using symlinks instead of copying resources
[2.039s] -- Found interbotix_moveit_interface_msgs: 0.0.0 (/home/tony/ros2_ws/install/interbotix_moveit_interface_msgs/share/interbotix_moveit_interface_msgs/cmake)
[2.127s] -- Found rosidl_generator_c: 3.1.5 (/opt/ros/humble/share/rosidl_generator_c/cmake)
[2.134s] -- Found rosidl_adapter: 3.1.5 (/opt/ros/humble/share/rosidl_adapter/cmake)
[2.163s] -- Found rosidl_generator_cpp: 3.1.5 (/opt/ros/humble/share/rosidl_generator_cpp/cmake)
[2.198s] -- Using all available rosidl_typesupport_c: rosidl_typesupport_fastrtps_c;rosidl_typesupport_introspection_c
[2.232s] -- Using all available rosidl_typesupport_cpp: rosidl_typesupport_fastrtps_cpp;rosidl_typesupport_introspection_cpp
[2.784s] -- Found moveit_msgs: 2.2.1 (/opt/ros/humble/share/moveit_msgs/cmake)
[4.959s] -- Found moveit_ros_planning_interface: 2.5.4 (/opt/ros/humble/share/moveit_ros_planning_interface/cmake)
[5.753s] -- Found Boost: /usr/lib/x86_64-linux-gnu/cmake/Boost-1.74.0/BoostConfig.cmake (found version "1.74.0") found components: date_time filesystem program_options system thread 
[5.840s] -- Found Boost: /usr/lib/x86_64-linux-gnu/cmake/Boost-1.74.0/BoostConfig.cmake (found version "1.74.0") found components: chrono date_time filesystem iostreams program_options regex serialization system thread 
[5.917s] -- Found Boost: /usr/lib/x86_64-linux-gnu/cmake/Boost-1.74.0/BoostConfig.cmake (found version "1.74.0") found components: filesystem 
[6.302s] -- Found rmw_implementation_cmake: 6.1.1 (/opt/ros/humble/share/rmw_implementation_cmake/cmake)
[6.305s] -- Found rmw_fastrtps_cpp: 6.2.3 (/opt/ros/humble/share/rmw_fastrtps_cpp/cmake)
[6.710s] -- Found OpenSSL: /usr/lib/x86_64-linux-gnu/libcrypto.so (found version "3.0.2")  
[6.782s] -- Found FastRTPS: /opt/ros/humble/include  
[6.868s] -- Using RMW implementation 'rmw_fastrtps_cpp' as default
[6.883s] -- Found Threads: TRUE  
[7.624s] -- library: /usr/lib/x86_64-linux-gnu/libcurl.so
[8.407s] -- Found Eigen3: TRUE (found version "3.4.0") 
[8.407s] -- Ensuring Eigen3 include directory is part of orocos-kdl CMake target
[9.885s] -- Found Boost: /usr/lib/x86_64-linux-gnu/cmake/Boost-1.74.0/BoostConfig.cmake (found version "1.74.0") found components: system filesystem date_time program_options thread chrono 
[10.774s] -- Found Boost: /usr/lib/x86_64-linux-gnu/cmake/Boost-1.74.0/BoostConfig.cmake (found version "1.74.0") found components: thread system filesystem regex date_time program_options 
[11.019s] -- Found Boost: /usr/lib/x86_64-linux-gnu/cmake/Boost-1.74.0/BoostConfig.cmake (found version "1.74.0") found components: system filesystem date_time program_options thread 
[11.439s] -- Found moveit_visual_tools: 4.1.0 (/opt/ros/humble/share/moveit_visual_tools/cmake)
[12.054s] -- Setting OGRE_DIR to: '/opt/ros/humble/share/rviz_ogre_vendor/cmake/../../../opt/rviz_ogre_vendor/lib/OGRE/cmake'
[12.056s] -- Found OGRE
[12.056s] --   static     : OFF
[12.057s] --   components : HLMS;MeshLodGenerator;Overlay;Paging;Property;RTShaderSystem;Terrain;Volume
[12.057s] --   plugins    : Plugin_BSPSceneManager;Plugin_OctreeSceneManager;Plugin_PCZSceneManager;Plugin_ParticleFX;RenderSystem_GL;RenderSystem_GL3Plus;Codec_STBI
[12.057s] --   media      : /opt/ros/humble/opt/rviz_ogre_vendor/share/OGRE/Media
[12.057s] -- OGRE_LIBRARIES: OgreHLMS;OgreMeshLodGenerator;OgreOverlay;OgrePaging;OgreProperty;OgreRTShaderSystem;OgreTerrain;OgreVolume;OgreMain
[12.057s] -- OGRE_LIBRARY_DIRS: /opt/ros/humble/opt/rviz_ogre_vendor/lib
[12.057s] -- OGRE_PLUGINS: Plugin_BSPSceneManager;Plugin_OctreeSceneManager;Plugin_PCZSceneManager;Plugin_ParticleFX;RenderSystem_GL;RenderSystem_GL3Plus;Codec_STBI
[12.057s] -- OGRE_PLUGIN_DIR: /opt/ros/humble/opt/rviz_ogre_vendor/lib/OGRE
[12.057s] -- rviz_ogre_vendor::OgreOverlay for IMPORTED_LOCATION_RELEASE: /opt/ros/humble/opt/rviz_ogre_vendor/lib/libOgreOverlay.so
[12.057s] -- rviz_ogre_vendor::OgreOverlay for IMPORTED_LOCATION_DEBUG: /opt/ros/humble/opt/rviz_ogre_vendor/lib/libOgreOverlay.so
[12.057s] -- rviz_ogre_vendor::OgreMain for IMPORTED_LOCATION_RELEASE: /opt/ros/humble/opt/rviz_ogre_vendor/lib/libOgreMain.so
[12.057s] -- rviz_ogre_vendor::OgreMain for IMPORTED_LOCATION_DEBUG: /opt/ros/humble/opt/rviz_ogre_vendor/lib/libOgreMain.so
[12.107s] -- Found ZLIB: /usr/lib/x86_64-linux-gnu/libz.so (found version "1.2.11") 
[12.131s] -- Found OpenGL: /usr/lib/x86_64-linux-gnu/libOpenGL.so   
[12.281s] -- Found X11: /usr/include   
[12.283s] -- Looking for XOpenDisplay in /usr/lib/x86_64-linux-gnu/libX11.so;/usr/lib/x86_64-linux-gnu/libXext.so
[12.415s] -- Looking for XOpenDisplay in /usr/lib/x86_64-linux-gnu/libX11.so;/usr/lib/x86_64-linux-gnu/libXext.so - found
[12.415s] -- Looking for gethostbyname
[12.539s] -- Looking for gethostbyname - found
[12.539s] -- Looking for connect
[12.645s] -- Looking for connect - found
[12.649s] -- Looking for remove
[12.714s] -- Looking for remove - found
[12.714s] -- Looking for shmat
[12.763s] -- Looking for shmat - found
[12.763s] -- Looking for IceConnectionNumber in ICE
[12.820s] -- Looking for IceConnectionNumber in ICE - found
[12.823s] -- rviz_ogre_vendor::RenderSystem_GL for IMPORTED_LOCATION_RELEASE: _render_system_gl_static_library_abs-NOTFOUND
[12.823s] -- rviz_ogre_vendor::RenderSystem_GL for IMPORTED_LOCATION_DEBUG: _render_system_gl_static_library_abs-NOTFOUND
[13.436s] -- Found ament_lint_auto: 0.12.7 (/opt/ros/humble/share/ament_lint_auto/cmake)
[13.508s] -- Added test 'copyright' to check source files copyright and LICENSE
[13.509s] -- Added test 'cppcheck' to perform static code analysis on C / C++ code
[13.509s] -- Configured cppcheck include dirs: /home/tony/ros2_ws/src/interbotix_ros_toolboxes/interbotix_common_toolbox/interbotix_moveit_interface/include
[13.509s] -- Configured cppcheck exclude dirs and/or files: 
[13.510s] -- Added test 'cpplint' to check C / C++ code against the Google style
[13.510s] -- Configured cpplint exclude dirs and/or files: 
[13.510s] -- Added test 'lint_cmake' to check CMake code style
[13.511s] -- Added test 'uncrustify' to check C / C++ code style
[13.511s] -- Configured uncrustify additional arguments: 
[13.512s] -- Added test 'xmllint' to check XML markup files
[13.513s] -- Configuring done
[13.561s] -- Generating done
[13.565s] -- Build files have been written to: /home/tony/ros2_ws/build/interbotix_moveit_interface
[13.586s] Invoked command in '/home/tony/ros2_ws/build/interbotix_moveit_interface' returned '0': AMENT_PREFIX_PATH=/home/tony/ros2_ws/install/interbotix_moveit_interface_msgs:${AMENT_PREFIX_PATH} CMAKE_PREFIX_PATH=/home/tony/ros2_ws/install/interbotix_moveit_interface_msgs:/opt/ros/humble LD_LIBRARY_PATH=/home/tony/ros2_ws/install/interbotix_moveit_interface_msgs/lib:${LD_LIBRARY_PATH} PYTHONPATH=/home/tony/ros2_ws/install/interbotix_moveit_interface_msgs/local/lib/python3.10/dist-packages:${PYTHONPATH} /usr/bin/cmake /home/tony/ros2_ws/src/interbotix_ros_toolboxes/interbotix_common_toolbox/interbotix_moveit_interface -DAMENT_CMAKE_SYMLINK_INSTALL=1 -DCMAKE_INSTALL_PREFIX=/home/tony/ros2_ws/install/interbotix_moveit_interface
[13.587s] Invoking command in '/home/tony/ros2_ws/build/interbotix_moveit_interface': AMENT_PREFIX_PATH=/home/tony/ros2_ws/install/interbotix_moveit_interface_msgs:${AMENT_PREFIX_PATH} CMAKE_PREFIX_PATH=/home/tony/ros2_ws/install/interbotix_moveit_interface_msgs:/opt/ros/humble LD_LIBRARY_PATH=/home/tony/ros2_ws/install/interbotix_moveit_interface_msgs/lib:${LD_LIBRARY_PATH} PYTHONPATH=/home/tony/ros2_ws/install/interbotix_moveit_interface_msgs/local/lib/python3.10/dist-packages:${PYTHONPATH} /usr/bin/cmake --build /home/tony/ros2_ws/build/interbotix_moveit_interface -- -j8 -l8
[13.627s] [ 33%] [32mBuilding CXX object CMakeFiles/moveit_interface.dir/src/moveit_interface_obj.cpp.o[0m
[13.629s] [ 66%] [32mBuilding CXX object CMakeFiles/moveit_interface.dir/src/moveit_interface.cpp.o[0m
[29.264s] [100%] [32m[1mLinking CXX executable moveit_interface[0m
[30.450s] [100%] Built target moveit_interface
[30.460s] Invoked command in '/home/tony/ros2_ws/build/interbotix_moveit_interface' returned '0': AMENT_PREFIX_PATH=/home/tony/ros2_ws/install/interbotix_moveit_interface_msgs:${AMENT_PREFIX_PATH} CMAKE_PREFIX_PATH=/home/tony/ros2_ws/install/interbotix_moveit_interface_msgs:/opt/ros/humble LD_LIBRARY_PATH=/home/tony/ros2_ws/install/interbotix_moveit_interface_msgs/lib:${LD_LIBRARY_PATH} PYTHONPATH=/home/tony/ros2_ws/install/interbotix_moveit_interface_msgs/local/lib/python3.10/dist-packages:${PYTHONPATH} /usr/bin/cmake --build /home/tony/ros2_ws/build/interbotix_moveit_interface -- -j8 -l8
[30.492s] Invoking command in '/home/tony/ros2_ws/build/interbotix_moveit_interface': AMENT_PREFIX_PATH=/home/tony/ros2_ws/install/interbotix_moveit_interface_msgs:${AMENT_PREFIX_PATH} CMAKE_PREFIX_PATH=/home/tony/ros2_ws/install/interbotix_moveit_interface_msgs:/opt/ros/humble LD_LIBRARY_PATH=/home/tony/ros2_ws/install/interbotix_moveit_interface_msgs/lib:${LD_LIBRARY_PATH} PYTHONPATH=/home/tony/ros2_ws/install/interbotix_moveit_interface_msgs/local/lib/python3.10/dist-packages:${PYTHONPATH} /usr/bin/cmake --install /home/tony/ros2_ws/build/interbotix_moveit_interface
[30.502s] -- Install configuration: ""
[30.502s] -- Execute custom install script
[30.503s] -- Symlinking: /home/tony/ros2_ws/install/interbotix_moveit_interface/lib/interbotix_moveit_interface/moveit_interface
[30.517s] -- Symlinking: /home/tony/ros2_ws/install/interbotix_moveit_interface/lib/interbotix_moveit_interface/moveit_interface_gui
[30.529s] -- Symlinking: /home/tony/ros2_ws/install/interbotix_moveit_interface/share/ament_index/resource_index/package_run_dependencies/interbotix_moveit_interface
[30.540s] -- Symlinking: /home/tony/ros2_ws/install/interbotix_moveit_interface/share/ament_index/resource_index/parent_prefix_path/interbotix_moveit_interface
[30.551s] -- Symlinking: /home/tony/ros2_ws/install/interbotix_moveit_interface/share/interbotix_moveit_interface/environment/ament_prefix_path.sh
[30.561s] -- Symlinking: /home/tony/ros2_ws/install/interbotix_moveit_interface/share/interbotix_moveit_interface/environment/ament_prefix_path.dsv
[30.572s] -- Symlinking: /home/tony/ros2_ws/install/interbotix_moveit_interface/share/interbotix_moveit_interface/environment/path.sh
[30.582s] -- Symlinking: /home/tony/ros2_ws/install/interbotix_moveit_interface/share/interbotix_moveit_interface/environment/path.dsv
[30.593s] -- Symlinking: /home/tony/ros2_ws/install/interbotix_moveit_interface/share/interbotix_moveit_interface/local_setup.bash
[30.603s] -- Symlinking: /home/tony/ros2_ws/install/interbotix_moveit_interface/share/interbotix_moveit_interface/local_setup.sh
[30.615s] -- Symlinking: /home/tony/ros2_ws/install/interbotix_moveit_interface/share/interbotix_moveit_interface/local_setup.zsh
[30.627s] -- Symlinking: /home/tony/ros2_ws/install/interbotix_moveit_interface/share/interbotix_moveit_interface/local_setup.dsv
[30.638s] -- Symlinking: /home/tony/ros2_ws/install/interbotix_moveit_interface/share/interbotix_moveit_interface/package.dsv
[30.650s] -- Symlinking: /home/tony/ros2_ws/install/interbotix_moveit_interface/share/ament_index/resource_index/packages/interbotix_moveit_interface
[30.660s] -- Symlinking: /home/tony/ros2_ws/install/interbotix_moveit_interface/share/interbotix_moveit_interface/cmake/interbotix_moveit_interfaceConfig.cmake
[30.670s] -- Symlinking: /home/tony/ros2_ws/install/interbotix_moveit_interface/share/interbotix_moveit_interface/cmake/interbotix_moveit_interfaceConfig-version.cmake
[30.682s] -- Symlinking: /home/tony/ros2_ws/install/interbotix_moveit_interface/share/interbotix_moveit_interface/package.xml
[30.699s] Invoked command in '/home/tony/ros2_ws/build/interbotix_moveit_interface' returned '0': AMENT_PREFIX_PATH=/home/tony/ros2_ws/install/interbotix_moveit_interface_msgs:${AMENT_PREFIX_PATH} CMAKE_PREFIX_PATH=/home/tony/ros2_ws/install/interbotix_moveit_interface_msgs:/opt/ros/humble LD_LIBRARY_PATH=/home/tony/ros2_ws/install/interbotix_moveit_interface_msgs/lib:${LD_LIBRARY_PATH} PYTHONPATH=/home/tony/ros2_ws/install/interbotix_moveit_interface_msgs/local/lib/python3.10/dist-packages:${PYTHONPATH} /usr/bin/cmake --install /home/tony/ros2_ws/build/interbotix_moveit_interface
